<?xml version="1.0" encoding="UTF-8"?>
<testsuites name="Compare Scenario_Tests" time="51.701" tests="7" failures="6" errors="0">
   <testsuite name="Compare Scenario_Tests" tests="7" failures="6" errors="0" time="51.701" skipped="0" timestamp="2023-02-17 08:45:38" hostname="kashif - localhost" id="Test Suites/Compare Scenario_Tests">
      <properties>
         <property name="deviceName" value=""/>
         <property name="devicePlatform" value=""/>
         <property name="logFolder" value="/Users/kashif/Downloads/Kashif/Katalon Studio/4.0_fresh/4.0 Fresh/Reports/20230217_084506/Compare Scenario_Tests/20230217_084511"/>
         <property name="logFiles" value="/Users/kashif/Downloads/Kashif/Katalon Studio/4.0_fresh/4.0 Fresh/Reports/20230217_084506/Compare Scenario_Tests/20230217_084511/execution0.log"/>
         <property name="attachments" value=""/>
         <property name="hostName" value="kashif - localhost"/>
         <property name="hostAddress" value="127.0.0.1"/>
         <property name="os" value="Mac OS X 64bit"/>
         <property name="katalonVersion" value="8.5.5.208"/>
      </properties>
      <testcase name="Test Cases/GiS/Compare Scenarios/CS_One_Budget" time="0.613" classname="Test Cases/GiS/Compare Scenarios/CS_One_Budget" status="PASSED">
         <system-out><![CDATA[2023-02-17 08:45:38 - [TEST_CASE][PASSED] - Test Cases/GiS/Compare Scenarios/CS_One_Budget: Test Cases/GiS/Compare Scenarios/CS_One_Budget

2023-02-17 08:45:39 - [TEST_STEP][PASSED] - return null: null]]></system-out>
         <system-err><![CDATA[]]></system-err>
      </testcase>
      <testcase name="Test Cases/GiS/Compare Scenarios/CS_Three_Budgets_Sidewalk" time="40.67" classname="Test Cases/GiS/Compare Scenarios/CS_Three_Budgets_Sidewalk" status="FAILED">
         <failure type="FAILED" message="Test Cases/GiS/Compare Scenarios/CS_Three_Budgets_Sidewalk FAILED.
Reason:
com.kms.katalon.core.exception.StepFailedException: Unable to open browser with url: ''
	at com.kms.katalon.core.webui.keyword.internal.WebUIKeywordMain.stepFailed(WebUIKeywordMain.groovy:64)
	at com.kms.katalon.core.webui.keyword.internal.WebUIKeywordMain.runKeyword(WebUIKeywordMain.groovy:26)
	at com.kms.katalon.core.webui.keyword.builtin.OpenBrowserKeyword.openBrowser(OpenBrowserKeyword.groovy:81)
	at com.kms.katalon.core.webui.keyword.builtin.OpenBrowserKeyword.execute(OpenBrowserKeyword.groovy:67)
	at com.kms.katalon.core.keyword.internal.KeywordExecutor.executeKeywordForPlatform(KeywordExecutor.groovy:74)
	at com.kms.katalon.core.webui.keyword.WebUiBuiltInKeywords.openBrowser(WebUiBuiltInKeywords.groovy:64)
	at com.kms.katalon.core.webui.keyword.WebUiBuiltInKeywords$openBrowser.call(Unknown Source)
	at CS_Three_Budgets_Sidewalk.run(CS_Three_Budgets_Sidewalk:20)
	at com.kms.katalon.core.main.ScriptEngine.run(ScriptEngine.java:194)
	at com.kms.katalon.core.main.ScriptEngine.runScriptAsRawText(ScriptEngine.java:119)
	at com.kms.katalon.core.main.TestCaseExecutor.runScript(TestCaseExecutor.java:448)
	at com.kms.katalon.core.main.TestCaseExecutor.doExecute(TestCaseExecutor.java:439)
	at com.kms.katalon.core.main.TestCaseExecutor.processExecutionPhase(TestCaseExecutor.java:418)
	at com.kms.katalon.core.main.TestCaseExecutor.accessMainPhase(TestCaseExecutor.java:410)
	at com.kms.katalon.core.main.TestCaseExecutor.execute(TestCaseExecutor.java:285)
	at com.kms.katalon.core.common.CommonExecutor.accessTestCaseMainPhase(CommonExecutor.java:65)
	at com.kms.katalon.core.main.TestSuiteExecutor.accessTestSuiteMainPhase(TestSuiteExecutor.java:151)
	at com.kms.katalon.core.main.TestSuiteExecutor.execute(TestSuiteExecutor.java:106)
	at com.kms.katalon.core.main.TestCaseMain.startTestSuite(TestCaseMain.java:185)
	at com.kms.katalon.core.main.TestCaseMain$startTestSuite$0.call(Unknown Source)
	at TempTestSuite1676605511409.run(TempTestSuite1676605511409.groovy:36)
Caused by: org.openqa.selenium.SessionNotCreatedException: session not created: This version of Microsoft Edge WebDriver only supports Microsoft Edge version 107
Current browser version is 110.0.1587.49 with binary path /Applications/Microsoft Edge.app/Contents/MacOS/Microsoft Edge
Build info: version: '3.141.59', revision: 'e82be7d358', time: '2018-11-14T08:25:53'
System info: host: 'Kashifs-MacBook-Pro.local', ip: 'fe80:0:0:0:2a:e350:6cb0:c073%en0', os.name: 'Mac OS X', os.arch: 'x86_64', os.version: '10.16', java.version: '1.8.0_275'
Driver info: driver.version: CEdgeDriver
remote stacktrace: 0   msedgedriver                        0x0000000104b27988 msedgedriver + 4843912
1   msedgedriver                        0x0000000104aa46c3 msedgedriver + 4306627
2   msedgedriver                        0x00000001046f6158 msedgedriver + 446808
3   msedgedriver                        0x000000010472636b msedgedriver + 643947
4   msedgedriver                        0x00000001047216f3 msedgedriver + 624371
5   msedgedriver                        0x000000010471c8eb msedgedriver + 604395
6   msedgedriver                        0x0000000104760eac msedgedriver + 884396
7   msedgedriver                        0x000000010476048c msedgedriver + 881804
8   msedgedriver                        0x0000000104757fd3 msedgedriver + 847827
9   msedgedriver                        0x000000010472900d msedgedriver + 655373
10  msedgedriver                        0x000000010472a641 msedgedriver + 661057
11  msedgedriver                        0x0000000104af3a0e msedgedriver + 4631054
12  msedgedriver                        0x0000000104af7518 msedgedriver + 4646168
13  msedgedriver                        0x0000000104af7cad msedgedriver + 4648109
14  msedgedriver                        0x0000000104aff51f msedgedriver + 4678943
15  msedgedriver                        0x0000000104af839c msedgedriver + 4649884
16  msedgedriver                        0x0000000104ad086d msedgedriver + 4487277
17  msedgedriver                        0x0000000104b19698 msedgedriver + 4785816
18  msedgedriver                        0x0000000104b197b7 msedgedriver + 4786103
19  msedgedriver                        0x0000000104b2f5c7 msedgedriver + 4875719
20  libsystem_pthread.dylib             0x00007ff81076c259 _pthread_start + 125
21  libsystem_pthread.dylib             0x00007ff810767c7b thread_start + 15

	at org.openqa.selenium.remote.W3CHandshakeResponse.lambda$errorHandler$0(W3CHandshakeResponse.java:62)
	at org.openqa.selenium.remote.HandshakeResponse.lambda$getResponseFunction$0(HandshakeResponse.java:30)
	at org.openqa.selenium.remote.ProtocolHandshake.lambda$createSession$0(ProtocolHandshake.java:126)
	at org.openqa.selenium.remote.ProtocolHandshake.createSession(ProtocolHandshake.java:128)
	at org.openqa.selenium.remote.ProtocolHandshake.createSession(ProtocolHandshake.java:74)
	at org.openqa.selenium.remote.HttpCommandExecutor.execute(HttpCommandExecutor.java:136)
	at org.openqa.selenium.remote.service.DriverCommandExecutor.execute(DriverCommandExecutor.java:83)
	at org.openqa.selenium.remote.RemoteWebDriver.execute(RemoteWebDriver.java:552)
	at com.kms.katalon.selenium.driver.CEdgeDriver.execute(CEdgeDriver.java:20)
	at org.openqa.selenium.remote.RemoteWebDriver.startSession(RemoteWebDriver.java:213)
	at org.openqa.selenium.remote.RemoteWebDriver.&lt;init>(RemoteWebDriver.java:131)
	at org.openqa.selenium.edge.EdgeDriver.&lt;init>(EdgeDriver.java:154)
	at com.kms.katalon.selenium.driver.CEdgeDriver.&lt;init>(CEdgeDriver.java:14)
	at com.kms.katalon.core.webui.driver.DriverFactory.createNewEdgeChromiumDriver(DriverFactory.java:670)
	at com.kms.katalon.core.webui.driver.DriverFactory.startNewBrowser(DriverFactory.java:382)
	at com.kms.katalon.core.webui.driver.DriverFactory.openWebDriver(DriverFactory.java:254)
	at com.kms.katalon.core.webui.keyword.builtin.OpenBrowserKeyword$_openBrowser_closure1.doCall(OpenBrowserKeyword.groovy:74)
	at com.kms.katalon.core.webui.keyword.builtin.OpenBrowserKeyword$_openBrowser_closure1.call(OpenBrowserKeyword.groovy)
	at com.kms.katalon.core.webui.keyword.internal.WebUIKeywordMain.runKeyword(WebUIKeywordMain.groovy:20)
	... 19 more
"/>
         <system-out><![CDATA[2023-02-17 08:45:39 - [TEST_CASE][FAILED] - Test Cases/GiS/Compare Scenarios/CS_Three_Budgets_Sidewalk: Test Cases/GiS/Compare Scenarios/CS_Three_Budgets_Sidewalk FAILED.
Reason:
com.kms.katalon.core.exception.StepFailedException: Unable to open browser with url: ''
	at com.kms.katalon.core.webui.keyword.internal.WebUIKeywordMain.stepFailed(WebUIKeywordMain.groovy:64)
	at com.kms.katalon.core.webui.keyword.internal.WebUIKeywordMain.runKeyword(WebUIKeywordMain.groovy:26)
	at com.kms.katalon.core.webui.keyword.builtin.OpenBrowserKeyword.openBrowser(OpenBrowserKeyword.groovy:81)
	at com.kms.katalon.core.webui.keyword.builtin.OpenBrowserKeyword.execute(OpenBrowserKeyword.groovy:67)
	at com.kms.katalon.core.keyword.internal.KeywordExecutor.executeKeywordForPlatform(KeywordExecutor.groovy:74)
	at com.kms.katalon.core.webui.keyword.WebUiBuiltInKeywords.openBrowser(WebUiBuiltInKeywords.groovy:64)
	at com.kms.katalon.core.webui.keyword.WebUiBuiltInKeywords$openBrowser.call(Unknown Source)
	at CS_Three_Budgets_Sidewalk.run(CS_Three_Budgets_Sidewalk:20)
	at com.kms.katalon.core.main.ScriptEngine.run(ScriptEngine.java:194)
	at com.kms.katalon.core.main.ScriptEngine.runScriptAsRawText(ScriptEngine.java:119)
	at com.kms.katalon.core.main.TestCaseExecutor.runScript(TestCaseExecutor.java:448)
	at com.kms.katalon.core.main.TestCaseExecutor.doExecute(TestCaseExecutor.java:439)
	at com.kms.katalon.core.main.TestCaseExecutor.processExecutionPhase(TestCaseExecutor.java:418)
	at com.kms.katalon.core.main.TestCaseExecutor.accessMainPhase(TestCaseExecutor.java:410)
	at com.kms.katalon.core.main.TestCaseExecutor.execute(TestCaseExecutor.java:285)
	at com.kms.katalon.core.common.CommonExecutor.accessTestCaseMainPhase(CommonExecutor.java:65)
	at com.kms.katalon.core.main.TestSuiteExecutor.accessTestSuiteMainPhase(TestSuiteExecutor.java:151)
	at com.kms.katalon.core.main.TestSuiteExecutor.execute(TestSuiteExecutor.java:106)
	at com.kms.katalon.core.main.TestCaseMain.startTestSuite(TestCaseMain.java:185)
	at com.kms.katalon.core.main.TestCaseMain$startTestSuite$0.call(Unknown Source)
	at TempTestSuite1676605511409.run(TempTestSuite1676605511409.groovy:36)
Caused by: org.openqa.selenium.SessionNotCreatedException: session not created: This version of Microsoft Edge WebDriver only supports Microsoft Edge version 107
Current browser version is 110.0.1587.49 with binary path /Applications/Microsoft Edge.app/Contents/MacOS/Microsoft Edge
Build info: version: '3.141.59', revision: 'e82be7d358', time: '2018-11-14T08:25:53'
System info: host: 'Kashifs-MacBook-Pro.local', ip: 'fe80:0:0:0:2a:e350:6cb0:c073%en0', os.name: 'Mac OS X', os.arch: 'x86_64', os.version: '10.16', java.version: '1.8.0_275'
Driver info: driver.version: CEdgeDriver
remote stacktrace: 0   msedgedriver                        0x0000000104b27988 msedgedriver + 4843912
1   msedgedriver                        0x0000000104aa46c3 msedgedriver + 4306627
2   msedgedriver                        0x00000001046f6158 msedgedriver + 446808
3   msedgedriver                        0x000000010472636b msedgedriver + 643947
4   msedgedriver                        0x00000001047216f3 msedgedriver + 624371
5   msedgedriver                        0x000000010471c8eb msedgedriver + 604395
6   msedgedriver                        0x0000000104760eac msedgedriver + 884396
7   msedgedriver                        0x000000010476048c msedgedriver + 881804
8   msedgedriver                        0x0000000104757fd3 msedgedriver + 847827
9   msedgedriver                        0x000000010472900d msedgedriver + 655373
10  msedgedriver                        0x000000010472a641 msedgedriver + 661057
11  msedgedriver                        0x0000000104af3a0e msedgedriver + 4631054
12  msedgedriver                        0x0000000104af7518 msedgedriver + 4646168
13  msedgedriver                        0x0000000104af7cad msedgedriver + 4648109
14  msedgedriver                        0x0000000104aff51f msedgedriver + 4678943
15  msedgedriver                        0x0000000104af839c msedgedriver + 4649884
16  msedgedriver                        0x0000000104ad086d msedgedriver + 4487277
17  msedgedriver                        0x0000000104b19698 msedgedriver + 4785816
18  msedgedriver                        0x0000000104b197b7 msedgedriver + 4786103
19  msedgedriver                        0x0000000104b2f5c7 msedgedriver + 4875719
20  libsystem_pthread.dylib             0x00007ff81076c259 _pthread_start + 125
21  libsystem_pthread.dylib             0x00007ff810767c7b thread_start + 15

	at org.openqa.selenium.remote.W3CHandshakeResponse.lambda$errorHandler$0(W3CHandshakeResponse.java:62)
	at org.openqa.selenium.remote.HandshakeResponse.lambda$getResponseFunction$0(HandshakeResponse.java:30)
	at org.openqa.selenium.remote.ProtocolHandshake.lambda$createSession$0(ProtocolHandshake.java:126)
	at org.openqa.selenium.remote.ProtocolHandshake.createSession(ProtocolHandshake.java:128)
	at org.openqa.selenium.remote.ProtocolHandshake.createSession(ProtocolHandshake.java:74)
	at org.openqa.selenium.remote.HttpCommandExecutor.execute(HttpCommandExecutor.java:136)
	at org.openqa.selenium.remote.service.DriverCommandExecutor.execute(DriverCommandExecutor.java:83)
	at org.openqa.selenium.remote.RemoteWebDriver.execute(RemoteWebDriver.java:552)
	at com.kms.katalon.selenium.driver.CEdgeDriver.execute(CEdgeDriver.java:20)
	at org.openqa.selenium.remote.RemoteWebDriver.startSession(RemoteWebDriver.java:213)
	at org.openqa.selenium.remote.RemoteWebDriver.<init>(RemoteWebDriver.java:131)
	at org.openqa.selenium.edge.EdgeDriver.<init>(EdgeDriver.java:154)
	at com.kms.katalon.selenium.driver.CEdgeDriver.<init>(CEdgeDriver.java:14)
	at com.kms.katalon.core.webui.driver.DriverFactory.createNewEdgeChromiumDriver(DriverFactory.java:670)
	at com.kms.katalon.core.webui.driver.DriverFactory.startNewBrowser(DriverFactory.java:382)
	at com.kms.katalon.core.webui.driver.DriverFactory.openWebDriver(DriverFactory.java:254)
	at com.kms.katalon.core.webui.keyword.builtin.OpenBrowserKeyword$_openBrowser_closure1.doCall(OpenBrowserKeyword.groovy:74)
	at com.kms.katalon.core.webui.keyword.builtin.OpenBrowserKeyword$_openBrowser_closure1.call(OpenBrowserKeyword.groovy)
	at com.kms.katalon.core.webui.keyword.internal.WebUIKeywordMain.runKeyword(WebUIKeywordMain.groovy:20)
	... 19 more


2023-02-17 08:45:39 - [TEST_STEP][FAILED] - openBrowser(""): Unable to open browser with url: '' (Root cause: com.kms.katalon.core.exception.StepFailedException: Unable to open browser with url: ''
	at com.kms.katalon.core.webui.keyword.internal.WebUIKeywordMain.stepFailed(WebUIKeywordMain.groovy:64)
	at com.kms.katalon.core.webui.keyword.internal.WebUIKeywordMain.runKeyword(WebUIKeywordMain.groovy:26)
	at com.kms.katalon.core.webui.keyword.builtin.OpenBrowserKeyword.openBrowser(OpenBrowserKeyword.groovy:81)
	at com.kms.katalon.core.webui.keyword.builtin.OpenBrowserKeyword.execute(OpenBrowserKeyword.groovy:67)
	at com.kms.katalon.core.keyword.internal.KeywordExecutor.executeKeywordForPlatform(KeywordExecutor.groovy:74)
	at com.kms.katalon.core.webui.keyword.WebUiBuiltInKeywords.openBrowser(WebUiBuiltInKeywords.groovy:64)
	at com.kms.katalon.core.webui.keyword.WebUiBuiltInKeywords$openBrowser.call(Unknown Source)
	at CS_Three_Budgets_Sidewalk.run(CS_Three_Budgets_Sidewalk:20)
	at com.kms.katalon.core.main.ScriptEngine.run(ScriptEngine.java:194)
	at com.kms.katalon.core.main.ScriptEngine.runScriptAsRawText(ScriptEngine.java:119)
	at com.kms.katalon.core.main.TestCaseExecutor.runScript(TestCaseExecutor.java:448)
	at com.kms.katalon.core.main.TestCaseExecutor.doExecute(TestCaseExecutor.java:439)
	at com.kms.katalon.core.main.TestCaseExecutor.processExecutionPhase(TestCaseExecutor.java:418)
	at com.kms.katalon.core.main.TestCaseExecutor.accessMainPhase(TestCaseExecutor.java:410)
	at com.kms.katalon.core.main.TestCaseExecutor.execute(TestCaseExecutor.java:285)
	at com.kms.katalon.core.common.CommonExecutor.accessTestCaseMainPhase(CommonExecutor.java:65)
	at com.kms.katalon.core.main.TestSuiteExecutor.accessTestSuiteMainPhase(TestSuiteExecutor.java:151)
	at com.kms.katalon.core.main.TestSuiteExecutor.execute(TestSuiteExecutor.java:106)
	at com.kms.katalon.core.main.TestCaseMain.startTestSuite(TestCaseMain.java:185)
	at com.kms.katalon.core.main.TestCaseMain$startTestSuite$0.call(Unknown Source)
	at TempTestSuite1676605511409.run(TempTestSuite1676605511409.groovy:36)
Caused by: org.openqa.selenium.SessionNotCreatedException: session not created: This version of Microsoft Edge WebDriver only supports Microsoft Edge version 107
Current browser version is 110.0.1587.49 with binary path /Applications/Microsoft Edge.app/Contents/MacOS/Microsoft Edge
Build info: version: '3.141.59', revision: 'e82be7d358', time: '2018-11-14T08:25:53'
System info: host: 'Kashifs-MacBook-Pro.local', ip: 'fe80:0:0:0:2a:e350:6cb0:c073%en0', os.name: 'Mac OS X', os.arch: 'x86_64', os.version: '10.16', java.version: '1.8.0_275'
Driver info: driver.version: CEdgeDriver
remote stacktrace: 0   msedgedriver                        0x0000000104b27988 msedgedriver + 4843912
1   msedgedriver                        0x0000000104aa46c3 msedgedriver + 4306627
2   msedgedriver                        0x00000001046f6158 msedgedriver + 446808
3   msedgedriver                        0x000000010472636b msedgedriver + 643947
4   msedgedriver                        0x00000001047216f3 msedgedriver + 624371
5   msedgedriver                        0x000000010471c8eb msedgedriver + 604395
6   msedgedriver                        0x0000000104760eac msedgedriver + 884396
7   msedgedriver                        0x000000010476048c msedgedriver + 881804
8   msedgedriver                        0x0000000104757fd3 msedgedriver + 847827
9   msedgedriver                        0x000000010472900d msedgedriver + 655373
10  msedgedriver                        0x000000010472a641 msedgedriver + 661057
11  msedgedriver                        0x0000000104af3a0e msedgedriver + 4631054
12  msedgedriver                        0x0000000104af7518 msedgedriver + 4646168
13  msedgedriver                        0x0000000104af7cad msedgedriver + 4648109
14  msedgedriver                        0x0000000104aff51f msedgedriver + 4678943
15  msedgedriver                        0x0000000104af839c msedgedriver + 4649884
16  msedgedriver                        0x0000000104ad086d msedgedriver + 4487277
17  msedgedriver                        0x0000000104b19698 msedgedriver + 4785816
18  msedgedriver                        0x0000000104b197b7 msedgedriver + 4786103
19  msedgedriver                        0x0000000104b2f5c7 msedgedriver + 4875719
20  libsystem_pthread.dylib             0x00007ff81076c259 _pthread_start + 125
21  libsystem_pthread.dylib             0x00007ff810767c7b thread_start + 15

	at org.openqa.selenium.remote.W3CHandshakeResponse.lambda$errorHandler$0(W3CHandshakeResponse.java:62)
	at org.openqa.selenium.remote.HandshakeResponse.lambda$getResponseFunction$0(HandshakeResponse.java:30)
	at org.openqa.selenium.remote.ProtocolHandshake.lambda$createSession$0(ProtocolHandshake.java:126)
	at org.openqa.selenium.remote.ProtocolHandshake.createSession(ProtocolHandshake.java:128)
	at org.openqa.selenium.remote.ProtocolHandshake.createSession(ProtocolHandshake.java:74)
	at org.openqa.selenium.remote.HttpCommandExecutor.execute(HttpCommandExecutor.java:136)
	at org.openqa.selenium.remote.service.DriverCommandExecutor.execute(DriverCommandExecutor.java:83)
	at org.openqa.selenium.remote.RemoteWebDriver.execute(RemoteWebDriver.java:552)
	at com.kms.katalon.selenium.driver.CEdgeDriver.execute(CEdgeDriver.java:20)
	at org.openqa.selenium.remote.RemoteWebDriver.startSession(RemoteWebDriver.java:213)
	at org.openqa.selenium.remote.RemoteWebDriver.<init>(RemoteWebDriver.java:131)
	at org.openqa.selenium.edge.EdgeDriver.<init>(EdgeDriver.java:154)
	at com.kms.katalon.selenium.driver.CEdgeDriver.<init>(CEdgeDriver.java:14)
	at com.kms.katalon.core.webui.driver.DriverFactory.createNewEdgeChromiumDriver(DriverFactory.java:670)
	at com.kms.katalon.core.webui.driver.DriverFactory.startNewBrowser(DriverFactory.java:382)
	at com.kms.katalon.core.webui.driver.DriverFactory.openWebDriver(DriverFactory.java:254)
	at com.kms.katalon.core.webui.keyword.builtin.OpenBrowserKeyword$_openBrowser_closure1.doCall(OpenBrowserKeyword.groovy:74)
	at com.kms.katalon.core.webui.keyword.builtin.OpenBrowserKeyword$_openBrowser_closure1.call(OpenBrowserKeyword.groovy)
	at com.kms.katalon.core.webui.keyword.internal.WebUIKeywordMain.runKeyword(WebUIKeywordMain.groovy:20)
	at com.kms.katalon.core.webui.keyword.builtin.OpenBrowserKeyword.openBrowser(OpenBrowserKeyword.groovy:81)
	at com.kms.katalon.core.webui.keyword.builtin.OpenBrowserKeyword.execute(OpenBrowserKeyword.groovy:67)
	at com.kms.katalon.core.keyword.internal.KeywordExecutor.executeKeywordForPlatform(KeywordExecutor.groovy:74)
	at com.kms.katalon.core.webui.keyword.WebUiBuiltInKeywords.openBrowser(WebUiBuiltInKeywords.groovy:64)
	at com.kms.katalon.core.webui.keyword.WebUiBuiltInKeywords$openBrowser.call(Unknown Source)
	at Script1676604305896.run(Script1676604305896.groovy:20)
	... 13 more
)

2023-02-17 08:45:40 - [MESSAGE][INFO] - Starting 'Edge Chromium' driver

2023-02-17 08:45:41 - [MESSAGE][INFO] - Action delay is set to 0 milliseconds

2023-02-17 08:46:20 - [MESSAGE][FAILED] - Unable to open browser with url: '' (Root cause: com.kms.katalon.core.exception.StepFailedException: Unable to open browser with url: ''
	at com.kms.katalon.core.webui.keyword.internal.WebUIKeywordMain.stepFailed(WebUIKeywordMain.groovy:64)
	at com.kms.katalon.core.webui.keyword.internal.WebUIKeywordMain.runKeyword(WebUIKeywordMain.groovy:26)
	at com.kms.katalon.core.webui.keyword.builtin.OpenBrowserKeyword.openBrowser(OpenBrowserKeyword.groovy:81)
	at com.kms.katalon.core.webui.keyword.builtin.OpenBrowserKeyword.execute(OpenBrowserKeyword.groovy:67)
	at com.kms.katalon.core.keyword.internal.KeywordExecutor.executeKeywordForPlatform(KeywordExecutor.groovy:74)
	at com.kms.katalon.core.webui.keyword.WebUiBuiltInKeywords.openBrowser(WebUiBuiltInKeywords.groovy:64)
	at com.kms.katalon.core.webui.keyword.WebUiBuiltInKeywords$openBrowser.call(Unknown Source)
	at CS_Three_Budgets_Sidewalk.run(CS_Three_Budgets_Sidewalk:20)
	at com.kms.katalon.core.main.ScriptEngine.run(ScriptEngine.java:194)
	at com.kms.katalon.core.main.ScriptEngine.runScriptAsRawText(ScriptEngine.java:119)
	at com.kms.katalon.core.main.TestCaseExecutor.runScript(TestCaseExecutor.java:448)
	at com.kms.katalon.core.main.TestCaseExecutor.doExecute(TestCaseExecutor.java:439)
	at com.kms.katalon.core.main.TestCaseExecutor.processExecutionPhase(TestCaseExecutor.java:418)
	at com.kms.katalon.core.main.TestCaseExecutor.accessMainPhase(TestCaseExecutor.java:410)
	at com.kms.katalon.core.main.TestCaseExecutor.execute(TestCaseExecutor.java:285)
	at com.kms.katalon.core.common.CommonExecutor.accessTestCaseMainPhase(CommonExecutor.java:65)
	at com.kms.katalon.core.main.TestSuiteExecutor.accessTestSuiteMainPhase(TestSuiteExecutor.java:151)
	at com.kms.katalon.core.main.TestSuiteExecutor.execute(TestSuiteExecutor.java:106)
	at com.kms.katalon.core.main.TestCaseMain.startTestSuite(TestCaseMain.java:185)
	at com.kms.katalon.core.main.TestCaseMain$startTestSuite$0.call(Unknown Source)
	at TempTestSuite1676605511409.run(TempTestSuite1676605511409.groovy:36)
Caused by: org.openqa.selenium.SessionNotCreatedException: session not created: This version of Microsoft Edge WebDriver only supports Microsoft Edge version 107
Current browser version is 110.0.1587.49 with binary path /Applications/Microsoft Edge.app/Contents/MacOS/Microsoft Edge
Build info: version: '3.141.59', revision: 'e82be7d358', time: '2018-11-14T08:25:53'
System info: host: 'Kashifs-MacBook-Pro.local', ip: 'fe80:0:0:0:2a:e350:6cb0:c073%en0', os.name: 'Mac OS X', os.arch: 'x86_64', os.version: '10.16', java.version: '1.8.0_275'
Driver info: driver.version: CEdgeDriver
remote stacktrace: 0   msedgedriver                        0x0000000104b27988 msedgedriver + 4843912
1   msedgedriver                        0x0000000104aa46c3 msedgedriver + 4306627
2   msedgedriver                        0x00000001046f6158 msedgedriver + 446808
3   msedgedriver                        0x000000010472636b msedgedriver + 643947
4   msedgedriver                        0x00000001047216f3 msedgedriver + 624371
5   msedgedriver                        0x000000010471c8eb msedgedriver + 604395
6   msedgedriver                        0x0000000104760eac msedgedriver + 884396
7   msedgedriver                        0x000000010476048c msedgedriver + 881804
8   msedgedriver                        0x0000000104757fd3 msedgedriver + 847827
9   msedgedriver                        0x000000010472900d msedgedriver + 655373
10  msedgedriver                        0x000000010472a641 msedgedriver + 661057
11  msedgedriver                        0x0000000104af3a0e msedgedriver + 4631054
12  msedgedriver                        0x0000000104af7518 msedgedriver + 4646168
13  msedgedriver                        0x0000000104af7cad msedgedriver + 4648109
14  msedgedriver                        0x0000000104aff51f msedgedriver + 4678943
15  msedgedriver                        0x0000000104af839c msedgedriver + 4649884
16  msedgedriver                        0x0000000104ad086d msedgedriver + 4487277
17  msedgedriver                        0x0000000104b19698 msedgedriver + 4785816
18  msedgedriver                        0x0000000104b197b7 msedgedriver + 4786103
19  msedgedriver                        0x0000000104b2f5c7 msedgedriver + 4875719
20  libsystem_pthread.dylib             0x00007ff81076c259 _pthread_start + 125
21  libsystem_pthread.dylib             0x00007ff810767c7b thread_start + 15

	at org.openqa.selenium.remote.W3CHandshakeResponse.lambda$errorHandler$0(W3CHandshakeResponse.java:62)
	at org.openqa.selenium.remote.HandshakeResponse.lambda$getResponseFunction$0(HandshakeResponse.java:30)
	at org.openqa.selenium.remote.ProtocolHandshake.lambda$createSession$0(ProtocolHandshake.java:126)
	at org.openqa.selenium.remote.ProtocolHandshake.createSession(ProtocolHandshake.java:128)
	at org.openqa.selenium.remote.ProtocolHandshake.createSession(ProtocolHandshake.java:74)
	at org.openqa.selenium.remote.HttpCommandExecutor.execute(HttpCommandExecutor.java:136)
	at org.openqa.selenium.remote.service.DriverCommandExecutor.execute(DriverCommandExecutor.java:83)
	at org.openqa.selenium.remote.RemoteWebDriver.execute(RemoteWebDriver.java:552)
	at com.kms.katalon.selenium.driver.CEdgeDriver.execute(CEdgeDriver.java:20)
	at org.openqa.selenium.remote.RemoteWebDriver.startSession(RemoteWebDriver.java:213)
	at org.openqa.selenium.remote.RemoteWebDriver.<init>(RemoteWebDriver.java:131)
	at org.openqa.selenium.edge.EdgeDriver.<init>(EdgeDriver.java:154)
	at com.kms.katalon.selenium.driver.CEdgeDriver.<init>(CEdgeDriver.java:14)
	at com.kms.katalon.core.webui.driver.DriverFactory.createNewEdgeChromiumDriver(DriverFactory.java:670)
	at com.kms.katalon.core.webui.driver.DriverFactory.startNewBrowser(DriverFactory.java:382)
	at com.kms.katalon.core.webui.driver.DriverFactory.openWebDriver(DriverFactory.java:254)
	at com.kms.katalon.core.webui.keyword.builtin.OpenBrowserKeyword$_openBrowser_closure1.doCall(OpenBrowserKeyword.groovy:74)
	at com.kms.katalon.core.webui.keyword.builtin.OpenBrowserKeyword$_openBrowser_closure1.call(OpenBrowserKeyword.groovy)
	at com.kms.katalon.core.webui.keyword.internal.WebUIKeywordMain.runKeyword(WebUIKeywordMain.groovy:20)
	at com.kms.katalon.core.webui.keyword.builtin.OpenBrowserKeyword.openBrowser(OpenBrowserKeyword.groovy:81)
	at com.kms.katalon.core.webui.keyword.builtin.OpenBrowserKeyword.execute(OpenBrowserKeyword.groovy:67)
	at com.kms.katalon.core.keyword.internal.KeywordExecutor.executeKeywordForPlatform(KeywordExecutor.groovy:74)
	at com.kms.katalon.core.webui.keyword.WebUiBuiltInKeywords.openBrowser(WebUiBuiltInKeywords.groovy:64)
	at com.kms.katalon.core.webui.keyword.WebUiBuiltInKeywords$openBrowser.call(Unknown Source)
	at Script1676604305896.run(Script1676604305896.groovy:20)
	... 13 more
)]]></system-out>
         <system-err><![CDATA[2023-02-17 08:45:39 - [TEST_CASE][FAILED] - Test Cases/GiS/Compare Scenarios/CS_Three_Budgets_Sidewalk: Test Cases/GiS/Compare Scenarios/CS_Three_Budgets_Sidewalk FAILED.
Reason:
com.kms.katalon.core.exception.StepFailedException: Unable to open browser with url: ''
	at com.kms.katalon.core.webui.keyword.internal.WebUIKeywordMain.stepFailed(WebUIKeywordMain.groovy:64)
	at com.kms.katalon.core.webui.keyword.internal.WebUIKeywordMain.runKeyword(WebUIKeywordMain.groovy:26)
	at com.kms.katalon.core.webui.keyword.builtin.OpenBrowserKeyword.openBrowser(OpenBrowserKeyword.groovy:81)
	at com.kms.katalon.core.webui.keyword.builtin.OpenBrowserKeyword.execute(OpenBrowserKeyword.groovy:67)
	at com.kms.katalon.core.keyword.internal.KeywordExecutor.executeKeywordForPlatform(KeywordExecutor.groovy:74)
	at com.kms.katalon.core.webui.keyword.WebUiBuiltInKeywords.openBrowser(WebUiBuiltInKeywords.groovy:64)
	at com.kms.katalon.core.webui.keyword.WebUiBuiltInKeywords$openBrowser.call(Unknown Source)
	at CS_Three_Budgets_Sidewalk.run(CS_Three_Budgets_Sidewalk:20)
	at com.kms.katalon.core.main.ScriptEngine.run(ScriptEngine.java:194)
	at com.kms.katalon.core.main.ScriptEngine.runScriptAsRawText(ScriptEngine.java:119)
	at com.kms.katalon.core.main.TestCaseExecutor.runScript(TestCaseExecutor.java:448)
	at com.kms.katalon.core.main.TestCaseExecutor.doExecute(TestCaseExecutor.java:439)
	at com.kms.katalon.core.main.TestCaseExecutor.processExecutionPhase(TestCaseExecutor.java:418)
	at com.kms.katalon.core.main.TestCaseExecutor.accessMainPhase(TestCaseExecutor.java:410)
	at com.kms.katalon.core.main.TestCaseExecutor.execute(TestCaseExecutor.java:285)
	at com.kms.katalon.core.common.CommonExecutor.accessTestCaseMainPhase(CommonExecutor.java:65)
	at com.kms.katalon.core.main.TestSuiteExecutor.accessTestSuiteMainPhase(TestSuiteExecutor.java:151)
	at com.kms.katalon.core.main.TestSuiteExecutor.execute(TestSuiteExecutor.java:106)
	at com.kms.katalon.core.main.TestCaseMain.startTestSuite(TestCaseMain.java:185)
	at com.kms.katalon.core.main.TestCaseMain$startTestSuite$0.call(Unknown Source)
	at TempTestSuite1676605511409.run(TempTestSuite1676605511409.groovy:36)
Caused by: org.openqa.selenium.SessionNotCreatedException: session not created: This version of Microsoft Edge WebDriver only supports Microsoft Edge version 107
Current browser version is 110.0.1587.49 with binary path /Applications/Microsoft Edge.app/Contents/MacOS/Microsoft Edge
Build info: version: '3.141.59', revision: 'e82be7d358', time: '2018-11-14T08:25:53'
System info: host: 'Kashifs-MacBook-Pro.local', ip: 'fe80:0:0:0:2a:e350:6cb0:c073%en0', os.name: 'Mac OS X', os.arch: 'x86_64', os.version: '10.16', java.version: '1.8.0_275'
Driver info: driver.version: CEdgeDriver
remote stacktrace: 0   msedgedriver                        0x0000000104b27988 msedgedriver + 4843912
1   msedgedriver                        0x0000000104aa46c3 msedgedriver + 4306627
2   msedgedriver                        0x00000001046f6158 msedgedriver + 446808
3   msedgedriver                        0x000000010472636b msedgedriver + 643947
4   msedgedriver                        0x00000001047216f3 msedgedriver + 624371
5   msedgedriver                        0x000000010471c8eb msedgedriver + 604395
6   msedgedriver                        0x0000000104760eac msedgedriver + 884396
7   msedgedriver                        0x000000010476048c msedgedriver + 881804
8   msedgedriver                        0x0000000104757fd3 msedgedriver + 847827
9   msedgedriver                        0x000000010472900d msedgedriver + 655373
10  msedgedriver                        0x000000010472a641 msedgedriver + 661057
11  msedgedriver                        0x0000000104af3a0e msedgedriver + 4631054
12  msedgedriver                        0x0000000104af7518 msedgedriver + 4646168
13  msedgedriver                        0x0000000104af7cad msedgedriver + 4648109
14  msedgedriver                        0x0000000104aff51f msedgedriver + 4678943
15  msedgedriver                        0x0000000104af839c msedgedriver + 4649884
16  msedgedriver                        0x0000000104ad086d msedgedriver + 4487277
17  msedgedriver                        0x0000000104b19698 msedgedriver + 4785816
18  msedgedriver                        0x0000000104b197b7 msedgedriver + 4786103
19  msedgedriver                        0x0000000104b2f5c7 msedgedriver + 4875719
20  libsystem_pthread.dylib             0x00007ff81076c259 _pthread_start + 125
21  libsystem_pthread.dylib             0x00007ff810767c7b thread_start + 15

	at org.openqa.selenium.remote.W3CHandshakeResponse.lambda$errorHandler$0(W3CHandshakeResponse.java:62)
	at org.openqa.selenium.remote.HandshakeResponse.lambda$getResponseFunction$0(HandshakeResponse.java:30)
	at org.openqa.selenium.remote.ProtocolHandshake.lambda$createSession$0(ProtocolHandshake.java:126)
	at org.openqa.selenium.remote.ProtocolHandshake.createSession(ProtocolHandshake.java:128)
	at org.openqa.selenium.remote.ProtocolHandshake.createSession(ProtocolHandshake.java:74)
	at org.openqa.selenium.remote.HttpCommandExecutor.execute(HttpCommandExecutor.java:136)
	at org.openqa.selenium.remote.service.DriverCommandExecutor.execute(DriverCommandExecutor.java:83)
	at org.openqa.selenium.remote.RemoteWebDriver.execute(RemoteWebDriver.java:552)
	at com.kms.katalon.selenium.driver.CEdgeDriver.execute(CEdgeDriver.java:20)
	at org.openqa.selenium.remote.RemoteWebDriver.startSession(RemoteWebDriver.java:213)
	at org.openqa.selenium.remote.RemoteWebDriver.<init>(RemoteWebDriver.java:131)
	at org.openqa.selenium.edge.EdgeDriver.<init>(EdgeDriver.java:154)
	at com.kms.katalon.selenium.driver.CEdgeDriver.<init>(CEdgeDriver.java:14)
	at com.kms.katalon.core.webui.driver.DriverFactory.createNewEdgeChromiumDriver(DriverFactory.java:670)
	at com.kms.katalon.core.webui.driver.DriverFactory.startNewBrowser(DriverFactory.java:382)
	at com.kms.katalon.core.webui.driver.DriverFactory.openWebDriver(DriverFactory.java:254)
	at com.kms.katalon.core.webui.keyword.builtin.OpenBrowserKeyword$_openBrowser_closure1.doCall(OpenBrowserKeyword.groovy:74)
	at com.kms.katalon.core.webui.keyword.builtin.OpenBrowserKeyword$_openBrowser_closure1.call(OpenBrowserKeyword.groovy)
	at com.kms.katalon.core.webui.keyword.internal.WebUIKeywordMain.runKeyword(WebUIKeywordMain.groovy:20)
	... 19 more]]></system-err>
      </testcase>
      <testcase name="Test Cases/GiS/Compare Scenarios/CS_Three_Budgets - Stage" time="2.263" classname="Test Cases/GiS/Compare Scenarios/CS_Three_Budgets - Stage" status="FAILED">
         <failure type="FAILED" message="Test Cases/GiS/Compare Scenarios/CS_Three_Budgets - Stage FAILED.
Reason:
com.kms.katalon.core.exception.StepFailedException: Unable to open browser with url: ''
	at com.kms.katalon.core.webui.keyword.internal.WebUIKeywordMain.stepFailed(WebUIKeywordMain.groovy:64)
	at com.kms.katalon.core.webui.keyword.internal.WebUIKeywordMain.runKeyword(WebUIKeywordMain.groovy:26)
	at com.kms.katalon.core.webui.keyword.builtin.OpenBrowserKeyword.openBrowser(OpenBrowserKeyword.groovy:81)
	at com.kms.katalon.core.webui.keyword.builtin.OpenBrowserKeyword.execute(OpenBrowserKeyword.groovy:67)
	at com.kms.katalon.core.keyword.internal.KeywordExecutor.executeKeywordForPlatform(KeywordExecutor.groovy:74)
	at com.kms.katalon.core.webui.keyword.WebUiBuiltInKeywords.openBrowser(WebUiBuiltInKeywords.groovy:64)
	at com.kms.katalon.core.webui.keyword.WebUiBuiltInKeywords$openBrowser.call(Unknown Source)
	at CS_Three_Budgets - Stage.run(CS_Three_Budgets - Stage:20)
	at com.kms.katalon.core.main.ScriptEngine.run(ScriptEngine.java:194)
	at com.kms.katalon.core.main.ScriptEngine.runScriptAsRawText(ScriptEngine.java:119)
	at com.kms.katalon.core.main.TestCaseExecutor.runScript(TestCaseExecutor.java:448)
	at com.kms.katalon.core.main.TestCaseExecutor.doExecute(TestCaseExecutor.java:439)
	at com.kms.katalon.core.main.TestCaseExecutor.processExecutionPhase(TestCaseExecutor.java:418)
	at com.kms.katalon.core.main.TestCaseExecutor.accessMainPhase(TestCaseExecutor.java:410)
	at com.kms.katalon.core.main.TestCaseExecutor.execute(TestCaseExecutor.java:285)
	at com.kms.katalon.core.common.CommonExecutor.accessTestCaseMainPhase(CommonExecutor.java:65)
	at com.kms.katalon.core.main.TestSuiteExecutor.accessTestSuiteMainPhase(TestSuiteExecutor.java:151)
	at com.kms.katalon.core.main.TestSuiteExecutor.execute(TestSuiteExecutor.java:106)
	at com.kms.katalon.core.main.TestCaseMain.startTestSuite(TestCaseMain.java:185)
	at com.kms.katalon.core.main.TestCaseMain$startTestSuite$0.call(Unknown Source)
	at TempTestSuite1676605511409.run(TempTestSuite1676605511409.groovy:36)
Caused by: org.openqa.selenium.SessionNotCreatedException: session not created: This version of Microsoft Edge WebDriver only supports Microsoft Edge version 107
Current browser version is 110.0.1587.49 with binary path /Applications/Microsoft Edge.app/Contents/MacOS/Microsoft Edge
Build info: version: '3.141.59', revision: 'e82be7d358', time: '2018-11-14T08:25:53'
System info: host: 'Kashifs-MacBook-Pro.local', ip: 'fe80:0:0:0:2a:e350:6cb0:c073%en0', os.name: 'Mac OS X', os.arch: 'x86_64', os.version: '10.16', java.version: '1.8.0_275'
Driver info: driver.version: CEdgeDriver
remote stacktrace: 0   msedgedriver                        0x0000000104b27988 msedgedriver + 4843912
1   msedgedriver                        0x0000000104aa46c3 msedgedriver + 4306627
2   msedgedriver                        0x00000001046f6158 msedgedriver + 446808
3   msedgedriver                        0x000000010472636b msedgedriver + 643947
4   msedgedriver                        0x00000001047216f3 msedgedriver + 624371
5   msedgedriver                        0x000000010471c8eb msedgedriver + 604395
6   msedgedriver                        0x0000000104760eac msedgedriver + 884396
7   msedgedriver                        0x000000010476048c msedgedriver + 881804
8   msedgedriver                        0x0000000104757fd3 msedgedriver + 847827
9   msedgedriver                        0x000000010472900d msedgedriver + 655373
10  msedgedriver                        0x000000010472a641 msedgedriver + 661057
11  msedgedriver                        0x0000000104af3a0e msedgedriver + 4631054
12  msedgedriver                        0x0000000104af7518 msedgedriver + 4646168
13  msedgedriver                        0x0000000104af7cad msedgedriver + 4648109
14  msedgedriver                        0x0000000104aff51f msedgedriver + 4678943
15  msedgedriver                        0x0000000104af839c msedgedriver + 4649884
16  msedgedriver                        0x0000000104ad086d msedgedriver + 4487277
17  msedgedriver                        0x0000000104b19698 msedgedriver + 4785816
18  msedgedriver                        0x0000000104b197b7 msedgedriver + 4786103
19  msedgedriver                        0x0000000104b2f5c7 msedgedriver + 4875719
20  libsystem_pthread.dylib             0x00007ff81076c259 _pthread_start + 125
21  libsystem_pthread.dylib             0x00007ff810767c7b thread_start + 15

	at org.openqa.selenium.remote.W3CHandshakeResponse.lambda$errorHandler$0(W3CHandshakeResponse.java:62)
	at org.openqa.selenium.remote.HandshakeResponse.lambda$getResponseFunction$0(HandshakeResponse.java:30)
	at org.openqa.selenium.remote.ProtocolHandshake.lambda$createSession$0(ProtocolHandshake.java:126)
	at org.openqa.selenium.remote.ProtocolHandshake.createSession(ProtocolHandshake.java:128)
	at org.openqa.selenium.remote.ProtocolHandshake.createSession(ProtocolHandshake.java:74)
	at org.openqa.selenium.remote.HttpCommandExecutor.execute(HttpCommandExecutor.java:136)
	at org.openqa.selenium.remote.service.DriverCommandExecutor.execute(DriverCommandExecutor.java:83)
	at org.openqa.selenium.remote.RemoteWebDriver.execute(RemoteWebDriver.java:552)
	at com.kms.katalon.selenium.driver.CEdgeDriver.execute(CEdgeDriver.java:20)
	at org.openqa.selenium.remote.RemoteWebDriver.startSession(RemoteWebDriver.java:213)
	at org.openqa.selenium.remote.RemoteWebDriver.&lt;init>(RemoteWebDriver.java:131)
	at org.openqa.selenium.edge.EdgeDriver.&lt;init>(EdgeDriver.java:154)
	at com.kms.katalon.selenium.driver.CEdgeDriver.&lt;init>(CEdgeDriver.java:14)
	at com.kms.katalon.core.webui.driver.DriverFactory.createNewEdgeChromiumDriver(DriverFactory.java:670)
	at com.kms.katalon.core.webui.driver.DriverFactory.startNewBrowser(DriverFactory.java:382)
	at com.kms.katalon.core.webui.driver.DriverFactory.openWebDriver(DriverFactory.java:254)
	at com.kms.katalon.core.webui.keyword.builtin.OpenBrowserKeyword$_openBrowser_closure1.doCall(OpenBrowserKeyword.groovy:74)
	at com.kms.katalon.core.webui.keyword.builtin.OpenBrowserKeyword$_openBrowser_closure1.call(OpenBrowserKeyword.groovy)
	at com.kms.katalon.core.webui.keyword.internal.WebUIKeywordMain.runKeyword(WebUIKeywordMain.groovy:20)
	... 19 more
"/>
         <system-out><![CDATA[2023-02-17 08:46:20 - [TEST_CASE][FAILED] - Test Cases/GiS/Compare Scenarios/CS_Three_Budgets - Stage: Test Cases/GiS/Compare Scenarios/CS_Three_Budgets - Stage FAILED.
Reason:
com.kms.katalon.core.exception.StepFailedException: Unable to open browser with url: ''
	at com.kms.katalon.core.webui.keyword.internal.WebUIKeywordMain.stepFailed(WebUIKeywordMain.groovy:64)
	at com.kms.katalon.core.webui.keyword.internal.WebUIKeywordMain.runKeyword(WebUIKeywordMain.groovy:26)
	at com.kms.katalon.core.webui.keyword.builtin.OpenBrowserKeyword.openBrowser(OpenBrowserKeyword.groovy:81)
	at com.kms.katalon.core.webui.keyword.builtin.OpenBrowserKeyword.execute(OpenBrowserKeyword.groovy:67)
	at com.kms.katalon.core.keyword.internal.KeywordExecutor.executeKeywordForPlatform(KeywordExecutor.groovy:74)
	at com.kms.katalon.core.webui.keyword.WebUiBuiltInKeywords.openBrowser(WebUiBuiltInKeywords.groovy:64)
	at com.kms.katalon.core.webui.keyword.WebUiBuiltInKeywords$openBrowser.call(Unknown Source)
	at CS_Three_Budgets - Stage.run(CS_Three_Budgets - Stage:20)
	at com.kms.katalon.core.main.ScriptEngine.run(ScriptEngine.java:194)
	at com.kms.katalon.core.main.ScriptEngine.runScriptAsRawText(ScriptEngine.java:119)
	at com.kms.katalon.core.main.TestCaseExecutor.runScript(TestCaseExecutor.java:448)
	at com.kms.katalon.core.main.TestCaseExecutor.doExecute(TestCaseExecutor.java:439)
	at com.kms.katalon.core.main.TestCaseExecutor.processExecutionPhase(TestCaseExecutor.java:418)
	at com.kms.katalon.core.main.TestCaseExecutor.accessMainPhase(TestCaseExecutor.java:410)
	at com.kms.katalon.core.main.TestCaseExecutor.execute(TestCaseExecutor.java:285)
	at com.kms.katalon.core.common.CommonExecutor.accessTestCaseMainPhase(CommonExecutor.java:65)
	at com.kms.katalon.core.main.TestSuiteExecutor.accessTestSuiteMainPhase(TestSuiteExecutor.java:151)
	at com.kms.katalon.core.main.TestSuiteExecutor.execute(TestSuiteExecutor.java:106)
	at com.kms.katalon.core.main.TestCaseMain.startTestSuite(TestCaseMain.java:185)
	at com.kms.katalon.core.main.TestCaseMain$startTestSuite$0.call(Unknown Source)
	at TempTestSuite1676605511409.run(TempTestSuite1676605511409.groovy:36)
Caused by: org.openqa.selenium.SessionNotCreatedException: session not created: This version of Microsoft Edge WebDriver only supports Microsoft Edge version 107
Current browser version is 110.0.1587.49 with binary path /Applications/Microsoft Edge.app/Contents/MacOS/Microsoft Edge
Build info: version: '3.141.59', revision: 'e82be7d358', time: '2018-11-14T08:25:53'
System info: host: 'Kashifs-MacBook-Pro.local', ip: 'fe80:0:0:0:2a:e350:6cb0:c073%en0', os.name: 'Mac OS X', os.arch: 'x86_64', os.version: '10.16', java.version: '1.8.0_275'
Driver info: driver.version: CEdgeDriver
remote stacktrace: 0   msedgedriver                        0x0000000104b27988 msedgedriver + 4843912
1   msedgedriver                        0x0000000104aa46c3 msedgedriver + 4306627
2   msedgedriver                        0x00000001046f6158 msedgedriver + 446808
3   msedgedriver                        0x000000010472636b msedgedriver + 643947
4   msedgedriver                        0x00000001047216f3 msedgedriver + 624371
5   msedgedriver                        0x000000010471c8eb msedgedriver + 604395
6   msedgedriver                        0x0000000104760eac msedgedriver + 884396
7   msedgedriver                        0x000000010476048c msedgedriver + 881804
8   msedgedriver                        0x0000000104757fd3 msedgedriver + 847827
9   msedgedriver                        0x000000010472900d msedgedriver + 655373
10  msedgedriver                        0x000000010472a641 msedgedriver + 661057
11  msedgedriver                        0x0000000104af3a0e msedgedriver + 4631054
12  msedgedriver                        0x0000000104af7518 msedgedriver + 4646168
13  msedgedriver                        0x0000000104af7cad msedgedriver + 4648109
14  msedgedriver                        0x0000000104aff51f msedgedriver + 4678943
15  msedgedriver                        0x0000000104af839c msedgedriver + 4649884
16  msedgedriver                        0x0000000104ad086d msedgedriver + 4487277
17  msedgedriver                        0x0000000104b19698 msedgedriver + 4785816
18  msedgedriver                        0x0000000104b197b7 msedgedriver + 4786103
19  msedgedriver                        0x0000000104b2f5c7 msedgedriver + 4875719
20  libsystem_pthread.dylib             0x00007ff81076c259 _pthread_start + 125
21  libsystem_pthread.dylib             0x00007ff810767c7b thread_start + 15

	at org.openqa.selenium.remote.W3CHandshakeResponse.lambda$errorHandler$0(W3CHandshakeResponse.java:62)
	at org.openqa.selenium.remote.HandshakeResponse.lambda$getResponseFunction$0(HandshakeResponse.java:30)
	at org.openqa.selenium.remote.ProtocolHandshake.lambda$createSession$0(ProtocolHandshake.java:126)
	at org.openqa.selenium.remote.ProtocolHandshake.createSession(ProtocolHandshake.java:128)
	at org.openqa.selenium.remote.ProtocolHandshake.createSession(ProtocolHandshake.java:74)
	at org.openqa.selenium.remote.HttpCommandExecutor.execute(HttpCommandExecutor.java:136)
	at org.openqa.selenium.remote.service.DriverCommandExecutor.execute(DriverCommandExecutor.java:83)
	at org.openqa.selenium.remote.RemoteWebDriver.execute(RemoteWebDriver.java:552)
	at com.kms.katalon.selenium.driver.CEdgeDriver.execute(CEdgeDriver.java:20)
	at org.openqa.selenium.remote.RemoteWebDriver.startSession(RemoteWebDriver.java:213)
	at org.openqa.selenium.remote.RemoteWebDriver.<init>(RemoteWebDriver.java:131)
	at org.openqa.selenium.edge.EdgeDriver.<init>(EdgeDriver.java:154)
	at com.kms.katalon.selenium.driver.CEdgeDriver.<init>(CEdgeDriver.java:14)
	at com.kms.katalon.core.webui.driver.DriverFactory.createNewEdgeChromiumDriver(DriverFactory.java:670)
	at com.kms.katalon.core.webui.driver.DriverFactory.startNewBrowser(DriverFactory.java:382)
	at com.kms.katalon.core.webui.driver.DriverFactory.openWebDriver(DriverFactory.java:254)
	at com.kms.katalon.core.webui.keyword.builtin.OpenBrowserKeyword$_openBrowser_closure1.doCall(OpenBrowserKeyword.groovy:74)
	at com.kms.katalon.core.webui.keyword.builtin.OpenBrowserKeyword$_openBrowser_closure1.call(OpenBrowserKeyword.groovy)
	at com.kms.katalon.core.webui.keyword.internal.WebUIKeywordMain.runKeyword(WebUIKeywordMain.groovy:20)
	... 19 more


2023-02-17 08:46:20 - [TEST_STEP][FAILED] - openBrowser(""): Unable to open browser with url: '' (Root cause: com.kms.katalon.core.exception.StepFailedException: Unable to open browser with url: ''
	at com.kms.katalon.core.webui.keyword.internal.WebUIKeywordMain.stepFailed(WebUIKeywordMain.groovy:64)
	at com.kms.katalon.core.webui.keyword.internal.WebUIKeywordMain.runKeyword(WebUIKeywordMain.groovy:26)
	at com.kms.katalon.core.webui.keyword.builtin.OpenBrowserKeyword.openBrowser(OpenBrowserKeyword.groovy:81)
	at com.kms.katalon.core.webui.keyword.builtin.OpenBrowserKeyword.execute(OpenBrowserKeyword.groovy:67)
	at com.kms.katalon.core.keyword.internal.KeywordExecutor.executeKeywordForPlatform(KeywordExecutor.groovy:74)
	at com.kms.katalon.core.webui.keyword.WebUiBuiltInKeywords.openBrowser(WebUiBuiltInKeywords.groovy:64)
	at com.kms.katalon.core.webui.keyword.WebUiBuiltInKeywords$openBrowser.call(Unknown Source)
	at CS_Three_Budgets - Stage.run(CS_Three_Budgets - Stage:20)
	at com.kms.katalon.core.main.ScriptEngine.run(ScriptEngine.java:194)
	at com.kms.katalon.core.main.ScriptEngine.runScriptAsRawText(ScriptEngine.java:119)
	at com.kms.katalon.core.main.TestCaseExecutor.runScript(TestCaseExecutor.java:448)
	at com.kms.katalon.core.main.TestCaseExecutor.doExecute(TestCaseExecutor.java:439)
	at com.kms.katalon.core.main.TestCaseExecutor.processExecutionPhase(TestCaseExecutor.java:418)
	at com.kms.katalon.core.main.TestCaseExecutor.accessMainPhase(TestCaseExecutor.java:410)
	at com.kms.katalon.core.main.TestCaseExecutor.execute(TestCaseExecutor.java:285)
	at com.kms.katalon.core.common.CommonExecutor.accessTestCaseMainPhase(CommonExecutor.java:65)
	at com.kms.katalon.core.main.TestSuiteExecutor.accessTestSuiteMainPhase(TestSuiteExecutor.java:151)
	at com.kms.katalon.core.main.TestSuiteExecutor.execute(TestSuiteExecutor.java:106)
	at com.kms.katalon.core.main.TestCaseMain.startTestSuite(TestCaseMain.java:185)
	at com.kms.katalon.core.main.TestCaseMain$startTestSuite$0.call(Unknown Source)
	at TempTestSuite1676605511409.run(TempTestSuite1676605511409.groovy:36)
Caused by: org.openqa.selenium.SessionNotCreatedException: session not created: This version of Microsoft Edge WebDriver only supports Microsoft Edge version 107
Current browser version is 110.0.1587.49 with binary path /Applications/Microsoft Edge.app/Contents/MacOS/Microsoft Edge
Build info: version: '3.141.59', revision: 'e82be7d358', time: '2018-11-14T08:25:53'
System info: host: 'Kashifs-MacBook-Pro.local', ip: 'fe80:0:0:0:2a:e350:6cb0:c073%en0', os.name: 'Mac OS X', os.arch: 'x86_64', os.version: '10.16', java.version: '1.8.0_275'
Driver info: driver.version: CEdgeDriver
remote stacktrace: 0   msedgedriver                        0x0000000104b27988 msedgedriver + 4843912
1   msedgedriver                        0x0000000104aa46c3 msedgedriver + 4306627
2   msedgedriver                        0x00000001046f6158 msedgedriver + 446808
3   msedgedriver                        0x000000010472636b msedgedriver + 643947
4   msedgedriver                        0x00000001047216f3 msedgedriver + 624371
5   msedgedriver                        0x000000010471c8eb msedgedriver + 604395
6   msedgedriver                        0x0000000104760eac msedgedriver + 884396
7   msedgedriver                        0x000000010476048c msedgedriver + 881804
8   msedgedriver                        0x0000000104757fd3 msedgedriver + 847827
9   msedgedriver                        0x000000010472900d msedgedriver + 655373
10  msedgedriver                        0x000000010472a641 msedgedriver + 661057
11  msedgedriver                        0x0000000104af3a0e msedgedriver + 4631054
12  msedgedriver                        0x0000000104af7518 msedgedriver + 4646168
13  msedgedriver                        0x0000000104af7cad msedgedriver + 4648109
14  msedgedriver                        0x0000000104aff51f msedgedriver + 4678943
15  msedgedriver                        0x0000000104af839c msedgedriver + 4649884
16  msedgedriver                        0x0000000104ad086d msedgedriver + 4487277
17  msedgedriver                        0x0000000104b19698 msedgedriver + 4785816
18  msedgedriver                        0x0000000104b197b7 msedgedriver + 4786103
19  msedgedriver                        0x0000000104b2f5c7 msedgedriver + 4875719
20  libsystem_pthread.dylib             0x00007ff81076c259 _pthread_start + 125
21  libsystem_pthread.dylib             0x00007ff810767c7b thread_start + 15

	at org.openqa.selenium.remote.W3CHandshakeResponse.lambda$errorHandler$0(W3CHandshakeResponse.java:62)
	at org.openqa.selenium.remote.HandshakeResponse.lambda$getResponseFunction$0(HandshakeResponse.java:30)
	at org.openqa.selenium.remote.ProtocolHandshake.lambda$createSession$0(ProtocolHandshake.java:126)
	at org.openqa.selenium.remote.ProtocolHandshake.createSession(ProtocolHandshake.java:128)
	at org.openqa.selenium.remote.ProtocolHandshake.createSession(ProtocolHandshake.java:74)
	at org.openqa.selenium.remote.HttpCommandExecutor.execute(HttpCommandExecutor.java:136)
	at org.openqa.selenium.remote.service.DriverCommandExecutor.execute(DriverCommandExecutor.java:83)
	at org.openqa.selenium.remote.RemoteWebDriver.execute(RemoteWebDriver.java:552)
	at com.kms.katalon.selenium.driver.CEdgeDriver.execute(CEdgeDriver.java:20)
	at org.openqa.selenium.remote.RemoteWebDriver.startSession(RemoteWebDriver.java:213)
	at org.openqa.selenium.remote.RemoteWebDriver.<init>(RemoteWebDriver.java:131)
	at org.openqa.selenium.edge.EdgeDriver.<init>(EdgeDriver.java:154)
	at com.kms.katalon.selenium.driver.CEdgeDriver.<init>(CEdgeDriver.java:14)
	at com.kms.katalon.core.webui.driver.DriverFactory.createNewEdgeChromiumDriver(DriverFactory.java:670)
	at com.kms.katalon.core.webui.driver.DriverFactory.startNewBrowser(DriverFactory.java:382)
	at com.kms.katalon.core.webui.driver.DriverFactory.openWebDriver(DriverFactory.java:254)
	at com.kms.katalon.core.webui.keyword.builtin.OpenBrowserKeyword$_openBrowser_closure1.doCall(OpenBrowserKeyword.groovy:74)
	at com.kms.katalon.core.webui.keyword.builtin.OpenBrowserKeyword$_openBrowser_closure1.call(OpenBrowserKeyword.groovy)
	at com.kms.katalon.core.webui.keyword.internal.WebUIKeywordMain.runKeyword(WebUIKeywordMain.groovy:20)
	at com.kms.katalon.core.webui.keyword.builtin.OpenBrowserKeyword.openBrowser(OpenBrowserKeyword.groovy:81)
	at com.kms.katalon.core.webui.keyword.builtin.OpenBrowserKeyword.execute(OpenBrowserKeyword.groovy:67)
	at com.kms.katalon.core.keyword.internal.KeywordExecutor.executeKeywordForPlatform(KeywordExecutor.groovy:74)
	at com.kms.katalon.core.webui.keyword.WebUiBuiltInKeywords.openBrowser(WebUiBuiltInKeywords.groovy:64)
	at com.kms.katalon.core.webui.keyword.WebUiBuiltInKeywords$openBrowser.call(Unknown Source)
	at Script1676604267300.run(Script1676604267300.groovy:20)
	... 13 more
)

2023-02-17 08:46:20 - [MESSAGE][INFO] - Starting 'Edge Chromium' driver

2023-02-17 08:46:20 - [MESSAGE][INFO] - Action delay is set to 0 milliseconds

2023-02-17 08:46:22 - [MESSAGE][FAILED] - Unable to open browser with url: '' (Root cause: com.kms.katalon.core.exception.StepFailedException: Unable to open browser with url: ''
	at com.kms.katalon.core.webui.keyword.internal.WebUIKeywordMain.stepFailed(WebUIKeywordMain.groovy:64)
	at com.kms.katalon.core.webui.keyword.internal.WebUIKeywordMain.runKeyword(WebUIKeywordMain.groovy:26)
	at com.kms.katalon.core.webui.keyword.builtin.OpenBrowserKeyword.openBrowser(OpenBrowserKeyword.groovy:81)
	at com.kms.katalon.core.webui.keyword.builtin.OpenBrowserKeyword.execute(OpenBrowserKeyword.groovy:67)
	at com.kms.katalon.core.keyword.internal.KeywordExecutor.executeKeywordForPlatform(KeywordExecutor.groovy:74)
	at com.kms.katalon.core.webui.keyword.WebUiBuiltInKeywords.openBrowser(WebUiBuiltInKeywords.groovy:64)
	at com.kms.katalon.core.webui.keyword.WebUiBuiltInKeywords$openBrowser.call(Unknown Source)
	at CS_Three_Budgets - Stage.run(CS_Three_Budgets - Stage:20)
	at com.kms.katalon.core.main.ScriptEngine.run(ScriptEngine.java:194)
	at com.kms.katalon.core.main.ScriptEngine.runScriptAsRawText(ScriptEngine.java:119)
	at com.kms.katalon.core.main.TestCaseExecutor.runScript(TestCaseExecutor.java:448)
	at com.kms.katalon.core.main.TestCaseExecutor.doExecute(TestCaseExecutor.java:439)
	at com.kms.katalon.core.main.TestCaseExecutor.processExecutionPhase(TestCaseExecutor.java:418)
	at com.kms.katalon.core.main.TestCaseExecutor.accessMainPhase(TestCaseExecutor.java:410)
	at com.kms.katalon.core.main.TestCaseExecutor.execute(TestCaseExecutor.java:285)
	at com.kms.katalon.core.common.CommonExecutor.accessTestCaseMainPhase(CommonExecutor.java:65)
	at com.kms.katalon.core.main.TestSuiteExecutor.accessTestSuiteMainPhase(TestSuiteExecutor.java:151)
	at com.kms.katalon.core.main.TestSuiteExecutor.execute(TestSuiteExecutor.java:106)
	at com.kms.katalon.core.main.TestCaseMain.startTestSuite(TestCaseMain.java:185)
	at com.kms.katalon.core.main.TestCaseMain$startTestSuite$0.call(Unknown Source)
	at TempTestSuite1676605511409.run(TempTestSuite1676605511409.groovy:36)
Caused by: org.openqa.selenium.SessionNotCreatedException: session not created: This version of Microsoft Edge WebDriver only supports Microsoft Edge version 107
Current browser version is 110.0.1587.49 with binary path /Applications/Microsoft Edge.app/Contents/MacOS/Microsoft Edge
Build info: version: '3.141.59', revision: 'e82be7d358', time: '2018-11-14T08:25:53'
System info: host: 'Kashifs-MacBook-Pro.local', ip: 'fe80:0:0:0:2a:e350:6cb0:c073%en0', os.name: 'Mac OS X', os.arch: 'x86_64', os.version: '10.16', java.version: '1.8.0_275'
Driver info: driver.version: CEdgeDriver
remote stacktrace: 0   msedgedriver                        0x0000000104b27988 msedgedriver + 4843912
1   msedgedriver                        0x0000000104aa46c3 msedgedriver + 4306627
2   msedgedriver                        0x00000001046f6158 msedgedriver + 446808
3   msedgedriver                        0x000000010472636b msedgedriver + 643947
4   msedgedriver                        0x00000001047216f3 msedgedriver + 624371
5   msedgedriver                        0x000000010471c8eb msedgedriver + 604395
6   msedgedriver                        0x0000000104760eac msedgedriver + 884396
7   msedgedriver                        0x000000010476048c msedgedriver + 881804
8   msedgedriver                        0x0000000104757fd3 msedgedriver + 847827
9   msedgedriver                        0x000000010472900d msedgedriver + 655373
10  msedgedriver                        0x000000010472a641 msedgedriver + 661057
11  msedgedriver                        0x0000000104af3a0e msedgedriver + 4631054
12  msedgedriver                        0x0000000104af7518 msedgedriver + 4646168
13  msedgedriver                        0x0000000104af7cad msedgedriver + 4648109
14  msedgedriver                        0x0000000104aff51f msedgedriver + 4678943
15  msedgedriver                        0x0000000104af839c msedgedriver + 4649884
16  msedgedriver                        0x0000000104ad086d msedgedriver + 4487277
17  msedgedriver                        0x0000000104b19698 msedgedriver + 4785816
18  msedgedriver                        0x0000000104b197b7 msedgedriver + 4786103
19  msedgedriver                        0x0000000104b2f5c7 msedgedriver + 4875719
20  libsystem_pthread.dylib             0x00007ff81076c259 _pthread_start + 125
21  libsystem_pthread.dylib             0x00007ff810767c7b thread_start + 15

	at org.openqa.selenium.remote.W3CHandshakeResponse.lambda$errorHandler$0(W3CHandshakeResponse.java:62)
	at org.openqa.selenium.remote.HandshakeResponse.lambda$getResponseFunction$0(HandshakeResponse.java:30)
	at org.openqa.selenium.remote.ProtocolHandshake.lambda$createSession$0(ProtocolHandshake.java:126)
	at org.openqa.selenium.remote.ProtocolHandshake.createSession(ProtocolHandshake.java:128)
	at org.openqa.selenium.remote.ProtocolHandshake.createSession(ProtocolHandshake.java:74)
	at org.openqa.selenium.remote.HttpCommandExecutor.execute(HttpCommandExecutor.java:136)
	at org.openqa.selenium.remote.service.DriverCommandExecutor.execute(DriverCommandExecutor.java:83)
	at org.openqa.selenium.remote.RemoteWebDriver.execute(RemoteWebDriver.java:552)
	at com.kms.katalon.selenium.driver.CEdgeDriver.execute(CEdgeDriver.java:20)
	at org.openqa.selenium.remote.RemoteWebDriver.startSession(RemoteWebDriver.java:213)
	at org.openqa.selenium.remote.RemoteWebDriver.<init>(RemoteWebDriver.java:131)
	at org.openqa.selenium.edge.EdgeDriver.<init>(EdgeDriver.java:154)
	at com.kms.katalon.selenium.driver.CEdgeDriver.<init>(CEdgeDriver.java:14)
	at com.kms.katalon.core.webui.driver.DriverFactory.createNewEdgeChromiumDriver(DriverFactory.java:670)
	at com.kms.katalon.core.webui.driver.DriverFactory.startNewBrowser(DriverFactory.java:382)
	at com.kms.katalon.core.webui.driver.DriverFactory.openWebDriver(DriverFactory.java:254)
	at com.kms.katalon.core.webui.keyword.builtin.OpenBrowserKeyword$_openBrowser_closure1.doCall(OpenBrowserKeyword.groovy:74)
	at com.kms.katalon.core.webui.keyword.builtin.OpenBrowserKeyword$_openBrowser_closure1.call(OpenBrowserKeyword.groovy)
	at com.kms.katalon.core.webui.keyword.internal.WebUIKeywordMain.runKeyword(WebUIKeywordMain.groovy:20)
	at com.kms.katalon.core.webui.keyword.builtin.OpenBrowserKeyword.openBrowser(OpenBrowserKeyword.groovy:81)
	at com.kms.katalon.core.webui.keyword.builtin.OpenBrowserKeyword.execute(OpenBrowserKeyword.groovy:67)
	at com.kms.katalon.core.keyword.internal.KeywordExecutor.executeKeywordForPlatform(KeywordExecutor.groovy:74)
	at com.kms.katalon.core.webui.keyword.WebUiBuiltInKeywords.openBrowser(WebUiBuiltInKeywords.groovy:64)
	at com.kms.katalon.core.webui.keyword.WebUiBuiltInKeywords$openBrowser.call(Unknown Source)
	at Script1676604267300.run(Script1676604267300.groovy:20)
	... 13 more
)]]></system-out>
         <system-err><![CDATA[2023-02-17 08:46:20 - [TEST_CASE][FAILED] - Test Cases/GiS/Compare Scenarios/CS_Three_Budgets - Stage: Test Cases/GiS/Compare Scenarios/CS_Three_Budgets - Stage FAILED.
Reason:
com.kms.katalon.core.exception.StepFailedException: Unable to open browser with url: ''
	at com.kms.katalon.core.webui.keyword.internal.WebUIKeywordMain.stepFailed(WebUIKeywordMain.groovy:64)
	at com.kms.katalon.core.webui.keyword.internal.WebUIKeywordMain.runKeyword(WebUIKeywordMain.groovy:26)
	at com.kms.katalon.core.webui.keyword.builtin.OpenBrowserKeyword.openBrowser(OpenBrowserKeyword.groovy:81)
	at com.kms.katalon.core.webui.keyword.builtin.OpenBrowserKeyword.execute(OpenBrowserKeyword.groovy:67)
	at com.kms.katalon.core.keyword.internal.KeywordExecutor.executeKeywordForPlatform(KeywordExecutor.groovy:74)
	at com.kms.katalon.core.webui.keyword.WebUiBuiltInKeywords.openBrowser(WebUiBuiltInKeywords.groovy:64)
	at com.kms.katalon.core.webui.keyword.WebUiBuiltInKeywords$openBrowser.call(Unknown Source)
	at CS_Three_Budgets - Stage.run(CS_Three_Budgets - Stage:20)
	at com.kms.katalon.core.main.ScriptEngine.run(ScriptEngine.java:194)
	at com.kms.katalon.core.main.ScriptEngine.runScriptAsRawText(ScriptEngine.java:119)
	at com.kms.katalon.core.main.TestCaseExecutor.runScript(TestCaseExecutor.java:448)
	at com.kms.katalon.core.main.TestCaseExecutor.doExecute(TestCaseExecutor.java:439)
	at com.kms.katalon.core.main.TestCaseExecutor.processExecutionPhase(TestCaseExecutor.java:418)
	at com.kms.katalon.core.main.TestCaseExecutor.accessMainPhase(TestCaseExecutor.java:410)
	at com.kms.katalon.core.main.TestCaseExecutor.execute(TestCaseExecutor.java:285)
	at com.kms.katalon.core.common.CommonExecutor.accessTestCaseMainPhase(CommonExecutor.java:65)
	at com.kms.katalon.core.main.TestSuiteExecutor.accessTestSuiteMainPhase(TestSuiteExecutor.java:151)
	at com.kms.katalon.core.main.TestSuiteExecutor.execute(TestSuiteExecutor.java:106)
	at com.kms.katalon.core.main.TestCaseMain.startTestSuite(TestCaseMain.java:185)
	at com.kms.katalon.core.main.TestCaseMain$startTestSuite$0.call(Unknown Source)
	at TempTestSuite1676605511409.run(TempTestSuite1676605511409.groovy:36)
Caused by: org.openqa.selenium.SessionNotCreatedException: session not created: This version of Microsoft Edge WebDriver only supports Microsoft Edge version 107
Current browser version is 110.0.1587.49 with binary path /Applications/Microsoft Edge.app/Contents/MacOS/Microsoft Edge
Build info: version: '3.141.59', revision: 'e82be7d358', time: '2018-11-14T08:25:53'
System info: host: 'Kashifs-MacBook-Pro.local', ip: 'fe80:0:0:0:2a:e350:6cb0:c073%en0', os.name: 'Mac OS X', os.arch: 'x86_64', os.version: '10.16', java.version: '1.8.0_275'
Driver info: driver.version: CEdgeDriver
remote stacktrace: 0   msedgedriver                        0x0000000104b27988 msedgedriver + 4843912
1   msedgedriver                        0x0000000104aa46c3 msedgedriver + 4306627
2   msedgedriver                        0x00000001046f6158 msedgedriver + 446808
3   msedgedriver                        0x000000010472636b msedgedriver + 643947
4   msedgedriver                        0x00000001047216f3 msedgedriver + 624371
5   msedgedriver                        0x000000010471c8eb msedgedriver + 604395
6   msedgedriver                        0x0000000104760eac msedgedriver + 884396
7   msedgedriver                        0x000000010476048c msedgedriver + 881804
8   msedgedriver                        0x0000000104757fd3 msedgedriver + 847827
9   msedgedriver                        0x000000010472900d msedgedriver + 655373
10  msedgedriver                        0x000000010472a641 msedgedriver + 661057
11  msedgedriver                        0x0000000104af3a0e msedgedriver + 4631054
12  msedgedriver                        0x0000000104af7518 msedgedriver + 4646168
13  msedgedriver                        0x0000000104af7cad msedgedriver + 4648109
14  msedgedriver                        0x0000000104aff51f msedgedriver + 4678943
15  msedgedriver                        0x0000000104af839c msedgedriver + 4649884
16  msedgedriver                        0x0000000104ad086d msedgedriver + 4487277
17  msedgedriver                        0x0000000104b19698 msedgedriver + 4785816
18  msedgedriver                        0x0000000104b197b7 msedgedriver + 4786103
19  msedgedriver                        0x0000000104b2f5c7 msedgedriver + 4875719
20  libsystem_pthread.dylib             0x00007ff81076c259 _pthread_start + 125
21  libsystem_pthread.dylib             0x00007ff810767c7b thread_start + 15

	at org.openqa.selenium.remote.W3CHandshakeResponse.lambda$errorHandler$0(W3CHandshakeResponse.java:62)
	at org.openqa.selenium.remote.HandshakeResponse.lambda$getResponseFunction$0(HandshakeResponse.java:30)
	at org.openqa.selenium.remote.ProtocolHandshake.lambda$createSession$0(ProtocolHandshake.java:126)
	at org.openqa.selenium.remote.ProtocolHandshake.createSession(ProtocolHandshake.java:128)
	at org.openqa.selenium.remote.ProtocolHandshake.createSession(ProtocolHandshake.java:74)
	at org.openqa.selenium.remote.HttpCommandExecutor.execute(HttpCommandExecutor.java:136)
	at org.openqa.selenium.remote.service.DriverCommandExecutor.execute(DriverCommandExecutor.java:83)
	at org.openqa.selenium.remote.RemoteWebDriver.execute(RemoteWebDriver.java:552)
	at com.kms.katalon.selenium.driver.CEdgeDriver.execute(CEdgeDriver.java:20)
	at org.openqa.selenium.remote.RemoteWebDriver.startSession(RemoteWebDriver.java:213)
	at org.openqa.selenium.remote.RemoteWebDriver.<init>(RemoteWebDriver.java:131)
	at org.openqa.selenium.edge.EdgeDriver.<init>(EdgeDriver.java:154)
	at com.kms.katalon.selenium.driver.CEdgeDriver.<init>(CEdgeDriver.java:14)
	at com.kms.katalon.core.webui.driver.DriverFactory.createNewEdgeChromiumDriver(DriverFactory.java:670)
	at com.kms.katalon.core.webui.driver.DriverFactory.startNewBrowser(DriverFactory.java:382)
	at com.kms.katalon.core.webui.driver.DriverFactory.openWebDriver(DriverFactory.java:254)
	at com.kms.katalon.core.webui.keyword.builtin.OpenBrowserKeyword$_openBrowser_closure1.doCall(OpenBrowserKeyword.groovy:74)
	at com.kms.katalon.core.webui.keyword.builtin.OpenBrowserKeyword$_openBrowser_closure1.call(OpenBrowserKeyword.groovy)
	at com.kms.katalon.core.webui.keyword.internal.WebUIKeywordMain.runKeyword(WebUIKeywordMain.groovy:20)
	... 19 more]]></system-err>
      </testcase>
      <testcase name="Test Cases/GiS/Compare Scenarios/CS_Three_Budgets_Sidewalk_PROD" time="1.908" classname="Test Cases/GiS/Compare Scenarios/CS_Three_Budgets_Sidewalk_PROD" status="FAILED">
         <failure type="FAILED" message="Test Cases/GiS/Compare Scenarios/CS_Three_Budgets_Sidewalk_PROD FAILED.
Reason:
com.kms.katalon.core.exception.StepFailedException: Unable to open browser with url: 'https://app.streetlogix.com/?config=64077fc938af4bcc9a46a81d8f4e5576&amp;token=eyJhbGciOiJIUzI1NiIsInR5cCI6IkpXVCJ9.eyJpZCI6MTQyOCwibmFtZSI6IlNvaGFpYiBOZWhhbCIsImV4cCI6MTY3OTE5NjcyNywiaWF0IjoxNjc2NjA0NzI3fQ.Kz-gvOd5J-fT1WMLkVzR-YliVElHaxM9yScW9Ngflfs'
	at com.kms.katalon.core.webui.keyword.internal.WebUIKeywordMain.stepFailed(WebUIKeywordMain.groovy:64)
	at com.kms.katalon.core.webui.keyword.internal.WebUIKeywordMain.runKeyword(WebUIKeywordMain.groovy:26)
	at com.kms.katalon.core.webui.keyword.builtin.OpenBrowserKeyword.openBrowser(OpenBrowserKeyword.groovy:81)
	at com.kms.katalon.core.webui.keyword.builtin.OpenBrowserKeyword.execute(OpenBrowserKeyword.groovy:67)
	at com.kms.katalon.core.keyword.internal.KeywordExecutor.executeKeywordForPlatform(KeywordExecutor.groovy:74)
	at com.kms.katalon.core.webui.keyword.WebUiBuiltInKeywords.openBrowser(WebUiBuiltInKeywords.groovy:64)
	at com.kms.katalon.core.webui.keyword.WebUiBuiltInKeywords$openBrowser.call(Unknown Source)
	at gis_url.test.URL_PROD.redirectURL(URL_PROD.groovy:27)
	at gis_url.test.URL_PROD.invokeMethod(URL_PROD.groovy)
	at com.kms.katalon.core.main.CustomKeywordDelegatingMetaClass.invokeStaticMethod(CustomKeywordDelegatingMetaClass.java:55)
	at CS_Three_Budgets_Sidewalk_PROD.run(CS_Three_Budgets_Sidewalk_PROD:20)
	at com.kms.katalon.core.main.ScriptEngine.run(ScriptEngine.java:194)
	at com.kms.katalon.core.main.ScriptEngine.runScriptAsRawText(ScriptEngine.java:119)
	at com.kms.katalon.core.main.TestCaseExecutor.runScript(TestCaseExecutor.java:448)
	at com.kms.katalon.core.main.TestCaseExecutor.doExecute(TestCaseExecutor.java:439)
	at com.kms.katalon.core.main.TestCaseExecutor.processExecutionPhase(TestCaseExecutor.java:418)
	at com.kms.katalon.core.main.TestCaseExecutor.accessMainPhase(TestCaseExecutor.java:410)
	at com.kms.katalon.core.main.TestCaseExecutor.execute(TestCaseExecutor.java:285)
	at com.kms.katalon.core.common.CommonExecutor.accessTestCaseMainPhase(CommonExecutor.java:65)
	at com.kms.katalon.core.main.TestSuiteExecutor.accessTestSuiteMainPhase(TestSuiteExecutor.java:151)
	at com.kms.katalon.core.main.TestSuiteExecutor.execute(TestSuiteExecutor.java:106)
	at com.kms.katalon.core.main.TestCaseMain.startTestSuite(TestCaseMain.java:185)
	at com.kms.katalon.core.main.TestCaseMain$startTestSuite$0.call(Unknown Source)
	at TempTestSuite1676605511409.run(TempTestSuite1676605511409.groovy:36)
Caused by: org.openqa.selenium.SessionNotCreatedException: session not created: This version of Microsoft Edge WebDriver only supports Microsoft Edge version 107
Current browser version is 110.0.1587.49 with binary path /Applications/Microsoft Edge.app/Contents/MacOS/Microsoft Edge
Build info: version: '3.141.59', revision: 'e82be7d358', time: '2018-11-14T08:25:53'
System info: host: 'Kashifs-MacBook-Pro.local', ip: 'fe80:0:0:0:2a:e350:6cb0:c073%en0', os.name: 'Mac OS X', os.arch: 'x86_64', os.version: '10.16', java.version: '1.8.0_275'
Driver info: driver.version: CEdgeDriver
remote stacktrace: 0   msedgedriver                        0x0000000104b27988 msedgedriver + 4843912
1   msedgedriver                        0x0000000104aa46c3 msedgedriver + 4306627
2   msedgedriver                        0x00000001046f6158 msedgedriver + 446808
3   msedgedriver                        0x000000010472636b msedgedriver + 643947
4   msedgedriver                        0x00000001047216f3 msedgedriver + 624371
5   msedgedriver                        0x000000010471c8eb msedgedriver + 604395
6   msedgedriver                        0x0000000104760eac msedgedriver + 884396
7   msedgedriver                        0x000000010476048c msedgedriver + 881804
8   msedgedriver                        0x0000000104757fd3 msedgedriver + 847827
9   msedgedriver                        0x000000010472900d msedgedriver + 655373
10  msedgedriver                        0x000000010472a641 msedgedriver + 661057
11  msedgedriver                        0x0000000104af3a0e msedgedriver + 4631054
12  msedgedriver                        0x0000000104af7518 msedgedriver + 4646168
13  msedgedriver                        0x0000000104af7cad msedgedriver + 4648109
14  msedgedriver                        0x0000000104aff51f msedgedriver + 4678943
15  msedgedriver                        0x0000000104af839c msedgedriver + 4649884
16  msedgedriver                        0x0000000104ad086d msedgedriver + 4487277
17  msedgedriver                        0x0000000104b19698 msedgedriver + 4785816
18  msedgedriver                        0x0000000104b197b7 msedgedriver + 4786103
19  msedgedriver                        0x0000000104b2f5c7 msedgedriver + 4875719
20  libsystem_pthread.dylib             0x00007ff81076c259 _pthread_start + 125
21  libsystem_pthread.dylib             0x00007ff810767c7b thread_start + 15

	at org.openqa.selenium.remote.W3CHandshakeResponse.lambda$errorHandler$0(W3CHandshakeResponse.java:62)
	at org.openqa.selenium.remote.HandshakeResponse.lambda$getResponseFunction$0(HandshakeResponse.java:30)
	at org.openqa.selenium.remote.ProtocolHandshake.lambda$createSession$0(ProtocolHandshake.java:126)
	at org.openqa.selenium.remote.ProtocolHandshake.createSession(ProtocolHandshake.java:128)
	at org.openqa.selenium.remote.ProtocolHandshake.createSession(ProtocolHandshake.java:74)
	at org.openqa.selenium.remote.HttpCommandExecutor.execute(HttpCommandExecutor.java:136)
	at org.openqa.selenium.remote.service.DriverCommandExecutor.execute(DriverCommandExecutor.java:83)
	at org.openqa.selenium.remote.RemoteWebDriver.execute(RemoteWebDriver.java:552)
	at com.kms.katalon.selenium.driver.CEdgeDriver.execute(CEdgeDriver.java:20)
	at org.openqa.selenium.remote.RemoteWebDriver.startSession(RemoteWebDriver.java:213)
	at org.openqa.selenium.remote.RemoteWebDriver.&lt;init>(RemoteWebDriver.java:131)
	at org.openqa.selenium.edge.EdgeDriver.&lt;init>(EdgeDriver.java:154)
	at com.kms.katalon.selenium.driver.CEdgeDriver.&lt;init>(CEdgeDriver.java:14)
	at com.kms.katalon.core.webui.driver.DriverFactory.createNewEdgeChromiumDriver(DriverFactory.java:670)
	at com.kms.katalon.core.webui.driver.DriverFactory.startNewBrowser(DriverFactory.java:382)
	at com.kms.katalon.core.webui.driver.DriverFactory.openWebDriver(DriverFactory.java:254)
	at com.kms.katalon.core.webui.keyword.builtin.OpenBrowserKeyword$_openBrowser_closure1.doCall(OpenBrowserKeyword.groovy:74)
	at com.kms.katalon.core.webui.keyword.builtin.OpenBrowserKeyword$_openBrowser_closure1.call(OpenBrowserKeyword.groovy)
	at com.kms.katalon.core.webui.keyword.internal.WebUIKeywordMain.runKeyword(WebUIKeywordMain.groovy:20)
	... 22 more
"/>
         <system-out><![CDATA[2023-02-17 08:46:22 - [TEST_CASE][FAILED] - Test Cases/GiS/Compare Scenarios/CS_Three_Budgets_Sidewalk_PROD: Test Cases/GiS/Compare Scenarios/CS_Three_Budgets_Sidewalk_PROD FAILED.
Reason:
com.kms.katalon.core.exception.StepFailedException: Unable to open browser with url: 'https://app.streetlogix.com/?config=64077fc938af4bcc9a46a81d8f4e5576&token=eyJhbGciOiJIUzI1NiIsInR5cCI6IkpXVCJ9.eyJpZCI6MTQyOCwibmFtZSI6IlNvaGFpYiBOZWhhbCIsImV4cCI6MTY3OTE5NjcyNywiaWF0IjoxNjc2NjA0NzI3fQ.Kz-gvOd5J-fT1WMLkVzR-YliVElHaxM9yScW9Ngflfs'
	at com.kms.katalon.core.webui.keyword.internal.WebUIKeywordMain.stepFailed(WebUIKeywordMain.groovy:64)
	at com.kms.katalon.core.webui.keyword.internal.WebUIKeywordMain.runKeyword(WebUIKeywordMain.groovy:26)
	at com.kms.katalon.core.webui.keyword.builtin.OpenBrowserKeyword.openBrowser(OpenBrowserKeyword.groovy:81)
	at com.kms.katalon.core.webui.keyword.builtin.OpenBrowserKeyword.execute(OpenBrowserKeyword.groovy:67)
	at com.kms.katalon.core.keyword.internal.KeywordExecutor.executeKeywordForPlatform(KeywordExecutor.groovy:74)
	at com.kms.katalon.core.webui.keyword.WebUiBuiltInKeywords.openBrowser(WebUiBuiltInKeywords.groovy:64)
	at com.kms.katalon.core.webui.keyword.WebUiBuiltInKeywords$openBrowser.call(Unknown Source)
	at gis_url.test.URL_PROD.redirectURL(URL_PROD.groovy:27)
	at gis_url.test.URL_PROD.invokeMethod(URL_PROD.groovy)
	at com.kms.katalon.core.main.CustomKeywordDelegatingMetaClass.invokeStaticMethod(CustomKeywordDelegatingMetaClass.java:55)
	at CS_Three_Budgets_Sidewalk_PROD.run(CS_Three_Budgets_Sidewalk_PROD:20)
	at com.kms.katalon.core.main.ScriptEngine.run(ScriptEngine.java:194)
	at com.kms.katalon.core.main.ScriptEngine.runScriptAsRawText(ScriptEngine.java:119)
	at com.kms.katalon.core.main.TestCaseExecutor.runScript(TestCaseExecutor.java:448)
	at com.kms.katalon.core.main.TestCaseExecutor.doExecute(TestCaseExecutor.java:439)
	at com.kms.katalon.core.main.TestCaseExecutor.processExecutionPhase(TestCaseExecutor.java:418)
	at com.kms.katalon.core.main.TestCaseExecutor.accessMainPhase(TestCaseExecutor.java:410)
	at com.kms.katalon.core.main.TestCaseExecutor.execute(TestCaseExecutor.java:285)
	at com.kms.katalon.core.common.CommonExecutor.accessTestCaseMainPhase(CommonExecutor.java:65)
	at com.kms.katalon.core.main.TestSuiteExecutor.accessTestSuiteMainPhase(TestSuiteExecutor.java:151)
	at com.kms.katalon.core.main.TestSuiteExecutor.execute(TestSuiteExecutor.java:106)
	at com.kms.katalon.core.main.TestCaseMain.startTestSuite(TestCaseMain.java:185)
	at com.kms.katalon.core.main.TestCaseMain$startTestSuite$0.call(Unknown Source)
	at TempTestSuite1676605511409.run(TempTestSuite1676605511409.groovy:36)
Caused by: org.openqa.selenium.SessionNotCreatedException: session not created: This version of Microsoft Edge WebDriver only supports Microsoft Edge version 107
Current browser version is 110.0.1587.49 with binary path /Applications/Microsoft Edge.app/Contents/MacOS/Microsoft Edge
Build info: version: '3.141.59', revision: 'e82be7d358', time: '2018-11-14T08:25:53'
System info: host: 'Kashifs-MacBook-Pro.local', ip: 'fe80:0:0:0:2a:e350:6cb0:c073%en0', os.name: 'Mac OS X', os.arch: 'x86_64', os.version: '10.16', java.version: '1.8.0_275'
Driver info: driver.version: CEdgeDriver
remote stacktrace: 0   msedgedriver                        0x0000000104b27988 msedgedriver + 4843912
1   msedgedriver                        0x0000000104aa46c3 msedgedriver + 4306627
2   msedgedriver                        0x00000001046f6158 msedgedriver + 446808
3   msedgedriver                        0x000000010472636b msedgedriver + 643947
4   msedgedriver                        0x00000001047216f3 msedgedriver + 624371
5   msedgedriver                        0x000000010471c8eb msedgedriver + 604395
6   msedgedriver                        0x0000000104760eac msedgedriver + 884396
7   msedgedriver                        0x000000010476048c msedgedriver + 881804
8   msedgedriver                        0x0000000104757fd3 msedgedriver + 847827
9   msedgedriver                        0x000000010472900d msedgedriver + 655373
10  msedgedriver                        0x000000010472a641 msedgedriver + 661057
11  msedgedriver                        0x0000000104af3a0e msedgedriver + 4631054
12  msedgedriver                        0x0000000104af7518 msedgedriver + 4646168
13  msedgedriver                        0x0000000104af7cad msedgedriver + 4648109
14  msedgedriver                        0x0000000104aff51f msedgedriver + 4678943
15  msedgedriver                        0x0000000104af839c msedgedriver + 4649884
16  msedgedriver                        0x0000000104ad086d msedgedriver + 4487277
17  msedgedriver                        0x0000000104b19698 msedgedriver + 4785816
18  msedgedriver                        0x0000000104b197b7 msedgedriver + 4786103
19  msedgedriver                        0x0000000104b2f5c7 msedgedriver + 4875719
20  libsystem_pthread.dylib             0x00007ff81076c259 _pthread_start + 125
21  libsystem_pthread.dylib             0x00007ff810767c7b thread_start + 15

	at org.openqa.selenium.remote.W3CHandshakeResponse.lambda$errorHandler$0(W3CHandshakeResponse.java:62)
	at org.openqa.selenium.remote.HandshakeResponse.lambda$getResponseFunction$0(HandshakeResponse.java:30)
	at org.openqa.selenium.remote.ProtocolHandshake.lambda$createSession$0(ProtocolHandshake.java:126)
	at org.openqa.selenium.remote.ProtocolHandshake.createSession(ProtocolHandshake.java:128)
	at org.openqa.selenium.remote.ProtocolHandshake.createSession(ProtocolHandshake.java:74)
	at org.openqa.selenium.remote.HttpCommandExecutor.execute(HttpCommandExecutor.java:136)
	at org.openqa.selenium.remote.service.DriverCommandExecutor.execute(DriverCommandExecutor.java:83)
	at org.openqa.selenium.remote.RemoteWebDriver.execute(RemoteWebDriver.java:552)
	at com.kms.katalon.selenium.driver.CEdgeDriver.execute(CEdgeDriver.java:20)
	at org.openqa.selenium.remote.RemoteWebDriver.startSession(RemoteWebDriver.java:213)
	at org.openqa.selenium.remote.RemoteWebDriver.<init>(RemoteWebDriver.java:131)
	at org.openqa.selenium.edge.EdgeDriver.<init>(EdgeDriver.java:154)
	at com.kms.katalon.selenium.driver.CEdgeDriver.<init>(CEdgeDriver.java:14)
	at com.kms.katalon.core.webui.driver.DriverFactory.createNewEdgeChromiumDriver(DriverFactory.java:670)
	at com.kms.katalon.core.webui.driver.DriverFactory.startNewBrowser(DriverFactory.java:382)
	at com.kms.katalon.core.webui.driver.DriverFactory.openWebDriver(DriverFactory.java:254)
	at com.kms.katalon.core.webui.keyword.builtin.OpenBrowserKeyword$_openBrowser_closure1.doCall(OpenBrowserKeyword.groovy:74)
	at com.kms.katalon.core.webui.keyword.builtin.OpenBrowserKeyword$_openBrowser_closure1.call(OpenBrowserKeyword.groovy)
	at com.kms.katalon.core.webui.keyword.internal.WebUIKeywordMain.runKeyword(WebUIKeywordMain.groovy:20)
	... 22 more


2023-02-17 08:46:22 - [TEST_STEP][FAILED] - gis_url.test.URL_PROD.redirectURL(): Unable to open browser with url: 'https://app.streetlogix.com/?config=64077fc938af4bcc9a46a81d8f4e5576&token=eyJhbGciOiJIUzI1NiIsInR5cCI6IkpXVCJ9.eyJpZCI6MTQyOCwibmFtZSI6IlNvaGFpYiBOZWhhbCIsImV4cCI6MTY3OTE5NjcyNywiaWF0IjoxNjc2NjA0NzI3fQ.Kz-gvOd5J-fT1WMLkVzR-YliVElHaxM9yScW9Ngflfs'

2023-02-17 08:46:22 - [MESSAGE][INFO] - Starting 'Edge Chromium' driver

2023-02-17 08:46:22 - [MESSAGE][INFO] - Action delay is set to 0 milliseconds

2023-02-17 08:46:24 - [MESSAGE][FAILED] - Unable to open browser with url: 'https://app.streetlogix.com/?config=64077fc938af4bcc9a46a81d8f4e5576&token=eyJhbGciOiJIUzI1NiIsInR5cCI6IkpXVCJ9.eyJpZCI6MTQyOCwibmFtZSI6IlNvaGFpYiBOZWhhbCIsImV4cCI6MTY3OTE5NjcyNywiaWF0IjoxNjc2NjA0NzI3fQ.Kz-gvOd5J-fT1WMLkVzR-YliVElHaxM9yScW9Ngflfs' (Root cause: com.kms.katalon.core.exception.StepFailedException: Unable to open browser with url: 'https://app.streetlogix.com/?config=64077fc938af4bcc9a46a81d8f4e5576&token=eyJhbGciOiJIUzI1NiIsInR5cCI6IkpXVCJ9.eyJpZCI6MTQyOCwibmFtZSI6IlNvaGFpYiBOZWhhbCIsImV4cCI6MTY3OTE5NjcyNywiaWF0IjoxNjc2NjA0NzI3fQ.Kz-gvOd5J-fT1WMLkVzR-YliVElHaxM9yScW9Ngflfs'
	at com.kms.katalon.core.webui.keyword.internal.WebUIKeywordMain.stepFailed(WebUIKeywordMain.groovy:64)
	at com.kms.katalon.core.webui.keyword.internal.WebUIKeywordMain.runKeyword(WebUIKeywordMain.groovy:26)
	at com.kms.katalon.core.webui.keyword.builtin.OpenBrowserKeyword.openBrowser(OpenBrowserKeyword.groovy:81)
	at com.kms.katalon.core.webui.keyword.builtin.OpenBrowserKeyword.execute(OpenBrowserKeyword.groovy:67)
	at com.kms.katalon.core.keyword.internal.KeywordExecutor.executeKeywordForPlatform(KeywordExecutor.groovy:74)
	at com.kms.katalon.core.webui.keyword.WebUiBuiltInKeywords.openBrowser(WebUiBuiltInKeywords.groovy:64)
	at com.kms.katalon.core.webui.keyword.WebUiBuiltInKeywords$openBrowser.call(Unknown Source)
	at gis_url.test.URL_PROD.redirectURL(URL_PROD.groovy:27)
	at gis_url.test.URL_PROD.invokeMethod(URL_PROD.groovy)
	at com.kms.katalon.core.main.CustomKeywordDelegatingMetaClass.invokeStaticMethod(CustomKeywordDelegatingMetaClass.java:55)
	at CS_Three_Budgets_Sidewalk_PROD.run(CS_Three_Budgets_Sidewalk_PROD:20)
	at com.kms.katalon.core.main.ScriptEngine.run(ScriptEngine.java:194)
	at com.kms.katalon.core.main.ScriptEngine.runScriptAsRawText(ScriptEngine.java:119)
	at com.kms.katalon.core.main.TestCaseExecutor.runScript(TestCaseExecutor.java:448)
	at com.kms.katalon.core.main.TestCaseExecutor.doExecute(TestCaseExecutor.java:439)
	at com.kms.katalon.core.main.TestCaseExecutor.processExecutionPhase(TestCaseExecutor.java:418)
	at com.kms.katalon.core.main.TestCaseExecutor.accessMainPhase(TestCaseExecutor.java:410)
	at com.kms.katalon.core.main.TestCaseExecutor.execute(TestCaseExecutor.java:285)
	at com.kms.katalon.core.common.CommonExecutor.accessTestCaseMainPhase(CommonExecutor.java:65)
	at com.kms.katalon.core.main.TestSuiteExecutor.accessTestSuiteMainPhase(TestSuiteExecutor.java:151)
	at com.kms.katalon.core.main.TestSuiteExecutor.execute(TestSuiteExecutor.java:106)
	at com.kms.katalon.core.main.TestCaseMain.startTestSuite(TestCaseMain.java:185)
	at com.kms.katalon.core.main.TestCaseMain$startTestSuite$0.call(Unknown Source)
	at TempTestSuite1676605511409.run(TempTestSuite1676605511409.groovy:36)
Caused by: org.openqa.selenium.SessionNotCreatedException: session not created: This version of Microsoft Edge WebDriver only supports Microsoft Edge version 107
Current browser version is 110.0.1587.49 with binary path /Applications/Microsoft Edge.app/Contents/MacOS/Microsoft Edge
Build info: version: '3.141.59', revision: 'e82be7d358', time: '2018-11-14T08:25:53'
System info: host: 'Kashifs-MacBook-Pro.local', ip: 'fe80:0:0:0:2a:e350:6cb0:c073%en0', os.name: 'Mac OS X', os.arch: 'x86_64', os.version: '10.16', java.version: '1.8.0_275'
Driver info: driver.version: CEdgeDriver
remote stacktrace: 0   msedgedriver                        0x0000000104b27988 msedgedriver + 4843912
1   msedgedriver                        0x0000000104aa46c3 msedgedriver + 4306627
2   msedgedriver                        0x00000001046f6158 msedgedriver + 446808
3   msedgedriver                        0x000000010472636b msedgedriver + 643947
4   msedgedriver                        0x00000001047216f3 msedgedriver + 624371
5   msedgedriver                        0x000000010471c8eb msedgedriver + 604395
6   msedgedriver                        0x0000000104760eac msedgedriver + 884396
7   msedgedriver                        0x000000010476048c msedgedriver + 881804
8   msedgedriver                        0x0000000104757fd3 msedgedriver + 847827
9   msedgedriver                        0x000000010472900d msedgedriver + 655373
10  msedgedriver                        0x000000010472a641 msedgedriver + 661057
11  msedgedriver                        0x0000000104af3a0e msedgedriver + 4631054
12  msedgedriver                        0x0000000104af7518 msedgedriver + 4646168
13  msedgedriver                        0x0000000104af7cad msedgedriver + 4648109
14  msedgedriver                        0x0000000104aff51f msedgedriver + 4678943
15  msedgedriver                        0x0000000104af839c msedgedriver + 4649884
16  msedgedriver                        0x0000000104ad086d msedgedriver + 4487277
17  msedgedriver                        0x0000000104b19698 msedgedriver + 4785816
18  msedgedriver                        0x0000000104b197b7 msedgedriver + 4786103
19  msedgedriver                        0x0000000104b2f5c7 msedgedriver + 4875719
20  libsystem_pthread.dylib             0x00007ff81076c259 _pthread_start + 125
21  libsystem_pthread.dylib             0x00007ff810767c7b thread_start + 15

	at org.openqa.selenium.remote.W3CHandshakeResponse.lambda$errorHandler$0(W3CHandshakeResponse.java:62)
	at org.openqa.selenium.remote.HandshakeResponse.lambda$getResponseFunction$0(HandshakeResponse.java:30)
	at org.openqa.selenium.remote.ProtocolHandshake.lambda$createSession$0(ProtocolHandshake.java:126)
	at org.openqa.selenium.remote.ProtocolHandshake.createSession(ProtocolHandshake.java:128)
	at org.openqa.selenium.remote.ProtocolHandshake.createSession(ProtocolHandshake.java:74)
	at org.openqa.selenium.remote.HttpCommandExecutor.execute(HttpCommandExecutor.java:136)
	at org.openqa.selenium.remote.service.DriverCommandExecutor.execute(DriverCommandExecutor.java:83)
	at org.openqa.selenium.remote.RemoteWebDriver.execute(RemoteWebDriver.java:552)
	at com.kms.katalon.selenium.driver.CEdgeDriver.execute(CEdgeDriver.java:20)
	at org.openqa.selenium.remote.RemoteWebDriver.startSession(RemoteWebDriver.java:213)
	at org.openqa.selenium.remote.RemoteWebDriver.<init>(RemoteWebDriver.java:131)
	at org.openqa.selenium.edge.EdgeDriver.<init>(EdgeDriver.java:154)
	at com.kms.katalon.selenium.driver.CEdgeDriver.<init>(CEdgeDriver.java:14)
	at com.kms.katalon.core.webui.driver.DriverFactory.createNewEdgeChromiumDriver(DriverFactory.java:670)
	at com.kms.katalon.core.webui.driver.DriverFactory.startNewBrowser(DriverFactory.java:382)
	at com.kms.katalon.core.webui.driver.DriverFactory.openWebDriver(DriverFactory.java:254)
	at com.kms.katalon.core.webui.keyword.builtin.OpenBrowserKeyword$_openBrowser_closure1.doCall(OpenBrowserKeyword.groovy:74)
	at com.kms.katalon.core.webui.keyword.builtin.OpenBrowserKeyword$_openBrowser_closure1.call(OpenBrowserKeyword.groovy)
	at com.kms.katalon.core.webui.keyword.internal.WebUIKeywordMain.runKeyword(WebUIKeywordMain.groovy:20)
	at com.kms.katalon.core.webui.keyword.builtin.OpenBrowserKeyword.openBrowser(OpenBrowserKeyword.groovy:81)
	at com.kms.katalon.core.webui.keyword.builtin.OpenBrowserKeyword.execute(OpenBrowserKeyword.groovy:67)
	at com.kms.katalon.core.keyword.internal.KeywordExecutor.executeKeywordForPlatform(KeywordExecutor.groovy:74)
	at com.kms.katalon.core.webui.keyword.WebUiBuiltInKeywords.openBrowser(WebUiBuiltInKeywords.groovy:64)
	at com.kms.katalon.core.webui.keyword.WebUiBuiltInKeywords$openBrowser.call(Unknown Source)
	at gis_url.test.URL_PROD.redirectURL(URL_PROD.groovy:27)
	at gis_url.test.URL_PROD.invokeMethod(URL_PROD.groovy)
	at com.kms.katalon.core.main.CustomKeywordDelegatingMetaClass.invokeStaticMethod(CustomKeywordDelegatingMetaClass.java:55)
	at Script1676605080685.run(Script1676605080685.groovy:20)
	... 13 more
)

2023-02-17 08:46:24 - [MESSAGE][FAILED] - Unable to open browser with url: 'https://app.streetlogix.com/?config=64077fc938af4bcc9a46a81d8f4e5576&token=eyJhbGciOiJIUzI1NiIsInR5cCI6IkpXVCJ9.eyJpZCI6MTQyOCwibmFtZSI6IlNvaGFpYiBOZWhhbCIsImV4cCI6MTY3OTE5NjcyNywiaWF0IjoxNjc2NjA0NzI3fQ.Kz-gvOd5J-fT1WMLkVzR-YliVElHaxM9yScW9Ngflfs']]></system-out>
         <system-err><![CDATA[2023-02-17 08:46:22 - [TEST_CASE][FAILED] - Test Cases/GiS/Compare Scenarios/CS_Three_Budgets_Sidewalk_PROD: Test Cases/GiS/Compare Scenarios/CS_Three_Budgets_Sidewalk_PROD FAILED.
Reason:
com.kms.katalon.core.exception.StepFailedException: Unable to open browser with url: 'https://app.streetlogix.com/?config=64077fc938af4bcc9a46a81d8f4e5576&token=eyJhbGciOiJIUzI1NiIsInR5cCI6IkpXVCJ9.eyJpZCI6MTQyOCwibmFtZSI6IlNvaGFpYiBOZWhhbCIsImV4cCI6MTY3OTE5NjcyNywiaWF0IjoxNjc2NjA0NzI3fQ.Kz-gvOd5J-fT1WMLkVzR-YliVElHaxM9yScW9Ngflfs'
	at com.kms.katalon.core.webui.keyword.internal.WebUIKeywordMain.stepFailed(WebUIKeywordMain.groovy:64)
	at com.kms.katalon.core.webui.keyword.internal.WebUIKeywordMain.runKeyword(WebUIKeywordMain.groovy:26)
	at com.kms.katalon.core.webui.keyword.builtin.OpenBrowserKeyword.openBrowser(OpenBrowserKeyword.groovy:81)
	at com.kms.katalon.core.webui.keyword.builtin.OpenBrowserKeyword.execute(OpenBrowserKeyword.groovy:67)
	at com.kms.katalon.core.keyword.internal.KeywordExecutor.executeKeywordForPlatform(KeywordExecutor.groovy:74)
	at com.kms.katalon.core.webui.keyword.WebUiBuiltInKeywords.openBrowser(WebUiBuiltInKeywords.groovy:64)
	at com.kms.katalon.core.webui.keyword.WebUiBuiltInKeywords$openBrowser.call(Unknown Source)
	at gis_url.test.URL_PROD.redirectURL(URL_PROD.groovy:27)
	at gis_url.test.URL_PROD.invokeMethod(URL_PROD.groovy)
	at com.kms.katalon.core.main.CustomKeywordDelegatingMetaClass.invokeStaticMethod(CustomKeywordDelegatingMetaClass.java:55)
	at CS_Three_Budgets_Sidewalk_PROD.run(CS_Three_Budgets_Sidewalk_PROD:20)
	at com.kms.katalon.core.main.ScriptEngine.run(ScriptEngine.java:194)
	at com.kms.katalon.core.main.ScriptEngine.runScriptAsRawText(ScriptEngine.java:119)
	at com.kms.katalon.core.main.TestCaseExecutor.runScript(TestCaseExecutor.java:448)
	at com.kms.katalon.core.main.TestCaseExecutor.doExecute(TestCaseExecutor.java:439)
	at com.kms.katalon.core.main.TestCaseExecutor.processExecutionPhase(TestCaseExecutor.java:418)
	at com.kms.katalon.core.main.TestCaseExecutor.accessMainPhase(TestCaseExecutor.java:410)
	at com.kms.katalon.core.main.TestCaseExecutor.execute(TestCaseExecutor.java:285)
	at com.kms.katalon.core.common.CommonExecutor.accessTestCaseMainPhase(CommonExecutor.java:65)
	at com.kms.katalon.core.main.TestSuiteExecutor.accessTestSuiteMainPhase(TestSuiteExecutor.java:151)
	at com.kms.katalon.core.main.TestSuiteExecutor.execute(TestSuiteExecutor.java:106)
	at com.kms.katalon.core.main.TestCaseMain.startTestSuite(TestCaseMain.java:185)
	at com.kms.katalon.core.main.TestCaseMain$startTestSuite$0.call(Unknown Source)
	at TempTestSuite1676605511409.run(TempTestSuite1676605511409.groovy:36)
Caused by: org.openqa.selenium.SessionNotCreatedException: session not created: This version of Microsoft Edge WebDriver only supports Microsoft Edge version 107
Current browser version is 110.0.1587.49 with binary path /Applications/Microsoft Edge.app/Contents/MacOS/Microsoft Edge
Build info: version: '3.141.59', revision: 'e82be7d358', time: '2018-11-14T08:25:53'
System info: host: 'Kashifs-MacBook-Pro.local', ip: 'fe80:0:0:0:2a:e350:6cb0:c073%en0', os.name: 'Mac OS X', os.arch: 'x86_64', os.version: '10.16', java.version: '1.8.0_275'
Driver info: driver.version: CEdgeDriver
remote stacktrace: 0   msedgedriver                        0x0000000104b27988 msedgedriver + 4843912
1   msedgedriver                        0x0000000104aa46c3 msedgedriver + 4306627
2   msedgedriver                        0x00000001046f6158 msedgedriver + 446808
3   msedgedriver                        0x000000010472636b msedgedriver + 643947
4   msedgedriver                        0x00000001047216f3 msedgedriver + 624371
5   msedgedriver                        0x000000010471c8eb msedgedriver + 604395
6   msedgedriver                        0x0000000104760eac msedgedriver + 884396
7   msedgedriver                        0x000000010476048c msedgedriver + 881804
8   msedgedriver                        0x0000000104757fd3 msedgedriver + 847827
9   msedgedriver                        0x000000010472900d msedgedriver + 655373
10  msedgedriver                        0x000000010472a641 msedgedriver + 661057
11  msedgedriver                        0x0000000104af3a0e msedgedriver + 4631054
12  msedgedriver                        0x0000000104af7518 msedgedriver + 4646168
13  msedgedriver                        0x0000000104af7cad msedgedriver + 4648109
14  msedgedriver                        0x0000000104aff51f msedgedriver + 4678943
15  msedgedriver                        0x0000000104af839c msedgedriver + 4649884
16  msedgedriver                        0x0000000104ad086d msedgedriver + 4487277
17  msedgedriver                        0x0000000104b19698 msedgedriver + 4785816
18  msedgedriver                        0x0000000104b197b7 msedgedriver + 4786103
19  msedgedriver                        0x0000000104b2f5c7 msedgedriver + 4875719
20  libsystem_pthread.dylib             0x00007ff81076c259 _pthread_start + 125
21  libsystem_pthread.dylib             0x00007ff810767c7b thread_start + 15

	at org.openqa.selenium.remote.W3CHandshakeResponse.lambda$errorHandler$0(W3CHandshakeResponse.java:62)
	at org.openqa.selenium.remote.HandshakeResponse.lambda$getResponseFunction$0(HandshakeResponse.java:30)
	at org.openqa.selenium.remote.ProtocolHandshake.lambda$createSession$0(ProtocolHandshake.java:126)
	at org.openqa.selenium.remote.ProtocolHandshake.createSession(ProtocolHandshake.java:128)
	at org.openqa.selenium.remote.ProtocolHandshake.createSession(ProtocolHandshake.java:74)
	at org.openqa.selenium.remote.HttpCommandExecutor.execute(HttpCommandExecutor.java:136)
	at org.openqa.selenium.remote.service.DriverCommandExecutor.execute(DriverCommandExecutor.java:83)
	at org.openqa.selenium.remote.RemoteWebDriver.execute(RemoteWebDriver.java:552)
	at com.kms.katalon.selenium.driver.CEdgeDriver.execute(CEdgeDriver.java:20)
	at org.openqa.selenium.remote.RemoteWebDriver.startSession(RemoteWebDriver.java:213)
	at org.openqa.selenium.remote.RemoteWebDriver.<init>(RemoteWebDriver.java:131)
	at org.openqa.selenium.edge.EdgeDriver.<init>(EdgeDriver.java:154)
	at com.kms.katalon.selenium.driver.CEdgeDriver.<init>(CEdgeDriver.java:14)
	at com.kms.katalon.core.webui.driver.DriverFactory.createNewEdgeChromiumDriver(DriverFactory.java:670)
	at com.kms.katalon.core.webui.driver.DriverFactory.startNewBrowser(DriverFactory.java:382)
	at com.kms.katalon.core.webui.driver.DriverFactory.openWebDriver(DriverFactory.java:254)
	at com.kms.katalon.core.webui.keyword.builtin.OpenBrowserKeyword$_openBrowser_closure1.doCall(OpenBrowserKeyword.groovy:74)
	at com.kms.katalon.core.webui.keyword.builtin.OpenBrowserKeyword$_openBrowser_closure1.call(OpenBrowserKeyword.groovy)
	at com.kms.katalon.core.webui.keyword.internal.WebUIKeywordMain.runKeyword(WebUIKeywordMain.groovy:20)
	... 22 more]]></system-err>
      </testcase>
      <testcase name="Test Cases/GiS/Compare Scenarios/CS_Three_Budgets_Sidewalk_Stage" time="1.879" classname="Test Cases/GiS/Compare Scenarios/CS_Three_Budgets_Sidewalk_Stage" status="FAILED">
         <failure type="FAILED" message="Test Cases/GiS/Compare Scenarios/CS_Three_Budgets_Sidewalk_Stage FAILED.
Reason:
com.kms.katalon.core.exception.StepFailedException: Unable to open browser with url: 'https://streetlogix-gis-slx4-staging.vercel.app/?config=d1357280059b4237a24c085fa10bd88f&amp;token=eyJhbGciOiJIUzI1NiIsInR5cCI6IkpXVCJ9.eyJpZCI6OTc2LCJuYW1lIjoiU29oYWliIE93bmVyIiwiZXhwIjoxNjc3NzQwMjQ2LCJpYXQiOjE2NzUxNDgyNDZ9.7Jk0OqbeOMcz02Qicc8VqxMPcl4Mc8oJDpBcu1ri16o'
	at com.kms.katalon.core.webui.keyword.internal.WebUIKeywordMain.stepFailed(WebUIKeywordMain.groovy:64)
	at com.kms.katalon.core.webui.keyword.internal.WebUIKeywordMain.runKeyword(WebUIKeywordMain.groovy:26)
	at com.kms.katalon.core.webui.keyword.builtin.OpenBrowserKeyword.openBrowser(OpenBrowserKeyword.groovy:81)
	at com.kms.katalon.core.webui.keyword.builtin.OpenBrowserKeyword.execute(OpenBrowserKeyword.groovy:67)
	at com.kms.katalon.core.keyword.internal.KeywordExecutor.executeKeywordForPlatform(KeywordExecutor.groovy:74)
	at com.kms.katalon.core.webui.keyword.WebUiBuiltInKeywords.openBrowser(WebUiBuiltInKeywords.groovy:64)
	at com.kms.katalon.core.webui.keyword.WebUiBuiltInKeywords$openBrowser.call(Unknown Source)
	at gis_url.test.URL_Stage.redirectURL(URL_Stage.groovy:27)
	at gis_url.test.URL_Stage.invokeMethod(URL_Stage.groovy)
	at com.kms.katalon.core.main.CustomKeywordDelegatingMetaClass.invokeStaticMethod(CustomKeywordDelegatingMetaClass.java:55)
	at CS_Three_Budgets_Sidewalk_Stage.run(CS_Three_Budgets_Sidewalk_Stage:20)
	at com.kms.katalon.core.main.ScriptEngine.run(ScriptEngine.java:194)
	at com.kms.katalon.core.main.ScriptEngine.runScriptAsRawText(ScriptEngine.java:119)
	at com.kms.katalon.core.main.TestCaseExecutor.runScript(TestCaseExecutor.java:448)
	at com.kms.katalon.core.main.TestCaseExecutor.doExecute(TestCaseExecutor.java:439)
	at com.kms.katalon.core.main.TestCaseExecutor.processExecutionPhase(TestCaseExecutor.java:418)
	at com.kms.katalon.core.main.TestCaseExecutor.accessMainPhase(TestCaseExecutor.java:410)
	at com.kms.katalon.core.main.TestCaseExecutor.execute(TestCaseExecutor.java:285)
	at com.kms.katalon.core.common.CommonExecutor.accessTestCaseMainPhase(CommonExecutor.java:65)
	at com.kms.katalon.core.main.TestSuiteExecutor.accessTestSuiteMainPhase(TestSuiteExecutor.java:151)
	at com.kms.katalon.core.main.TestSuiteExecutor.execute(TestSuiteExecutor.java:106)
	at com.kms.katalon.core.main.TestCaseMain.startTestSuite(TestCaseMain.java:185)
	at com.kms.katalon.core.main.TestCaseMain$startTestSuite$0.call(Unknown Source)
	at TempTestSuite1676605511409.run(TempTestSuite1676605511409.groovy:36)
Caused by: org.openqa.selenium.SessionNotCreatedException: session not created: This version of Microsoft Edge WebDriver only supports Microsoft Edge version 107
Current browser version is 110.0.1587.49 with binary path /Applications/Microsoft Edge.app/Contents/MacOS/Microsoft Edge
Build info: version: '3.141.59', revision: 'e82be7d358', time: '2018-11-14T08:25:53'
System info: host: 'Kashifs-MacBook-Pro.local', ip: 'fe80:0:0:0:2a:e350:6cb0:c073%en0', os.name: 'Mac OS X', os.arch: 'x86_64', os.version: '10.16', java.version: '1.8.0_275'
Driver info: driver.version: CEdgeDriver
remote stacktrace: 0   msedgedriver                        0x0000000104b27988 msedgedriver + 4843912
1   msedgedriver                        0x0000000104aa46c3 msedgedriver + 4306627
2   msedgedriver                        0x00000001046f6158 msedgedriver + 446808
3   msedgedriver                        0x000000010472636b msedgedriver + 643947
4   msedgedriver                        0x00000001047216f3 msedgedriver + 624371
5   msedgedriver                        0x000000010471c8eb msedgedriver + 604395
6   msedgedriver                        0x0000000104760eac msedgedriver + 884396
7   msedgedriver                        0x000000010476048c msedgedriver + 881804
8   msedgedriver                        0x0000000104757fd3 msedgedriver + 847827
9   msedgedriver                        0x000000010472900d msedgedriver + 655373
10  msedgedriver                        0x000000010472a641 msedgedriver + 661057
11  msedgedriver                        0x0000000104af3a0e msedgedriver + 4631054
12  msedgedriver                        0x0000000104af7518 msedgedriver + 4646168
13  msedgedriver                        0x0000000104af7cad msedgedriver + 4648109
14  msedgedriver                        0x0000000104aff51f msedgedriver + 4678943
15  msedgedriver                        0x0000000104af839c msedgedriver + 4649884
16  msedgedriver                        0x0000000104ad086d msedgedriver + 4487277
17  msedgedriver                        0x0000000104b19698 msedgedriver + 4785816
18  msedgedriver                        0x0000000104b197b7 msedgedriver + 4786103
19  msedgedriver                        0x0000000104b2f5c7 msedgedriver + 4875719
20  libsystem_pthread.dylib             0x00007ff81076c259 _pthread_start + 125
21  libsystem_pthread.dylib             0x00007ff810767c7b thread_start + 15

	at org.openqa.selenium.remote.W3CHandshakeResponse.lambda$errorHandler$0(W3CHandshakeResponse.java:62)
	at org.openqa.selenium.remote.HandshakeResponse.lambda$getResponseFunction$0(HandshakeResponse.java:30)
	at org.openqa.selenium.remote.ProtocolHandshake.lambda$createSession$0(ProtocolHandshake.java:126)
	at org.openqa.selenium.remote.ProtocolHandshake.createSession(ProtocolHandshake.java:128)
	at org.openqa.selenium.remote.ProtocolHandshake.createSession(ProtocolHandshake.java:74)
	at org.openqa.selenium.remote.HttpCommandExecutor.execute(HttpCommandExecutor.java:136)
	at org.openqa.selenium.remote.service.DriverCommandExecutor.execute(DriverCommandExecutor.java:83)
	at org.openqa.selenium.remote.RemoteWebDriver.execute(RemoteWebDriver.java:552)
	at com.kms.katalon.selenium.driver.CEdgeDriver.execute(CEdgeDriver.java:20)
	at org.openqa.selenium.remote.RemoteWebDriver.startSession(RemoteWebDriver.java:213)
	at org.openqa.selenium.remote.RemoteWebDriver.&lt;init>(RemoteWebDriver.java:131)
	at org.openqa.selenium.edge.EdgeDriver.&lt;init>(EdgeDriver.java:154)
	at com.kms.katalon.selenium.driver.CEdgeDriver.&lt;init>(CEdgeDriver.java:14)
	at com.kms.katalon.core.webui.driver.DriverFactory.createNewEdgeChromiumDriver(DriverFactory.java:670)
	at com.kms.katalon.core.webui.driver.DriverFactory.startNewBrowser(DriverFactory.java:382)
	at com.kms.katalon.core.webui.driver.DriverFactory.openWebDriver(DriverFactory.java:254)
	at com.kms.katalon.core.webui.keyword.builtin.OpenBrowserKeyword$_openBrowser_closure1.doCall(OpenBrowserKeyword.groovy:74)
	at com.kms.katalon.core.webui.keyword.builtin.OpenBrowserKeyword$_openBrowser_closure1.call(OpenBrowserKeyword.groovy)
	at com.kms.katalon.core.webui.keyword.internal.WebUIKeywordMain.runKeyword(WebUIKeywordMain.groovy:20)
	... 22 more
"/>
         <system-out><![CDATA[2023-02-17 08:46:24 - [TEST_CASE][FAILED] - Test Cases/GiS/Compare Scenarios/CS_Three_Budgets_Sidewalk_Stage: Test Cases/GiS/Compare Scenarios/CS_Three_Budgets_Sidewalk_Stage FAILED.
Reason:
com.kms.katalon.core.exception.StepFailedException: Unable to open browser with url: 'https://streetlogix-gis-slx4-staging.vercel.app/?config=d1357280059b4237a24c085fa10bd88f&token=eyJhbGciOiJIUzI1NiIsInR5cCI6IkpXVCJ9.eyJpZCI6OTc2LCJuYW1lIjoiU29oYWliIE93bmVyIiwiZXhwIjoxNjc3NzQwMjQ2LCJpYXQiOjE2NzUxNDgyNDZ9.7Jk0OqbeOMcz02Qicc8VqxMPcl4Mc8oJDpBcu1ri16o'
	at com.kms.katalon.core.webui.keyword.internal.WebUIKeywordMain.stepFailed(WebUIKeywordMain.groovy:64)
	at com.kms.katalon.core.webui.keyword.internal.WebUIKeywordMain.runKeyword(WebUIKeywordMain.groovy:26)
	at com.kms.katalon.core.webui.keyword.builtin.OpenBrowserKeyword.openBrowser(OpenBrowserKeyword.groovy:81)
	at com.kms.katalon.core.webui.keyword.builtin.OpenBrowserKeyword.execute(OpenBrowserKeyword.groovy:67)
	at com.kms.katalon.core.keyword.internal.KeywordExecutor.executeKeywordForPlatform(KeywordExecutor.groovy:74)
	at com.kms.katalon.core.webui.keyword.WebUiBuiltInKeywords.openBrowser(WebUiBuiltInKeywords.groovy:64)
	at com.kms.katalon.core.webui.keyword.WebUiBuiltInKeywords$openBrowser.call(Unknown Source)
	at gis_url.test.URL_Stage.redirectURL(URL_Stage.groovy:27)
	at gis_url.test.URL_Stage.invokeMethod(URL_Stage.groovy)
	at com.kms.katalon.core.main.CustomKeywordDelegatingMetaClass.invokeStaticMethod(CustomKeywordDelegatingMetaClass.java:55)
	at CS_Three_Budgets_Sidewalk_Stage.run(CS_Three_Budgets_Sidewalk_Stage:20)
	at com.kms.katalon.core.main.ScriptEngine.run(ScriptEngine.java:194)
	at com.kms.katalon.core.main.ScriptEngine.runScriptAsRawText(ScriptEngine.java:119)
	at com.kms.katalon.core.main.TestCaseExecutor.runScript(TestCaseExecutor.java:448)
	at com.kms.katalon.core.main.TestCaseExecutor.doExecute(TestCaseExecutor.java:439)
	at com.kms.katalon.core.main.TestCaseExecutor.processExecutionPhase(TestCaseExecutor.java:418)
	at com.kms.katalon.core.main.TestCaseExecutor.accessMainPhase(TestCaseExecutor.java:410)
	at com.kms.katalon.core.main.TestCaseExecutor.execute(TestCaseExecutor.java:285)
	at com.kms.katalon.core.common.CommonExecutor.accessTestCaseMainPhase(CommonExecutor.java:65)
	at com.kms.katalon.core.main.TestSuiteExecutor.accessTestSuiteMainPhase(TestSuiteExecutor.java:151)
	at com.kms.katalon.core.main.TestSuiteExecutor.execute(TestSuiteExecutor.java:106)
	at com.kms.katalon.core.main.TestCaseMain.startTestSuite(TestCaseMain.java:185)
	at com.kms.katalon.core.main.TestCaseMain$startTestSuite$0.call(Unknown Source)
	at TempTestSuite1676605511409.run(TempTestSuite1676605511409.groovy:36)
Caused by: org.openqa.selenium.SessionNotCreatedException: session not created: This version of Microsoft Edge WebDriver only supports Microsoft Edge version 107
Current browser version is 110.0.1587.49 with binary path /Applications/Microsoft Edge.app/Contents/MacOS/Microsoft Edge
Build info: version: '3.141.59', revision: 'e82be7d358', time: '2018-11-14T08:25:53'
System info: host: 'Kashifs-MacBook-Pro.local', ip: 'fe80:0:0:0:2a:e350:6cb0:c073%en0', os.name: 'Mac OS X', os.arch: 'x86_64', os.version: '10.16', java.version: '1.8.0_275'
Driver info: driver.version: CEdgeDriver
remote stacktrace: 0   msedgedriver                        0x0000000104b27988 msedgedriver + 4843912
1   msedgedriver                        0x0000000104aa46c3 msedgedriver + 4306627
2   msedgedriver                        0x00000001046f6158 msedgedriver + 446808
3   msedgedriver                        0x000000010472636b msedgedriver + 643947
4   msedgedriver                        0x00000001047216f3 msedgedriver + 624371
5   msedgedriver                        0x000000010471c8eb msedgedriver + 604395
6   msedgedriver                        0x0000000104760eac msedgedriver + 884396
7   msedgedriver                        0x000000010476048c msedgedriver + 881804
8   msedgedriver                        0x0000000104757fd3 msedgedriver + 847827
9   msedgedriver                        0x000000010472900d msedgedriver + 655373
10  msedgedriver                        0x000000010472a641 msedgedriver + 661057
11  msedgedriver                        0x0000000104af3a0e msedgedriver + 4631054
12  msedgedriver                        0x0000000104af7518 msedgedriver + 4646168
13  msedgedriver                        0x0000000104af7cad msedgedriver + 4648109
14  msedgedriver                        0x0000000104aff51f msedgedriver + 4678943
15  msedgedriver                        0x0000000104af839c msedgedriver + 4649884
16  msedgedriver                        0x0000000104ad086d msedgedriver + 4487277
17  msedgedriver                        0x0000000104b19698 msedgedriver + 4785816
18  msedgedriver                        0x0000000104b197b7 msedgedriver + 4786103
19  msedgedriver                        0x0000000104b2f5c7 msedgedriver + 4875719
20  libsystem_pthread.dylib             0x00007ff81076c259 _pthread_start + 125
21  libsystem_pthread.dylib             0x00007ff810767c7b thread_start + 15

	at org.openqa.selenium.remote.W3CHandshakeResponse.lambda$errorHandler$0(W3CHandshakeResponse.java:62)
	at org.openqa.selenium.remote.HandshakeResponse.lambda$getResponseFunction$0(HandshakeResponse.java:30)
	at org.openqa.selenium.remote.ProtocolHandshake.lambda$createSession$0(ProtocolHandshake.java:126)
	at org.openqa.selenium.remote.ProtocolHandshake.createSession(ProtocolHandshake.java:128)
	at org.openqa.selenium.remote.ProtocolHandshake.createSession(ProtocolHandshake.java:74)
	at org.openqa.selenium.remote.HttpCommandExecutor.execute(HttpCommandExecutor.java:136)
	at org.openqa.selenium.remote.service.DriverCommandExecutor.execute(DriverCommandExecutor.java:83)
	at org.openqa.selenium.remote.RemoteWebDriver.execute(RemoteWebDriver.java:552)
	at com.kms.katalon.selenium.driver.CEdgeDriver.execute(CEdgeDriver.java:20)
	at org.openqa.selenium.remote.RemoteWebDriver.startSession(RemoteWebDriver.java:213)
	at org.openqa.selenium.remote.RemoteWebDriver.<init>(RemoteWebDriver.java:131)
	at org.openqa.selenium.edge.EdgeDriver.<init>(EdgeDriver.java:154)
	at com.kms.katalon.selenium.driver.CEdgeDriver.<init>(CEdgeDriver.java:14)
	at com.kms.katalon.core.webui.driver.DriverFactory.createNewEdgeChromiumDriver(DriverFactory.java:670)
	at com.kms.katalon.core.webui.driver.DriverFactory.startNewBrowser(DriverFactory.java:382)
	at com.kms.katalon.core.webui.driver.DriverFactory.openWebDriver(DriverFactory.java:254)
	at com.kms.katalon.core.webui.keyword.builtin.OpenBrowserKeyword$_openBrowser_closure1.doCall(OpenBrowserKeyword.groovy:74)
	at com.kms.katalon.core.webui.keyword.builtin.OpenBrowserKeyword$_openBrowser_closure1.call(OpenBrowserKeyword.groovy)
	at com.kms.katalon.core.webui.keyword.internal.WebUIKeywordMain.runKeyword(WebUIKeywordMain.groovy:20)
	... 22 more


2023-02-17 08:46:24 - [TEST_STEP][FAILED] - gis_url.test.URL_Stage.redirectURL(): Unable to open browser with url: 'https://streetlogix-gis-slx4-staging.vercel.app/?config=d1357280059b4237a24c085fa10bd88f&token=eyJhbGciOiJIUzI1NiIsInR5cCI6IkpXVCJ9.eyJpZCI6OTc2LCJuYW1lIjoiU29oYWliIE93bmVyIiwiZXhwIjoxNjc3NzQwMjQ2LCJpYXQiOjE2NzUxNDgyNDZ9.7Jk0OqbeOMcz02Qicc8VqxMPcl4Mc8oJDpBcu1ri16o'

2023-02-17 08:46:24 - [MESSAGE][INFO] - Starting 'Edge Chromium' driver

2023-02-17 08:46:24 - [MESSAGE][INFO] - Action delay is set to 0 milliseconds

2023-02-17 08:46:26 - [MESSAGE][FAILED] - Unable to open browser with url: 'https://streetlogix-gis-slx4-staging.vercel.app/?config=d1357280059b4237a24c085fa10bd88f&token=eyJhbGciOiJIUzI1NiIsInR5cCI6IkpXVCJ9.eyJpZCI6OTc2LCJuYW1lIjoiU29oYWliIE93bmVyIiwiZXhwIjoxNjc3NzQwMjQ2LCJpYXQiOjE2NzUxNDgyNDZ9.7Jk0OqbeOMcz02Qicc8VqxMPcl4Mc8oJDpBcu1ri16o' (Root cause: com.kms.katalon.core.exception.StepFailedException: Unable to open browser with url: 'https://streetlogix-gis-slx4-staging.vercel.app/?config=d1357280059b4237a24c085fa10bd88f&token=eyJhbGciOiJIUzI1NiIsInR5cCI6IkpXVCJ9.eyJpZCI6OTc2LCJuYW1lIjoiU29oYWliIE93bmVyIiwiZXhwIjoxNjc3NzQwMjQ2LCJpYXQiOjE2NzUxNDgyNDZ9.7Jk0OqbeOMcz02Qicc8VqxMPcl4Mc8oJDpBcu1ri16o'
	at com.kms.katalon.core.webui.keyword.internal.WebUIKeywordMain.stepFailed(WebUIKeywordMain.groovy:64)
	at com.kms.katalon.core.webui.keyword.internal.WebUIKeywordMain.runKeyword(WebUIKeywordMain.groovy:26)
	at com.kms.katalon.core.webui.keyword.builtin.OpenBrowserKeyword.openBrowser(OpenBrowserKeyword.groovy:81)
	at com.kms.katalon.core.webui.keyword.builtin.OpenBrowserKeyword.execute(OpenBrowserKeyword.groovy:67)
	at com.kms.katalon.core.keyword.internal.KeywordExecutor.executeKeywordForPlatform(KeywordExecutor.groovy:74)
	at com.kms.katalon.core.webui.keyword.WebUiBuiltInKeywords.openBrowser(WebUiBuiltInKeywords.groovy:64)
	at com.kms.katalon.core.webui.keyword.WebUiBuiltInKeywords$openBrowser.call(Unknown Source)
	at gis_url.test.URL_Stage.redirectURL(URL_Stage.groovy:27)
	at gis_url.test.URL_Stage.invokeMethod(URL_Stage.groovy)
	at com.kms.katalon.core.main.CustomKeywordDelegatingMetaClass.invokeStaticMethod(CustomKeywordDelegatingMetaClass.java:55)
	at CS_Three_Budgets_Sidewalk_Stage.run(CS_Three_Budgets_Sidewalk_Stage:20)
	at com.kms.katalon.core.main.ScriptEngine.run(ScriptEngine.java:194)
	at com.kms.katalon.core.main.ScriptEngine.runScriptAsRawText(ScriptEngine.java:119)
	at com.kms.katalon.core.main.TestCaseExecutor.runScript(TestCaseExecutor.java:448)
	at com.kms.katalon.core.main.TestCaseExecutor.doExecute(TestCaseExecutor.java:439)
	at com.kms.katalon.core.main.TestCaseExecutor.processExecutionPhase(TestCaseExecutor.java:418)
	at com.kms.katalon.core.main.TestCaseExecutor.accessMainPhase(TestCaseExecutor.java:410)
	at com.kms.katalon.core.main.TestCaseExecutor.execute(TestCaseExecutor.java:285)
	at com.kms.katalon.core.common.CommonExecutor.accessTestCaseMainPhase(CommonExecutor.java:65)
	at com.kms.katalon.core.main.TestSuiteExecutor.accessTestSuiteMainPhase(TestSuiteExecutor.java:151)
	at com.kms.katalon.core.main.TestSuiteExecutor.execute(TestSuiteExecutor.java:106)
	at com.kms.katalon.core.main.TestCaseMain.startTestSuite(TestCaseMain.java:185)
	at com.kms.katalon.core.main.TestCaseMain$startTestSuite$0.call(Unknown Source)
	at TempTestSuite1676605511409.run(TempTestSuite1676605511409.groovy:36)
Caused by: org.openqa.selenium.SessionNotCreatedException: session not created: This version of Microsoft Edge WebDriver only supports Microsoft Edge version 107
Current browser version is 110.0.1587.49 with binary path /Applications/Microsoft Edge.app/Contents/MacOS/Microsoft Edge
Build info: version: '3.141.59', revision: 'e82be7d358', time: '2018-11-14T08:25:53'
System info: host: 'Kashifs-MacBook-Pro.local', ip: 'fe80:0:0:0:2a:e350:6cb0:c073%en0', os.name: 'Mac OS X', os.arch: 'x86_64', os.version: '10.16', java.version: '1.8.0_275'
Driver info: driver.version: CEdgeDriver
remote stacktrace: 0   msedgedriver                        0x0000000104b27988 msedgedriver + 4843912
1   msedgedriver                        0x0000000104aa46c3 msedgedriver + 4306627
2   msedgedriver                        0x00000001046f6158 msedgedriver + 446808
3   msedgedriver                        0x000000010472636b msedgedriver + 643947
4   msedgedriver                        0x00000001047216f3 msedgedriver + 624371
5   msedgedriver                        0x000000010471c8eb msedgedriver + 604395
6   msedgedriver                        0x0000000104760eac msedgedriver + 884396
7   msedgedriver                        0x000000010476048c msedgedriver + 881804
8   msedgedriver                        0x0000000104757fd3 msedgedriver + 847827
9   msedgedriver                        0x000000010472900d msedgedriver + 655373
10  msedgedriver                        0x000000010472a641 msedgedriver + 661057
11  msedgedriver                        0x0000000104af3a0e msedgedriver + 4631054
12  msedgedriver                        0x0000000104af7518 msedgedriver + 4646168
13  msedgedriver                        0x0000000104af7cad msedgedriver + 4648109
14  msedgedriver                        0x0000000104aff51f msedgedriver + 4678943
15  msedgedriver                        0x0000000104af839c msedgedriver + 4649884
16  msedgedriver                        0x0000000104ad086d msedgedriver + 4487277
17  msedgedriver                        0x0000000104b19698 msedgedriver + 4785816
18  msedgedriver                        0x0000000104b197b7 msedgedriver + 4786103
19  msedgedriver                        0x0000000104b2f5c7 msedgedriver + 4875719
20  libsystem_pthread.dylib             0x00007ff81076c259 _pthread_start + 125
21  libsystem_pthread.dylib             0x00007ff810767c7b thread_start + 15

	at org.openqa.selenium.remote.W3CHandshakeResponse.lambda$errorHandler$0(W3CHandshakeResponse.java:62)
	at org.openqa.selenium.remote.HandshakeResponse.lambda$getResponseFunction$0(HandshakeResponse.java:30)
	at org.openqa.selenium.remote.ProtocolHandshake.lambda$createSession$0(ProtocolHandshake.java:126)
	at org.openqa.selenium.remote.ProtocolHandshake.createSession(ProtocolHandshake.java:128)
	at org.openqa.selenium.remote.ProtocolHandshake.createSession(ProtocolHandshake.java:74)
	at org.openqa.selenium.remote.HttpCommandExecutor.execute(HttpCommandExecutor.java:136)
	at org.openqa.selenium.remote.service.DriverCommandExecutor.execute(DriverCommandExecutor.java:83)
	at org.openqa.selenium.remote.RemoteWebDriver.execute(RemoteWebDriver.java:552)
	at com.kms.katalon.selenium.driver.CEdgeDriver.execute(CEdgeDriver.java:20)
	at org.openqa.selenium.remote.RemoteWebDriver.startSession(RemoteWebDriver.java:213)
	at org.openqa.selenium.remote.RemoteWebDriver.<init>(RemoteWebDriver.java:131)
	at org.openqa.selenium.edge.EdgeDriver.<init>(EdgeDriver.java:154)
	at com.kms.katalon.selenium.driver.CEdgeDriver.<init>(CEdgeDriver.java:14)
	at com.kms.katalon.core.webui.driver.DriverFactory.createNewEdgeChromiumDriver(DriverFactory.java:670)
	at com.kms.katalon.core.webui.driver.DriverFactory.startNewBrowser(DriverFactory.java:382)
	at com.kms.katalon.core.webui.driver.DriverFactory.openWebDriver(DriverFactory.java:254)
	at com.kms.katalon.core.webui.keyword.builtin.OpenBrowserKeyword$_openBrowser_closure1.doCall(OpenBrowserKeyword.groovy:74)
	at com.kms.katalon.core.webui.keyword.builtin.OpenBrowserKeyword$_openBrowser_closure1.call(OpenBrowserKeyword.groovy)
	at com.kms.katalon.core.webui.keyword.internal.WebUIKeywordMain.runKeyword(WebUIKeywordMain.groovy:20)
	at com.kms.katalon.core.webui.keyword.builtin.OpenBrowserKeyword.openBrowser(OpenBrowserKeyword.groovy:81)
	at com.kms.katalon.core.webui.keyword.builtin.OpenBrowserKeyword.execute(OpenBrowserKeyword.groovy:67)
	at com.kms.katalon.core.keyword.internal.KeywordExecutor.executeKeywordForPlatform(KeywordExecutor.groovy:74)
	at com.kms.katalon.core.webui.keyword.WebUiBuiltInKeywords.openBrowser(WebUiBuiltInKeywords.groovy:64)
	at com.kms.katalon.core.webui.keyword.WebUiBuiltInKeywords$openBrowser.call(Unknown Source)
	at gis_url.test.URL_Stage.redirectURL(URL_Stage.groovy:27)
	at gis_url.test.URL_Stage.invokeMethod(URL_Stage.groovy)
	at com.kms.katalon.core.main.CustomKeywordDelegatingMetaClass.invokeStaticMethod(CustomKeywordDelegatingMetaClass.java:55)
	at Script1676605151689.run(Script1676605151689.groovy:20)
	... 13 more
)

2023-02-17 08:46:26 - [MESSAGE][FAILED] - Unable to open browser with url: 'https://streetlogix-gis-slx4-staging.vercel.app/?config=d1357280059b4237a24c085fa10bd88f&token=eyJhbGciOiJIUzI1NiIsInR5cCI6IkpXVCJ9.eyJpZCI6OTc2LCJuYW1lIjoiU29oYWliIE93bmVyIiwiZXhwIjoxNjc3NzQwMjQ2LCJpYXQiOjE2NzUxNDgyNDZ9.7Jk0OqbeOMcz02Qicc8VqxMPcl4Mc8oJDpBcu1ri16o']]></system-out>
         <system-err><![CDATA[2023-02-17 08:46:24 - [TEST_CASE][FAILED] - Test Cases/GiS/Compare Scenarios/CS_Three_Budgets_Sidewalk_Stage: Test Cases/GiS/Compare Scenarios/CS_Three_Budgets_Sidewalk_Stage FAILED.
Reason:
com.kms.katalon.core.exception.StepFailedException: Unable to open browser with url: 'https://streetlogix-gis-slx4-staging.vercel.app/?config=d1357280059b4237a24c085fa10bd88f&token=eyJhbGciOiJIUzI1NiIsInR5cCI6IkpXVCJ9.eyJpZCI6OTc2LCJuYW1lIjoiU29oYWliIE93bmVyIiwiZXhwIjoxNjc3NzQwMjQ2LCJpYXQiOjE2NzUxNDgyNDZ9.7Jk0OqbeOMcz02Qicc8VqxMPcl4Mc8oJDpBcu1ri16o'
	at com.kms.katalon.core.webui.keyword.internal.WebUIKeywordMain.stepFailed(WebUIKeywordMain.groovy:64)
	at com.kms.katalon.core.webui.keyword.internal.WebUIKeywordMain.runKeyword(WebUIKeywordMain.groovy:26)
	at com.kms.katalon.core.webui.keyword.builtin.OpenBrowserKeyword.openBrowser(OpenBrowserKeyword.groovy:81)
	at com.kms.katalon.core.webui.keyword.builtin.OpenBrowserKeyword.execute(OpenBrowserKeyword.groovy:67)
	at com.kms.katalon.core.keyword.internal.KeywordExecutor.executeKeywordForPlatform(KeywordExecutor.groovy:74)
	at com.kms.katalon.core.webui.keyword.WebUiBuiltInKeywords.openBrowser(WebUiBuiltInKeywords.groovy:64)
	at com.kms.katalon.core.webui.keyword.WebUiBuiltInKeywords$openBrowser.call(Unknown Source)
	at gis_url.test.URL_Stage.redirectURL(URL_Stage.groovy:27)
	at gis_url.test.URL_Stage.invokeMethod(URL_Stage.groovy)
	at com.kms.katalon.core.main.CustomKeywordDelegatingMetaClass.invokeStaticMethod(CustomKeywordDelegatingMetaClass.java:55)
	at CS_Three_Budgets_Sidewalk_Stage.run(CS_Three_Budgets_Sidewalk_Stage:20)
	at com.kms.katalon.core.main.ScriptEngine.run(ScriptEngine.java:194)
	at com.kms.katalon.core.main.ScriptEngine.runScriptAsRawText(ScriptEngine.java:119)
	at com.kms.katalon.core.main.TestCaseExecutor.runScript(TestCaseExecutor.java:448)
	at com.kms.katalon.core.main.TestCaseExecutor.doExecute(TestCaseExecutor.java:439)
	at com.kms.katalon.core.main.TestCaseExecutor.processExecutionPhase(TestCaseExecutor.java:418)
	at com.kms.katalon.core.main.TestCaseExecutor.accessMainPhase(TestCaseExecutor.java:410)
	at com.kms.katalon.core.main.TestCaseExecutor.execute(TestCaseExecutor.java:285)
	at com.kms.katalon.core.common.CommonExecutor.accessTestCaseMainPhase(CommonExecutor.java:65)
	at com.kms.katalon.core.main.TestSuiteExecutor.accessTestSuiteMainPhase(TestSuiteExecutor.java:151)
	at com.kms.katalon.core.main.TestSuiteExecutor.execute(TestSuiteExecutor.java:106)
	at com.kms.katalon.core.main.TestCaseMain.startTestSuite(TestCaseMain.java:185)
	at com.kms.katalon.core.main.TestCaseMain$startTestSuite$0.call(Unknown Source)
	at TempTestSuite1676605511409.run(TempTestSuite1676605511409.groovy:36)
Caused by: org.openqa.selenium.SessionNotCreatedException: session not created: This version of Microsoft Edge WebDriver only supports Microsoft Edge version 107
Current browser version is 110.0.1587.49 with binary path /Applications/Microsoft Edge.app/Contents/MacOS/Microsoft Edge
Build info: version: '3.141.59', revision: 'e82be7d358', time: '2018-11-14T08:25:53'
System info: host: 'Kashifs-MacBook-Pro.local', ip: 'fe80:0:0:0:2a:e350:6cb0:c073%en0', os.name: 'Mac OS X', os.arch: 'x86_64', os.version: '10.16', java.version: '1.8.0_275'
Driver info: driver.version: CEdgeDriver
remote stacktrace: 0   msedgedriver                        0x0000000104b27988 msedgedriver + 4843912
1   msedgedriver                        0x0000000104aa46c3 msedgedriver + 4306627
2   msedgedriver                        0x00000001046f6158 msedgedriver + 446808
3   msedgedriver                        0x000000010472636b msedgedriver + 643947
4   msedgedriver                        0x00000001047216f3 msedgedriver + 624371
5   msedgedriver                        0x000000010471c8eb msedgedriver + 604395
6   msedgedriver                        0x0000000104760eac msedgedriver + 884396
7   msedgedriver                        0x000000010476048c msedgedriver + 881804
8   msedgedriver                        0x0000000104757fd3 msedgedriver + 847827
9   msedgedriver                        0x000000010472900d msedgedriver + 655373
10  msedgedriver                        0x000000010472a641 msedgedriver + 661057
11  msedgedriver                        0x0000000104af3a0e msedgedriver + 4631054
12  msedgedriver                        0x0000000104af7518 msedgedriver + 4646168
13  msedgedriver                        0x0000000104af7cad msedgedriver + 4648109
14  msedgedriver                        0x0000000104aff51f msedgedriver + 4678943
15  msedgedriver                        0x0000000104af839c msedgedriver + 4649884
16  msedgedriver                        0x0000000104ad086d msedgedriver + 4487277
17  msedgedriver                        0x0000000104b19698 msedgedriver + 4785816
18  msedgedriver                        0x0000000104b197b7 msedgedriver + 4786103
19  msedgedriver                        0x0000000104b2f5c7 msedgedriver + 4875719
20  libsystem_pthread.dylib             0x00007ff81076c259 _pthread_start + 125
21  libsystem_pthread.dylib             0x00007ff810767c7b thread_start + 15

	at org.openqa.selenium.remote.W3CHandshakeResponse.lambda$errorHandler$0(W3CHandshakeResponse.java:62)
	at org.openqa.selenium.remote.HandshakeResponse.lambda$getResponseFunction$0(HandshakeResponse.java:30)
	at org.openqa.selenium.remote.ProtocolHandshake.lambda$createSession$0(ProtocolHandshake.java:126)
	at org.openqa.selenium.remote.ProtocolHandshake.createSession(ProtocolHandshake.java:128)
	at org.openqa.selenium.remote.ProtocolHandshake.createSession(ProtocolHandshake.java:74)
	at org.openqa.selenium.remote.HttpCommandExecutor.execute(HttpCommandExecutor.java:136)
	at org.openqa.selenium.remote.service.DriverCommandExecutor.execute(DriverCommandExecutor.java:83)
	at org.openqa.selenium.remote.RemoteWebDriver.execute(RemoteWebDriver.java:552)
	at com.kms.katalon.selenium.driver.CEdgeDriver.execute(CEdgeDriver.java:20)
	at org.openqa.selenium.remote.RemoteWebDriver.startSession(RemoteWebDriver.java:213)
	at org.openqa.selenium.remote.RemoteWebDriver.<init>(RemoteWebDriver.java:131)
	at org.openqa.selenium.edge.EdgeDriver.<init>(EdgeDriver.java:154)
	at com.kms.katalon.selenium.driver.CEdgeDriver.<init>(CEdgeDriver.java:14)
	at com.kms.katalon.core.webui.driver.DriverFactory.createNewEdgeChromiumDriver(DriverFactory.java:670)
	at com.kms.katalon.core.webui.driver.DriverFactory.startNewBrowser(DriverFactory.java:382)
	at com.kms.katalon.core.webui.driver.DriverFactory.openWebDriver(DriverFactory.java:254)
	at com.kms.katalon.core.webui.keyword.builtin.OpenBrowserKeyword$_openBrowser_closure1.doCall(OpenBrowserKeyword.groovy:74)
	at com.kms.katalon.core.webui.keyword.builtin.OpenBrowserKeyword$_openBrowser_closure1.call(OpenBrowserKeyword.groovy)
	at com.kms.katalon.core.webui.keyword.internal.WebUIKeywordMain.runKeyword(WebUIKeywordMain.groovy:20)
	... 22 more]]></system-err>
      </testcase>
      <testcase name="Test Cases/GiS/Compare Scenarios/CS_Three_Budgets" time="1.978" classname="Test Cases/GiS/Compare Scenarios/CS_Three_Budgets" status="FAILED">
         <failure type="FAILED" message="Test Cases/GiS/Compare Scenarios/CS_Three_Budgets FAILED.
Reason:
com.kms.katalon.core.exception.StepFailedException: Unable to open browser with url: ''
	at com.kms.katalon.core.webui.keyword.internal.WebUIKeywordMain.stepFailed(WebUIKeywordMain.groovy:64)
	at com.kms.katalon.core.webui.keyword.internal.WebUIKeywordMain.runKeyword(WebUIKeywordMain.groovy:26)
	at com.kms.katalon.core.webui.keyword.builtin.OpenBrowserKeyword.openBrowser(OpenBrowserKeyword.groovy:81)
	at com.kms.katalon.core.webui.keyword.builtin.OpenBrowserKeyword.execute(OpenBrowserKeyword.groovy:67)
	at com.kms.katalon.core.keyword.internal.KeywordExecutor.executeKeywordForPlatform(KeywordExecutor.groovy:74)
	at com.kms.katalon.core.webui.keyword.WebUiBuiltInKeywords.openBrowser(WebUiBuiltInKeywords.groovy:64)
	at com.kms.katalon.core.webui.keyword.WebUiBuiltInKeywords$openBrowser.call(Unknown Source)
	at CS_Three_Budgets.run(CS_Three_Budgets:20)
	at com.kms.katalon.core.main.ScriptEngine.run(ScriptEngine.java:194)
	at com.kms.katalon.core.main.ScriptEngine.runScriptAsRawText(ScriptEngine.java:119)
	at com.kms.katalon.core.main.TestCaseExecutor.runScript(TestCaseExecutor.java:448)
	at com.kms.katalon.core.main.TestCaseExecutor.doExecute(TestCaseExecutor.java:439)
	at com.kms.katalon.core.main.TestCaseExecutor.processExecutionPhase(TestCaseExecutor.java:418)
	at com.kms.katalon.core.main.TestCaseExecutor.accessMainPhase(TestCaseExecutor.java:410)
	at com.kms.katalon.core.main.TestCaseExecutor.execute(TestCaseExecutor.java:285)
	at com.kms.katalon.core.common.CommonExecutor.accessTestCaseMainPhase(CommonExecutor.java:65)
	at com.kms.katalon.core.main.TestSuiteExecutor.accessTestSuiteMainPhase(TestSuiteExecutor.java:151)
	at com.kms.katalon.core.main.TestSuiteExecutor.execute(TestSuiteExecutor.java:106)
	at com.kms.katalon.core.main.TestCaseMain.startTestSuite(TestCaseMain.java:185)
	at com.kms.katalon.core.main.TestCaseMain$startTestSuite$0.call(Unknown Source)
	at TempTestSuite1676605511409.run(TempTestSuite1676605511409.groovy:36)
Caused by: org.openqa.selenium.SessionNotCreatedException: session not created: This version of Microsoft Edge WebDriver only supports Microsoft Edge version 107
Current browser version is 110.0.1587.49 with binary path /Applications/Microsoft Edge.app/Contents/MacOS/Microsoft Edge
Build info: version: '3.141.59', revision: 'e82be7d358', time: '2018-11-14T08:25:53'
System info: host: 'Kashifs-MacBook-Pro.local', ip: 'fe80:0:0:0:2a:e350:6cb0:c073%en0', os.name: 'Mac OS X', os.arch: 'x86_64', os.version: '10.16', java.version: '1.8.0_275'
Driver info: driver.version: CEdgeDriver
remote stacktrace: 0   msedgedriver                        0x0000000104b27988 msedgedriver + 4843912
1   msedgedriver                        0x0000000104aa46c3 msedgedriver + 4306627
2   msedgedriver                        0x00000001046f6158 msedgedriver + 446808
3   msedgedriver                        0x000000010472636b msedgedriver + 643947
4   msedgedriver                        0x00000001047216f3 msedgedriver + 624371
5   msedgedriver                        0x000000010471c8eb msedgedriver + 604395
6   msedgedriver                        0x0000000104760eac msedgedriver + 884396
7   msedgedriver                        0x000000010476048c msedgedriver + 881804
8   msedgedriver                        0x0000000104757fd3 msedgedriver + 847827
9   msedgedriver                        0x000000010472900d msedgedriver + 655373
10  msedgedriver                        0x000000010472a641 msedgedriver + 661057
11  msedgedriver                        0x0000000104af3a0e msedgedriver + 4631054
12  msedgedriver                        0x0000000104af7518 msedgedriver + 4646168
13  msedgedriver                        0x0000000104af7cad msedgedriver + 4648109
14  msedgedriver                        0x0000000104aff51f msedgedriver + 4678943
15  msedgedriver                        0x0000000104af839c msedgedriver + 4649884
16  msedgedriver                        0x0000000104ad086d msedgedriver + 4487277
17  msedgedriver                        0x0000000104b19698 msedgedriver + 4785816
18  msedgedriver                        0x0000000104b197b7 msedgedriver + 4786103
19  msedgedriver                        0x0000000104b2f5c7 msedgedriver + 4875719
20  libsystem_pthread.dylib             0x00007ff81076c259 _pthread_start + 125
21  libsystem_pthread.dylib             0x00007ff810767c7b thread_start + 15

	at org.openqa.selenium.remote.W3CHandshakeResponse.lambda$errorHandler$0(W3CHandshakeResponse.java:62)
	at org.openqa.selenium.remote.HandshakeResponse.lambda$getResponseFunction$0(HandshakeResponse.java:30)
	at org.openqa.selenium.remote.ProtocolHandshake.lambda$createSession$0(ProtocolHandshake.java:126)
	at org.openqa.selenium.remote.ProtocolHandshake.createSession(ProtocolHandshake.java:128)
	at org.openqa.selenium.remote.ProtocolHandshake.createSession(ProtocolHandshake.java:74)
	at org.openqa.selenium.remote.HttpCommandExecutor.execute(HttpCommandExecutor.java:136)
	at org.openqa.selenium.remote.service.DriverCommandExecutor.execute(DriverCommandExecutor.java:83)
	at org.openqa.selenium.remote.RemoteWebDriver.execute(RemoteWebDriver.java:552)
	at com.kms.katalon.selenium.driver.CEdgeDriver.execute(CEdgeDriver.java:20)
	at org.openqa.selenium.remote.RemoteWebDriver.startSession(RemoteWebDriver.java:213)
	at org.openqa.selenium.remote.RemoteWebDriver.&lt;init>(RemoteWebDriver.java:131)
	at org.openqa.selenium.edge.EdgeDriver.&lt;init>(EdgeDriver.java:154)
	at com.kms.katalon.selenium.driver.CEdgeDriver.&lt;init>(CEdgeDriver.java:14)
	at com.kms.katalon.core.webui.driver.DriverFactory.createNewEdgeChromiumDriver(DriverFactory.java:670)
	at com.kms.katalon.core.webui.driver.DriverFactory.startNewBrowser(DriverFactory.java:382)
	at com.kms.katalon.core.webui.driver.DriverFactory.openWebDriver(DriverFactory.java:254)
	at com.kms.katalon.core.webui.keyword.builtin.OpenBrowserKeyword$_openBrowser_closure1.doCall(OpenBrowserKeyword.groovy:74)
	at com.kms.katalon.core.webui.keyword.builtin.OpenBrowserKeyword$_openBrowser_closure1.call(OpenBrowserKeyword.groovy)
	at com.kms.katalon.core.webui.keyword.internal.WebUIKeywordMain.runKeyword(WebUIKeywordMain.groovy:20)
	... 19 more
"/>
         <system-out><![CDATA[2023-02-17 08:46:26 - [TEST_CASE][FAILED] - Test Cases/GiS/Compare Scenarios/CS_Three_Budgets: Test Cases/GiS/Compare Scenarios/CS_Three_Budgets FAILED.
Reason:
com.kms.katalon.core.exception.StepFailedException: Unable to open browser with url: ''
	at com.kms.katalon.core.webui.keyword.internal.WebUIKeywordMain.stepFailed(WebUIKeywordMain.groovy:64)
	at com.kms.katalon.core.webui.keyword.internal.WebUIKeywordMain.runKeyword(WebUIKeywordMain.groovy:26)
	at com.kms.katalon.core.webui.keyword.builtin.OpenBrowserKeyword.openBrowser(OpenBrowserKeyword.groovy:81)
	at com.kms.katalon.core.webui.keyword.builtin.OpenBrowserKeyword.execute(OpenBrowserKeyword.groovy:67)
	at com.kms.katalon.core.keyword.internal.KeywordExecutor.executeKeywordForPlatform(KeywordExecutor.groovy:74)
	at com.kms.katalon.core.webui.keyword.WebUiBuiltInKeywords.openBrowser(WebUiBuiltInKeywords.groovy:64)
	at com.kms.katalon.core.webui.keyword.WebUiBuiltInKeywords$openBrowser.call(Unknown Source)
	at CS_Three_Budgets.run(CS_Three_Budgets:20)
	at com.kms.katalon.core.main.ScriptEngine.run(ScriptEngine.java:194)
	at com.kms.katalon.core.main.ScriptEngine.runScriptAsRawText(ScriptEngine.java:119)
	at com.kms.katalon.core.main.TestCaseExecutor.runScript(TestCaseExecutor.java:448)
	at com.kms.katalon.core.main.TestCaseExecutor.doExecute(TestCaseExecutor.java:439)
	at com.kms.katalon.core.main.TestCaseExecutor.processExecutionPhase(TestCaseExecutor.java:418)
	at com.kms.katalon.core.main.TestCaseExecutor.accessMainPhase(TestCaseExecutor.java:410)
	at com.kms.katalon.core.main.TestCaseExecutor.execute(TestCaseExecutor.java:285)
	at com.kms.katalon.core.common.CommonExecutor.accessTestCaseMainPhase(CommonExecutor.java:65)
	at com.kms.katalon.core.main.TestSuiteExecutor.accessTestSuiteMainPhase(TestSuiteExecutor.java:151)
	at com.kms.katalon.core.main.TestSuiteExecutor.execute(TestSuiteExecutor.java:106)
	at com.kms.katalon.core.main.TestCaseMain.startTestSuite(TestCaseMain.java:185)
	at com.kms.katalon.core.main.TestCaseMain$startTestSuite$0.call(Unknown Source)
	at TempTestSuite1676605511409.run(TempTestSuite1676605511409.groovy:36)
Caused by: org.openqa.selenium.SessionNotCreatedException: session not created: This version of Microsoft Edge WebDriver only supports Microsoft Edge version 107
Current browser version is 110.0.1587.49 with binary path /Applications/Microsoft Edge.app/Contents/MacOS/Microsoft Edge
Build info: version: '3.141.59', revision: 'e82be7d358', time: '2018-11-14T08:25:53'
System info: host: 'Kashifs-MacBook-Pro.local', ip: 'fe80:0:0:0:2a:e350:6cb0:c073%en0', os.name: 'Mac OS X', os.arch: 'x86_64', os.version: '10.16', java.version: '1.8.0_275'
Driver info: driver.version: CEdgeDriver
remote stacktrace: 0   msedgedriver                        0x0000000104b27988 msedgedriver + 4843912
1   msedgedriver                        0x0000000104aa46c3 msedgedriver + 4306627
2   msedgedriver                        0x00000001046f6158 msedgedriver + 446808
3   msedgedriver                        0x000000010472636b msedgedriver + 643947
4   msedgedriver                        0x00000001047216f3 msedgedriver + 624371
5   msedgedriver                        0x000000010471c8eb msedgedriver + 604395
6   msedgedriver                        0x0000000104760eac msedgedriver + 884396
7   msedgedriver                        0x000000010476048c msedgedriver + 881804
8   msedgedriver                        0x0000000104757fd3 msedgedriver + 847827
9   msedgedriver                        0x000000010472900d msedgedriver + 655373
10  msedgedriver                        0x000000010472a641 msedgedriver + 661057
11  msedgedriver                        0x0000000104af3a0e msedgedriver + 4631054
12  msedgedriver                        0x0000000104af7518 msedgedriver + 4646168
13  msedgedriver                        0x0000000104af7cad msedgedriver + 4648109
14  msedgedriver                        0x0000000104aff51f msedgedriver + 4678943
15  msedgedriver                        0x0000000104af839c msedgedriver + 4649884
16  msedgedriver                        0x0000000104ad086d msedgedriver + 4487277
17  msedgedriver                        0x0000000104b19698 msedgedriver + 4785816
18  msedgedriver                        0x0000000104b197b7 msedgedriver + 4786103
19  msedgedriver                        0x0000000104b2f5c7 msedgedriver + 4875719
20  libsystem_pthread.dylib             0x00007ff81076c259 _pthread_start + 125
21  libsystem_pthread.dylib             0x00007ff810767c7b thread_start + 15

	at org.openqa.selenium.remote.W3CHandshakeResponse.lambda$errorHandler$0(W3CHandshakeResponse.java:62)
	at org.openqa.selenium.remote.HandshakeResponse.lambda$getResponseFunction$0(HandshakeResponse.java:30)
	at org.openqa.selenium.remote.ProtocolHandshake.lambda$createSession$0(ProtocolHandshake.java:126)
	at org.openqa.selenium.remote.ProtocolHandshake.createSession(ProtocolHandshake.java:128)
	at org.openqa.selenium.remote.ProtocolHandshake.createSession(ProtocolHandshake.java:74)
	at org.openqa.selenium.remote.HttpCommandExecutor.execute(HttpCommandExecutor.java:136)
	at org.openqa.selenium.remote.service.DriverCommandExecutor.execute(DriverCommandExecutor.java:83)
	at org.openqa.selenium.remote.RemoteWebDriver.execute(RemoteWebDriver.java:552)
	at com.kms.katalon.selenium.driver.CEdgeDriver.execute(CEdgeDriver.java:20)
	at org.openqa.selenium.remote.RemoteWebDriver.startSession(RemoteWebDriver.java:213)
	at org.openqa.selenium.remote.RemoteWebDriver.<init>(RemoteWebDriver.java:131)
	at org.openqa.selenium.edge.EdgeDriver.<init>(EdgeDriver.java:154)
	at com.kms.katalon.selenium.driver.CEdgeDriver.<init>(CEdgeDriver.java:14)
	at com.kms.katalon.core.webui.driver.DriverFactory.createNewEdgeChromiumDriver(DriverFactory.java:670)
	at com.kms.katalon.core.webui.driver.DriverFactory.startNewBrowser(DriverFactory.java:382)
	at com.kms.katalon.core.webui.driver.DriverFactory.openWebDriver(DriverFactory.java:254)
	at com.kms.katalon.core.webui.keyword.builtin.OpenBrowserKeyword$_openBrowser_closure1.doCall(OpenBrowserKeyword.groovy:74)
	at com.kms.katalon.core.webui.keyword.builtin.OpenBrowserKeyword$_openBrowser_closure1.call(OpenBrowserKeyword.groovy)
	at com.kms.katalon.core.webui.keyword.internal.WebUIKeywordMain.runKeyword(WebUIKeywordMain.groovy:20)
	... 19 more


2023-02-17 08:46:26 - [TEST_STEP][FAILED] - openBrowser(""): Unable to open browser with url: '' (Root cause: com.kms.katalon.core.exception.StepFailedException: Unable to open browser with url: ''
	at com.kms.katalon.core.webui.keyword.internal.WebUIKeywordMain.stepFailed(WebUIKeywordMain.groovy:64)
	at com.kms.katalon.core.webui.keyword.internal.WebUIKeywordMain.runKeyword(WebUIKeywordMain.groovy:26)
	at com.kms.katalon.core.webui.keyword.builtin.OpenBrowserKeyword.openBrowser(OpenBrowserKeyword.groovy:81)
	at com.kms.katalon.core.webui.keyword.builtin.OpenBrowserKeyword.execute(OpenBrowserKeyword.groovy:67)
	at com.kms.katalon.core.keyword.internal.KeywordExecutor.executeKeywordForPlatform(KeywordExecutor.groovy:74)
	at com.kms.katalon.core.webui.keyword.WebUiBuiltInKeywords.openBrowser(WebUiBuiltInKeywords.groovy:64)
	at com.kms.katalon.core.webui.keyword.WebUiBuiltInKeywords$openBrowser.call(Unknown Source)
	at CS_Three_Budgets.run(CS_Three_Budgets:20)
	at com.kms.katalon.core.main.ScriptEngine.run(ScriptEngine.java:194)
	at com.kms.katalon.core.main.ScriptEngine.runScriptAsRawText(ScriptEngine.java:119)
	at com.kms.katalon.core.main.TestCaseExecutor.runScript(TestCaseExecutor.java:448)
	at com.kms.katalon.core.main.TestCaseExecutor.doExecute(TestCaseExecutor.java:439)
	at com.kms.katalon.core.main.TestCaseExecutor.processExecutionPhase(TestCaseExecutor.java:418)
	at com.kms.katalon.core.main.TestCaseExecutor.accessMainPhase(TestCaseExecutor.java:410)
	at com.kms.katalon.core.main.TestCaseExecutor.execute(TestCaseExecutor.java:285)
	at com.kms.katalon.core.common.CommonExecutor.accessTestCaseMainPhase(CommonExecutor.java:65)
	at com.kms.katalon.core.main.TestSuiteExecutor.accessTestSuiteMainPhase(TestSuiteExecutor.java:151)
	at com.kms.katalon.core.main.TestSuiteExecutor.execute(TestSuiteExecutor.java:106)
	at com.kms.katalon.core.main.TestCaseMain.startTestSuite(TestCaseMain.java:185)
	at com.kms.katalon.core.main.TestCaseMain$startTestSuite$0.call(Unknown Source)
	at TempTestSuite1676605511409.run(TempTestSuite1676605511409.groovy:36)
Caused by: org.openqa.selenium.SessionNotCreatedException: session not created: This version of Microsoft Edge WebDriver only supports Microsoft Edge version 107
Current browser version is 110.0.1587.49 with binary path /Applications/Microsoft Edge.app/Contents/MacOS/Microsoft Edge
Build info: version: '3.141.59', revision: 'e82be7d358', time: '2018-11-14T08:25:53'
System info: host: 'Kashifs-MacBook-Pro.local', ip: 'fe80:0:0:0:2a:e350:6cb0:c073%en0', os.name: 'Mac OS X', os.arch: 'x86_64', os.version: '10.16', java.version: '1.8.0_275'
Driver info: driver.version: CEdgeDriver
remote stacktrace: 0   msedgedriver                        0x0000000104b27988 msedgedriver + 4843912
1   msedgedriver                        0x0000000104aa46c3 msedgedriver + 4306627
2   msedgedriver                        0x00000001046f6158 msedgedriver + 446808
3   msedgedriver                        0x000000010472636b msedgedriver + 643947
4   msedgedriver                        0x00000001047216f3 msedgedriver + 624371
5   msedgedriver                        0x000000010471c8eb msedgedriver + 604395
6   msedgedriver                        0x0000000104760eac msedgedriver + 884396
7   msedgedriver                        0x000000010476048c msedgedriver + 881804
8   msedgedriver                        0x0000000104757fd3 msedgedriver + 847827
9   msedgedriver                        0x000000010472900d msedgedriver + 655373
10  msedgedriver                        0x000000010472a641 msedgedriver + 661057
11  msedgedriver                        0x0000000104af3a0e msedgedriver + 4631054
12  msedgedriver                        0x0000000104af7518 msedgedriver + 4646168
13  msedgedriver                        0x0000000104af7cad msedgedriver + 4648109
14  msedgedriver                        0x0000000104aff51f msedgedriver + 4678943
15  msedgedriver                        0x0000000104af839c msedgedriver + 4649884
16  msedgedriver                        0x0000000104ad086d msedgedriver + 4487277
17  msedgedriver                        0x0000000104b19698 msedgedriver + 4785816
18  msedgedriver                        0x0000000104b197b7 msedgedriver + 4786103
19  msedgedriver                        0x0000000104b2f5c7 msedgedriver + 4875719
20  libsystem_pthread.dylib             0x00007ff81076c259 _pthread_start + 125
21  libsystem_pthread.dylib             0x00007ff810767c7b thread_start + 15

	at org.openqa.selenium.remote.W3CHandshakeResponse.lambda$errorHandler$0(W3CHandshakeResponse.java:62)
	at org.openqa.selenium.remote.HandshakeResponse.lambda$getResponseFunction$0(HandshakeResponse.java:30)
	at org.openqa.selenium.remote.ProtocolHandshake.lambda$createSession$0(ProtocolHandshake.java:126)
	at org.openqa.selenium.remote.ProtocolHandshake.createSession(ProtocolHandshake.java:128)
	at org.openqa.selenium.remote.ProtocolHandshake.createSession(ProtocolHandshake.java:74)
	at org.openqa.selenium.remote.HttpCommandExecutor.execute(HttpCommandExecutor.java:136)
	at org.openqa.selenium.remote.service.DriverCommandExecutor.execute(DriverCommandExecutor.java:83)
	at org.openqa.selenium.remote.RemoteWebDriver.execute(RemoteWebDriver.java:552)
	at com.kms.katalon.selenium.driver.CEdgeDriver.execute(CEdgeDriver.java:20)
	at org.openqa.selenium.remote.RemoteWebDriver.startSession(RemoteWebDriver.java:213)
	at org.openqa.selenium.remote.RemoteWebDriver.<init>(RemoteWebDriver.java:131)
	at org.openqa.selenium.edge.EdgeDriver.<init>(EdgeDriver.java:154)
	at com.kms.katalon.selenium.driver.CEdgeDriver.<init>(CEdgeDriver.java:14)
	at com.kms.katalon.core.webui.driver.DriverFactory.createNewEdgeChromiumDriver(DriverFactory.java:670)
	at com.kms.katalon.core.webui.driver.DriverFactory.startNewBrowser(DriverFactory.java:382)
	at com.kms.katalon.core.webui.driver.DriverFactory.openWebDriver(DriverFactory.java:254)
	at com.kms.katalon.core.webui.keyword.builtin.OpenBrowserKeyword$_openBrowser_closure1.doCall(OpenBrowserKeyword.groovy:74)
	at com.kms.katalon.core.webui.keyword.builtin.OpenBrowserKeyword$_openBrowser_closure1.call(OpenBrowserKeyword.groovy)
	at com.kms.katalon.core.webui.keyword.internal.WebUIKeywordMain.runKeyword(WebUIKeywordMain.groovy:20)
	at com.kms.katalon.core.webui.keyword.builtin.OpenBrowserKeyword.openBrowser(OpenBrowserKeyword.groovy:81)
	at com.kms.katalon.core.webui.keyword.builtin.OpenBrowserKeyword.execute(OpenBrowserKeyword.groovy:67)
	at com.kms.katalon.core.keyword.internal.KeywordExecutor.executeKeywordForPlatform(KeywordExecutor.groovy:74)
	at com.kms.katalon.core.webui.keyword.WebUiBuiltInKeywords.openBrowser(WebUiBuiltInKeywords.groovy:64)
	at com.kms.katalon.core.webui.keyword.WebUiBuiltInKeywords$openBrowser.call(Unknown Source)
	at Script1676540725424.run(Script1676540725424.groovy:20)
	... 13 more
)

2023-02-17 08:46:26 - [MESSAGE][INFO] - Starting 'Edge Chromium' driver

2023-02-17 08:46:26 - [MESSAGE][INFO] - Action delay is set to 0 milliseconds

2023-02-17 08:46:28 - [MESSAGE][FAILED] - Unable to open browser with url: '' (Root cause: com.kms.katalon.core.exception.StepFailedException: Unable to open browser with url: ''
	at com.kms.katalon.core.webui.keyword.internal.WebUIKeywordMain.stepFailed(WebUIKeywordMain.groovy:64)
	at com.kms.katalon.core.webui.keyword.internal.WebUIKeywordMain.runKeyword(WebUIKeywordMain.groovy:26)
	at com.kms.katalon.core.webui.keyword.builtin.OpenBrowserKeyword.openBrowser(OpenBrowserKeyword.groovy:81)
	at com.kms.katalon.core.webui.keyword.builtin.OpenBrowserKeyword.execute(OpenBrowserKeyword.groovy:67)
	at com.kms.katalon.core.keyword.internal.KeywordExecutor.executeKeywordForPlatform(KeywordExecutor.groovy:74)
	at com.kms.katalon.core.webui.keyword.WebUiBuiltInKeywords.openBrowser(WebUiBuiltInKeywords.groovy:64)
	at com.kms.katalon.core.webui.keyword.WebUiBuiltInKeywords$openBrowser.call(Unknown Source)
	at CS_Three_Budgets.run(CS_Three_Budgets:20)
	at com.kms.katalon.core.main.ScriptEngine.run(ScriptEngine.java:194)
	at com.kms.katalon.core.main.ScriptEngine.runScriptAsRawText(ScriptEngine.java:119)
	at com.kms.katalon.core.main.TestCaseExecutor.runScript(TestCaseExecutor.java:448)
	at com.kms.katalon.core.main.TestCaseExecutor.doExecute(TestCaseExecutor.java:439)
	at com.kms.katalon.core.main.TestCaseExecutor.processExecutionPhase(TestCaseExecutor.java:418)
	at com.kms.katalon.core.main.TestCaseExecutor.accessMainPhase(TestCaseExecutor.java:410)
	at com.kms.katalon.core.main.TestCaseExecutor.execute(TestCaseExecutor.java:285)
	at com.kms.katalon.core.common.CommonExecutor.accessTestCaseMainPhase(CommonExecutor.java:65)
	at com.kms.katalon.core.main.TestSuiteExecutor.accessTestSuiteMainPhase(TestSuiteExecutor.java:151)
	at com.kms.katalon.core.main.TestSuiteExecutor.execute(TestSuiteExecutor.java:106)
	at com.kms.katalon.core.main.TestCaseMain.startTestSuite(TestCaseMain.java:185)
	at com.kms.katalon.core.main.TestCaseMain$startTestSuite$0.call(Unknown Source)
	at TempTestSuite1676605511409.run(TempTestSuite1676605511409.groovy:36)
Caused by: org.openqa.selenium.SessionNotCreatedException: session not created: This version of Microsoft Edge WebDriver only supports Microsoft Edge version 107
Current browser version is 110.0.1587.49 with binary path /Applications/Microsoft Edge.app/Contents/MacOS/Microsoft Edge
Build info: version: '3.141.59', revision: 'e82be7d358', time: '2018-11-14T08:25:53'
System info: host: 'Kashifs-MacBook-Pro.local', ip: 'fe80:0:0:0:2a:e350:6cb0:c073%en0', os.name: 'Mac OS X', os.arch: 'x86_64', os.version: '10.16', java.version: '1.8.0_275'
Driver info: driver.version: CEdgeDriver
remote stacktrace: 0   msedgedriver                        0x0000000104b27988 msedgedriver + 4843912
1   msedgedriver                        0x0000000104aa46c3 msedgedriver + 4306627
2   msedgedriver                        0x00000001046f6158 msedgedriver + 446808
3   msedgedriver                        0x000000010472636b msedgedriver + 643947
4   msedgedriver                        0x00000001047216f3 msedgedriver + 624371
5   msedgedriver                        0x000000010471c8eb msedgedriver + 604395
6   msedgedriver                        0x0000000104760eac msedgedriver + 884396
7   msedgedriver                        0x000000010476048c msedgedriver + 881804
8   msedgedriver                        0x0000000104757fd3 msedgedriver + 847827
9   msedgedriver                        0x000000010472900d msedgedriver + 655373
10  msedgedriver                        0x000000010472a641 msedgedriver + 661057
11  msedgedriver                        0x0000000104af3a0e msedgedriver + 4631054
12  msedgedriver                        0x0000000104af7518 msedgedriver + 4646168
13  msedgedriver                        0x0000000104af7cad msedgedriver + 4648109
14  msedgedriver                        0x0000000104aff51f msedgedriver + 4678943
15  msedgedriver                        0x0000000104af839c msedgedriver + 4649884
16  msedgedriver                        0x0000000104ad086d msedgedriver + 4487277
17  msedgedriver                        0x0000000104b19698 msedgedriver + 4785816
18  msedgedriver                        0x0000000104b197b7 msedgedriver + 4786103
19  msedgedriver                        0x0000000104b2f5c7 msedgedriver + 4875719
20  libsystem_pthread.dylib             0x00007ff81076c259 _pthread_start + 125
21  libsystem_pthread.dylib             0x00007ff810767c7b thread_start + 15

	at org.openqa.selenium.remote.W3CHandshakeResponse.lambda$errorHandler$0(W3CHandshakeResponse.java:62)
	at org.openqa.selenium.remote.HandshakeResponse.lambda$getResponseFunction$0(HandshakeResponse.java:30)
	at org.openqa.selenium.remote.ProtocolHandshake.lambda$createSession$0(ProtocolHandshake.java:126)
	at org.openqa.selenium.remote.ProtocolHandshake.createSession(ProtocolHandshake.java:128)
	at org.openqa.selenium.remote.ProtocolHandshake.createSession(ProtocolHandshake.java:74)
	at org.openqa.selenium.remote.HttpCommandExecutor.execute(HttpCommandExecutor.java:136)
	at org.openqa.selenium.remote.service.DriverCommandExecutor.execute(DriverCommandExecutor.java:83)
	at org.openqa.selenium.remote.RemoteWebDriver.execute(RemoteWebDriver.java:552)
	at com.kms.katalon.selenium.driver.CEdgeDriver.execute(CEdgeDriver.java:20)
	at org.openqa.selenium.remote.RemoteWebDriver.startSession(RemoteWebDriver.java:213)
	at org.openqa.selenium.remote.RemoteWebDriver.<init>(RemoteWebDriver.java:131)
	at org.openqa.selenium.edge.EdgeDriver.<init>(EdgeDriver.java:154)
	at com.kms.katalon.selenium.driver.CEdgeDriver.<init>(CEdgeDriver.java:14)
	at com.kms.katalon.core.webui.driver.DriverFactory.createNewEdgeChromiumDriver(DriverFactory.java:670)
	at com.kms.katalon.core.webui.driver.DriverFactory.startNewBrowser(DriverFactory.java:382)
	at com.kms.katalon.core.webui.driver.DriverFactory.openWebDriver(DriverFactory.java:254)
	at com.kms.katalon.core.webui.keyword.builtin.OpenBrowserKeyword$_openBrowser_closure1.doCall(OpenBrowserKeyword.groovy:74)
	at com.kms.katalon.core.webui.keyword.builtin.OpenBrowserKeyword$_openBrowser_closure1.call(OpenBrowserKeyword.groovy)
	at com.kms.katalon.core.webui.keyword.internal.WebUIKeywordMain.runKeyword(WebUIKeywordMain.groovy:20)
	at com.kms.katalon.core.webui.keyword.builtin.OpenBrowserKeyword.openBrowser(OpenBrowserKeyword.groovy:81)
	at com.kms.katalon.core.webui.keyword.builtin.OpenBrowserKeyword.execute(OpenBrowserKeyword.groovy:67)
	at com.kms.katalon.core.keyword.internal.KeywordExecutor.executeKeywordForPlatform(KeywordExecutor.groovy:74)
	at com.kms.katalon.core.webui.keyword.WebUiBuiltInKeywords.openBrowser(WebUiBuiltInKeywords.groovy:64)
	at com.kms.katalon.core.webui.keyword.WebUiBuiltInKeywords$openBrowser.call(Unknown Source)
	at Script1676540725424.run(Script1676540725424.groovy:20)
	... 13 more
)]]></system-out>
         <system-err><![CDATA[2023-02-17 08:46:26 - [TEST_CASE][FAILED] - Test Cases/GiS/Compare Scenarios/CS_Three_Budgets: Test Cases/GiS/Compare Scenarios/CS_Three_Budgets FAILED.
Reason:
com.kms.katalon.core.exception.StepFailedException: Unable to open browser with url: ''
	at com.kms.katalon.core.webui.keyword.internal.WebUIKeywordMain.stepFailed(WebUIKeywordMain.groovy:64)
	at com.kms.katalon.core.webui.keyword.internal.WebUIKeywordMain.runKeyword(WebUIKeywordMain.groovy:26)
	at com.kms.katalon.core.webui.keyword.builtin.OpenBrowserKeyword.openBrowser(OpenBrowserKeyword.groovy:81)
	at com.kms.katalon.core.webui.keyword.builtin.OpenBrowserKeyword.execute(OpenBrowserKeyword.groovy:67)
	at com.kms.katalon.core.keyword.internal.KeywordExecutor.executeKeywordForPlatform(KeywordExecutor.groovy:74)
	at com.kms.katalon.core.webui.keyword.WebUiBuiltInKeywords.openBrowser(WebUiBuiltInKeywords.groovy:64)
	at com.kms.katalon.core.webui.keyword.WebUiBuiltInKeywords$openBrowser.call(Unknown Source)
	at CS_Three_Budgets.run(CS_Three_Budgets:20)
	at com.kms.katalon.core.main.ScriptEngine.run(ScriptEngine.java:194)
	at com.kms.katalon.core.main.ScriptEngine.runScriptAsRawText(ScriptEngine.java:119)
	at com.kms.katalon.core.main.TestCaseExecutor.runScript(TestCaseExecutor.java:448)
	at com.kms.katalon.core.main.TestCaseExecutor.doExecute(TestCaseExecutor.java:439)
	at com.kms.katalon.core.main.TestCaseExecutor.processExecutionPhase(TestCaseExecutor.java:418)
	at com.kms.katalon.core.main.TestCaseExecutor.accessMainPhase(TestCaseExecutor.java:410)
	at com.kms.katalon.core.main.TestCaseExecutor.execute(TestCaseExecutor.java:285)
	at com.kms.katalon.core.common.CommonExecutor.accessTestCaseMainPhase(CommonExecutor.java:65)
	at com.kms.katalon.core.main.TestSuiteExecutor.accessTestSuiteMainPhase(TestSuiteExecutor.java:151)
	at com.kms.katalon.core.main.TestSuiteExecutor.execute(TestSuiteExecutor.java:106)
	at com.kms.katalon.core.main.TestCaseMain.startTestSuite(TestCaseMain.java:185)
	at com.kms.katalon.core.main.TestCaseMain$startTestSuite$0.call(Unknown Source)
	at TempTestSuite1676605511409.run(TempTestSuite1676605511409.groovy:36)
Caused by: org.openqa.selenium.SessionNotCreatedException: session not created: This version of Microsoft Edge WebDriver only supports Microsoft Edge version 107
Current browser version is 110.0.1587.49 with binary path /Applications/Microsoft Edge.app/Contents/MacOS/Microsoft Edge
Build info: version: '3.141.59', revision: 'e82be7d358', time: '2018-11-14T08:25:53'
System info: host: 'Kashifs-MacBook-Pro.local', ip: 'fe80:0:0:0:2a:e350:6cb0:c073%en0', os.name: 'Mac OS X', os.arch: 'x86_64', os.version: '10.16', java.version: '1.8.0_275'
Driver info: driver.version: CEdgeDriver
remote stacktrace: 0   msedgedriver                        0x0000000104b27988 msedgedriver + 4843912
1   msedgedriver                        0x0000000104aa46c3 msedgedriver + 4306627
2   msedgedriver                        0x00000001046f6158 msedgedriver + 446808
3   msedgedriver                        0x000000010472636b msedgedriver + 643947
4   msedgedriver                        0x00000001047216f3 msedgedriver + 624371
5   msedgedriver                        0x000000010471c8eb msedgedriver + 604395
6   msedgedriver                        0x0000000104760eac msedgedriver + 884396
7   msedgedriver                        0x000000010476048c msedgedriver + 881804
8   msedgedriver                        0x0000000104757fd3 msedgedriver + 847827
9   msedgedriver                        0x000000010472900d msedgedriver + 655373
10  msedgedriver                        0x000000010472a641 msedgedriver + 661057
11  msedgedriver                        0x0000000104af3a0e msedgedriver + 4631054
12  msedgedriver                        0x0000000104af7518 msedgedriver + 4646168
13  msedgedriver                        0x0000000104af7cad msedgedriver + 4648109
14  msedgedriver                        0x0000000104aff51f msedgedriver + 4678943
15  msedgedriver                        0x0000000104af839c msedgedriver + 4649884
16  msedgedriver                        0x0000000104ad086d msedgedriver + 4487277
17  msedgedriver                        0x0000000104b19698 msedgedriver + 4785816
18  msedgedriver                        0x0000000104b197b7 msedgedriver + 4786103
19  msedgedriver                        0x0000000104b2f5c7 msedgedriver + 4875719
20  libsystem_pthread.dylib             0x00007ff81076c259 _pthread_start + 125
21  libsystem_pthread.dylib             0x00007ff810767c7b thread_start + 15

	at org.openqa.selenium.remote.W3CHandshakeResponse.lambda$errorHandler$0(W3CHandshakeResponse.java:62)
	at org.openqa.selenium.remote.HandshakeResponse.lambda$getResponseFunction$0(HandshakeResponse.java:30)
	at org.openqa.selenium.remote.ProtocolHandshake.lambda$createSession$0(ProtocolHandshake.java:126)
	at org.openqa.selenium.remote.ProtocolHandshake.createSession(ProtocolHandshake.java:128)
	at org.openqa.selenium.remote.ProtocolHandshake.createSession(ProtocolHandshake.java:74)
	at org.openqa.selenium.remote.HttpCommandExecutor.execute(HttpCommandExecutor.java:136)
	at org.openqa.selenium.remote.service.DriverCommandExecutor.execute(DriverCommandExecutor.java:83)
	at org.openqa.selenium.remote.RemoteWebDriver.execute(RemoteWebDriver.java:552)
	at com.kms.katalon.selenium.driver.CEdgeDriver.execute(CEdgeDriver.java:20)
	at org.openqa.selenium.remote.RemoteWebDriver.startSession(RemoteWebDriver.java:213)
	at org.openqa.selenium.remote.RemoteWebDriver.<init>(RemoteWebDriver.java:131)
	at org.openqa.selenium.edge.EdgeDriver.<init>(EdgeDriver.java:154)
	at com.kms.katalon.selenium.driver.CEdgeDriver.<init>(CEdgeDriver.java:14)
	at com.kms.katalon.core.webui.driver.DriverFactory.createNewEdgeChromiumDriver(DriverFactory.java:670)
	at com.kms.katalon.core.webui.driver.DriverFactory.startNewBrowser(DriverFactory.java:382)
	at com.kms.katalon.core.webui.driver.DriverFactory.openWebDriver(DriverFactory.java:254)
	at com.kms.katalon.core.webui.keyword.builtin.OpenBrowserKeyword$_openBrowser_closure1.doCall(OpenBrowserKeyword.groovy:74)
	at com.kms.katalon.core.webui.keyword.builtin.OpenBrowserKeyword$_openBrowser_closure1.call(OpenBrowserKeyword.groovy)
	at com.kms.katalon.core.webui.keyword.internal.WebUIKeywordMain.runKeyword(WebUIKeywordMain.groovy:20)
	... 19 more]]></system-err>
      </testcase>
      <testcase name="Test Cases/GiS/Compare Scenarios/CS_Three_Budgets - PROD" time="1.87" classname="Test Cases/GiS/Compare Scenarios/CS_Three_Budgets - PROD" status="FAILED">
         <failure type="FAILED" message="Test Cases/GiS/Compare Scenarios/CS_Three_Budgets - PROD FAILED.
Reason:
com.kms.katalon.core.exception.StepFailedException: Unable to open browser with url: 'https://app.streetlogix.com/?config=64077fc938af4bcc9a46a81d8f4e5576&amp;token=eyJhbGciOiJIUzI1NiIsInR5cCI6IkpXVCJ9.eyJpZCI6MTQyOCwibmFtZSI6IlNvaGFpYiBOZWhhbCIsImV4cCI6MTY3OTE5NjcyNywiaWF0IjoxNjc2NjA0NzI3fQ.Kz-gvOd5J-fT1WMLkVzR-YliVElHaxM9yScW9Ngflfs'
	at com.kms.katalon.core.webui.keyword.internal.WebUIKeywordMain.stepFailed(WebUIKeywordMain.groovy:64)
	at com.kms.katalon.core.webui.keyword.internal.WebUIKeywordMain.runKeyword(WebUIKeywordMain.groovy:26)
	at com.kms.katalon.core.webui.keyword.builtin.OpenBrowserKeyword.openBrowser(OpenBrowserKeyword.groovy:81)
	at com.kms.katalon.core.webui.keyword.builtin.OpenBrowserKeyword.execute(OpenBrowserKeyword.groovy:67)
	at com.kms.katalon.core.keyword.internal.KeywordExecutor.executeKeywordForPlatform(KeywordExecutor.groovy:74)
	at com.kms.katalon.core.webui.keyword.WebUiBuiltInKeywords.openBrowser(WebUiBuiltInKeywords.groovy:64)
	at com.kms.katalon.core.webui.keyword.WebUiBuiltInKeywords$openBrowser.call(Unknown Source)
	at gis_url.test.URL_PROD.redirectURL(URL_PROD.groovy:27)
	at gis_url.test.URL_PROD.invokeMethod(URL_PROD.groovy)
	at com.kms.katalon.core.main.CustomKeywordDelegatingMetaClass.invokeStaticMethod(CustomKeywordDelegatingMetaClass.java:55)
	at CS_Three_Budgets - PROD.run(CS_Three_Budgets - PROD:20)
	at com.kms.katalon.core.main.ScriptEngine.run(ScriptEngine.java:194)
	at com.kms.katalon.core.main.ScriptEngine.runScriptAsRawText(ScriptEngine.java:119)
	at com.kms.katalon.core.main.TestCaseExecutor.runScript(TestCaseExecutor.java:448)
	at com.kms.katalon.core.main.TestCaseExecutor.doExecute(TestCaseExecutor.java:439)
	at com.kms.katalon.core.main.TestCaseExecutor.processExecutionPhase(TestCaseExecutor.java:418)
	at com.kms.katalon.core.main.TestCaseExecutor.accessMainPhase(TestCaseExecutor.java:410)
	at com.kms.katalon.core.main.TestCaseExecutor.execute(TestCaseExecutor.java:285)
	at com.kms.katalon.core.common.CommonExecutor.accessTestCaseMainPhase(CommonExecutor.java:65)
	at com.kms.katalon.core.main.TestSuiteExecutor.accessTestSuiteMainPhase(TestSuiteExecutor.java:151)
	at com.kms.katalon.core.main.TestSuiteExecutor.execute(TestSuiteExecutor.java:106)
	at com.kms.katalon.core.main.TestCaseMain.startTestSuite(TestCaseMain.java:185)
	at com.kms.katalon.core.main.TestCaseMain$startTestSuite$0.call(Unknown Source)
	at TempTestSuite1676605511409.run(TempTestSuite1676605511409.groovy:36)
Caused by: org.openqa.selenium.SessionNotCreatedException: session not created: This version of Microsoft Edge WebDriver only supports Microsoft Edge version 107
Current browser version is 110.0.1587.49 with binary path /Applications/Microsoft Edge.app/Contents/MacOS/Microsoft Edge
Build info: version: '3.141.59', revision: 'e82be7d358', time: '2018-11-14T08:25:53'
System info: host: 'Kashifs-MacBook-Pro.local', ip: 'fe80:0:0:0:2a:e350:6cb0:c073%en0', os.name: 'Mac OS X', os.arch: 'x86_64', os.version: '10.16', java.version: '1.8.0_275'
Driver info: driver.version: CEdgeDriver
remote stacktrace: 0   msedgedriver                        0x0000000104b27988 msedgedriver + 4843912
1   msedgedriver                        0x0000000104aa46c3 msedgedriver + 4306627
2   msedgedriver                        0x00000001046f6158 msedgedriver + 446808
3   msedgedriver                        0x000000010472636b msedgedriver + 643947
4   msedgedriver                        0x00000001047216f3 msedgedriver + 624371
5   msedgedriver                        0x000000010471c8eb msedgedriver + 604395
6   msedgedriver                        0x0000000104760eac msedgedriver + 884396
7   msedgedriver                        0x000000010476048c msedgedriver + 881804
8   msedgedriver                        0x0000000104757fd3 msedgedriver + 847827
9   msedgedriver                        0x000000010472900d msedgedriver + 655373
10  msedgedriver                        0x000000010472a641 msedgedriver + 661057
11  msedgedriver                        0x0000000104af3a0e msedgedriver + 4631054
12  msedgedriver                        0x0000000104af7518 msedgedriver + 4646168
13  msedgedriver                        0x0000000104af7cad msedgedriver + 4648109
14  msedgedriver                        0x0000000104aff51f msedgedriver + 4678943
15  msedgedriver                        0x0000000104af839c msedgedriver + 4649884
16  msedgedriver                        0x0000000104ad086d msedgedriver + 4487277
17  msedgedriver                        0x0000000104b19698 msedgedriver + 4785816
18  msedgedriver                        0x0000000104b197b7 msedgedriver + 4786103
19  msedgedriver                        0x0000000104b2f5c7 msedgedriver + 4875719
20  libsystem_pthread.dylib             0x00007ff81076c259 _pthread_start + 125
21  libsystem_pthread.dylib             0x00007ff810767c7b thread_start + 15

	at org.openqa.selenium.remote.W3CHandshakeResponse.lambda$errorHandler$0(W3CHandshakeResponse.java:62)
	at org.openqa.selenium.remote.HandshakeResponse.lambda$getResponseFunction$0(HandshakeResponse.java:30)
	at org.openqa.selenium.remote.ProtocolHandshake.lambda$createSession$0(ProtocolHandshake.java:126)
	at org.openqa.selenium.remote.ProtocolHandshake.createSession(ProtocolHandshake.java:128)
	at org.openqa.selenium.remote.ProtocolHandshake.createSession(ProtocolHandshake.java:74)
	at org.openqa.selenium.remote.HttpCommandExecutor.execute(HttpCommandExecutor.java:136)
	at org.openqa.selenium.remote.service.DriverCommandExecutor.execute(DriverCommandExecutor.java:83)
	at org.openqa.selenium.remote.RemoteWebDriver.execute(RemoteWebDriver.java:552)
	at com.kms.katalon.selenium.driver.CEdgeDriver.execute(CEdgeDriver.java:20)
	at org.openqa.selenium.remote.RemoteWebDriver.startSession(RemoteWebDriver.java:213)
	at org.openqa.selenium.remote.RemoteWebDriver.&lt;init>(RemoteWebDriver.java:131)
	at org.openqa.selenium.edge.EdgeDriver.&lt;init>(EdgeDriver.java:154)
	at com.kms.katalon.selenium.driver.CEdgeDriver.&lt;init>(CEdgeDriver.java:14)
	at com.kms.katalon.core.webui.driver.DriverFactory.createNewEdgeChromiumDriver(DriverFactory.java:670)
	at com.kms.katalon.core.webui.driver.DriverFactory.startNewBrowser(DriverFactory.java:382)
	at com.kms.katalon.core.webui.driver.DriverFactory.openWebDriver(DriverFactory.java:254)
	at com.kms.katalon.core.webui.keyword.builtin.OpenBrowserKeyword$_openBrowser_closure1.doCall(OpenBrowserKeyword.groovy:74)
	at com.kms.katalon.core.webui.keyword.builtin.OpenBrowserKeyword$_openBrowser_closure1.call(OpenBrowserKeyword.groovy)
	at com.kms.katalon.core.webui.keyword.internal.WebUIKeywordMain.runKeyword(WebUIKeywordMain.groovy:20)
	... 22 more
"/>
         <system-out><![CDATA[2023-02-17 08:46:28 - [TEST_CASE][FAILED] - Test Cases/GiS/Compare Scenarios/CS_Three_Budgets - PROD: Test Cases/GiS/Compare Scenarios/CS_Three_Budgets - PROD FAILED.
Reason:
com.kms.katalon.core.exception.StepFailedException: Unable to open browser with url: 'https://app.streetlogix.com/?config=64077fc938af4bcc9a46a81d8f4e5576&token=eyJhbGciOiJIUzI1NiIsInR5cCI6IkpXVCJ9.eyJpZCI6MTQyOCwibmFtZSI6IlNvaGFpYiBOZWhhbCIsImV4cCI6MTY3OTE5NjcyNywiaWF0IjoxNjc2NjA0NzI3fQ.Kz-gvOd5J-fT1WMLkVzR-YliVElHaxM9yScW9Ngflfs'
	at com.kms.katalon.core.webui.keyword.internal.WebUIKeywordMain.stepFailed(WebUIKeywordMain.groovy:64)
	at com.kms.katalon.core.webui.keyword.internal.WebUIKeywordMain.runKeyword(WebUIKeywordMain.groovy:26)
	at com.kms.katalon.core.webui.keyword.builtin.OpenBrowserKeyword.openBrowser(OpenBrowserKeyword.groovy:81)
	at com.kms.katalon.core.webui.keyword.builtin.OpenBrowserKeyword.execute(OpenBrowserKeyword.groovy:67)
	at com.kms.katalon.core.keyword.internal.KeywordExecutor.executeKeywordForPlatform(KeywordExecutor.groovy:74)
	at com.kms.katalon.core.webui.keyword.WebUiBuiltInKeywords.openBrowser(WebUiBuiltInKeywords.groovy:64)
	at com.kms.katalon.core.webui.keyword.WebUiBuiltInKeywords$openBrowser.call(Unknown Source)
	at gis_url.test.URL_PROD.redirectURL(URL_PROD.groovy:27)
	at gis_url.test.URL_PROD.invokeMethod(URL_PROD.groovy)
	at com.kms.katalon.core.main.CustomKeywordDelegatingMetaClass.invokeStaticMethod(CustomKeywordDelegatingMetaClass.java:55)
	at CS_Three_Budgets - PROD.run(CS_Three_Budgets - PROD:20)
	at com.kms.katalon.core.main.ScriptEngine.run(ScriptEngine.java:194)
	at com.kms.katalon.core.main.ScriptEngine.runScriptAsRawText(ScriptEngine.java:119)
	at com.kms.katalon.core.main.TestCaseExecutor.runScript(TestCaseExecutor.java:448)
	at com.kms.katalon.core.main.TestCaseExecutor.doExecute(TestCaseExecutor.java:439)
	at com.kms.katalon.core.main.TestCaseExecutor.processExecutionPhase(TestCaseExecutor.java:418)
	at com.kms.katalon.core.main.TestCaseExecutor.accessMainPhase(TestCaseExecutor.java:410)
	at com.kms.katalon.core.main.TestCaseExecutor.execute(TestCaseExecutor.java:285)
	at com.kms.katalon.core.common.CommonExecutor.accessTestCaseMainPhase(CommonExecutor.java:65)
	at com.kms.katalon.core.main.TestSuiteExecutor.accessTestSuiteMainPhase(TestSuiteExecutor.java:151)
	at com.kms.katalon.core.main.TestSuiteExecutor.execute(TestSuiteExecutor.java:106)
	at com.kms.katalon.core.main.TestCaseMain.startTestSuite(TestCaseMain.java:185)
	at com.kms.katalon.core.main.TestCaseMain$startTestSuite$0.call(Unknown Source)
	at TempTestSuite1676605511409.run(TempTestSuite1676605511409.groovy:36)
Caused by: org.openqa.selenium.SessionNotCreatedException: session not created: This version of Microsoft Edge WebDriver only supports Microsoft Edge version 107
Current browser version is 110.0.1587.49 with binary path /Applications/Microsoft Edge.app/Contents/MacOS/Microsoft Edge
Build info: version: '3.141.59', revision: 'e82be7d358', time: '2018-11-14T08:25:53'
System info: host: 'Kashifs-MacBook-Pro.local', ip: 'fe80:0:0:0:2a:e350:6cb0:c073%en0', os.name: 'Mac OS X', os.arch: 'x86_64', os.version: '10.16', java.version: '1.8.0_275'
Driver info: driver.version: CEdgeDriver
remote stacktrace: 0   msedgedriver                        0x0000000104b27988 msedgedriver + 4843912
1   msedgedriver                        0x0000000104aa46c3 msedgedriver + 4306627
2   msedgedriver                        0x00000001046f6158 msedgedriver + 446808
3   msedgedriver                        0x000000010472636b msedgedriver + 643947
4   msedgedriver                        0x00000001047216f3 msedgedriver + 624371
5   msedgedriver                        0x000000010471c8eb msedgedriver + 604395
6   msedgedriver                        0x0000000104760eac msedgedriver + 884396
7   msedgedriver                        0x000000010476048c msedgedriver + 881804
8   msedgedriver                        0x0000000104757fd3 msedgedriver + 847827
9   msedgedriver                        0x000000010472900d msedgedriver + 655373
10  msedgedriver                        0x000000010472a641 msedgedriver + 661057
11  msedgedriver                        0x0000000104af3a0e msedgedriver + 4631054
12  msedgedriver                        0x0000000104af7518 msedgedriver + 4646168
13  msedgedriver                        0x0000000104af7cad msedgedriver + 4648109
14  msedgedriver                        0x0000000104aff51f msedgedriver + 4678943
15  msedgedriver                        0x0000000104af839c msedgedriver + 4649884
16  msedgedriver                        0x0000000104ad086d msedgedriver + 4487277
17  msedgedriver                        0x0000000104b19698 msedgedriver + 4785816
18  msedgedriver                        0x0000000104b197b7 msedgedriver + 4786103
19  msedgedriver                        0x0000000104b2f5c7 msedgedriver + 4875719
20  libsystem_pthread.dylib             0x00007ff81076c259 _pthread_start + 125
21  libsystem_pthread.dylib             0x00007ff810767c7b thread_start + 15

	at org.openqa.selenium.remote.W3CHandshakeResponse.lambda$errorHandler$0(W3CHandshakeResponse.java:62)
	at org.openqa.selenium.remote.HandshakeResponse.lambda$getResponseFunction$0(HandshakeResponse.java:30)
	at org.openqa.selenium.remote.ProtocolHandshake.lambda$createSession$0(ProtocolHandshake.java:126)
	at org.openqa.selenium.remote.ProtocolHandshake.createSession(ProtocolHandshake.java:128)
	at org.openqa.selenium.remote.ProtocolHandshake.createSession(ProtocolHandshake.java:74)
	at org.openqa.selenium.remote.HttpCommandExecutor.execute(HttpCommandExecutor.java:136)
	at org.openqa.selenium.remote.service.DriverCommandExecutor.execute(DriverCommandExecutor.java:83)
	at org.openqa.selenium.remote.RemoteWebDriver.execute(RemoteWebDriver.java:552)
	at com.kms.katalon.selenium.driver.CEdgeDriver.execute(CEdgeDriver.java:20)
	at org.openqa.selenium.remote.RemoteWebDriver.startSession(RemoteWebDriver.java:213)
	at org.openqa.selenium.remote.RemoteWebDriver.<init>(RemoteWebDriver.java:131)
	at org.openqa.selenium.edge.EdgeDriver.<init>(EdgeDriver.java:154)
	at com.kms.katalon.selenium.driver.CEdgeDriver.<init>(CEdgeDriver.java:14)
	at com.kms.katalon.core.webui.driver.DriverFactory.createNewEdgeChromiumDriver(DriverFactory.java:670)
	at com.kms.katalon.core.webui.driver.DriverFactory.startNewBrowser(DriverFactory.java:382)
	at com.kms.katalon.core.webui.driver.DriverFactory.openWebDriver(DriverFactory.java:254)
	at com.kms.katalon.core.webui.keyword.builtin.OpenBrowserKeyword$_openBrowser_closure1.doCall(OpenBrowserKeyword.groovy:74)
	at com.kms.katalon.core.webui.keyword.builtin.OpenBrowserKeyword$_openBrowser_closure1.call(OpenBrowserKeyword.groovy)
	at com.kms.katalon.core.webui.keyword.internal.WebUIKeywordMain.runKeyword(WebUIKeywordMain.groovy:20)
	... 22 more


2023-02-17 08:46:28 - [TEST_STEP][FAILED] - gis_url.test.URL_PROD.redirectURL(): Unable to open browser with url: 'https://app.streetlogix.com/?config=64077fc938af4bcc9a46a81d8f4e5576&token=eyJhbGciOiJIUzI1NiIsInR5cCI6IkpXVCJ9.eyJpZCI6MTQyOCwibmFtZSI6IlNvaGFpYiBOZWhhbCIsImV4cCI6MTY3OTE5NjcyNywiaWF0IjoxNjc2NjA0NzI3fQ.Kz-gvOd5J-fT1WMLkVzR-YliVElHaxM9yScW9Ngflfs'

2023-02-17 08:46:28 - [MESSAGE][INFO] - Starting 'Edge Chromium' driver

2023-02-17 08:46:28 - [MESSAGE][INFO] - Action delay is set to 0 milliseconds

2023-02-17 08:46:30 - [MESSAGE][FAILED] - Unable to open browser with url: 'https://app.streetlogix.com/?config=64077fc938af4bcc9a46a81d8f4e5576&token=eyJhbGciOiJIUzI1NiIsInR5cCI6IkpXVCJ9.eyJpZCI6MTQyOCwibmFtZSI6IlNvaGFpYiBOZWhhbCIsImV4cCI6MTY3OTE5NjcyNywiaWF0IjoxNjc2NjA0NzI3fQ.Kz-gvOd5J-fT1WMLkVzR-YliVElHaxM9yScW9Ngflfs' (Root cause: com.kms.katalon.core.exception.StepFailedException: Unable to open browser with url: 'https://app.streetlogix.com/?config=64077fc938af4bcc9a46a81d8f4e5576&token=eyJhbGciOiJIUzI1NiIsInR5cCI6IkpXVCJ9.eyJpZCI6MTQyOCwibmFtZSI6IlNvaGFpYiBOZWhhbCIsImV4cCI6MTY3OTE5NjcyNywiaWF0IjoxNjc2NjA0NzI3fQ.Kz-gvOd5J-fT1WMLkVzR-YliVElHaxM9yScW9Ngflfs'
	at com.kms.katalon.core.webui.keyword.internal.WebUIKeywordMain.stepFailed(WebUIKeywordMain.groovy:64)
	at com.kms.katalon.core.webui.keyword.internal.WebUIKeywordMain.runKeyword(WebUIKeywordMain.groovy:26)
	at com.kms.katalon.core.webui.keyword.builtin.OpenBrowserKeyword.openBrowser(OpenBrowserKeyword.groovy:81)
	at com.kms.katalon.core.webui.keyword.builtin.OpenBrowserKeyword.execute(OpenBrowserKeyword.groovy:67)
	at com.kms.katalon.core.keyword.internal.KeywordExecutor.executeKeywordForPlatform(KeywordExecutor.groovy:74)
	at com.kms.katalon.core.webui.keyword.WebUiBuiltInKeywords.openBrowser(WebUiBuiltInKeywords.groovy:64)
	at com.kms.katalon.core.webui.keyword.WebUiBuiltInKeywords$openBrowser.call(Unknown Source)
	at gis_url.test.URL_PROD.redirectURL(URL_PROD.groovy:27)
	at gis_url.test.URL_PROD.invokeMethod(URL_PROD.groovy)
	at com.kms.katalon.core.main.CustomKeywordDelegatingMetaClass.invokeStaticMethod(CustomKeywordDelegatingMetaClass.java:55)
	at CS_Three_Budgets - PROD.run(CS_Three_Budgets - PROD:20)
	at com.kms.katalon.core.main.ScriptEngine.run(ScriptEngine.java:194)
	at com.kms.katalon.core.main.ScriptEngine.runScriptAsRawText(ScriptEngine.java:119)
	at com.kms.katalon.core.main.TestCaseExecutor.runScript(TestCaseExecutor.java:448)
	at com.kms.katalon.core.main.TestCaseExecutor.doExecute(TestCaseExecutor.java:439)
	at com.kms.katalon.core.main.TestCaseExecutor.processExecutionPhase(TestCaseExecutor.java:418)
	at com.kms.katalon.core.main.TestCaseExecutor.accessMainPhase(TestCaseExecutor.java:410)
	at com.kms.katalon.core.main.TestCaseExecutor.execute(TestCaseExecutor.java:285)
	at com.kms.katalon.core.common.CommonExecutor.accessTestCaseMainPhase(CommonExecutor.java:65)
	at com.kms.katalon.core.main.TestSuiteExecutor.accessTestSuiteMainPhase(TestSuiteExecutor.java:151)
	at com.kms.katalon.core.main.TestSuiteExecutor.execute(TestSuiteExecutor.java:106)
	at com.kms.katalon.core.main.TestCaseMain.startTestSuite(TestCaseMain.java:185)
	at com.kms.katalon.core.main.TestCaseMain$startTestSuite$0.call(Unknown Source)
	at TempTestSuite1676605511409.run(TempTestSuite1676605511409.groovy:36)
Caused by: org.openqa.selenium.SessionNotCreatedException: session not created: This version of Microsoft Edge WebDriver only supports Microsoft Edge version 107
Current browser version is 110.0.1587.49 with binary path /Applications/Microsoft Edge.app/Contents/MacOS/Microsoft Edge
Build info: version: '3.141.59', revision: 'e82be7d358', time: '2018-11-14T08:25:53'
System info: host: 'Kashifs-MacBook-Pro.local', ip: 'fe80:0:0:0:2a:e350:6cb0:c073%en0', os.name: 'Mac OS X', os.arch: 'x86_64', os.version: '10.16', java.version: '1.8.0_275'
Driver info: driver.version: CEdgeDriver
remote stacktrace: 0   msedgedriver                        0x0000000104b27988 msedgedriver + 4843912
1   msedgedriver                        0x0000000104aa46c3 msedgedriver + 4306627
2   msedgedriver                        0x00000001046f6158 msedgedriver + 446808
3   msedgedriver                        0x000000010472636b msedgedriver + 643947
4   msedgedriver                        0x00000001047216f3 msedgedriver + 624371
5   msedgedriver                        0x000000010471c8eb msedgedriver + 604395
6   msedgedriver                        0x0000000104760eac msedgedriver + 884396
7   msedgedriver                        0x000000010476048c msedgedriver + 881804
8   msedgedriver                        0x0000000104757fd3 msedgedriver + 847827
9   msedgedriver                        0x000000010472900d msedgedriver + 655373
10  msedgedriver                        0x000000010472a641 msedgedriver + 661057
11  msedgedriver                        0x0000000104af3a0e msedgedriver + 4631054
12  msedgedriver                        0x0000000104af7518 msedgedriver + 4646168
13  msedgedriver                        0x0000000104af7cad msedgedriver + 4648109
14  msedgedriver                        0x0000000104aff51f msedgedriver + 4678943
15  msedgedriver                        0x0000000104af839c msedgedriver + 4649884
16  msedgedriver                        0x0000000104ad086d msedgedriver + 4487277
17  msedgedriver                        0x0000000104b19698 msedgedriver + 4785816
18  msedgedriver                        0x0000000104b197b7 msedgedriver + 4786103
19  msedgedriver                        0x0000000104b2f5c7 msedgedriver + 4875719
20  libsystem_pthread.dylib             0x00007ff81076c259 _pthread_start + 125
21  libsystem_pthread.dylib             0x00007ff810767c7b thread_start + 15

	at org.openqa.selenium.remote.W3CHandshakeResponse.lambda$errorHandler$0(W3CHandshakeResponse.java:62)
	at org.openqa.selenium.remote.HandshakeResponse.lambda$getResponseFunction$0(HandshakeResponse.java:30)
	at org.openqa.selenium.remote.ProtocolHandshake.lambda$createSession$0(ProtocolHandshake.java:126)
	at org.openqa.selenium.remote.ProtocolHandshake.createSession(ProtocolHandshake.java:128)
	at org.openqa.selenium.remote.ProtocolHandshake.createSession(ProtocolHandshake.java:74)
	at org.openqa.selenium.remote.HttpCommandExecutor.execute(HttpCommandExecutor.java:136)
	at org.openqa.selenium.remote.service.DriverCommandExecutor.execute(DriverCommandExecutor.java:83)
	at org.openqa.selenium.remote.RemoteWebDriver.execute(RemoteWebDriver.java:552)
	at com.kms.katalon.selenium.driver.CEdgeDriver.execute(CEdgeDriver.java:20)
	at org.openqa.selenium.remote.RemoteWebDriver.startSession(RemoteWebDriver.java:213)
	at org.openqa.selenium.remote.RemoteWebDriver.<init>(RemoteWebDriver.java:131)
	at org.openqa.selenium.edge.EdgeDriver.<init>(EdgeDriver.java:154)
	at com.kms.katalon.selenium.driver.CEdgeDriver.<init>(CEdgeDriver.java:14)
	at com.kms.katalon.core.webui.driver.DriverFactory.createNewEdgeChromiumDriver(DriverFactory.java:670)
	at com.kms.katalon.core.webui.driver.DriverFactory.startNewBrowser(DriverFactory.java:382)
	at com.kms.katalon.core.webui.driver.DriverFactory.openWebDriver(DriverFactory.java:254)
	at com.kms.katalon.core.webui.keyword.builtin.OpenBrowserKeyword$_openBrowser_closure1.doCall(OpenBrowserKeyword.groovy:74)
	at com.kms.katalon.core.webui.keyword.builtin.OpenBrowserKeyword$_openBrowser_closure1.call(OpenBrowserKeyword.groovy)
	at com.kms.katalon.core.webui.keyword.internal.WebUIKeywordMain.runKeyword(WebUIKeywordMain.groovy:20)
	at com.kms.katalon.core.webui.keyword.builtin.OpenBrowserKeyword.openBrowser(OpenBrowserKeyword.groovy:81)
	at com.kms.katalon.core.webui.keyword.builtin.OpenBrowserKeyword.execute(OpenBrowserKeyword.groovy:67)
	at com.kms.katalon.core.keyword.internal.KeywordExecutor.executeKeywordForPlatform(KeywordExecutor.groovy:74)
	at com.kms.katalon.core.webui.keyword.WebUiBuiltInKeywords.openBrowser(WebUiBuiltInKeywords.groovy:64)
	at com.kms.katalon.core.webui.keyword.WebUiBuiltInKeywords$openBrowser.call(Unknown Source)
	at gis_url.test.URL_PROD.redirectURL(URL_PROD.groovy:27)
	at gis_url.test.URL_PROD.invokeMethod(URL_PROD.groovy)
	at com.kms.katalon.core.main.CustomKeywordDelegatingMetaClass.invokeStaticMethod(CustomKeywordDelegatingMetaClass.java:55)
	at Script1676604315612.run(Script1676604315612.groovy:20)
	... 13 more
)

2023-02-17 08:46:30 - [MESSAGE][FAILED] - Unable to open browser with url: 'https://app.streetlogix.com/?config=64077fc938af4bcc9a46a81d8f4e5576&token=eyJhbGciOiJIUzI1NiIsInR5cCI6IkpXVCJ9.eyJpZCI6MTQyOCwibmFtZSI6IlNvaGFpYiBOZWhhbCIsImV4cCI6MTY3OTE5NjcyNywiaWF0IjoxNjc2NjA0NzI3fQ.Kz-gvOd5J-fT1WMLkVzR-YliVElHaxM9yScW9Ngflfs']]></system-out>
         <system-err><![CDATA[2023-02-17 08:46:28 - [TEST_CASE][FAILED] - Test Cases/GiS/Compare Scenarios/CS_Three_Budgets - PROD: Test Cases/GiS/Compare Scenarios/CS_Three_Budgets - PROD FAILED.
Reason:
com.kms.katalon.core.exception.StepFailedException: Unable to open browser with url: 'https://app.streetlogix.com/?config=64077fc938af4bcc9a46a81d8f4e5576&token=eyJhbGciOiJIUzI1NiIsInR5cCI6IkpXVCJ9.eyJpZCI6MTQyOCwibmFtZSI6IlNvaGFpYiBOZWhhbCIsImV4cCI6MTY3OTE5NjcyNywiaWF0IjoxNjc2NjA0NzI3fQ.Kz-gvOd5J-fT1WMLkVzR-YliVElHaxM9yScW9Ngflfs'
	at com.kms.katalon.core.webui.keyword.internal.WebUIKeywordMain.stepFailed(WebUIKeywordMain.groovy:64)
	at com.kms.katalon.core.webui.keyword.internal.WebUIKeywordMain.runKeyword(WebUIKeywordMain.groovy:26)
	at com.kms.katalon.core.webui.keyword.builtin.OpenBrowserKeyword.openBrowser(OpenBrowserKeyword.groovy:81)
	at com.kms.katalon.core.webui.keyword.builtin.OpenBrowserKeyword.execute(OpenBrowserKeyword.groovy:67)
	at com.kms.katalon.core.keyword.internal.KeywordExecutor.executeKeywordForPlatform(KeywordExecutor.groovy:74)
	at com.kms.katalon.core.webui.keyword.WebUiBuiltInKeywords.openBrowser(WebUiBuiltInKeywords.groovy:64)
	at com.kms.katalon.core.webui.keyword.WebUiBuiltInKeywords$openBrowser.call(Unknown Source)
	at gis_url.test.URL_PROD.redirectURL(URL_PROD.groovy:27)
	at gis_url.test.URL_PROD.invokeMethod(URL_PROD.groovy)
	at com.kms.katalon.core.main.CustomKeywordDelegatingMetaClass.invokeStaticMethod(CustomKeywordDelegatingMetaClass.java:55)
	at CS_Three_Budgets - PROD.run(CS_Three_Budgets - PROD:20)
	at com.kms.katalon.core.main.ScriptEngine.run(ScriptEngine.java:194)
	at com.kms.katalon.core.main.ScriptEngine.runScriptAsRawText(ScriptEngine.java:119)
	at com.kms.katalon.core.main.TestCaseExecutor.runScript(TestCaseExecutor.java:448)
	at com.kms.katalon.core.main.TestCaseExecutor.doExecute(TestCaseExecutor.java:439)
	at com.kms.katalon.core.main.TestCaseExecutor.processExecutionPhase(TestCaseExecutor.java:418)
	at com.kms.katalon.core.main.TestCaseExecutor.accessMainPhase(TestCaseExecutor.java:410)
	at com.kms.katalon.core.main.TestCaseExecutor.execute(TestCaseExecutor.java:285)
	at com.kms.katalon.core.common.CommonExecutor.accessTestCaseMainPhase(CommonExecutor.java:65)
	at com.kms.katalon.core.main.TestSuiteExecutor.accessTestSuiteMainPhase(TestSuiteExecutor.java:151)
	at com.kms.katalon.core.main.TestSuiteExecutor.execute(TestSuiteExecutor.java:106)
	at com.kms.katalon.core.main.TestCaseMain.startTestSuite(TestCaseMain.java:185)
	at com.kms.katalon.core.main.TestCaseMain$startTestSuite$0.call(Unknown Source)
	at TempTestSuite1676605511409.run(TempTestSuite1676605511409.groovy:36)
Caused by: org.openqa.selenium.SessionNotCreatedException: session not created: This version of Microsoft Edge WebDriver only supports Microsoft Edge version 107
Current browser version is 110.0.1587.49 with binary path /Applications/Microsoft Edge.app/Contents/MacOS/Microsoft Edge
Build info: version: '3.141.59', revision: 'e82be7d358', time: '2018-11-14T08:25:53'
System info: host: 'Kashifs-MacBook-Pro.local', ip: 'fe80:0:0:0:2a:e350:6cb0:c073%en0', os.name: 'Mac OS X', os.arch: 'x86_64', os.version: '10.16', java.version: '1.8.0_275'
Driver info: driver.version: CEdgeDriver
remote stacktrace: 0   msedgedriver                        0x0000000104b27988 msedgedriver + 4843912
1   msedgedriver                        0x0000000104aa46c3 msedgedriver + 4306627
2   msedgedriver                        0x00000001046f6158 msedgedriver + 446808
3   msedgedriver                        0x000000010472636b msedgedriver + 643947
4   msedgedriver                        0x00000001047216f3 msedgedriver + 624371
5   msedgedriver                        0x000000010471c8eb msedgedriver + 604395
6   msedgedriver                        0x0000000104760eac msedgedriver + 884396
7   msedgedriver                        0x000000010476048c msedgedriver + 881804
8   msedgedriver                        0x0000000104757fd3 msedgedriver + 847827
9   msedgedriver                        0x000000010472900d msedgedriver + 655373
10  msedgedriver                        0x000000010472a641 msedgedriver + 661057
11  msedgedriver                        0x0000000104af3a0e msedgedriver + 4631054
12  msedgedriver                        0x0000000104af7518 msedgedriver + 4646168
13  msedgedriver                        0x0000000104af7cad msedgedriver + 4648109
14  msedgedriver                        0x0000000104aff51f msedgedriver + 4678943
15  msedgedriver                        0x0000000104af839c msedgedriver + 4649884
16  msedgedriver                        0x0000000104ad086d msedgedriver + 4487277
17  msedgedriver                        0x0000000104b19698 msedgedriver + 4785816
18  msedgedriver                        0x0000000104b197b7 msedgedriver + 4786103
19  msedgedriver                        0x0000000104b2f5c7 msedgedriver + 4875719
20  libsystem_pthread.dylib             0x00007ff81076c259 _pthread_start + 125
21  libsystem_pthread.dylib             0x00007ff810767c7b thread_start + 15

	at org.openqa.selenium.remote.W3CHandshakeResponse.lambda$errorHandler$0(W3CHandshakeResponse.java:62)
	at org.openqa.selenium.remote.HandshakeResponse.lambda$getResponseFunction$0(HandshakeResponse.java:30)
	at org.openqa.selenium.remote.ProtocolHandshake.lambda$createSession$0(ProtocolHandshake.java:126)
	at org.openqa.selenium.remote.ProtocolHandshake.createSession(ProtocolHandshake.java:128)
	at org.openqa.selenium.remote.ProtocolHandshake.createSession(ProtocolHandshake.java:74)
	at org.openqa.selenium.remote.HttpCommandExecutor.execute(HttpCommandExecutor.java:136)
	at org.openqa.selenium.remote.service.DriverCommandExecutor.execute(DriverCommandExecutor.java:83)
	at org.openqa.selenium.remote.RemoteWebDriver.execute(RemoteWebDriver.java:552)
	at com.kms.katalon.selenium.driver.CEdgeDriver.execute(CEdgeDriver.java:20)
	at org.openqa.selenium.remote.RemoteWebDriver.startSession(RemoteWebDriver.java:213)
	at org.openqa.selenium.remote.RemoteWebDriver.<init>(RemoteWebDriver.java:131)
	at org.openqa.selenium.edge.EdgeDriver.<init>(EdgeDriver.java:154)
	at com.kms.katalon.selenium.driver.CEdgeDriver.<init>(CEdgeDriver.java:14)
	at com.kms.katalon.core.webui.driver.DriverFactory.createNewEdgeChromiumDriver(DriverFactory.java:670)
	at com.kms.katalon.core.webui.driver.DriverFactory.startNewBrowser(DriverFactory.java:382)
	at com.kms.katalon.core.webui.driver.DriverFactory.openWebDriver(DriverFactory.java:254)
	at com.kms.katalon.core.webui.keyword.builtin.OpenBrowserKeyword$_openBrowser_closure1.doCall(OpenBrowserKeyword.groovy:74)
	at com.kms.katalon.core.webui.keyword.builtin.OpenBrowserKeyword$_openBrowser_closure1.call(OpenBrowserKeyword.groovy)
	at com.kms.katalon.core.webui.keyword.internal.WebUIKeywordMain.runKeyword(WebUIKeywordMain.groovy:20)
	... 22 more]]></system-err>
      </testcase>
      <system-out><![CDATA[2023-02-17 08:45:38 - [TEST_SUITE][FAILED] - Compare Scenario_Tests: Test Cases/GiS/Compare Scenarios/CS_Three_Budgets_Sidewalk FAILED.
Reason:
com.kms.katalon.core.exception.StepFailedException: Unable to open browser with url: ''
	at com.kms.katalon.core.webui.keyword.internal.WebUIKeywordMain.stepFailed(WebUIKeywordMain.groovy:64)
	at com.kms.katalon.core.webui.keyword.internal.WebUIKeywordMain.runKeyword(WebUIKeywordMain.groovy:26)
	at com.kms.katalon.core.webui.keyword.builtin.OpenBrowserKeyword.openBrowser(OpenBrowserKeyword.groovy:81)
	at com.kms.katalon.core.webui.keyword.builtin.OpenBrowserKeyword.execute(OpenBrowserKeyword.groovy:67)
	at com.kms.katalon.core.keyword.internal.KeywordExecutor.executeKeywordForPlatform(KeywordExecutor.groovy:74)
	at com.kms.katalon.core.webui.keyword.WebUiBuiltInKeywords.openBrowser(WebUiBuiltInKeywords.groovy:64)
	at com.kms.katalon.core.webui.keyword.WebUiBuiltInKeywords$openBrowser.call(Unknown Source)
	at CS_Three_Budgets_Sidewalk.run(CS_Three_Budgets_Sidewalk:20)
	at com.kms.katalon.core.main.ScriptEngine.run(ScriptEngine.java:194)
	at com.kms.katalon.core.main.ScriptEngine.runScriptAsRawText(ScriptEngine.java:119)
	at com.kms.katalon.core.main.TestCaseExecutor.runScript(TestCaseExecutor.java:448)
	at com.kms.katalon.core.main.TestCaseExecutor.doExecute(TestCaseExecutor.java:439)
	at com.kms.katalon.core.main.TestCaseExecutor.processExecutionPhase(TestCaseExecutor.java:418)
	at com.kms.katalon.core.main.TestCaseExecutor.accessMainPhase(TestCaseExecutor.java:410)
	at com.kms.katalon.core.main.TestCaseExecutor.execute(TestCaseExecutor.java:285)
	at com.kms.katalon.core.common.CommonExecutor.accessTestCaseMainPhase(CommonExecutor.java:65)
	at com.kms.katalon.core.main.TestSuiteExecutor.accessTestSuiteMainPhase(TestSuiteExecutor.java:151)
	at com.kms.katalon.core.main.TestSuiteExecutor.execute(TestSuiteExecutor.java:106)
	at com.kms.katalon.core.main.TestCaseMain.startTestSuite(TestCaseMain.java:185)
	at com.kms.katalon.core.main.TestCaseMain$startTestSuite$0.call(Unknown Source)
	at TempTestSuite1676605511409.run(TempTestSuite1676605511409.groovy:36)
Caused by: org.openqa.selenium.SessionNotCreatedException: session not created: This version of Microsoft Edge WebDriver only supports Microsoft Edge version 107
Current browser version is 110.0.1587.49 with binary path /Applications/Microsoft Edge.app/Contents/MacOS/Microsoft Edge
Build info: version: '3.141.59', revision: 'e82be7d358', time: '2018-11-14T08:25:53'
System info: host: 'Kashifs-MacBook-Pro.local', ip: 'fe80:0:0:0:2a:e350:6cb0:c073%en0', os.name: 'Mac OS X', os.arch: 'x86_64', os.version: '10.16', java.version: '1.8.0_275'
Driver info: driver.version: CEdgeDriver
remote stacktrace: 0   msedgedriver                        0x0000000104b27988 msedgedriver + 4843912
1   msedgedriver                        0x0000000104aa46c3 msedgedriver + 4306627
2   msedgedriver                        0x00000001046f6158 msedgedriver + 446808
3   msedgedriver                        0x000000010472636b msedgedriver + 643947
4   msedgedriver                        0x00000001047216f3 msedgedriver + 624371
5   msedgedriver                        0x000000010471c8eb msedgedriver + 604395
6   msedgedriver                        0x0000000104760eac msedgedriver + 884396
7   msedgedriver                        0x000000010476048c msedgedriver + 881804
8   msedgedriver                        0x0000000104757fd3 msedgedriver + 847827
9   msedgedriver                        0x000000010472900d msedgedriver + 655373
10  msedgedriver                        0x000000010472a641 msedgedriver + 661057
11  msedgedriver                        0x0000000104af3a0e msedgedriver + 4631054
12  msedgedriver                        0x0000000104af7518 msedgedriver + 4646168
13  msedgedriver                        0x0000000104af7cad msedgedriver + 4648109
14  msedgedriver                        0x0000000104aff51f msedgedriver + 4678943
15  msedgedriver                        0x0000000104af839c msedgedriver + 4649884
16  msedgedriver                        0x0000000104ad086d msedgedriver + 4487277
17  msedgedriver                        0x0000000104b19698 msedgedriver + 4785816
18  msedgedriver                        0x0000000104b197b7 msedgedriver + 4786103
19  msedgedriver                        0x0000000104b2f5c7 msedgedriver + 4875719
20  libsystem_pthread.dylib             0x00007ff81076c259 _pthread_start + 125
21  libsystem_pthread.dylib             0x00007ff810767c7b thread_start + 15

	at org.openqa.selenium.remote.W3CHandshakeResponse.lambda$errorHandler$0(W3CHandshakeResponse.java:62)
	at org.openqa.selenium.remote.HandshakeResponse.lambda$getResponseFunction$0(HandshakeResponse.java:30)
	at org.openqa.selenium.remote.ProtocolHandshake.lambda$createSession$0(ProtocolHandshake.java:126)
	at org.openqa.selenium.remote.ProtocolHandshake.createSession(ProtocolHandshake.java:128)
	at org.openqa.selenium.remote.ProtocolHandshake.createSession(ProtocolHandshake.java:74)
	at org.openqa.selenium.remote.HttpCommandExecutor.execute(HttpCommandExecutor.java:136)
	at org.openqa.selenium.remote.service.DriverCommandExecutor.execute(DriverCommandExecutor.java:83)
	at org.openqa.selenium.remote.RemoteWebDriver.execute(RemoteWebDriver.java:552)
	at com.kms.katalon.selenium.driver.CEdgeDriver.execute(CEdgeDriver.java:20)
	at org.openqa.selenium.remote.RemoteWebDriver.startSession(RemoteWebDriver.java:213)
	at org.openqa.selenium.remote.RemoteWebDriver.<init>(RemoteWebDriver.java:131)
	at org.openqa.selenium.edge.EdgeDriver.<init>(EdgeDriver.java:154)
	at com.kms.katalon.selenium.driver.CEdgeDriver.<init>(CEdgeDriver.java:14)
	at com.kms.katalon.core.webui.driver.DriverFactory.createNewEdgeChromiumDriver(DriverFactory.java:670)
	at com.kms.katalon.core.webui.driver.DriverFactory.startNewBrowser(DriverFactory.java:382)
	at com.kms.katalon.core.webui.driver.DriverFactory.openWebDriver(DriverFactory.java:254)
	at com.kms.katalon.core.webui.keyword.builtin.OpenBrowserKeyword$_openBrowser_closure1.doCall(OpenBrowserKeyword.groovy:74)
	at com.kms.katalon.core.webui.keyword.builtin.OpenBrowserKeyword$_openBrowser_closure1.call(OpenBrowserKeyword.groovy)
	at com.kms.katalon.core.webui.keyword.internal.WebUIKeywordMain.runKeyword(WebUIKeywordMain.groovy:20)
	... 19 more]]></system-out>
      <system-err><![CDATA[2023-02-17 08:45:38 - [TEST_SUITE][FAILED] - Compare Scenario_Tests: Test Cases/GiS/Compare Scenarios/CS_Three_Budgets_Sidewalk FAILED.
Reason:
com.kms.katalon.core.exception.StepFailedException: Unable to open browser with url: ''
	at com.kms.katalon.core.webui.keyword.internal.WebUIKeywordMain.stepFailed(WebUIKeywordMain.groovy:64)
	at com.kms.katalon.core.webui.keyword.internal.WebUIKeywordMain.runKeyword(WebUIKeywordMain.groovy:26)
	at com.kms.katalon.core.webui.keyword.builtin.OpenBrowserKeyword.openBrowser(OpenBrowserKeyword.groovy:81)
	at com.kms.katalon.core.webui.keyword.builtin.OpenBrowserKeyword.execute(OpenBrowserKeyword.groovy:67)
	at com.kms.katalon.core.keyword.internal.KeywordExecutor.executeKeywordForPlatform(KeywordExecutor.groovy:74)
	at com.kms.katalon.core.webui.keyword.WebUiBuiltInKeywords.openBrowser(WebUiBuiltInKeywords.groovy:64)
	at com.kms.katalon.core.webui.keyword.WebUiBuiltInKeywords$openBrowser.call(Unknown Source)
	at CS_Three_Budgets_Sidewalk.run(CS_Three_Budgets_Sidewalk:20)
	at com.kms.katalon.core.main.ScriptEngine.run(ScriptEngine.java:194)
	at com.kms.katalon.core.main.ScriptEngine.runScriptAsRawText(ScriptEngine.java:119)
	at com.kms.katalon.core.main.TestCaseExecutor.runScript(TestCaseExecutor.java:448)
	at com.kms.katalon.core.main.TestCaseExecutor.doExecute(TestCaseExecutor.java:439)
	at com.kms.katalon.core.main.TestCaseExecutor.processExecutionPhase(TestCaseExecutor.java:418)
	at com.kms.katalon.core.main.TestCaseExecutor.accessMainPhase(TestCaseExecutor.java:410)
	at com.kms.katalon.core.main.TestCaseExecutor.execute(TestCaseExecutor.java:285)
	at com.kms.katalon.core.common.CommonExecutor.accessTestCaseMainPhase(CommonExecutor.java:65)
	at com.kms.katalon.core.main.TestSuiteExecutor.accessTestSuiteMainPhase(TestSuiteExecutor.java:151)
	at com.kms.katalon.core.main.TestSuiteExecutor.execute(TestSuiteExecutor.java:106)
	at com.kms.katalon.core.main.TestCaseMain.startTestSuite(TestCaseMain.java:185)
	at com.kms.katalon.core.main.TestCaseMain$startTestSuite$0.call(Unknown Source)
	at TempTestSuite1676605511409.run(TempTestSuite1676605511409.groovy:36)
Caused by: org.openqa.selenium.SessionNotCreatedException: session not created: This version of Microsoft Edge WebDriver only supports Microsoft Edge version 107
Current browser version is 110.0.1587.49 with binary path /Applications/Microsoft Edge.app/Contents/MacOS/Microsoft Edge
Build info: version: '3.141.59', revision: 'e82be7d358', time: '2018-11-14T08:25:53'
System info: host: 'Kashifs-MacBook-Pro.local', ip: 'fe80:0:0:0:2a:e350:6cb0:c073%en0', os.name: 'Mac OS X', os.arch: 'x86_64', os.version: '10.16', java.version: '1.8.0_275'
Driver info: driver.version: CEdgeDriver
remote stacktrace: 0   msedgedriver                        0x0000000104b27988 msedgedriver + 4843912
1   msedgedriver                        0x0000000104aa46c3 msedgedriver + 4306627
2   msedgedriver                        0x00000001046f6158 msedgedriver + 446808
3   msedgedriver                        0x000000010472636b msedgedriver + 643947
4   msedgedriver                        0x00000001047216f3 msedgedriver + 624371
5   msedgedriver                        0x000000010471c8eb msedgedriver + 604395
6   msedgedriver                        0x0000000104760eac msedgedriver + 884396
7   msedgedriver                        0x000000010476048c msedgedriver + 881804
8   msedgedriver                        0x0000000104757fd3 msedgedriver + 847827
9   msedgedriver                        0x000000010472900d msedgedriver + 655373
10  msedgedriver                        0x000000010472a641 msedgedriver + 661057
11  msedgedriver                        0x0000000104af3a0e msedgedriver + 4631054
12  msedgedriver                        0x0000000104af7518 msedgedriver + 4646168
13  msedgedriver                        0x0000000104af7cad msedgedriver + 4648109
14  msedgedriver                        0x0000000104aff51f msedgedriver + 4678943
15  msedgedriver                        0x0000000104af839c msedgedriver + 4649884
16  msedgedriver                        0x0000000104ad086d msedgedriver + 4487277
17  msedgedriver                        0x0000000104b19698 msedgedriver + 4785816
18  msedgedriver                        0x0000000104b197b7 msedgedriver + 4786103
19  msedgedriver                        0x0000000104b2f5c7 msedgedriver + 4875719
20  libsystem_pthread.dylib             0x00007ff81076c259 _pthread_start + 125
21  libsystem_pthread.dylib             0x00007ff810767c7b thread_start + 15

	at org.openqa.selenium.remote.W3CHandshakeResponse.lambda$errorHandler$0(W3CHandshakeResponse.java:62)
	at org.openqa.selenium.remote.HandshakeResponse.lambda$getResponseFunction$0(HandshakeResponse.java:30)
	at org.openqa.selenium.remote.ProtocolHandshake.lambda$createSession$0(ProtocolHandshake.java:126)
	at org.openqa.selenium.remote.ProtocolHandshake.createSession(ProtocolHandshake.java:128)
	at org.openqa.selenium.remote.ProtocolHandshake.createSession(ProtocolHandshake.java:74)
	at org.openqa.selenium.remote.HttpCommandExecutor.execute(HttpCommandExecutor.java:136)
	at org.openqa.selenium.remote.service.DriverCommandExecutor.execute(DriverCommandExecutor.java:83)
	at org.openqa.selenium.remote.RemoteWebDriver.execute(RemoteWebDriver.java:552)
	at com.kms.katalon.selenium.driver.CEdgeDriver.execute(CEdgeDriver.java:20)
	at org.openqa.selenium.remote.RemoteWebDriver.startSession(RemoteWebDriver.java:213)
	at org.openqa.selenium.remote.RemoteWebDriver.<init>(RemoteWebDriver.java:131)
	at org.openqa.selenium.edge.EdgeDriver.<init>(EdgeDriver.java:154)
	at com.kms.katalon.selenium.driver.CEdgeDriver.<init>(CEdgeDriver.java:14)
	at com.kms.katalon.core.webui.driver.DriverFactory.createNewEdgeChromiumDriver(DriverFactory.java:670)
	at com.kms.katalon.core.webui.driver.DriverFactory.startNewBrowser(DriverFactory.java:382)
	at com.kms.katalon.core.webui.driver.DriverFactory.openWebDriver(DriverFactory.java:254)
	at com.kms.katalon.core.webui.keyword.builtin.OpenBrowserKeyword$_openBrowser_closure1.doCall(OpenBrowserKeyword.groovy:74)
	at com.kms.katalon.core.webui.keyword.builtin.OpenBrowserKeyword$_openBrowser_closure1.call(OpenBrowserKeyword.groovy)
	at com.kms.katalon.core.webui.keyword.internal.WebUIKeywordMain.runKeyword(WebUIKeywordMain.groovy:20)
	... 19 more]]></system-err>
   </testsuite>
</testsuites>
