<?xml version="1.0" encoding="UTF-8"?>
<testsuites name="Compare Scenario_Tests" time="678.483" tests="7" failures="5" errors="0">
   <testsuite name="Compare Scenario_Tests" tests="7" failures="5" errors="0" time="678.483" skipped="0" timestamp="2023-02-17 08:50:51" hostname="kashif - localhost" id="Test Suites/Compare Scenario_Tests">
      <properties>
         <property name="deviceName" value=""/>
         <property name="devicePlatform" value=""/>
         <property name="logFolder" value="/Users/kashif/Downloads/Kashif/Katalon Studio/4.0_fresh/4.0 Fresh/Reports/20230217_085040/Compare Scenario_Tests/20230217_085041"/>
         <property name="logFiles" value="/Users/kashif/Downloads/Kashif/Katalon Studio/4.0_fresh/4.0 Fresh/Reports/20230217_085040/Compare Scenario_Tests/20230217_085041/execution0.log"/>
         <property name="attachments" value="/Users/kashif/Downloads/Kashif/Katalon Studio/4.0_fresh/4.0 Fresh/Reports/20230217_085040/Compare Scenario_Tests/20230217_085041/1676606011673.png, /Users/kashif/Downloads/Kashif/Katalon Studio/4.0_fresh/4.0 Fresh/Reports/20230217_085040/Compare Scenario_Tests/20230217_085041/1676606040817.png, /Users/kashif/Downloads/Kashif/Katalon Studio/4.0_fresh/4.0 Fresh/Reports/20230217_085040/Compare Scenario_Tests/20230217_085041/1676606261857.png, /Users/kashif/Downloads/Kashif/Katalon Studio/4.0_fresh/4.0 Fresh/Reports/20230217_085040/Compare Scenario_Tests/20230217_085041/1676606280821.png, /Users/kashif/Downloads/Kashif/Katalon Studio/4.0_fresh/4.0 Fresh/Reports/20230217_085040/Compare Scenario_Tests/20230217_085041/1676606403880.png, /Users/kashif/Downloads/Kashif/Katalon Studio/4.0_fresh/4.0 Fresh/Reports/20230217_085040/Compare Scenario_Tests/20230217_085041/1676606528781.png"/>
         <property name="hostName" value="kashif - localhost"/>
         <property name="os" value="Mac OS X 64bit"/>
         <property name="katalonVersion" value="8.5.5.208"/>
         <property name="browser" value="Chrome 110.0.0.0"/>
         <property name="hostAddress" value="127.0.0.1"/>
         <property name="sessionId" value="9a7dd7a35420aa0192a9471c2cd99fa6"/>
         <property name="seleniumVersion" value="3.141.59"/>
         <property name="proxyInformation" value="ProxyInformation { proxyOption=NO_PROXY, proxyServerType=HTTP, username=, password=********, proxyServerAddress=, proxyServerPort=0, executionList=&quot;&quot;, isApplyToDesiredCapabilities=true }"/>
         <property name="platform" value="Mac OS X"/>
      </properties>
      <testcase name="Test Cases/GiS/Compare Scenarios/CS_One_Budget" time="0.221" classname="Test Cases/GiS/Compare Scenarios/CS_One_Budget" status="PASSED">
         <system-out><![CDATA[2023-02-17 08:50:51 - [TEST_CASE][PASSED] - Test Cases/GiS/Compare Scenarios/CS_One_Budget: Test Cases/GiS/Compare Scenarios/CS_One_Budget

2023-02-17 08:50:51 - [TEST_STEP][PASSED] - return null: null]]></system-out>
         <system-err><![CDATA[]]></system-err>
      </testcase>
      <testcase name="Test Cases/GiS/Compare Scenarios/CS_Three_Budgets_Sidewalk" time="175.595" classname="Test Cases/GiS/Compare Scenarios/CS_Three_Budgets_Sidewalk" status="PASSED">
         <system-out><![CDATA[2023-02-17 08:50:51 - [TEST_CASE][PASSED] - Test Cases/GiS/Compare Scenarios/CS_Three_Budgets_Sidewalk: Test Cases/GiS/Compare Scenarios/CS_Three_Budgets_Sidewalk

2023-02-17 08:50:51 - [TEST_STEP][PASSED] - openBrowser(""): Browser is opened with url: ''

2023-02-17 08:50:51 - [MESSAGE][INFO] - Starting 'Chrome' driver

2023-02-17 08:50:51 - [MESSAGE][INFO] - Action delay is set to 0 milliseconds

2023-02-17 08:50:53 - [MESSAGE][PASSED] - Browser is opened with url: ''

2023-02-17 08:50:53 - [TEST_STEP][PASSED] - navigateToUrl("https://streetlogix-gis-slx4-develop.vercel.app/?config=64077fc938af4bcc9a46a81d8f4e5576&token=eyJhbGciOiJIUzI1NiIsInR5cCI6IkpXVCJ9.eyJpZCI6OTc2LCJuYW1lIjoiU29oYWliIE5laGFsIiwiZXhwIjoxNjc4NzI5ODk0LCJpYXQiOjE2NzYxMzc4OTR9.UHfOiNtJ_le0VZsenXiPbH0qUWaL-Iey0ptbA6Kalco&url=https://slx4-dev-server.herokuapp.com&config=configadmin.json"): Navigate to 'https://streetlogix-gis-slx4-develop.vercel.app/?config=64077fc938af4bcc9a46a81d8f4e5576&token=eyJhbGciOiJIUzI1NiIsInR5cCI6IkpXVCJ9.eyJpZCI6OTc2LCJuYW1lIjoiU29oYWliIE5laGFsIiwiZXhwIjoxNjc4NzI5ODk0LCJpYXQiOjE2NzYxMzc4OTR9.UHfOiNtJ_le0VZsenXiPbH0qUWaL-Iey0ptbA6Kalco&url=https://slx4-dev-server.herokuapp.com&config=configadmin.json' successfully

2023-02-17 08:50:56 - [MESSAGE][PASSED] - Navigate to 'https://streetlogix-gis-slx4-develop.vercel.app/?config=64077fc938af4bcc9a46a81d8f4e5576&token=eyJhbGciOiJIUzI1NiIsInR5cCI6IkpXVCJ9.eyJpZCI6OTc2LCJuYW1lIjoiU29oYWliIE5laGFsIiwiZXhwIjoxNjc4NzI5ODk0LCJpYXQiOjE2NzYxMzc4OTR9.UHfOiNtJ_le0VZsenXiPbH0qUWaL-Iey0ptbA6Kalco&url=https://slx4-dev-server.herokuapp.com&config=configadmin.json' successfully

2023-02-17 08:50:56 - [TEST_STEP][PASSED] - click(findTestObject("Object Repository/Compare Scenarios/img_Filter_rail-icon")): Object: 'Object Repository/Compare Scenarios/img_Filter_rail-icon' is clicked on

2023-02-17 08:51:02 - [MESSAGE][PASSED] - Object: 'Object Repository/Compare Scenarios/img_Filter_rail-icon' is clicked on

2023-02-17 08:51:02 - [TEST_STEP][PASSED] - click(findTestObject("Object Repository/Compare Scenarios/img_Budget Planner_rail-icon")): Object: 'Object Repository/Compare Scenarios/img_Budget Planner_rail-icon' is clicked on

2023-02-17 08:51:05 - [MESSAGE][PASSED] - Object: 'Object Repository/Compare Scenarios/img_Budget Planner_rail-icon' is clicked on

2023-02-17 08:51:05 - [TEST_STEP][PASSED] - click(findTestObject("Compare Scenarios/div_Pavement Maintenance")): Object: 'Object Repository/Compare Scenarios/div_Pavement Maintenance' is clicked on

2023-02-17 08:51:06 - [MESSAGE][PASSED] - Object: 'Object Repository/Compare Scenarios/div_Pavement Maintenance' is clicked on

2023-02-17 08:51:06 - [TEST_STEP][PASSED] - click(findTestObject("Compare Scenarios/li_Sidewalk Maintenance")): Object: 'Object Repository/Compare Scenarios/li_Sidewalk Maintenance' is clicked on

2023-02-17 08:51:07 - [MESSAGE][PASSED] - Object: 'Object Repository/Compare Scenarios/li_Sidewalk Maintenance' is clicked on

2023-02-17 08:51:07 - [TEST_STEP][PASSED] - sendKeys(findTestObject("Compare Scenarios/input_Program duration_duration"), Keys.chord(COMMAND, "a")): Keys 'COMMAND + a' sent to object: 'Object Repository/Compare Scenarios/input_Program duration_duration'

2023-02-17 08:51:09 - [MESSAGE][PASSED] - Keys 'COMMAND + a' sent to object: 'Object Repository/Compare Scenarios/input_Program duration_duration'

2023-02-17 08:51:09 - [TEST_STEP][PASSED] - sendKeys(findTestObject("Compare Scenarios/input_Program duration_duration"), Keys.chord(DELETE)): Keys 'DELETE + ' sent to object: 'Object Repository/Compare Scenarios/input_Program duration_duration'

2023-02-17 08:51:10 - [MESSAGE][PASSED] - Keys 'DELETE + ' sent to object: 'Object Repository/Compare Scenarios/input_Program duration_duration'

2023-02-17 08:51:10 - [TEST_STEP][PASSED] - setText(findTestObject("Compare Scenarios/input_Program duration_duration"), "3"): Text '3' is set on object 'Object Repository/Compare Scenarios/input_Program duration_duration'

2023-02-17 08:51:11 - [MESSAGE][PASSED] - Text '3' is set on object 'Object Repository/Compare Scenarios/input_Program duration_duration'

2023-02-17 08:51:11 - [TEST_STEP][PASSED] - sendKeys(findTestObject("Object Repository/Compare Scenarios/input_Scenario Name_scenario_name"), Keys.chord(COMMAND, "a")): Keys 'COMMAND + a' sent to object: 'Object Repository/Compare Scenarios/input_Scenario Name_scenario_name'

2023-02-17 08:51:11 - [MESSAGE][PASSED] - Keys 'COMMAND + a' sent to object: 'Object Repository/Compare Scenarios/input_Scenario Name_scenario_name'

2023-02-17 08:51:11 - [TEST_STEP][PASSED] - sendKeys(findTestObject("Object Repository/Compare Scenarios/input_Scenario Name_scenario_name"), Keys.chord(DELETE)): Keys 'DELETE + ' sent to object: 'Object Repository/Compare Scenarios/input_Scenario Name_scenario_name'

2023-02-17 08:51:11 - [MESSAGE][PASSED] - Keys 'DELETE + ' sent to object: 'Object Repository/Compare Scenarios/input_Scenario Name_scenario_name'

2023-02-17 08:51:11 - [TEST_STEP][PASSED] - setText(findTestObject("Object Repository/Compare Scenarios/input_Scenario Name_scenario_name"), "Compare Scenario 1"): Text 'Compare Scenario 1' is set on object 'Object Repository/Compare Scenarios/input_Scenario Name_scenario_name'

2023-02-17 08:51:12 - [MESSAGE][PASSED] - Text 'Compare Scenario 1' is set on object 'Object Repository/Compare Scenarios/input_Scenario Name_scenario_name'

2023-02-17 08:51:12 - [TEST_STEP][PASSED] - click(findTestObject("Object Repository/Compare Scenarios/span_Add Scenario")): Object: 'Object Repository/Compare Scenarios/span_Add Scenario' is clicked on

2023-02-17 08:51:13 - [MESSAGE][PASSED] - Object: 'Object Repository/Compare Scenarios/span_Add Scenario' is clicked on

2023-02-17 08:51:13 - [TEST_STEP][PASSED] - click(findTestObject("Object Repository/Compare Scenarios/span_Add Scenario")): Object: 'Object Repository/Compare Scenarios/span_Add Scenario' is clicked on

2023-02-17 08:51:13 - [MESSAGE][PASSED] - Object: 'Object Repository/Compare Scenarios/span_Add Scenario' is clicked on

2023-02-17 08:51:13 - [TEST_STEP][PASSED] - sendKeys(findTestObject("Object Repository/Compare Scenarios/input_Scenario Name_scenario_name_2"), Keys.chord(COMMAND, "a")): Keys 'COMMAND + a' sent to object: 'Object Repository/Compare Scenarios/input_Scenario Name_scenario_name_2'

2023-02-17 08:51:14 - [MESSAGE][PASSED] - Keys 'COMMAND + a' sent to object: 'Object Repository/Compare Scenarios/input_Scenario Name_scenario_name_2'

2023-02-17 08:51:14 - [TEST_STEP][PASSED] - sendKeys(findTestObject("Object Repository/Compare Scenarios/input_Scenario Name_scenario_name_2"), Keys.chord(DELETE)): Keys 'DELETE + ' sent to object: 'Object Repository/Compare Scenarios/input_Scenario Name_scenario_name_2'

2023-02-17 08:51:15 - [MESSAGE][PASSED] - Keys 'DELETE + ' sent to object: 'Object Repository/Compare Scenarios/input_Scenario Name_scenario_name_2'

2023-02-17 08:51:15 - [TEST_STEP][PASSED] - setText(findTestObject("Object Repository/Compare Scenarios/input_Scenario Name_scenario_name_2"), "Compare Scenario 2"): Text 'Compare Scenario 2' is set on object 'Object Repository/Compare Scenarios/input_Scenario Name_scenario_name_2'

2023-02-17 08:51:16 - [MESSAGE][PASSED] - Text 'Compare Scenario 2' is set on object 'Object Repository/Compare Scenarios/input_Scenario Name_scenario_name_2'

2023-02-17 08:51:16 - [TEST_STEP][PASSED] - sendKeys(findTestObject("Object Repository/Compare Scenarios/input_Scenario Name_scenario_name_3"), Keys.chord(COMMAND, "a")): Keys 'COMMAND + a' sent to object: 'Object Repository/Compare Scenarios/input_Scenario Name_scenario_name_3'

2023-02-17 08:51:16 - [MESSAGE][PASSED] - Keys 'COMMAND + a' sent to object: 'Object Repository/Compare Scenarios/input_Scenario Name_scenario_name_3'

2023-02-17 08:51:16 - [TEST_STEP][PASSED] - sendKeys(findTestObject("Object Repository/Compare Scenarios/input_Scenario Name_scenario_name_3"), Keys.chord(DELETE)): Keys 'DELETE + ' sent to object: 'Object Repository/Compare Scenarios/input_Scenario Name_scenario_name_3'

2023-02-17 08:51:16 - [MESSAGE][PASSED] - Keys 'DELETE + ' sent to object: 'Object Repository/Compare Scenarios/input_Scenario Name_scenario_name_3'

2023-02-17 08:51:16 - [TEST_STEP][PASSED] - setText(findTestObject("Object Repository/Compare Scenarios/input_Scenario Name_scenario_name_3"), "Compare Scenario 3"): Text 'Compare Scenario 3' is set on object 'Object Repository/Compare Scenarios/input_Scenario Name_scenario_name_3'

2023-02-17 08:51:17 - [MESSAGE][PASSED] - Text 'Compare Scenario 3' is set on object 'Object Repository/Compare Scenarios/input_Scenario Name_scenario_name_3'

2023-02-17 08:51:17 - [TEST_STEP][PASSED] - setText(findTestObject("Object Repository/Compare Scenarios/input_Annual Budget_budget"), "3000"): Text '3000' is set on object 'Object Repository/Compare Scenarios/input_Annual Budget_budget'

2023-02-17 08:51:18 - [MESSAGE][PASSED] - Text '3000' is set on object 'Object Repository/Compare Scenarios/input_Annual Budget_budget'

2023-02-17 08:51:18 - [TEST_STEP][PASSED] - setText(findTestObject("Compare Scenarios/input_Annual Budget_budget_2"), "2000"): Text '2000' is set on object 'Object Repository/Compare Scenarios/input_Annual Budget_budget_2'

2023-02-17 08:51:19 - [MESSAGE][PASSED] - Text '2000' is set on object 'Object Repository/Compare Scenarios/input_Annual Budget_budget_2'

2023-02-17 08:51:19 - [TEST_STEP][PASSED] - setText(findTestObject("Compare Scenarios/input_Annual Budget_budget_3"), "1000"): Text '1000' is set on object 'Object Repository/Compare Scenarios/input_Annual Budget_budget_3'

2023-02-17 08:51:20 - [MESSAGE][PASSED] - Text '1000' is set on object 'Object Repository/Compare Scenarios/input_Annual Budget_budget_3'

2023-02-17 08:51:20 - [TEST_STEP][PASSED] - sendKeys(findTestObject("Object Repository/Compare Scenarios/Input_Inflation"), Keys.chord(COMMAND, "a")): Keys 'COMMAND + a' sent to object: 'Object Repository/Compare Scenarios/Input_Inflation'

2023-02-17 08:51:20 - [MESSAGE][PASSED] - Keys 'COMMAND + a' sent to object: 'Object Repository/Compare Scenarios/Input_Inflation'

2023-02-17 08:51:20 - [TEST_STEP][PASSED] - sendKeys(findTestObject("Object Repository/Compare Scenarios/Input_Inflation"), Keys.chord(DELETE)): Keys 'DELETE + ' sent to object: 'Object Repository/Compare Scenarios/Input_Inflation'

2023-02-17 08:51:21 - [MESSAGE][PASSED] - Keys 'DELETE + ' sent to object: 'Object Repository/Compare Scenarios/Input_Inflation'

2023-02-17 08:51:21 - [TEST_STEP][PASSED] - setText(findTestObject("Object Repository/Compare Scenarios/Input_Inflation"), "5"): Text '5' is set on object 'Object Repository/Compare Scenarios/Input_Inflation'

2023-02-17 08:51:22 - [MESSAGE][PASSED] - Text '5' is set on object 'Object Repository/Compare Scenarios/Input_Inflation'

2023-02-17 08:51:22 - [TEST_STEP][PASSED] - sendKeys(findTestObject("Object Repository/Compare Scenarios/Input_Inflation_2"), Keys.chord(COMMAND, "a")): Keys 'COMMAND + a' sent to object: 'Object Repository/Compare Scenarios/Input_Inflation_2'

2023-02-17 08:51:22 - [MESSAGE][PASSED] - Keys 'COMMAND + a' sent to object: 'Object Repository/Compare Scenarios/Input_Inflation_2'

2023-02-17 08:51:22 - [TEST_STEP][PASSED] - sendKeys(findTestObject("Object Repository/Compare Scenarios/Input_Inflation_2"), Keys.chord(DELETE)): Keys 'DELETE + ' sent to object: 'Object Repository/Compare Scenarios/Input_Inflation_2'

2023-02-17 08:51:23 - [MESSAGE][PASSED] - Keys 'DELETE + ' sent to object: 'Object Repository/Compare Scenarios/Input_Inflation_2'

2023-02-17 08:51:23 - [TEST_STEP][PASSED] - setText(findTestObject("Object Repository/Compare Scenarios/Input_Inflation_2"), "7"): Text '7' is set on object 'Object Repository/Compare Scenarios/Input_Inflation_2'

2023-02-17 08:51:23 - [MESSAGE][PASSED] - Text '7' is set on object 'Object Repository/Compare Scenarios/Input_Inflation_2'

2023-02-17 08:51:23 - [TEST_STEP][PASSED] - sendKeys(findTestObject("Object Repository/Compare Scenarios/Input_Inflation_3"), Keys.chord(COMMAND, "a")): Keys 'COMMAND + a' sent to object: 'Object Repository/Compare Scenarios/Input_Inflation_3'

2023-02-17 08:51:24 - [MESSAGE][PASSED] - Keys 'COMMAND + a' sent to object: 'Object Repository/Compare Scenarios/Input_Inflation_3'

2023-02-17 08:51:24 - [TEST_STEP][PASSED] - sendKeys(findTestObject("Object Repository/Compare Scenarios/Input_Inflation_3"), Keys.chord(DELETE)): Keys 'DELETE + ' sent to object: 'Object Repository/Compare Scenarios/Input_Inflation_3'

2023-02-17 08:51:24 - [MESSAGE][PASSED] - Keys 'DELETE + ' sent to object: 'Object Repository/Compare Scenarios/Input_Inflation_3'

2023-02-17 08:51:24 - [TEST_STEP][PASSED] - setText(findTestObject("Object Repository/Compare Scenarios/Input_Inflation_3"), "0"): Text '0' is set on object 'Object Repository/Compare Scenarios/Input_Inflation_3'

2023-02-17 08:51:25 - [MESSAGE][PASSED] - Text '0' is set on object 'Object Repository/Compare Scenarios/Input_Inflation_3'

2023-02-17 08:51:25 - [TEST_STEP][PASSED] - click(findTestObject("Object Repository/Compare Scenarios/div_Select layerPavement MaintenanceFilter _a98a8c")): Object: 'Object Repository/Compare Scenarios/div_Select layerPavement MaintenanceFilter _a98a8c' is clicked on

2023-02-17 08:51:26 - [MESSAGE][PASSED] - Object: 'Object Repository/Compare Scenarios/div_Select layerPavement MaintenanceFilter _a98a8c' is clicked on

2023-02-17 08:51:26 - [TEST_STEP][PASSED] - click(findTestObject("Object Repository/Compare Scenarios/span_Apply")): Object: 'Object Repository/Compare Scenarios/span_Apply' is clicked on

2023-02-17 08:51:26 - [MESSAGE][PASSED] - Object: 'Object Repository/Compare Scenarios/span_Apply' is clicked on

2023-02-17 08:51:26 - [TEST_STEP][PASSED] - delay(120): Delayed 120 second(s)

2023-02-17 08:53:26 - [MESSAGE][PASSED] - Delayed 120 second(s)

2023-02-17 08:53:26 - [TEST_STEP][PASSED] - click(findTestObject("Object Repository/Compare Scenarios/span_Compare")): Object: 'Object Repository/Compare Scenarios/span_Compare' is clicked on

2023-02-17 08:53:27 - [MESSAGE][PASSED] - Object: 'Object Repository/Compare Scenarios/span_Compare' is clicked on

2023-02-17 08:53:27 - [TEST_STEP][PASSED] - click(findTestObject("Compare Scenarios/div_Compare Scenario 1")): Object: 'Object Repository/Compare Scenarios/div_Compare Scenario 1' is clicked on

2023-02-17 08:53:29 - [MESSAGE][PASSED] - Object: 'Object Repository/Compare Scenarios/div_Compare Scenario 1' is clicked on

2023-02-17 08:53:29 - [TEST_STEP][PASSED] - click(findTestObject("Compare Scenarios/div_Compare Scenario 2")): Object: 'Object Repository/Compare Scenarios/div_Compare Scenario 2' is clicked on

2023-02-17 08:53:30 - [MESSAGE][PASSED] - Object: 'Object Repository/Compare Scenarios/div_Compare Scenario 2' is clicked on

2023-02-17 08:53:30 - [TEST_STEP][PASSED] - click(findTestObject("Compare Scenarios/div_Compare Scenario 3")): Object: 'Object Repository/Compare Scenarios/div_Compare Scenario 3' is clicked on

2023-02-17 08:53:31 - [MESSAGE][PASSED] - Object: 'Object Repository/Compare Scenarios/div_Compare Scenario 3' is clicked on

2023-02-17 08:53:31 - [TEST_STEP][PASSED] - click(findTestObject("Compare Scenarios/span_Compare_loadscreen")): Object: 'Object Repository/Compare Scenarios/span_Compare_loadscreen' is clicked on

2023-02-17 08:53:31 - [MESSAGE][PASSED] - Object: 'Object Repository/Compare Scenarios/span_Compare_loadscreen' is clicked on

2023-02-17 08:53:31 - [TEST_STEP][PASSED] - takeFullPageScreenshot(): Taking screenshot successfully

2023-02-17 08:53:32 - [MESSAGE][INFO] - 0 hidden object(s)

2023-02-17 08:53:33 - [MESSAGE][PASSED] - Taking screenshot successfully
[[ATTACHMENT|/Users/kashif/Downloads/Kashif/Katalon Studio/4.0_fresh/4.0 Fresh/Reports/20230217_085040/Compare Scenario_Tests/20230217_085041/1676606011673.png]]

2023-02-17 08:53:33 - [TEST_STEP][PASSED] - click(findTestObject("Object Repository/Compare Scenarios/button")): Object: 'Object Repository/Compare Scenarios/button' is clicked on

2023-02-17 08:53:34 - [MESSAGE][PASSED] - Object: 'Object Repository/Compare Scenarios/button' is clicked on

2023-02-17 08:53:34 - [TEST_STEP][PASSED] - click(findTestObject("Object Repository/Compare Scenarios/div_Save as JPEG")): Object: 'Object Repository/Compare Scenarios/div_Save as JPEG' is clicked on

2023-02-17 08:53:34 - [MESSAGE][PASSED] - Object: 'Object Repository/Compare Scenarios/div_Save as JPEG' is clicked on

2023-02-17 08:53:34 - [TEST_STEP][PASSED] - click(findTestObject("Compare Scenarios/span_Close")): Object: 'Object Repository/Compare Scenarios/span_Close' is clicked on

2023-02-17 08:53:35 - [MESSAGE][PASSED] - Object: 'Object Repository/Compare Scenarios/span_Close' is clicked on

2023-02-17 08:53:35 - [TEST_STEP][PASSED] - click(findTestObject("Object Repository/Compare Scenarios/span_Compare")): Object: 'Object Repository/Compare Scenarios/span_Compare' is clicked on

2023-02-17 08:53:36 - [MESSAGE][PASSED] - Object: 'Object Repository/Compare Scenarios/span_Compare' is clicked on

2023-02-17 08:53:36 - [TEST_STEP][PASSED] - click(findTestObject("Compare Scenarios/Delete_Scenario_1")): Object: 'Object Repository/Compare Scenarios/Delete_Scenario_1' is clicked on

2023-02-17 08:53:38 - [MESSAGE][PASSED] - Object: 'Object Repository/Compare Scenarios/Delete_Scenario_1' is clicked on

2023-02-17 08:53:38 - [TEST_STEP][PASSED] - click(findTestObject("Compare Scenarios/span_Yes")): Object: 'Object Repository/Compare Scenarios/span_Yes' is clicked on

2023-02-17 08:53:38 - [MESSAGE][PASSED] - Object: 'Object Repository/Compare Scenarios/span_Yes' is clicked on

2023-02-17 08:53:38 - [TEST_STEP][PASSED] - delay(3): Delayed 3 second(s)

2023-02-17 08:53:41 - [MESSAGE][PASSED] - Delayed 3 second(s)

2023-02-17 08:53:41 - [TEST_STEP][PASSED] - click(findTestObject("Compare Scenarios/Delete_Scenario_1")): Object: 'Object Repository/Compare Scenarios/Delete_Scenario_1' is clicked on

2023-02-17 08:53:42 - [MESSAGE][PASSED] - Object: 'Object Repository/Compare Scenarios/Delete_Scenario_1' is clicked on

2023-02-17 08:53:42 - [TEST_STEP][PASSED] - click(findTestObject("Compare Scenarios/span_Yes")): Object: 'Object Repository/Compare Scenarios/span_Yes' is clicked on

2023-02-17 08:53:42 - [MESSAGE][PASSED] - Object: 'Object Repository/Compare Scenarios/span_Yes' is clicked on

2023-02-17 08:53:42 - [TEST_STEP][PASSED] - delay(3): Delayed 3 second(s)

2023-02-17 08:53:45 - [MESSAGE][PASSED] - Delayed 3 second(s)

2023-02-17 08:53:45 - [TEST_STEP][PASSED] - click(findTestObject("Compare Scenarios/Delete_Scenario_1")): Object: 'Object Repository/Compare Scenarios/Delete_Scenario_1' is clicked on

2023-02-17 08:53:46 - [MESSAGE][PASSED] - Object: 'Object Repository/Compare Scenarios/Delete_Scenario_1' is clicked on

2023-02-17 08:53:46 - [TEST_STEP][PASSED] - click(findTestObject("Compare Scenarios/span_Yes")): Object: 'Object Repository/Compare Scenarios/span_Yes' is clicked on

2023-02-17 08:53:46 - [MESSAGE][PASSED] - Object: 'Object Repository/Compare Scenarios/span_Yes' is clicked on

2023-02-17 08:53:46 - [TEST_STEP][PASSED] - closeBrowser(): Browser is closed

2023-02-17 08:53:47 - [MESSAGE][PASSED] - Browser is closed]]></system-out>
         <system-err><![CDATA[]]></system-err>
      </testcase>
      <testcase name="Test Cases/GiS/Compare Scenarios/CS_Three_Budgets - Stage" time="14.618" classname="Test Cases/GiS/Compare Scenarios/CS_Three_Budgets - Stage" status="FAILED">
         <failure type="FAILED" message="Test Cases/GiS/Compare Scenarios/CS_Three_Budgets - Stage FAILED.
Reason:
com.kms.katalon.core.exception.StepFailedException: Unable to click on object 'Object Repository/Compare Scenarios/img_Budget Planner_rail-icon'
	at com.kms.katalon.core.webui.keyword.internal.WebUIKeywordMain.stepFailed(WebUIKeywordMain.groovy:64)
	at com.kms.katalon.core.webui.keyword.internal.WebUIKeywordMain.runKeyword(WebUIKeywordMain.groovy:26)
	at com.kms.katalon.core.webui.keyword.builtin.ClickKeyword.click(ClickKeyword.groovy:74)
	at com.kms.katalon.core.webui.keyword.builtin.ClickKeyword.execute(ClickKeyword.groovy:40)
	at com.kms.katalon.core.keyword.internal.KeywordExecutor.executeKeywordForPlatform(KeywordExecutor.groovy:74)
	at com.kms.katalon.core.webui.keyword.WebUiBuiltInKeywords.click(WebUiBuiltInKeywords.groovy:620)
	at com.kms.katalon.core.webui.keyword.WebUiBuiltInKeywords$click$1.call(Unknown Source)
	at CS_Three_Budgets - Stage.run(CS_Three_Budgets - Stage:26)
	at com.kms.katalon.core.main.ScriptEngine.run(ScriptEngine.java:194)
	at com.kms.katalon.core.main.ScriptEngine.runScriptAsRawText(ScriptEngine.java:119)
	at com.kms.katalon.core.main.TestCaseExecutor.runScript(TestCaseExecutor.java:448)
	at com.kms.katalon.core.main.TestCaseExecutor.doExecute(TestCaseExecutor.java:439)
	at com.kms.katalon.core.main.TestCaseExecutor.processExecutionPhase(TestCaseExecutor.java:418)
	at com.kms.katalon.core.main.TestCaseExecutor.accessMainPhase(TestCaseExecutor.java:410)
	at com.kms.katalon.core.main.TestCaseExecutor.execute(TestCaseExecutor.java:285)
	at com.kms.katalon.core.common.CommonExecutor.accessTestCaseMainPhase(CommonExecutor.java:65)
	at com.kms.katalon.core.main.TestSuiteExecutor.accessTestSuiteMainPhase(TestSuiteExecutor.java:151)
	at com.kms.katalon.core.main.TestSuiteExecutor.execute(TestSuiteExecutor.java:106)
	at com.kms.katalon.core.main.TestCaseMain.startTestSuite(TestCaseMain.java:185)
	at com.kms.katalon.core.main.TestCaseMain$startTestSuite$0.call(Unknown Source)
	at TempTestSuite1676605841938.run(TempTestSuite1676605841938.groovy:36)
Caused by: org.openqa.selenium.ElementNotInteractableException: element not interactable
  (Session info: chrome=110.0.5481.100)
Build info: version: '3.141.59', revision: 'e82be7d358', time: '2018-11-14T08:25:53'
System info: host: 'Kashifs-MacBook-Pro.local', ip: 'fe80:0:0:0:2a:e350:6cb0:c073%en0', os.name: 'Mac OS X', os.arch: 'x86_64', os.version: '10.16', java.version: '1.8.0_275'
Driver info: com.kms.katalon.selenium.driver.CChromeDriver
Capabilities {acceptInsecureCerts: false, browserName: chrome, browserVersion: 110.0.5481.100, chrome: {chromedriverVersion: 109.0.5414.74 (e7c5703604da..., userDataDir: /var/folders/d5/lp70b0s53sb...}, goog:chromeOptions: {debuggerAddress: localhost:62105}, javascriptEnabled: true, networkConnectionEnabled: false, pageLoadStrategy: normal, platform: MAC, platformName: MAC, proxy: Proxy(), setWindowRect: true, strictFileInteractability: false, timeouts: {implicit: 0, pageLoad: 300000, script: 30000}, unhandledPromptBehavior: dismiss and notify, webauthn:extension:credBlob: true, webauthn:extension:largeBlob: true, webauthn:virtualAuthenticators: true}
Session ID: 832b18329b918fb262598505c8a7774b
	at org.openqa.selenium.remote.http.W3CHttpResponseCodec.createException(W3CHttpResponseCodec.java:187)
	at org.openqa.selenium.remote.http.W3CHttpResponseCodec.decode(W3CHttpResponseCodec.java:122)
	at org.openqa.selenium.remote.http.W3CHttpResponseCodec.decode(W3CHttpResponseCodec.java:49)
	at org.openqa.selenium.remote.HttpCommandExecutor.execute(HttpCommandExecutor.java:158)
	at org.openqa.selenium.remote.service.DriverCommandExecutor.execute(DriverCommandExecutor.java:83)
	at org.openqa.selenium.remote.RemoteWebDriver.execute(RemoteWebDriver.java:552)
	at com.kms.katalon.selenium.driver.CChromeDriver.execute(CChromeDriver.java:19)
	at org.openqa.selenium.remote.RemoteWebElement.execute(RemoteWebElement.java:285)
	at org.openqa.selenium.remote.RemoteWebElement.click(RemoteWebElement.java:84)
	at org.openqa.selenium.support.events.EventFiringWebDriver$EventFiringWebElement.lambda$new$0(EventFiringWebDriver.java:404)
	at com.sun.proxy.$Proxy11.click(Unknown Source)
	at org.openqa.selenium.support.events.EventFiringWebDriver$EventFiringWebElement.click(EventFiringWebDriver.java:417)
	at org.openqa.selenium.WebElement$click.call(Unknown Source)
	at com.kms.katalon.core.webui.keyword.builtin.ClickKeyword.clickUntilSuccessWithTimeout(ClickKeyword.groovy:81)
	at com.kms.katalon.core.webui.keyword.builtin.ClickKeyword.clickUntilSuccessWithTimeout(ClickKeyword.groovy)
	at com.kms.katalon.core.webui.keyword.builtin.ClickKeyword$_click_closure1.doCall(ClickKeyword.groovy:67)
	at com.kms.katalon.core.webui.keyword.builtin.ClickKeyword$_click_closure1.call(ClickKeyword.groovy)
	at com.kms.katalon.core.webui.keyword.internal.WebUIKeywordMain.runKeyword(WebUIKeywordMain.groovy:20)
	... 19 more
"/>
         <system-out><![CDATA[2023-02-17 08:53:47 - [TEST_CASE][FAILED] - Test Cases/GiS/Compare Scenarios/CS_Three_Budgets - Stage: Test Cases/GiS/Compare Scenarios/CS_Three_Budgets - Stage FAILED.
Reason:
com.kms.katalon.core.exception.StepFailedException: Unable to click on object 'Object Repository/Compare Scenarios/img_Budget Planner_rail-icon'
	at com.kms.katalon.core.webui.keyword.internal.WebUIKeywordMain.stepFailed(WebUIKeywordMain.groovy:64)
	at com.kms.katalon.core.webui.keyword.internal.WebUIKeywordMain.runKeyword(WebUIKeywordMain.groovy:26)
	at com.kms.katalon.core.webui.keyword.builtin.ClickKeyword.click(ClickKeyword.groovy:74)
	at com.kms.katalon.core.webui.keyword.builtin.ClickKeyword.execute(ClickKeyword.groovy:40)
	at com.kms.katalon.core.keyword.internal.KeywordExecutor.executeKeywordForPlatform(KeywordExecutor.groovy:74)
	at com.kms.katalon.core.webui.keyword.WebUiBuiltInKeywords.click(WebUiBuiltInKeywords.groovy:620)
	at com.kms.katalon.core.webui.keyword.WebUiBuiltInKeywords$click$1.call(Unknown Source)
	at CS_Three_Budgets - Stage.run(CS_Three_Budgets - Stage:26)
	at com.kms.katalon.core.main.ScriptEngine.run(ScriptEngine.java:194)
	at com.kms.katalon.core.main.ScriptEngine.runScriptAsRawText(ScriptEngine.java:119)
	at com.kms.katalon.core.main.TestCaseExecutor.runScript(TestCaseExecutor.java:448)
	at com.kms.katalon.core.main.TestCaseExecutor.doExecute(TestCaseExecutor.java:439)
	at com.kms.katalon.core.main.TestCaseExecutor.processExecutionPhase(TestCaseExecutor.java:418)
	at com.kms.katalon.core.main.TestCaseExecutor.accessMainPhase(TestCaseExecutor.java:410)
	at com.kms.katalon.core.main.TestCaseExecutor.execute(TestCaseExecutor.java:285)
	at com.kms.katalon.core.common.CommonExecutor.accessTestCaseMainPhase(CommonExecutor.java:65)
	at com.kms.katalon.core.main.TestSuiteExecutor.accessTestSuiteMainPhase(TestSuiteExecutor.java:151)
	at com.kms.katalon.core.main.TestSuiteExecutor.execute(TestSuiteExecutor.java:106)
	at com.kms.katalon.core.main.TestCaseMain.startTestSuite(TestCaseMain.java:185)
	at com.kms.katalon.core.main.TestCaseMain$startTestSuite$0.call(Unknown Source)
	at TempTestSuite1676605841938.run(TempTestSuite1676605841938.groovy:36)
Caused by: org.openqa.selenium.ElementNotInteractableException: element not interactable
  (Session info: chrome=110.0.5481.100)
Build info: version: '3.141.59', revision: 'e82be7d358', time: '2018-11-14T08:25:53'
System info: host: 'Kashifs-MacBook-Pro.local', ip: 'fe80:0:0:0:2a:e350:6cb0:c073%en0', os.name: 'Mac OS X', os.arch: 'x86_64', os.version: '10.16', java.version: '1.8.0_275'
Driver info: com.kms.katalon.selenium.driver.CChromeDriver
Capabilities {acceptInsecureCerts: false, browserName: chrome, browserVersion: 110.0.5481.100, chrome: {chromedriverVersion: 109.0.5414.74 (e7c5703604da..., userDataDir: /var/folders/d5/lp70b0s53sb...}, goog:chromeOptions: {debuggerAddress: localhost:62105}, javascriptEnabled: true, networkConnectionEnabled: false, pageLoadStrategy: normal, platform: MAC, platformName: MAC, proxy: Proxy(), setWindowRect: true, strictFileInteractability: false, timeouts: {implicit: 0, pageLoad: 300000, script: 30000}, unhandledPromptBehavior: dismiss and notify, webauthn:extension:credBlob: true, webauthn:extension:largeBlob: true, webauthn:virtualAuthenticators: true}
Session ID: 832b18329b918fb262598505c8a7774b
	at org.openqa.selenium.remote.http.W3CHttpResponseCodec.createException(W3CHttpResponseCodec.java:187)
	at org.openqa.selenium.remote.http.W3CHttpResponseCodec.decode(W3CHttpResponseCodec.java:122)
	at org.openqa.selenium.remote.http.W3CHttpResponseCodec.decode(W3CHttpResponseCodec.java:49)
	at org.openqa.selenium.remote.HttpCommandExecutor.execute(HttpCommandExecutor.java:158)
	at org.openqa.selenium.remote.service.DriverCommandExecutor.execute(DriverCommandExecutor.java:83)
	at org.openqa.selenium.remote.RemoteWebDriver.execute(RemoteWebDriver.java:552)
	at com.kms.katalon.selenium.driver.CChromeDriver.execute(CChromeDriver.java:19)
	at org.openqa.selenium.remote.RemoteWebElement.execute(RemoteWebElement.java:285)
	at org.openqa.selenium.remote.RemoteWebElement.click(RemoteWebElement.java:84)
	at org.openqa.selenium.support.events.EventFiringWebDriver$EventFiringWebElement.lambda$new$0(EventFiringWebDriver.java:404)
	at com.sun.proxy.$Proxy11.click(Unknown Source)
	at org.openqa.selenium.support.events.EventFiringWebDriver$EventFiringWebElement.click(EventFiringWebDriver.java:417)
	at org.openqa.selenium.WebElement$click.call(Unknown Source)
	at com.kms.katalon.core.webui.keyword.builtin.ClickKeyword.clickUntilSuccessWithTimeout(ClickKeyword.groovy:81)
	at com.kms.katalon.core.webui.keyword.builtin.ClickKeyword.clickUntilSuccessWithTimeout(ClickKeyword.groovy)
	at com.kms.katalon.core.webui.keyword.builtin.ClickKeyword$_click_closure1.doCall(ClickKeyword.groovy:67)
	at com.kms.katalon.core.webui.keyword.builtin.ClickKeyword$_click_closure1.call(ClickKeyword.groovy)
	at com.kms.katalon.core.webui.keyword.internal.WebUIKeywordMain.runKeyword(WebUIKeywordMain.groovy:20)
	... 19 more


2023-02-17 08:53:47 - [TEST_STEP][PASSED] - openBrowser(""): Browser is opened with url: ''

2023-02-17 08:53:47 - [MESSAGE][INFO] - Starting 'Chrome' driver

2023-02-17 08:53:47 - [MESSAGE][INFO] - Action delay is set to 0 milliseconds

2023-02-17 08:53:48 - [MESSAGE][PASSED] - Browser is opened with url: ''

2023-02-17 08:53:48 - [TEST_STEP][PASSED] - navigateToUrl("https://streetlogix-gis-slx4-develop.vercel.app/?config=64077fc938af4bcc9a46a81d8f4e5576&token=eyJhbGciOiJIUzI1NiIsInR5cCI6IkpXVCJ9.eyJpZCI6OTc2LCJuYW1lIjoiU29oYWliIE5laGFsIiwiZXhwIjoxNjc4NzI5ODk0LCJpYXQiOjE2NzYxMzc4OTR9.UHfOiNtJ_le0VZsenXiPbH0qUWaL-Iey0ptbA6Kalco&url=https://slx4-dev-server.herokuapp.com&config=configadmin.json"): Navigate to 'https://streetlogix-gis-slx4-develop.vercel.app/?config=64077fc938af4bcc9a46a81d8f4e5576&token=eyJhbGciOiJIUzI1NiIsInR5cCI6IkpXVCJ9.eyJpZCI6OTc2LCJuYW1lIjoiU29oYWliIE5laGFsIiwiZXhwIjoxNjc4NzI5ODk0LCJpYXQiOjE2NzYxMzc4OTR9.UHfOiNtJ_le0VZsenXiPbH0qUWaL-Iey0ptbA6Kalco&url=https://slx4-dev-server.herokuapp.com&config=configadmin.json' successfully

2023-02-17 08:53:50 - [MESSAGE][PASSED] - Navigate to 'https://streetlogix-gis-slx4-develop.vercel.app/?config=64077fc938af4bcc9a46a81d8f4e5576&token=eyJhbGciOiJIUzI1NiIsInR5cCI6IkpXVCJ9.eyJpZCI6OTc2LCJuYW1lIjoiU29oYWliIE5laGFsIiwiZXhwIjoxNjc4NzI5ODk0LCJpYXQiOjE2NzYxMzc4OTR9.UHfOiNtJ_le0VZsenXiPbH0qUWaL-Iey0ptbA6Kalco&url=https://slx4-dev-server.herokuapp.com&config=configadmin.json' successfully

2023-02-17 08:53:50 - [TEST_STEP][PASSED] - click(findTestObject("Object Repository/Compare Scenarios/img_Filter_rail-icon")): Object: 'Object Repository/Compare Scenarios/img_Filter_rail-icon' is clicked on

2023-02-17 08:53:57 - [MESSAGE][PASSED] - Object: 'Object Repository/Compare Scenarios/img_Filter_rail-icon' is clicked on

2023-02-17 08:53:57 - [TEST_STEP][FAILED] - click(findTestObject("Object Repository/Compare Scenarios/img_Budget Planner_rail-icon")): Unable to click on object 'Object Repository/Compare Scenarios/img_Budget Planner_rail-icon' (Root cause: com.kms.katalon.core.exception.StepFailedException: Unable to click on object 'Object Repository/Compare Scenarios/img_Budget Planner_rail-icon'
	at com.kms.katalon.core.webui.keyword.internal.WebUIKeywordMain.stepFailed(WebUIKeywordMain.groovy:64)
	at com.kms.katalon.core.webui.keyword.internal.WebUIKeywordMain.runKeyword(WebUIKeywordMain.groovy:26)
	at com.kms.katalon.core.webui.keyword.builtin.ClickKeyword.click(ClickKeyword.groovy:74)
	at com.kms.katalon.core.webui.keyword.builtin.ClickKeyword.execute(ClickKeyword.groovy:40)
	at com.kms.katalon.core.keyword.internal.KeywordExecutor.executeKeywordForPlatform(KeywordExecutor.groovy:74)
	at com.kms.katalon.core.webui.keyword.WebUiBuiltInKeywords.click(WebUiBuiltInKeywords.groovy:620)
	at com.kms.katalon.core.webui.keyword.WebUiBuiltInKeywords$click$1.call(Unknown Source)
	at CS_Three_Budgets - Stage.run(CS_Three_Budgets - Stage:26)
	at com.kms.katalon.core.main.ScriptEngine.run(ScriptEngine.java:194)
	at com.kms.katalon.core.main.ScriptEngine.runScriptAsRawText(ScriptEngine.java:119)
	at com.kms.katalon.core.main.TestCaseExecutor.runScript(TestCaseExecutor.java:448)
	at com.kms.katalon.core.main.TestCaseExecutor.doExecute(TestCaseExecutor.java:439)
	at com.kms.katalon.core.main.TestCaseExecutor.processExecutionPhase(TestCaseExecutor.java:418)
	at com.kms.katalon.core.main.TestCaseExecutor.accessMainPhase(TestCaseExecutor.java:410)
	at com.kms.katalon.core.main.TestCaseExecutor.execute(TestCaseExecutor.java:285)
	at com.kms.katalon.core.common.CommonExecutor.accessTestCaseMainPhase(CommonExecutor.java:65)
	at com.kms.katalon.core.main.TestSuiteExecutor.accessTestSuiteMainPhase(TestSuiteExecutor.java:151)
	at com.kms.katalon.core.main.TestSuiteExecutor.execute(TestSuiteExecutor.java:106)
	at com.kms.katalon.core.main.TestCaseMain.startTestSuite(TestCaseMain.java:185)
	at com.kms.katalon.core.main.TestCaseMain$startTestSuite$0.call(Unknown Source)
	at TempTestSuite1676605841938.run(TempTestSuite1676605841938.groovy:36)
Caused by: org.openqa.selenium.ElementNotInteractableException: element not interactable
  (Session info: chrome=110.0.5481.100)
Build info: version: '3.141.59', revision: 'e82be7d358', time: '2018-11-14T08:25:53'
System info: host: 'Kashifs-MacBook-Pro.local', ip: 'fe80:0:0:0:2a:e350:6cb0:c073%en0', os.name: 'Mac OS X', os.arch: 'x86_64', os.version: '10.16', java.version: '1.8.0_275'
Driver info: com.kms.katalon.selenium.driver.CChromeDriver
Capabilities {acceptInsecureCerts: false, browserName: chrome, browserVersion: 110.0.5481.100, chrome: {chromedriverVersion: 109.0.5414.74 (e7c5703604da..., userDataDir: /var/folders/d5/lp70b0s53sb...}, goog:chromeOptions: {debuggerAddress: localhost:62105}, javascriptEnabled: true, networkConnectionEnabled: false, pageLoadStrategy: normal, platform: MAC, platformName: MAC, proxy: Proxy(), setWindowRect: true, strictFileInteractability: false, timeouts: {implicit: 0, pageLoad: 300000, script: 30000}, unhandledPromptBehavior: dismiss and notify, webauthn:extension:credBlob: true, webauthn:extension:largeBlob: true, webauthn:virtualAuthenticators: true}
Session ID: 832b18329b918fb262598505c8a7774b
	at org.openqa.selenium.remote.http.W3CHttpResponseCodec.createException(W3CHttpResponseCodec.java:187)
	at org.openqa.selenium.remote.http.W3CHttpResponseCodec.decode(W3CHttpResponseCodec.java:122)
	at org.openqa.selenium.remote.http.W3CHttpResponseCodec.decode(W3CHttpResponseCodec.java:49)
	at org.openqa.selenium.remote.HttpCommandExecutor.execute(HttpCommandExecutor.java:158)
	at org.openqa.selenium.remote.service.DriverCommandExecutor.execute(DriverCommandExecutor.java:83)
	at org.openqa.selenium.remote.RemoteWebDriver.execute(RemoteWebDriver.java:552)
	at com.kms.katalon.selenium.driver.CChromeDriver.execute(CChromeDriver.java:19)
	at org.openqa.selenium.remote.RemoteWebElement.execute(RemoteWebElement.java:285)
	at org.openqa.selenium.remote.RemoteWebElement.click(RemoteWebElement.java:84)
	at org.openqa.selenium.support.events.EventFiringWebDriver$EventFiringWebElement.lambda$new$0(EventFiringWebDriver.java:404)
	at com.sun.proxy.$Proxy11.click(Unknown Source)
	at org.openqa.selenium.support.events.EventFiringWebDriver$EventFiringWebElement.click(EventFiringWebDriver.java:417)
	at org.openqa.selenium.WebElement$click.call(Unknown Source)
	at com.kms.katalon.core.webui.keyword.builtin.ClickKeyword.clickUntilSuccessWithTimeout(ClickKeyword.groovy:81)
	at com.kms.katalon.core.webui.keyword.builtin.ClickKeyword.clickUntilSuccessWithTimeout(ClickKeyword.groovy)
	at com.kms.katalon.core.webui.keyword.builtin.ClickKeyword$_click_closure1.doCall(ClickKeyword.groovy:67)
	at com.kms.katalon.core.webui.keyword.builtin.ClickKeyword$_click_closure1.call(ClickKeyword.groovy)
	at com.kms.katalon.core.webui.keyword.internal.WebUIKeywordMain.runKeyword(WebUIKeywordMain.groovy:20)
	at com.kms.katalon.core.webui.keyword.builtin.ClickKeyword.click(ClickKeyword.groovy:74)
	at com.kms.katalon.core.webui.keyword.builtin.ClickKeyword.execute(ClickKeyword.groovy:40)
	at com.kms.katalon.core.keyword.internal.KeywordExecutor.executeKeywordForPlatform(KeywordExecutor.groovy:74)
	at com.kms.katalon.core.webui.keyword.WebUiBuiltInKeywords.click(WebUiBuiltInKeywords.groovy:620)
	at com.kms.katalon.core.webui.keyword.WebUiBuiltInKeywords$click$1.call(Unknown Source)
	at Script1676604267300.run(Script1676604267300.groovy:26)
	... 13 more
)

2023-02-17 08:54:01 - [MESSAGE][FAILED] - Unable to click on object 'Object Repository/Compare Scenarios/img_Budget Planner_rail-icon' (Root cause: com.kms.katalon.core.exception.StepFailedException: Unable to click on object 'Object Repository/Compare Scenarios/img_Budget Planner_rail-icon'
	at com.kms.katalon.core.webui.keyword.internal.WebUIKeywordMain.stepFailed(WebUIKeywordMain.groovy:64)
	at com.kms.katalon.core.webui.keyword.internal.WebUIKeywordMain.runKeyword(WebUIKeywordMain.groovy:26)
	at com.kms.katalon.core.webui.keyword.builtin.ClickKeyword.click(ClickKeyword.groovy:74)
	at com.kms.katalon.core.webui.keyword.builtin.ClickKeyword.execute(ClickKeyword.groovy:40)
	at com.kms.katalon.core.keyword.internal.KeywordExecutor.executeKeywordForPlatform(KeywordExecutor.groovy:74)
	at com.kms.katalon.core.webui.keyword.WebUiBuiltInKeywords.click(WebUiBuiltInKeywords.groovy:620)
	at com.kms.katalon.core.webui.keyword.WebUiBuiltInKeywords$click$1.call(Unknown Source)
	at CS_Three_Budgets - Stage.run(CS_Three_Budgets - Stage:26)
	at com.kms.katalon.core.main.ScriptEngine.run(ScriptEngine.java:194)
	at com.kms.katalon.core.main.ScriptEngine.runScriptAsRawText(ScriptEngine.java:119)
	at com.kms.katalon.core.main.TestCaseExecutor.runScript(TestCaseExecutor.java:448)
	at com.kms.katalon.core.main.TestCaseExecutor.doExecute(TestCaseExecutor.java:439)
	at com.kms.katalon.core.main.TestCaseExecutor.processExecutionPhase(TestCaseExecutor.java:418)
	at com.kms.katalon.core.main.TestCaseExecutor.accessMainPhase(TestCaseExecutor.java:410)
	at com.kms.katalon.core.main.TestCaseExecutor.execute(TestCaseExecutor.java:285)
	at com.kms.katalon.core.common.CommonExecutor.accessTestCaseMainPhase(CommonExecutor.java:65)
	at com.kms.katalon.core.main.TestSuiteExecutor.accessTestSuiteMainPhase(TestSuiteExecutor.java:151)
	at com.kms.katalon.core.main.TestSuiteExecutor.execute(TestSuiteExecutor.java:106)
	at com.kms.katalon.core.main.TestCaseMain.startTestSuite(TestCaseMain.java:185)
	at com.kms.katalon.core.main.TestCaseMain$startTestSuite$0.call(Unknown Source)
	at TempTestSuite1676605841938.run(TempTestSuite1676605841938.groovy:36)
Caused by: org.openqa.selenium.ElementNotInteractableException: element not interactable
  (Session info: chrome=110.0.5481.100)
Build info: version: '3.141.59', revision: 'e82be7d358', time: '2018-11-14T08:25:53'
System info: host: 'Kashifs-MacBook-Pro.local', ip: 'fe80:0:0:0:2a:e350:6cb0:c073%en0', os.name: 'Mac OS X', os.arch: 'x86_64', os.version: '10.16', java.version: '1.8.0_275'
Driver info: com.kms.katalon.selenium.driver.CChromeDriver
Capabilities {acceptInsecureCerts: false, browserName: chrome, browserVersion: 110.0.5481.100, chrome: {chromedriverVersion: 109.0.5414.74 (e7c5703604da..., userDataDir: /var/folders/d5/lp70b0s53sb...}, goog:chromeOptions: {debuggerAddress: localhost:62105}, javascriptEnabled: true, networkConnectionEnabled: false, pageLoadStrategy: normal, platform: MAC, platformName: MAC, proxy: Proxy(), setWindowRect: true, strictFileInteractability: false, timeouts: {implicit: 0, pageLoad: 300000, script: 30000}, unhandledPromptBehavior: dismiss and notify, webauthn:extension:credBlob: true, webauthn:extension:largeBlob: true, webauthn:virtualAuthenticators: true}
Session ID: 832b18329b918fb262598505c8a7774b
	at org.openqa.selenium.remote.http.W3CHttpResponseCodec.createException(W3CHttpResponseCodec.java:187)
	at org.openqa.selenium.remote.http.W3CHttpResponseCodec.decode(W3CHttpResponseCodec.java:122)
	at org.openqa.selenium.remote.http.W3CHttpResponseCodec.decode(W3CHttpResponseCodec.java:49)
	at org.openqa.selenium.remote.HttpCommandExecutor.execute(HttpCommandExecutor.java:158)
	at org.openqa.selenium.remote.service.DriverCommandExecutor.execute(DriverCommandExecutor.java:83)
	at org.openqa.selenium.remote.RemoteWebDriver.execute(RemoteWebDriver.java:552)
	at com.kms.katalon.selenium.driver.CChromeDriver.execute(CChromeDriver.java:19)
	at org.openqa.selenium.remote.RemoteWebElement.execute(RemoteWebElement.java:285)
	at org.openqa.selenium.remote.RemoteWebElement.click(RemoteWebElement.java:84)
	at org.openqa.selenium.support.events.EventFiringWebDriver$EventFiringWebElement.lambda$new$0(EventFiringWebDriver.java:404)
	at com.sun.proxy.$Proxy11.click(Unknown Source)
	at org.openqa.selenium.support.events.EventFiringWebDriver$EventFiringWebElement.click(EventFiringWebDriver.java:417)
	at org.openqa.selenium.WebElement$click.call(Unknown Source)
	at com.kms.katalon.core.webui.keyword.builtin.ClickKeyword.clickUntilSuccessWithTimeout(ClickKeyword.groovy:81)
	at com.kms.katalon.core.webui.keyword.builtin.ClickKeyword.clickUntilSuccessWithTimeout(ClickKeyword.groovy)
	at com.kms.katalon.core.webui.keyword.builtin.ClickKeyword$_click_closure1.doCall(ClickKeyword.groovy:67)
	at com.kms.katalon.core.webui.keyword.builtin.ClickKeyword$_click_closure1.call(ClickKeyword.groovy)
	at com.kms.katalon.core.webui.keyword.internal.WebUIKeywordMain.runKeyword(WebUIKeywordMain.groovy:20)
	at com.kms.katalon.core.webui.keyword.builtin.ClickKeyword.click(ClickKeyword.groovy:74)
	at com.kms.katalon.core.webui.keyword.builtin.ClickKeyword.execute(ClickKeyword.groovy:40)
	at com.kms.katalon.core.keyword.internal.KeywordExecutor.executeKeywordForPlatform(KeywordExecutor.groovy:74)
	at com.kms.katalon.core.webui.keyword.WebUiBuiltInKeywords.click(WebUiBuiltInKeywords.groovy:620)
	at com.kms.katalon.core.webui.keyword.WebUiBuiltInKeywords$click$1.call(Unknown Source)
	at Script1676604267300.run(Script1676604267300.groovy:26)
	... 13 more
)
[[ATTACHMENT|/Users/kashif/Downloads/Kashif/Katalon Studio/4.0_fresh/4.0 Fresh/Reports/20230217_085040/Compare Scenario_Tests/20230217_085041/1676606040817.png]]]]></system-out>
         <system-err><![CDATA[2023-02-17 08:53:47 - [TEST_CASE][FAILED] - Test Cases/GiS/Compare Scenarios/CS_Three_Budgets - Stage: Test Cases/GiS/Compare Scenarios/CS_Three_Budgets - Stage FAILED.
Reason:
com.kms.katalon.core.exception.StepFailedException: Unable to click on object 'Object Repository/Compare Scenarios/img_Budget Planner_rail-icon'
	at com.kms.katalon.core.webui.keyword.internal.WebUIKeywordMain.stepFailed(WebUIKeywordMain.groovy:64)
	at com.kms.katalon.core.webui.keyword.internal.WebUIKeywordMain.runKeyword(WebUIKeywordMain.groovy:26)
	at com.kms.katalon.core.webui.keyword.builtin.ClickKeyword.click(ClickKeyword.groovy:74)
	at com.kms.katalon.core.webui.keyword.builtin.ClickKeyword.execute(ClickKeyword.groovy:40)
	at com.kms.katalon.core.keyword.internal.KeywordExecutor.executeKeywordForPlatform(KeywordExecutor.groovy:74)
	at com.kms.katalon.core.webui.keyword.WebUiBuiltInKeywords.click(WebUiBuiltInKeywords.groovy:620)
	at com.kms.katalon.core.webui.keyword.WebUiBuiltInKeywords$click$1.call(Unknown Source)
	at CS_Three_Budgets - Stage.run(CS_Three_Budgets - Stage:26)
	at com.kms.katalon.core.main.ScriptEngine.run(ScriptEngine.java:194)
	at com.kms.katalon.core.main.ScriptEngine.runScriptAsRawText(ScriptEngine.java:119)
	at com.kms.katalon.core.main.TestCaseExecutor.runScript(TestCaseExecutor.java:448)
	at com.kms.katalon.core.main.TestCaseExecutor.doExecute(TestCaseExecutor.java:439)
	at com.kms.katalon.core.main.TestCaseExecutor.processExecutionPhase(TestCaseExecutor.java:418)
	at com.kms.katalon.core.main.TestCaseExecutor.accessMainPhase(TestCaseExecutor.java:410)
	at com.kms.katalon.core.main.TestCaseExecutor.execute(TestCaseExecutor.java:285)
	at com.kms.katalon.core.common.CommonExecutor.accessTestCaseMainPhase(CommonExecutor.java:65)
	at com.kms.katalon.core.main.TestSuiteExecutor.accessTestSuiteMainPhase(TestSuiteExecutor.java:151)
	at com.kms.katalon.core.main.TestSuiteExecutor.execute(TestSuiteExecutor.java:106)
	at com.kms.katalon.core.main.TestCaseMain.startTestSuite(TestCaseMain.java:185)
	at com.kms.katalon.core.main.TestCaseMain$startTestSuite$0.call(Unknown Source)
	at TempTestSuite1676605841938.run(TempTestSuite1676605841938.groovy:36)
Caused by: org.openqa.selenium.ElementNotInteractableException: element not interactable
  (Session info: chrome=110.0.5481.100)
Build info: version: '3.141.59', revision: 'e82be7d358', time: '2018-11-14T08:25:53'
System info: host: 'Kashifs-MacBook-Pro.local', ip: 'fe80:0:0:0:2a:e350:6cb0:c073%en0', os.name: 'Mac OS X', os.arch: 'x86_64', os.version: '10.16', java.version: '1.8.0_275'
Driver info: com.kms.katalon.selenium.driver.CChromeDriver
Capabilities {acceptInsecureCerts: false, browserName: chrome, browserVersion: 110.0.5481.100, chrome: {chromedriverVersion: 109.0.5414.74 (e7c5703604da..., userDataDir: /var/folders/d5/lp70b0s53sb...}, goog:chromeOptions: {debuggerAddress: localhost:62105}, javascriptEnabled: true, networkConnectionEnabled: false, pageLoadStrategy: normal, platform: MAC, platformName: MAC, proxy: Proxy(), setWindowRect: true, strictFileInteractability: false, timeouts: {implicit: 0, pageLoad: 300000, script: 30000}, unhandledPromptBehavior: dismiss and notify, webauthn:extension:credBlob: true, webauthn:extension:largeBlob: true, webauthn:virtualAuthenticators: true}
Session ID: 832b18329b918fb262598505c8a7774b
	at org.openqa.selenium.remote.http.W3CHttpResponseCodec.createException(W3CHttpResponseCodec.java:187)
	at org.openqa.selenium.remote.http.W3CHttpResponseCodec.decode(W3CHttpResponseCodec.java:122)
	at org.openqa.selenium.remote.http.W3CHttpResponseCodec.decode(W3CHttpResponseCodec.java:49)
	at org.openqa.selenium.remote.HttpCommandExecutor.execute(HttpCommandExecutor.java:158)
	at org.openqa.selenium.remote.service.DriverCommandExecutor.execute(DriverCommandExecutor.java:83)
	at org.openqa.selenium.remote.RemoteWebDriver.execute(RemoteWebDriver.java:552)
	at com.kms.katalon.selenium.driver.CChromeDriver.execute(CChromeDriver.java:19)
	at org.openqa.selenium.remote.RemoteWebElement.execute(RemoteWebElement.java:285)
	at org.openqa.selenium.remote.RemoteWebElement.click(RemoteWebElement.java:84)
	at org.openqa.selenium.support.events.EventFiringWebDriver$EventFiringWebElement.lambda$new$0(EventFiringWebDriver.java:404)
	at com.sun.proxy.$Proxy11.click(Unknown Source)
	at org.openqa.selenium.support.events.EventFiringWebDriver$EventFiringWebElement.click(EventFiringWebDriver.java:417)
	at org.openqa.selenium.WebElement$click.call(Unknown Source)
	at com.kms.katalon.core.webui.keyword.builtin.ClickKeyword.clickUntilSuccessWithTimeout(ClickKeyword.groovy:81)
	at com.kms.katalon.core.webui.keyword.builtin.ClickKeyword.clickUntilSuccessWithTimeout(ClickKeyword.groovy)
	at com.kms.katalon.core.webui.keyword.builtin.ClickKeyword$_click_closure1.doCall(ClickKeyword.groovy:67)
	at com.kms.katalon.core.webui.keyword.builtin.ClickKeyword$_click_closure1.call(ClickKeyword.groovy)
	at com.kms.katalon.core.webui.keyword.internal.WebUIKeywordMain.runKeyword(WebUIKeywordMain.groovy:20)
	... 19 more]]></system-err>
      </testcase>
      <testcase name="Test Cases/GiS/Compare Scenarios/CS_Three_Budgets_Sidewalk_PROD" time="220.712" classname="Test Cases/GiS/Compare Scenarios/CS_Three_Budgets_Sidewalk_PROD" status="FAILED">
         <failure type="FAILED" message="Test Cases/GiS/Compare Scenarios/CS_Three_Budgets_Sidewalk_PROD FAILED.
Reason:
com.kms.katalon.core.exception.StepFailedException: Unable to click on object 'Object Repository/Compare Scenarios/div_Compare Scenario 1'
	at com.kms.katalon.core.webui.keyword.internal.WebUIKeywordMain.stepFailed(WebUIKeywordMain.groovy:64)
	at com.kms.katalon.core.webui.keyword.internal.WebUIKeywordMain.runKeyword(WebUIKeywordMain.groovy:26)
	at com.kms.katalon.core.webui.keyword.builtin.ClickKeyword.click(ClickKeyword.groovy:74)
	at com.kms.katalon.core.webui.keyword.builtin.ClickKeyword.execute(ClickKeyword.groovy:40)
	at com.kms.katalon.core.keyword.internal.KeywordExecutor.executeKeywordForPlatform(KeywordExecutor.groovy:74)
	at com.kms.katalon.core.webui.keyword.WebUiBuiltInKeywords.click(WebUiBuiltInKeywords.groovy:620)
	at com.kms.katalon.core.webui.keyword.WebUiBuiltInKeywords$click$1.call(Unknown Source)
	at CS_Three_Budgets_Sidewalk_PROD.run(CS_Three_Budgets_Sidewalk_PROD:95)
	at com.kms.katalon.core.main.ScriptEngine.run(ScriptEngine.java:194)
	at com.kms.katalon.core.main.ScriptEngine.runScriptAsRawText(ScriptEngine.java:119)
	at com.kms.katalon.core.main.TestCaseExecutor.runScript(TestCaseExecutor.java:448)
	at com.kms.katalon.core.main.TestCaseExecutor.doExecute(TestCaseExecutor.java:439)
	at com.kms.katalon.core.main.TestCaseExecutor.processExecutionPhase(TestCaseExecutor.java:418)
	at com.kms.katalon.core.main.TestCaseExecutor.accessMainPhase(TestCaseExecutor.java:410)
	at com.kms.katalon.core.main.TestCaseExecutor.execute(TestCaseExecutor.java:285)
	at com.kms.katalon.core.common.CommonExecutor.accessTestCaseMainPhase(CommonExecutor.java:65)
	at com.kms.katalon.core.main.TestSuiteExecutor.accessTestSuiteMainPhase(TestSuiteExecutor.java:151)
	at com.kms.katalon.core.main.TestSuiteExecutor.execute(TestSuiteExecutor.java:106)
	at com.kms.katalon.core.main.TestCaseMain.startTestSuite(TestCaseMain.java:185)
	at com.kms.katalon.core.main.TestCaseMain$startTestSuite$0.call(Unknown Source)
	at TempTestSuite1676605841938.run(TempTestSuite1676605841938.groovy:36)
Caused by: org.openqa.selenium.ElementNotInteractableException: element not interactable
  (Session info: chrome=110.0.5481.100)
Build info: version: '3.141.59', revision: 'e82be7d358', time: '2018-11-14T08:25:53'
System info: host: 'Kashifs-MacBook-Pro.local', ip: 'fe80:0:0:0:2a:e350:6cb0:c073%en0', os.name: 'Mac OS X', os.arch: 'x86_64', os.version: '10.16', java.version: '1.8.0_275'
Driver info: com.kms.katalon.selenium.driver.CChromeDriver
Capabilities {acceptInsecureCerts: false, browserName: chrome, browserVersion: 110.0.5481.100, chrome: {chromedriverVersion: 109.0.5414.74 (e7c5703604da..., userDataDir: /var/folders/d5/lp70b0s53sb...}, goog:chromeOptions: {debuggerAddress: localhost:62287}, javascriptEnabled: true, networkConnectionEnabled: false, pageLoadStrategy: normal, platform: MAC, platformName: MAC, proxy: Proxy(), setWindowRect: true, strictFileInteractability: false, timeouts: {implicit: 0, pageLoad: 300000, script: 30000}, unhandledPromptBehavior: dismiss and notify, webauthn:extension:credBlob: true, webauthn:extension:largeBlob: true, webauthn:virtualAuthenticators: true}
Session ID: 0c86c4efc0cf16ad9ac4398f2dc93d3d
	at org.openqa.selenium.remote.http.W3CHttpResponseCodec.createException(W3CHttpResponseCodec.java:187)
	at org.openqa.selenium.remote.http.W3CHttpResponseCodec.decode(W3CHttpResponseCodec.java:122)
	at org.openqa.selenium.remote.http.W3CHttpResponseCodec.decode(W3CHttpResponseCodec.java:49)
	at org.openqa.selenium.remote.HttpCommandExecutor.execute(HttpCommandExecutor.java:158)
	at org.openqa.selenium.remote.service.DriverCommandExecutor.execute(DriverCommandExecutor.java:83)
	at org.openqa.selenium.remote.RemoteWebDriver.execute(RemoteWebDriver.java:552)
	at com.kms.katalon.selenium.driver.CChromeDriver.execute(CChromeDriver.java:19)
	at org.openqa.selenium.remote.RemoteWebElement.execute(RemoteWebElement.java:285)
	at org.openqa.selenium.remote.RemoteWebElement.click(RemoteWebElement.java:84)
	at org.openqa.selenium.support.events.EventFiringWebDriver$EventFiringWebElement.lambda$new$0(EventFiringWebDriver.java:404)
	at com.sun.proxy.$Proxy11.click(Unknown Source)
	at org.openqa.selenium.support.events.EventFiringWebDriver$EventFiringWebElement.click(EventFiringWebDriver.java:417)
	at org.openqa.selenium.WebElement$click.call(Unknown Source)
	at com.kms.katalon.core.webui.keyword.builtin.ClickKeyword.clickUntilSuccessWithTimeout(ClickKeyword.groovy:81)
	at com.kms.katalon.core.webui.keyword.builtin.ClickKeyword.clickUntilSuccessWithTimeout(ClickKeyword.groovy)
	at com.kms.katalon.core.webui.keyword.builtin.ClickKeyword$_click_closure1.doCall(ClickKeyword.groovy:67)
	at com.kms.katalon.core.webui.keyword.builtin.ClickKeyword$_click_closure1.call(ClickKeyword.groovy)
	at com.kms.katalon.core.webui.keyword.internal.WebUIKeywordMain.runKeyword(WebUIKeywordMain.groovy:20)
	... 19 more
"/>
         <system-out><![CDATA[2023-02-17 08:54:01 - [TEST_CASE][FAILED] - Test Cases/GiS/Compare Scenarios/CS_Three_Budgets_Sidewalk_PROD: Test Cases/GiS/Compare Scenarios/CS_Three_Budgets_Sidewalk_PROD FAILED.
Reason:
com.kms.katalon.core.exception.StepFailedException: Unable to click on object 'Object Repository/Compare Scenarios/div_Compare Scenario 1'
	at com.kms.katalon.core.webui.keyword.internal.WebUIKeywordMain.stepFailed(WebUIKeywordMain.groovy:64)
	at com.kms.katalon.core.webui.keyword.internal.WebUIKeywordMain.runKeyword(WebUIKeywordMain.groovy:26)
	at com.kms.katalon.core.webui.keyword.builtin.ClickKeyword.click(ClickKeyword.groovy:74)
	at com.kms.katalon.core.webui.keyword.builtin.ClickKeyword.execute(ClickKeyword.groovy:40)
	at com.kms.katalon.core.keyword.internal.KeywordExecutor.executeKeywordForPlatform(KeywordExecutor.groovy:74)
	at com.kms.katalon.core.webui.keyword.WebUiBuiltInKeywords.click(WebUiBuiltInKeywords.groovy:620)
	at com.kms.katalon.core.webui.keyword.WebUiBuiltInKeywords$click$1.call(Unknown Source)
	at CS_Three_Budgets_Sidewalk_PROD.run(CS_Three_Budgets_Sidewalk_PROD:95)
	at com.kms.katalon.core.main.ScriptEngine.run(ScriptEngine.java:194)
	at com.kms.katalon.core.main.ScriptEngine.runScriptAsRawText(ScriptEngine.java:119)
	at com.kms.katalon.core.main.TestCaseExecutor.runScript(TestCaseExecutor.java:448)
	at com.kms.katalon.core.main.TestCaseExecutor.doExecute(TestCaseExecutor.java:439)
	at com.kms.katalon.core.main.TestCaseExecutor.processExecutionPhase(TestCaseExecutor.java:418)
	at com.kms.katalon.core.main.TestCaseExecutor.accessMainPhase(TestCaseExecutor.java:410)
	at com.kms.katalon.core.main.TestCaseExecutor.execute(TestCaseExecutor.java:285)
	at com.kms.katalon.core.common.CommonExecutor.accessTestCaseMainPhase(CommonExecutor.java:65)
	at com.kms.katalon.core.main.TestSuiteExecutor.accessTestSuiteMainPhase(TestSuiteExecutor.java:151)
	at com.kms.katalon.core.main.TestSuiteExecutor.execute(TestSuiteExecutor.java:106)
	at com.kms.katalon.core.main.TestCaseMain.startTestSuite(TestCaseMain.java:185)
	at com.kms.katalon.core.main.TestCaseMain$startTestSuite$0.call(Unknown Source)
	at TempTestSuite1676605841938.run(TempTestSuite1676605841938.groovy:36)
Caused by: org.openqa.selenium.ElementNotInteractableException: element not interactable
  (Session info: chrome=110.0.5481.100)
Build info: version: '3.141.59', revision: 'e82be7d358', time: '2018-11-14T08:25:53'
System info: host: 'Kashifs-MacBook-Pro.local', ip: 'fe80:0:0:0:2a:e350:6cb0:c073%en0', os.name: 'Mac OS X', os.arch: 'x86_64', os.version: '10.16', java.version: '1.8.0_275'
Driver info: com.kms.katalon.selenium.driver.CChromeDriver
Capabilities {acceptInsecureCerts: false, browserName: chrome, browserVersion: 110.0.5481.100, chrome: {chromedriverVersion: 109.0.5414.74 (e7c5703604da..., userDataDir: /var/folders/d5/lp70b0s53sb...}, goog:chromeOptions: {debuggerAddress: localhost:62287}, javascriptEnabled: true, networkConnectionEnabled: false, pageLoadStrategy: normal, platform: MAC, platformName: MAC, proxy: Proxy(), setWindowRect: true, strictFileInteractability: false, timeouts: {implicit: 0, pageLoad: 300000, script: 30000}, unhandledPromptBehavior: dismiss and notify, webauthn:extension:credBlob: true, webauthn:extension:largeBlob: true, webauthn:virtualAuthenticators: true}
Session ID: 0c86c4efc0cf16ad9ac4398f2dc93d3d
	at org.openqa.selenium.remote.http.W3CHttpResponseCodec.createException(W3CHttpResponseCodec.java:187)
	at org.openqa.selenium.remote.http.W3CHttpResponseCodec.decode(W3CHttpResponseCodec.java:122)
	at org.openqa.selenium.remote.http.W3CHttpResponseCodec.decode(W3CHttpResponseCodec.java:49)
	at org.openqa.selenium.remote.HttpCommandExecutor.execute(HttpCommandExecutor.java:158)
	at org.openqa.selenium.remote.service.DriverCommandExecutor.execute(DriverCommandExecutor.java:83)
	at org.openqa.selenium.remote.RemoteWebDriver.execute(RemoteWebDriver.java:552)
	at com.kms.katalon.selenium.driver.CChromeDriver.execute(CChromeDriver.java:19)
	at org.openqa.selenium.remote.RemoteWebElement.execute(RemoteWebElement.java:285)
	at org.openqa.selenium.remote.RemoteWebElement.click(RemoteWebElement.java:84)
	at org.openqa.selenium.support.events.EventFiringWebDriver$EventFiringWebElement.lambda$new$0(EventFiringWebDriver.java:404)
	at com.sun.proxy.$Proxy11.click(Unknown Source)
	at org.openqa.selenium.support.events.EventFiringWebDriver$EventFiringWebElement.click(EventFiringWebDriver.java:417)
	at org.openqa.selenium.WebElement$click.call(Unknown Source)
	at com.kms.katalon.core.webui.keyword.builtin.ClickKeyword.clickUntilSuccessWithTimeout(ClickKeyword.groovy:81)
	at com.kms.katalon.core.webui.keyword.builtin.ClickKeyword.clickUntilSuccessWithTimeout(ClickKeyword.groovy)
	at com.kms.katalon.core.webui.keyword.builtin.ClickKeyword$_click_closure1.doCall(ClickKeyword.groovy:67)
	at com.kms.katalon.core.webui.keyword.builtin.ClickKeyword$_click_closure1.call(ClickKeyword.groovy)
	at com.kms.katalon.core.webui.keyword.internal.WebUIKeywordMain.runKeyword(WebUIKeywordMain.groovy:20)
	... 19 more


2023-02-17 08:54:02 - [TEST_STEP][PASSED] - gis_url.test.URL_PROD.redirectURL(): gis_url.test.URL_PROD.redirectURL is PASSED

2023-02-17 08:54:02 - [MESSAGE][WARNING] - A browser is already opened. Closing browser and opening a new one

2023-02-17 08:54:02 - [MESSAGE][INFO] - Starting 'Chrome' driver

2023-02-17 08:54:02 - [MESSAGE][INFO] - Action delay is set to 0 milliseconds

2023-02-17 08:54:05 - [MESSAGE][PASSED] - Browser is opened with url: 'https://app.streetlogix.com/?config=64077fc938af4bcc9a46a81d8f4e5576&token=eyJhbGciOiJIUzI1NiIsInR5cCI6IkpXVCJ9.eyJpZCI6MTQyOCwibmFtZSI6IlNvaGFpYiBOZWhhbCIsImV4cCI6MTY3OTE5NjcyNywiaWF0IjoxNjc2NjA0NzI3fQ.Kz-gvOd5J-fT1WMLkVzR-YliVElHaxM9yScW9Ngflfs'

2023-02-17 08:54:05 - [MESSAGE][PASSED] - gis_url.test.URL_PROD.redirectURL is PASSED

2023-02-17 08:54:05 - [TEST_STEP][PASSED] - click(findTestObject("Object Repository/Compare Scenarios/img_Filter_rail-icon")): Object: 'Object Repository/Compare Scenarios/img_Filter_rail-icon' is clicked on

2023-02-17 08:54:12 - [MESSAGE][PASSED] - Object: 'Object Repository/Compare Scenarios/img_Filter_rail-icon' is clicked on

2023-02-17 08:54:12 - [TEST_STEP][PASSED] - click(findTestObject("Object Repository/Compare Scenarios/img_Budget Planner_rail-icon")): Object: 'Object Repository/Compare Scenarios/img_Budget Planner_rail-icon' is clicked on

2023-02-17 08:54:16 - [MESSAGE][PASSED] - Object: 'Object Repository/Compare Scenarios/img_Budget Planner_rail-icon' is clicked on

2023-02-17 08:54:16 - [TEST_STEP][PASSED] - click(findTestObject("Compare Scenarios/div_Pavement Maintenance")): Object: 'Object Repository/Compare Scenarios/div_Pavement Maintenance' is clicked on

2023-02-17 08:54:18 - [MESSAGE][PASSED] - Object: 'Object Repository/Compare Scenarios/div_Pavement Maintenance' is clicked on

2023-02-17 08:54:18 - [TEST_STEP][PASSED] - click(findTestObject("Compare Scenarios/li_Sidewalk Maintenance")): Object: 'Object Repository/Compare Scenarios/li_Sidewalk Maintenance' is clicked on

2023-02-17 08:54:20 - [MESSAGE][PASSED] - Object: 'Object Repository/Compare Scenarios/li_Sidewalk Maintenance' is clicked on

2023-02-17 08:54:20 - [TEST_STEP][PASSED] - sendKeys(findTestObject("Compare Scenarios/input_Program duration_duration"), Keys.chord(COMMAND, "a")): Keys 'COMMAND + a' sent to object: 'Object Repository/Compare Scenarios/input_Program duration_duration'

2023-02-17 08:54:23 - [MESSAGE][PASSED] - Keys 'COMMAND + a' sent to object: 'Object Repository/Compare Scenarios/input_Program duration_duration'

2023-02-17 08:54:23 - [TEST_STEP][PASSED] - sendKeys(findTestObject("Compare Scenarios/input_Program duration_duration"), Keys.chord(DELETE)): Keys 'DELETE + ' sent to object: 'Object Repository/Compare Scenarios/input_Program duration_duration'

2023-02-17 08:54:24 - [MESSAGE][PASSED] - Keys 'DELETE + ' sent to object: 'Object Repository/Compare Scenarios/input_Program duration_duration'

2023-02-17 08:54:24 - [TEST_STEP][PASSED] - setText(findTestObject("Compare Scenarios/input_Program duration_duration"), "3"): Text '3' is set on object 'Object Repository/Compare Scenarios/input_Program duration_duration'

2023-02-17 08:54:28 - [MESSAGE][PASSED] - Text '3' is set on object 'Object Repository/Compare Scenarios/input_Program duration_duration'

2023-02-17 08:54:28 - [TEST_STEP][PASSED] - sendKeys(findTestObject("Object Repository/Compare Scenarios/input_Scenario Name_scenario_name"), Keys.chord(COMMAND, "a")): Keys 'COMMAND + a' sent to object: 'Object Repository/Compare Scenarios/input_Scenario Name_scenario_name'

2023-02-17 08:54:30 - [MESSAGE][PASSED] - Keys 'COMMAND + a' sent to object: 'Object Repository/Compare Scenarios/input_Scenario Name_scenario_name'

2023-02-17 08:54:30 - [TEST_STEP][PASSED] - sendKeys(findTestObject("Object Repository/Compare Scenarios/input_Scenario Name_scenario_name"), Keys.chord(DELETE)): Keys 'DELETE + ' sent to object: 'Object Repository/Compare Scenarios/input_Scenario Name_scenario_name'

2023-02-17 08:54:32 - [MESSAGE][PASSED] - Keys 'DELETE + ' sent to object: 'Object Repository/Compare Scenarios/input_Scenario Name_scenario_name'

2023-02-17 08:54:32 - [TEST_STEP][PASSED] - setText(findTestObject("Object Repository/Compare Scenarios/input_Scenario Name_scenario_name"), "Compare Scenario 1"): Text 'Compare Scenario 1' is set on object 'Object Repository/Compare Scenarios/input_Scenario Name_scenario_name'

2023-02-17 08:54:36 - [MESSAGE][PASSED] - Text 'Compare Scenario 1' is set on object 'Object Repository/Compare Scenarios/input_Scenario Name_scenario_name'

2023-02-17 08:54:36 - [TEST_STEP][PASSED] - click(findTestObject("Object Repository/Compare Scenarios/span_Add Scenario")): Object: 'Object Repository/Compare Scenarios/span_Add Scenario' is clicked on

2023-02-17 08:54:38 - [MESSAGE][PASSED] - Object: 'Object Repository/Compare Scenarios/span_Add Scenario' is clicked on

2023-02-17 08:54:38 - [TEST_STEP][PASSED] - click(findTestObject("Object Repository/Compare Scenarios/span_Add Scenario")): Object: 'Object Repository/Compare Scenarios/span_Add Scenario' is clicked on

2023-02-17 08:54:40 - [MESSAGE][PASSED] - Object: 'Object Repository/Compare Scenarios/span_Add Scenario' is clicked on

2023-02-17 08:54:40 - [TEST_STEP][PASSED] - sendKeys(findTestObject("Object Repository/Compare Scenarios/input_Scenario Name_scenario_name_2"), Keys.chord(COMMAND, "a")): Keys 'COMMAND + a' sent to object: 'Object Repository/Compare Scenarios/input_Scenario Name_scenario_name_2'

2023-02-17 08:54:42 - [MESSAGE][PASSED] - Keys 'COMMAND + a' sent to object: 'Object Repository/Compare Scenarios/input_Scenario Name_scenario_name_2'

2023-02-17 08:54:42 - [TEST_STEP][PASSED] - sendKeys(findTestObject("Object Repository/Compare Scenarios/input_Scenario Name_scenario_name_2"), Keys.chord(DELETE)): Keys 'DELETE + ' sent to object: 'Object Repository/Compare Scenarios/input_Scenario Name_scenario_name_2'

2023-02-17 08:54:44 - [MESSAGE][PASSED] - Keys 'DELETE + ' sent to object: 'Object Repository/Compare Scenarios/input_Scenario Name_scenario_name_2'

2023-02-17 08:54:44 - [TEST_STEP][PASSED] - setText(findTestObject("Object Repository/Compare Scenarios/input_Scenario Name_scenario_name_2"), "Compare Scenario 2"): Text 'Compare Scenario 2' is set on object 'Object Repository/Compare Scenarios/input_Scenario Name_scenario_name_2'

2023-02-17 08:54:48 - [MESSAGE][PASSED] - Text 'Compare Scenario 2' is set on object 'Object Repository/Compare Scenarios/input_Scenario Name_scenario_name_2'

2023-02-17 08:54:48 - [TEST_STEP][PASSED] - sendKeys(findTestObject("Object Repository/Compare Scenarios/input_Scenario Name_scenario_name_3"), Keys.chord(COMMAND, "a")): Keys 'COMMAND + a' sent to object: 'Object Repository/Compare Scenarios/input_Scenario Name_scenario_name_3'

2023-02-17 08:54:50 - [MESSAGE][PASSED] - Keys 'COMMAND + a' sent to object: 'Object Repository/Compare Scenarios/input_Scenario Name_scenario_name_3'

2023-02-17 08:54:50 - [TEST_STEP][PASSED] - sendKeys(findTestObject("Object Repository/Compare Scenarios/input_Scenario Name_scenario_name_3"), Keys.chord(DELETE)): Keys 'DELETE + ' sent to object: 'Object Repository/Compare Scenarios/input_Scenario Name_scenario_name_3'

2023-02-17 08:54:52 - [MESSAGE][PASSED] - Keys 'DELETE + ' sent to object: 'Object Repository/Compare Scenarios/input_Scenario Name_scenario_name_3'

2023-02-17 08:54:52 - [TEST_STEP][PASSED] - setText(findTestObject("Object Repository/Compare Scenarios/input_Scenario Name_scenario_name_3"), "Compare Scenario 3"): Text 'Compare Scenario 3' is set on object 'Object Repository/Compare Scenarios/input_Scenario Name_scenario_name_3'

2023-02-17 08:54:57 - [MESSAGE][PASSED] - Text 'Compare Scenario 3' is set on object 'Object Repository/Compare Scenarios/input_Scenario Name_scenario_name_3'

2023-02-17 08:54:57 - [TEST_STEP][PASSED] - setText(findTestObject("Object Repository/Compare Scenarios/input_Annual Budget_budget"), "3000"): Text '3000' is set on object 'Object Repository/Compare Scenarios/input_Annual Budget_budget'

2023-02-17 08:55:00 - [MESSAGE][PASSED] - Text '3000' is set on object 'Object Repository/Compare Scenarios/input_Annual Budget_budget'

2023-02-17 08:55:00 - [TEST_STEP][PASSED] - setText(findTestObject("Compare Scenarios/input_Annual Budget_budget_2"), "2000"): Text '2000' is set on object 'Object Repository/Compare Scenarios/input_Annual Budget_budget_2'

2023-02-17 08:55:04 - [MESSAGE][PASSED] - Text '2000' is set on object 'Object Repository/Compare Scenarios/input_Annual Budget_budget_2'

2023-02-17 08:55:04 - [TEST_STEP][PASSED] - setText(findTestObject("Compare Scenarios/input_Annual Budget_budget_3"), "1000"): Text '1000' is set on object 'Object Repository/Compare Scenarios/input_Annual Budget_budget_3'

2023-02-17 08:55:08 - [MESSAGE][PASSED] - Text '1000' is set on object 'Object Repository/Compare Scenarios/input_Annual Budget_budget_3'

2023-02-17 08:55:08 - [TEST_STEP][PASSED] - sendKeys(findTestObject("Object Repository/Compare Scenarios/Input_Inflation"), Keys.chord(COMMAND, "a")): Keys 'COMMAND + a' sent to object: 'Object Repository/Compare Scenarios/Input_Inflation'

2023-02-17 08:55:10 - [MESSAGE][PASSED] - Keys 'COMMAND + a' sent to object: 'Object Repository/Compare Scenarios/Input_Inflation'

2023-02-17 08:55:10 - [TEST_STEP][PASSED] - sendKeys(findTestObject("Object Repository/Compare Scenarios/Input_Inflation"), Keys.chord(DELETE)): Keys 'DELETE + ' sent to object: 'Object Repository/Compare Scenarios/Input_Inflation'

2023-02-17 08:55:12 - [MESSAGE][PASSED] - Keys 'DELETE + ' sent to object: 'Object Repository/Compare Scenarios/Input_Inflation'

2023-02-17 08:55:12 - [TEST_STEP][PASSED] - setText(findTestObject("Object Repository/Compare Scenarios/Input_Inflation"), "5"): Text '5' is set on object 'Object Repository/Compare Scenarios/Input_Inflation'

2023-02-17 08:55:16 - [MESSAGE][PASSED] - Text '5' is set on object 'Object Repository/Compare Scenarios/Input_Inflation'

2023-02-17 08:55:16 - [TEST_STEP][PASSED] - sendKeys(findTestObject("Object Repository/Compare Scenarios/Input_Inflation_2"), Keys.chord(COMMAND, "a")): Keys 'COMMAND + a' sent to object: 'Object Repository/Compare Scenarios/Input_Inflation_2'

2023-02-17 08:55:18 - [MESSAGE][PASSED] - Keys 'COMMAND + a' sent to object: 'Object Repository/Compare Scenarios/Input_Inflation_2'

2023-02-17 08:55:18 - [TEST_STEP][PASSED] - sendKeys(findTestObject("Object Repository/Compare Scenarios/Input_Inflation_2"), Keys.chord(DELETE)): Keys 'DELETE + ' sent to object: 'Object Repository/Compare Scenarios/Input_Inflation_2'

2023-02-17 08:55:20 - [MESSAGE][PASSED] - Keys 'DELETE + ' sent to object: 'Object Repository/Compare Scenarios/Input_Inflation_2'

2023-02-17 08:55:20 - [TEST_STEP][PASSED] - setText(findTestObject("Object Repository/Compare Scenarios/Input_Inflation_2"), "7"): Text '7' is set on object 'Object Repository/Compare Scenarios/Input_Inflation_2'

2023-02-17 08:55:24 - [MESSAGE][PASSED] - Text '7' is set on object 'Object Repository/Compare Scenarios/Input_Inflation_2'

2023-02-17 08:55:24 - [TEST_STEP][PASSED] - sendKeys(findTestObject("Object Repository/Compare Scenarios/Input_Inflation_3"), Keys.chord(COMMAND, "a")): Keys 'COMMAND + a' sent to object: 'Object Repository/Compare Scenarios/Input_Inflation_3'

2023-02-17 08:55:26 - [MESSAGE][PASSED] - Keys 'COMMAND + a' sent to object: 'Object Repository/Compare Scenarios/Input_Inflation_3'

2023-02-17 08:55:26 - [TEST_STEP][PASSED] - sendKeys(findTestObject("Object Repository/Compare Scenarios/Input_Inflation_3"), Keys.chord(DELETE)): Keys 'DELETE + ' sent to object: 'Object Repository/Compare Scenarios/Input_Inflation_3'

2023-02-17 08:55:28 - [MESSAGE][PASSED] - Keys 'DELETE + ' sent to object: 'Object Repository/Compare Scenarios/Input_Inflation_3'

2023-02-17 08:55:28 - [TEST_STEP][PASSED] - setText(findTestObject("Object Repository/Compare Scenarios/Input_Inflation_3"), "0"): Text '0' is set on object 'Object Repository/Compare Scenarios/Input_Inflation_3'

2023-02-17 08:55:32 - [MESSAGE][PASSED] - Text '0' is set on object 'Object Repository/Compare Scenarios/Input_Inflation_3'

2023-02-17 08:55:32 - [TEST_STEP][PASSED] - click(findTestObject("Object Repository/Compare Scenarios/div_Select layerPavement MaintenanceFilter _a98a8c")): Object: 'Object Repository/Compare Scenarios/div_Select layerPavement MaintenanceFilter _a98a8c' is clicked on

2023-02-17 08:55:34 - [MESSAGE][PASSED] - Object: 'Object Repository/Compare Scenarios/div_Select layerPavement MaintenanceFilter _a98a8c' is clicked on

2023-02-17 08:55:34 - [TEST_STEP][PASSED] - click(findTestObject("Object Repository/Compare Scenarios/span_Apply")): Object: 'Object Repository/Compare Scenarios/span_Apply' is clicked on

2023-02-17 08:55:36 - [MESSAGE][PASSED] - Object: 'Object Repository/Compare Scenarios/span_Apply' is clicked on

2023-02-17 08:55:36 - [TEST_STEP][PASSED] - delay(120): Delayed 120 second(s)

2023-02-17 08:57:36 - [MESSAGE][PASSED] - Delayed 120 second(s)

2023-02-17 08:57:36 - [TEST_STEP][PASSED] - click(findTestObject("Object Repository/Compare Scenarios/span_Compare")): Object: 'Object Repository/Compare Scenarios/span_Compare' is clicked on

2023-02-17 08:57:38 - [MESSAGE][PASSED] - Object: 'Object Repository/Compare Scenarios/span_Compare' is clicked on

2023-02-17 08:57:38 - [TEST_STEP][FAILED] - click(findTestObject("Compare Scenarios/div_Compare Scenario 1")): Unable to click on object 'Object Repository/Compare Scenarios/div_Compare Scenario 1' (Root cause: com.kms.katalon.core.exception.StepFailedException: Unable to click on object 'Object Repository/Compare Scenarios/div_Compare Scenario 1'
	at com.kms.katalon.core.webui.keyword.internal.WebUIKeywordMain.stepFailed(WebUIKeywordMain.groovy:64)
	at com.kms.katalon.core.webui.keyword.internal.WebUIKeywordMain.runKeyword(WebUIKeywordMain.groovy:26)
	at com.kms.katalon.core.webui.keyword.builtin.ClickKeyword.click(ClickKeyword.groovy:74)
	at com.kms.katalon.core.webui.keyword.builtin.ClickKeyword.execute(ClickKeyword.groovy:40)
	at com.kms.katalon.core.keyword.internal.KeywordExecutor.executeKeywordForPlatform(KeywordExecutor.groovy:74)
	at com.kms.katalon.core.webui.keyword.WebUiBuiltInKeywords.click(WebUiBuiltInKeywords.groovy:620)
	at com.kms.katalon.core.webui.keyword.WebUiBuiltInKeywords$click$1.call(Unknown Source)
	at CS_Three_Budgets_Sidewalk_PROD.run(CS_Three_Budgets_Sidewalk_PROD:95)
	at com.kms.katalon.core.main.ScriptEngine.run(ScriptEngine.java:194)
	at com.kms.katalon.core.main.ScriptEngine.runScriptAsRawText(ScriptEngine.java:119)
	at com.kms.katalon.core.main.TestCaseExecutor.runScript(TestCaseExecutor.java:448)
	at com.kms.katalon.core.main.TestCaseExecutor.doExecute(TestCaseExecutor.java:439)
	at com.kms.katalon.core.main.TestCaseExecutor.processExecutionPhase(TestCaseExecutor.java:418)
	at com.kms.katalon.core.main.TestCaseExecutor.accessMainPhase(TestCaseExecutor.java:410)
	at com.kms.katalon.core.main.TestCaseExecutor.execute(TestCaseExecutor.java:285)
	at com.kms.katalon.core.common.CommonExecutor.accessTestCaseMainPhase(CommonExecutor.java:65)
	at com.kms.katalon.core.main.TestSuiteExecutor.accessTestSuiteMainPhase(TestSuiteExecutor.java:151)
	at com.kms.katalon.core.main.TestSuiteExecutor.execute(TestSuiteExecutor.java:106)
	at com.kms.katalon.core.main.TestCaseMain.startTestSuite(TestCaseMain.java:185)
	at com.kms.katalon.core.main.TestCaseMain$startTestSuite$0.call(Unknown Source)
	at TempTestSuite1676605841938.run(TempTestSuite1676605841938.groovy:36)
Caused by: org.openqa.selenium.ElementNotInteractableException: element not interactable
  (Session info: chrome=110.0.5481.100)
Build info: version: '3.141.59', revision: 'e82be7d358', time: '2018-11-14T08:25:53'
System info: host: 'Kashifs-MacBook-Pro.local', ip: 'fe80:0:0:0:2a:e350:6cb0:c073%en0', os.name: 'Mac OS X', os.arch: 'x86_64', os.version: '10.16', java.version: '1.8.0_275'
Driver info: com.kms.katalon.selenium.driver.CChromeDriver
Capabilities {acceptInsecureCerts: false, browserName: chrome, browserVersion: 110.0.5481.100, chrome: {chromedriverVersion: 109.0.5414.74 (e7c5703604da..., userDataDir: /var/folders/d5/lp70b0s53sb...}, goog:chromeOptions: {debuggerAddress: localhost:62287}, javascriptEnabled: true, networkConnectionEnabled: false, pageLoadStrategy: normal, platform: MAC, platformName: MAC, proxy: Proxy(), setWindowRect: true, strictFileInteractability: false, timeouts: {implicit: 0, pageLoad: 300000, script: 30000}, unhandledPromptBehavior: dismiss and notify, webauthn:extension:credBlob: true, webauthn:extension:largeBlob: true, webauthn:virtualAuthenticators: true}
Session ID: 0c86c4efc0cf16ad9ac4398f2dc93d3d
	at org.openqa.selenium.remote.http.W3CHttpResponseCodec.createException(W3CHttpResponseCodec.java:187)
	at org.openqa.selenium.remote.http.W3CHttpResponseCodec.decode(W3CHttpResponseCodec.java:122)
	at org.openqa.selenium.remote.http.W3CHttpResponseCodec.decode(W3CHttpResponseCodec.java:49)
	at org.openqa.selenium.remote.HttpCommandExecutor.execute(HttpCommandExecutor.java:158)
	at org.openqa.selenium.remote.service.DriverCommandExecutor.execute(DriverCommandExecutor.java:83)
	at org.openqa.selenium.remote.RemoteWebDriver.execute(RemoteWebDriver.java:552)
	at com.kms.katalon.selenium.driver.CChromeDriver.execute(CChromeDriver.java:19)
	at org.openqa.selenium.remote.RemoteWebElement.execute(RemoteWebElement.java:285)
	at org.openqa.selenium.remote.RemoteWebElement.click(RemoteWebElement.java:84)
	at org.openqa.selenium.support.events.EventFiringWebDriver$EventFiringWebElement.lambda$new$0(EventFiringWebDriver.java:404)
	at com.sun.proxy.$Proxy11.click(Unknown Source)
	at org.openqa.selenium.support.events.EventFiringWebDriver$EventFiringWebElement.click(EventFiringWebDriver.java:417)
	at org.openqa.selenium.WebElement$click.call(Unknown Source)
	at com.kms.katalon.core.webui.keyword.builtin.ClickKeyword.clickUntilSuccessWithTimeout(ClickKeyword.groovy:81)
	at com.kms.katalon.core.webui.keyword.builtin.ClickKeyword.clickUntilSuccessWithTimeout(ClickKeyword.groovy)
	at com.kms.katalon.core.webui.keyword.builtin.ClickKeyword$_click_closure1.doCall(ClickKeyword.groovy:67)
	at com.kms.katalon.core.webui.keyword.builtin.ClickKeyword$_click_closure1.call(ClickKeyword.groovy)
	at com.kms.katalon.core.webui.keyword.internal.WebUIKeywordMain.runKeyword(WebUIKeywordMain.groovy:20)
	at com.kms.katalon.core.webui.keyword.builtin.ClickKeyword.click(ClickKeyword.groovy:74)
	at com.kms.katalon.core.webui.keyword.builtin.ClickKeyword.execute(ClickKeyword.groovy:40)
	at com.kms.katalon.core.keyword.internal.KeywordExecutor.executeKeywordForPlatform(KeywordExecutor.groovy:74)
	at com.kms.katalon.core.webui.keyword.WebUiBuiltInKeywords.click(WebUiBuiltInKeywords.groovy:620)
	at com.kms.katalon.core.webui.keyword.WebUiBuiltInKeywords$click$1.call(Unknown Source)
	at Script1676605080685.run(Script1676605080685.groovy:95)
	... 13 more
)

2023-02-17 08:57:42 - [MESSAGE][FAILED] - Unable to click on object 'Object Repository/Compare Scenarios/div_Compare Scenario 1' (Root cause: com.kms.katalon.core.exception.StepFailedException: Unable to click on object 'Object Repository/Compare Scenarios/div_Compare Scenario 1'
	at com.kms.katalon.core.webui.keyword.internal.WebUIKeywordMain.stepFailed(WebUIKeywordMain.groovy:64)
	at com.kms.katalon.core.webui.keyword.internal.WebUIKeywordMain.runKeyword(WebUIKeywordMain.groovy:26)
	at com.kms.katalon.core.webui.keyword.builtin.ClickKeyword.click(ClickKeyword.groovy:74)
	at com.kms.katalon.core.webui.keyword.builtin.ClickKeyword.execute(ClickKeyword.groovy:40)
	at com.kms.katalon.core.keyword.internal.KeywordExecutor.executeKeywordForPlatform(KeywordExecutor.groovy:74)
	at com.kms.katalon.core.webui.keyword.WebUiBuiltInKeywords.click(WebUiBuiltInKeywords.groovy:620)
	at com.kms.katalon.core.webui.keyword.WebUiBuiltInKeywords$click$1.call(Unknown Source)
	at CS_Three_Budgets_Sidewalk_PROD.run(CS_Three_Budgets_Sidewalk_PROD:95)
	at com.kms.katalon.core.main.ScriptEngine.run(ScriptEngine.java:194)
	at com.kms.katalon.core.main.ScriptEngine.runScriptAsRawText(ScriptEngine.java:119)
	at com.kms.katalon.core.main.TestCaseExecutor.runScript(TestCaseExecutor.java:448)
	at com.kms.katalon.core.main.TestCaseExecutor.doExecute(TestCaseExecutor.java:439)
	at com.kms.katalon.core.main.TestCaseExecutor.processExecutionPhase(TestCaseExecutor.java:418)
	at com.kms.katalon.core.main.TestCaseExecutor.accessMainPhase(TestCaseExecutor.java:410)
	at com.kms.katalon.core.main.TestCaseExecutor.execute(TestCaseExecutor.java:285)
	at com.kms.katalon.core.common.CommonExecutor.accessTestCaseMainPhase(CommonExecutor.java:65)
	at com.kms.katalon.core.main.TestSuiteExecutor.accessTestSuiteMainPhase(TestSuiteExecutor.java:151)
	at com.kms.katalon.core.main.TestSuiteExecutor.execute(TestSuiteExecutor.java:106)
	at com.kms.katalon.core.main.TestCaseMain.startTestSuite(TestCaseMain.java:185)
	at com.kms.katalon.core.main.TestCaseMain$startTestSuite$0.call(Unknown Source)
	at TempTestSuite1676605841938.run(TempTestSuite1676605841938.groovy:36)
Caused by: org.openqa.selenium.ElementNotInteractableException: element not interactable
  (Session info: chrome=110.0.5481.100)
Build info: version: '3.141.59', revision: 'e82be7d358', time: '2018-11-14T08:25:53'
System info: host: 'Kashifs-MacBook-Pro.local', ip: 'fe80:0:0:0:2a:e350:6cb0:c073%en0', os.name: 'Mac OS X', os.arch: 'x86_64', os.version: '10.16', java.version: '1.8.0_275'
Driver info: com.kms.katalon.selenium.driver.CChromeDriver
Capabilities {acceptInsecureCerts: false, browserName: chrome, browserVersion: 110.0.5481.100, chrome: {chromedriverVersion: 109.0.5414.74 (e7c5703604da..., userDataDir: /var/folders/d5/lp70b0s53sb...}, goog:chromeOptions: {debuggerAddress: localhost:62287}, javascriptEnabled: true, networkConnectionEnabled: false, pageLoadStrategy: normal, platform: MAC, platformName: MAC, proxy: Proxy(), setWindowRect: true, strictFileInteractability: false, timeouts: {implicit: 0, pageLoad: 300000, script: 30000}, unhandledPromptBehavior: dismiss and notify, webauthn:extension:credBlob: true, webauthn:extension:largeBlob: true, webauthn:virtualAuthenticators: true}
Session ID: 0c86c4efc0cf16ad9ac4398f2dc93d3d
	at org.openqa.selenium.remote.http.W3CHttpResponseCodec.createException(W3CHttpResponseCodec.java:187)
	at org.openqa.selenium.remote.http.W3CHttpResponseCodec.decode(W3CHttpResponseCodec.java:122)
	at org.openqa.selenium.remote.http.W3CHttpResponseCodec.decode(W3CHttpResponseCodec.java:49)
	at org.openqa.selenium.remote.HttpCommandExecutor.execute(HttpCommandExecutor.java:158)
	at org.openqa.selenium.remote.service.DriverCommandExecutor.execute(DriverCommandExecutor.java:83)
	at org.openqa.selenium.remote.RemoteWebDriver.execute(RemoteWebDriver.java:552)
	at com.kms.katalon.selenium.driver.CChromeDriver.execute(CChromeDriver.java:19)
	at org.openqa.selenium.remote.RemoteWebElement.execute(RemoteWebElement.java:285)
	at org.openqa.selenium.remote.RemoteWebElement.click(RemoteWebElement.java:84)
	at org.openqa.selenium.support.events.EventFiringWebDriver$EventFiringWebElement.lambda$new$0(EventFiringWebDriver.java:404)
	at com.sun.proxy.$Proxy11.click(Unknown Source)
	at org.openqa.selenium.support.events.EventFiringWebDriver$EventFiringWebElement.click(EventFiringWebDriver.java:417)
	at org.openqa.selenium.WebElement$click.call(Unknown Source)
	at com.kms.katalon.core.webui.keyword.builtin.ClickKeyword.clickUntilSuccessWithTimeout(ClickKeyword.groovy:81)
	at com.kms.katalon.core.webui.keyword.builtin.ClickKeyword.clickUntilSuccessWithTimeout(ClickKeyword.groovy)
	at com.kms.katalon.core.webui.keyword.builtin.ClickKeyword$_click_closure1.doCall(ClickKeyword.groovy:67)
	at com.kms.katalon.core.webui.keyword.builtin.ClickKeyword$_click_closure1.call(ClickKeyword.groovy)
	at com.kms.katalon.core.webui.keyword.internal.WebUIKeywordMain.runKeyword(WebUIKeywordMain.groovy:20)
	at com.kms.katalon.core.webui.keyword.builtin.ClickKeyword.click(ClickKeyword.groovy:74)
	at com.kms.katalon.core.webui.keyword.builtin.ClickKeyword.execute(ClickKeyword.groovy:40)
	at com.kms.katalon.core.keyword.internal.KeywordExecutor.executeKeywordForPlatform(KeywordExecutor.groovy:74)
	at com.kms.katalon.core.webui.keyword.WebUiBuiltInKeywords.click(WebUiBuiltInKeywords.groovy:620)
	at com.kms.katalon.core.webui.keyword.WebUiBuiltInKeywords$click$1.call(Unknown Source)
	at Script1676605080685.run(Script1676605080685.groovy:95)
	... 13 more
)
[[ATTACHMENT|/Users/kashif/Downloads/Kashif/Katalon Studio/4.0_fresh/4.0 Fresh/Reports/20230217_085040/Compare Scenario_Tests/20230217_085041/1676606261857.png]]]]></system-out>
         <system-err><![CDATA[2023-02-17 08:54:01 - [TEST_CASE][FAILED] - Test Cases/GiS/Compare Scenarios/CS_Three_Budgets_Sidewalk_PROD: Test Cases/GiS/Compare Scenarios/CS_Three_Budgets_Sidewalk_PROD FAILED.
Reason:
com.kms.katalon.core.exception.StepFailedException: Unable to click on object 'Object Repository/Compare Scenarios/div_Compare Scenario 1'
	at com.kms.katalon.core.webui.keyword.internal.WebUIKeywordMain.stepFailed(WebUIKeywordMain.groovy:64)
	at com.kms.katalon.core.webui.keyword.internal.WebUIKeywordMain.runKeyword(WebUIKeywordMain.groovy:26)
	at com.kms.katalon.core.webui.keyword.builtin.ClickKeyword.click(ClickKeyword.groovy:74)
	at com.kms.katalon.core.webui.keyword.builtin.ClickKeyword.execute(ClickKeyword.groovy:40)
	at com.kms.katalon.core.keyword.internal.KeywordExecutor.executeKeywordForPlatform(KeywordExecutor.groovy:74)
	at com.kms.katalon.core.webui.keyword.WebUiBuiltInKeywords.click(WebUiBuiltInKeywords.groovy:620)
	at com.kms.katalon.core.webui.keyword.WebUiBuiltInKeywords$click$1.call(Unknown Source)
	at CS_Three_Budgets_Sidewalk_PROD.run(CS_Three_Budgets_Sidewalk_PROD:95)
	at com.kms.katalon.core.main.ScriptEngine.run(ScriptEngine.java:194)
	at com.kms.katalon.core.main.ScriptEngine.runScriptAsRawText(ScriptEngine.java:119)
	at com.kms.katalon.core.main.TestCaseExecutor.runScript(TestCaseExecutor.java:448)
	at com.kms.katalon.core.main.TestCaseExecutor.doExecute(TestCaseExecutor.java:439)
	at com.kms.katalon.core.main.TestCaseExecutor.processExecutionPhase(TestCaseExecutor.java:418)
	at com.kms.katalon.core.main.TestCaseExecutor.accessMainPhase(TestCaseExecutor.java:410)
	at com.kms.katalon.core.main.TestCaseExecutor.execute(TestCaseExecutor.java:285)
	at com.kms.katalon.core.common.CommonExecutor.accessTestCaseMainPhase(CommonExecutor.java:65)
	at com.kms.katalon.core.main.TestSuiteExecutor.accessTestSuiteMainPhase(TestSuiteExecutor.java:151)
	at com.kms.katalon.core.main.TestSuiteExecutor.execute(TestSuiteExecutor.java:106)
	at com.kms.katalon.core.main.TestCaseMain.startTestSuite(TestCaseMain.java:185)
	at com.kms.katalon.core.main.TestCaseMain$startTestSuite$0.call(Unknown Source)
	at TempTestSuite1676605841938.run(TempTestSuite1676605841938.groovy:36)
Caused by: org.openqa.selenium.ElementNotInteractableException: element not interactable
  (Session info: chrome=110.0.5481.100)
Build info: version: '3.141.59', revision: 'e82be7d358', time: '2018-11-14T08:25:53'
System info: host: 'Kashifs-MacBook-Pro.local', ip: 'fe80:0:0:0:2a:e350:6cb0:c073%en0', os.name: 'Mac OS X', os.arch: 'x86_64', os.version: '10.16', java.version: '1.8.0_275'
Driver info: com.kms.katalon.selenium.driver.CChromeDriver
Capabilities {acceptInsecureCerts: false, browserName: chrome, browserVersion: 110.0.5481.100, chrome: {chromedriverVersion: 109.0.5414.74 (e7c5703604da..., userDataDir: /var/folders/d5/lp70b0s53sb...}, goog:chromeOptions: {debuggerAddress: localhost:62287}, javascriptEnabled: true, networkConnectionEnabled: false, pageLoadStrategy: normal, platform: MAC, platformName: MAC, proxy: Proxy(), setWindowRect: true, strictFileInteractability: false, timeouts: {implicit: 0, pageLoad: 300000, script: 30000}, unhandledPromptBehavior: dismiss and notify, webauthn:extension:credBlob: true, webauthn:extension:largeBlob: true, webauthn:virtualAuthenticators: true}
Session ID: 0c86c4efc0cf16ad9ac4398f2dc93d3d
	at org.openqa.selenium.remote.http.W3CHttpResponseCodec.createException(W3CHttpResponseCodec.java:187)
	at org.openqa.selenium.remote.http.W3CHttpResponseCodec.decode(W3CHttpResponseCodec.java:122)
	at org.openqa.selenium.remote.http.W3CHttpResponseCodec.decode(W3CHttpResponseCodec.java:49)
	at org.openqa.selenium.remote.HttpCommandExecutor.execute(HttpCommandExecutor.java:158)
	at org.openqa.selenium.remote.service.DriverCommandExecutor.execute(DriverCommandExecutor.java:83)
	at org.openqa.selenium.remote.RemoteWebDriver.execute(RemoteWebDriver.java:552)
	at com.kms.katalon.selenium.driver.CChromeDriver.execute(CChromeDriver.java:19)
	at org.openqa.selenium.remote.RemoteWebElement.execute(RemoteWebElement.java:285)
	at org.openqa.selenium.remote.RemoteWebElement.click(RemoteWebElement.java:84)
	at org.openqa.selenium.support.events.EventFiringWebDriver$EventFiringWebElement.lambda$new$0(EventFiringWebDriver.java:404)
	at com.sun.proxy.$Proxy11.click(Unknown Source)
	at org.openqa.selenium.support.events.EventFiringWebDriver$EventFiringWebElement.click(EventFiringWebDriver.java:417)
	at org.openqa.selenium.WebElement$click.call(Unknown Source)
	at com.kms.katalon.core.webui.keyword.builtin.ClickKeyword.clickUntilSuccessWithTimeout(ClickKeyword.groovy:81)
	at com.kms.katalon.core.webui.keyword.builtin.ClickKeyword.clickUntilSuccessWithTimeout(ClickKeyword.groovy)
	at com.kms.katalon.core.webui.keyword.builtin.ClickKeyword$_click_closure1.doCall(ClickKeyword.groovy:67)
	at com.kms.katalon.core.webui.keyword.builtin.ClickKeyword$_click_closure1.call(ClickKeyword.groovy)
	at com.kms.katalon.core.webui.keyword.internal.WebUIKeywordMain.runKeyword(WebUIKeywordMain.groovy:20)
	... 19 more]]></system-err>
      </testcase>
      <testcase name="Test Cases/GiS/Compare Scenarios/CS_Three_Budgets_Sidewalk_Stage" time="19.173" classname="Test Cases/GiS/Compare Scenarios/CS_Three_Budgets_Sidewalk_Stage" status="FAILED">
         <failure type="FAILED" message="Test Cases/GiS/Compare Scenarios/CS_Three_Budgets_Sidewalk_Stage FAILED.
Reason:
com.kms.katalon.core.exception.StepFailedException: Unable to click on object 'Object Repository/Compare Scenarios/img_Budget Planner_rail-icon'
	at com.kms.katalon.core.webui.keyword.internal.WebUIKeywordMain.stepFailed(WebUIKeywordMain.groovy:64)
	at com.kms.katalon.core.webui.keyword.internal.WebUIKeywordMain.runKeyword(WebUIKeywordMain.groovy:26)
	at com.kms.katalon.core.webui.keyword.builtin.ClickKeyword.click(ClickKeyword.groovy:74)
	at com.kms.katalon.core.webui.keyword.builtin.ClickKeyword.execute(ClickKeyword.groovy:40)
	at com.kms.katalon.core.keyword.internal.KeywordExecutor.executeKeywordForPlatform(KeywordExecutor.groovy:74)
	at com.kms.katalon.core.webui.keyword.WebUiBuiltInKeywords.click(WebUiBuiltInKeywords.groovy:620)
	at com.kms.katalon.core.webui.keyword.WebUiBuiltInKeywords$click$1.call(Unknown Source)
	at CS_Three_Budgets_Sidewalk_Stage.run(CS_Three_Budgets_Sidewalk_Stage:24)
	at com.kms.katalon.core.main.ScriptEngine.run(ScriptEngine.java:194)
	at com.kms.katalon.core.main.ScriptEngine.runScriptAsRawText(ScriptEngine.java:119)
	at com.kms.katalon.core.main.TestCaseExecutor.runScript(TestCaseExecutor.java:448)
	at com.kms.katalon.core.main.TestCaseExecutor.doExecute(TestCaseExecutor.java:439)
	at com.kms.katalon.core.main.TestCaseExecutor.processExecutionPhase(TestCaseExecutor.java:418)
	at com.kms.katalon.core.main.TestCaseExecutor.accessMainPhase(TestCaseExecutor.java:410)
	at com.kms.katalon.core.main.TestCaseExecutor.execute(TestCaseExecutor.java:285)
	at com.kms.katalon.core.common.CommonExecutor.accessTestCaseMainPhase(CommonExecutor.java:65)
	at com.kms.katalon.core.main.TestSuiteExecutor.accessTestSuiteMainPhase(TestSuiteExecutor.java:151)
	at com.kms.katalon.core.main.TestSuiteExecutor.execute(TestSuiteExecutor.java:106)
	at com.kms.katalon.core.main.TestCaseMain.startTestSuite(TestCaseMain.java:185)
	at com.kms.katalon.core.main.TestCaseMain$startTestSuite$0.call(Unknown Source)
	at TempTestSuite1676605841938.run(TempTestSuite1676605841938.groovy:36)
Caused by: org.openqa.selenium.ElementNotInteractableException: element not interactable
  (Session info: chrome=110.0.5481.100)
Build info: version: '3.141.59', revision: 'e82be7d358', time: '2018-11-14T08:25:53'
System info: host: 'Kashifs-MacBook-Pro.local', ip: 'fe80:0:0:0:2a:e350:6cb0:c073%en0', os.name: 'Mac OS X', os.arch: 'x86_64', os.version: '10.16', java.version: '1.8.0_275'
Driver info: com.kms.katalon.selenium.driver.CChromeDriver
Capabilities {acceptInsecureCerts: false, browserName: chrome, browserVersion: 110.0.5481.100, chrome: {chromedriverVersion: 109.0.5414.74 (e7c5703604da..., userDataDir: /var/folders/d5/lp70b0s53sb...}, goog:chromeOptions: {debuggerAddress: localhost:65359}, javascriptEnabled: true, networkConnectionEnabled: false, pageLoadStrategy: normal, platform: MAC, platformName: MAC, proxy: Proxy(), setWindowRect: true, strictFileInteractability: false, timeouts: {implicit: 0, pageLoad: 300000, script: 30000}, unhandledPromptBehavior: dismiss and notify, webauthn:extension:credBlob: true, webauthn:extension:largeBlob: true, webauthn:virtualAuthenticators: true}
Session ID: 2b03acd11afd0d82b6143a955ec5f01d
	at org.openqa.selenium.remote.http.W3CHttpResponseCodec.createException(W3CHttpResponseCodec.java:187)
	at org.openqa.selenium.remote.http.W3CHttpResponseCodec.decode(W3CHttpResponseCodec.java:122)
	at org.openqa.selenium.remote.http.W3CHttpResponseCodec.decode(W3CHttpResponseCodec.java:49)
	at org.openqa.selenium.remote.HttpCommandExecutor.execute(HttpCommandExecutor.java:158)
	at org.openqa.selenium.remote.service.DriverCommandExecutor.execute(DriverCommandExecutor.java:83)
	at org.openqa.selenium.remote.RemoteWebDriver.execute(RemoteWebDriver.java:552)
	at com.kms.katalon.selenium.driver.CChromeDriver.execute(CChromeDriver.java:19)
	at org.openqa.selenium.remote.RemoteWebElement.execute(RemoteWebElement.java:285)
	at org.openqa.selenium.remote.RemoteWebElement.click(RemoteWebElement.java:84)
	at org.openqa.selenium.support.events.EventFiringWebDriver$EventFiringWebElement.lambda$new$0(EventFiringWebDriver.java:404)
	at com.sun.proxy.$Proxy11.click(Unknown Source)
	at org.openqa.selenium.support.events.EventFiringWebDriver$EventFiringWebElement.click(EventFiringWebDriver.java:417)
	at org.openqa.selenium.WebElement$click.call(Unknown Source)
	at com.kms.katalon.core.webui.keyword.builtin.ClickKeyword.clickUntilSuccessWithTimeout(ClickKeyword.groovy:81)
	at com.kms.katalon.core.webui.keyword.builtin.ClickKeyword.clickUntilSuccessWithTimeout(ClickKeyword.groovy)
	at com.kms.katalon.core.webui.keyword.builtin.ClickKeyword$_click_closure1.doCall(ClickKeyword.groovy:67)
	at com.kms.katalon.core.webui.keyword.builtin.ClickKeyword$_click_closure1.call(ClickKeyword.groovy)
	at com.kms.katalon.core.webui.keyword.internal.WebUIKeywordMain.runKeyword(WebUIKeywordMain.groovy:20)
	... 19 more
"/>
         <system-out><![CDATA[2023-02-17 08:57:42 - [TEST_CASE][FAILED] - Test Cases/GiS/Compare Scenarios/CS_Three_Budgets_Sidewalk_Stage: Test Cases/GiS/Compare Scenarios/CS_Three_Budgets_Sidewalk_Stage FAILED.
Reason:
com.kms.katalon.core.exception.StepFailedException: Unable to click on object 'Object Repository/Compare Scenarios/img_Budget Planner_rail-icon'
	at com.kms.katalon.core.webui.keyword.internal.WebUIKeywordMain.stepFailed(WebUIKeywordMain.groovy:64)
	at com.kms.katalon.core.webui.keyword.internal.WebUIKeywordMain.runKeyword(WebUIKeywordMain.groovy:26)
	at com.kms.katalon.core.webui.keyword.builtin.ClickKeyword.click(ClickKeyword.groovy:74)
	at com.kms.katalon.core.webui.keyword.builtin.ClickKeyword.execute(ClickKeyword.groovy:40)
	at com.kms.katalon.core.keyword.internal.KeywordExecutor.executeKeywordForPlatform(KeywordExecutor.groovy:74)
	at com.kms.katalon.core.webui.keyword.WebUiBuiltInKeywords.click(WebUiBuiltInKeywords.groovy:620)
	at com.kms.katalon.core.webui.keyword.WebUiBuiltInKeywords$click$1.call(Unknown Source)
	at CS_Three_Budgets_Sidewalk_Stage.run(CS_Three_Budgets_Sidewalk_Stage:24)
	at com.kms.katalon.core.main.ScriptEngine.run(ScriptEngine.java:194)
	at com.kms.katalon.core.main.ScriptEngine.runScriptAsRawText(ScriptEngine.java:119)
	at com.kms.katalon.core.main.TestCaseExecutor.runScript(TestCaseExecutor.java:448)
	at com.kms.katalon.core.main.TestCaseExecutor.doExecute(TestCaseExecutor.java:439)
	at com.kms.katalon.core.main.TestCaseExecutor.processExecutionPhase(TestCaseExecutor.java:418)
	at com.kms.katalon.core.main.TestCaseExecutor.accessMainPhase(TestCaseExecutor.java:410)
	at com.kms.katalon.core.main.TestCaseExecutor.execute(TestCaseExecutor.java:285)
	at com.kms.katalon.core.common.CommonExecutor.accessTestCaseMainPhase(CommonExecutor.java:65)
	at com.kms.katalon.core.main.TestSuiteExecutor.accessTestSuiteMainPhase(TestSuiteExecutor.java:151)
	at com.kms.katalon.core.main.TestSuiteExecutor.execute(TestSuiteExecutor.java:106)
	at com.kms.katalon.core.main.TestCaseMain.startTestSuite(TestCaseMain.java:185)
	at com.kms.katalon.core.main.TestCaseMain$startTestSuite$0.call(Unknown Source)
	at TempTestSuite1676605841938.run(TempTestSuite1676605841938.groovy:36)
Caused by: org.openqa.selenium.ElementNotInteractableException: element not interactable
  (Session info: chrome=110.0.5481.100)
Build info: version: '3.141.59', revision: 'e82be7d358', time: '2018-11-14T08:25:53'
System info: host: 'Kashifs-MacBook-Pro.local', ip: 'fe80:0:0:0:2a:e350:6cb0:c073%en0', os.name: 'Mac OS X', os.arch: 'x86_64', os.version: '10.16', java.version: '1.8.0_275'
Driver info: com.kms.katalon.selenium.driver.CChromeDriver
Capabilities {acceptInsecureCerts: false, browserName: chrome, browserVersion: 110.0.5481.100, chrome: {chromedriverVersion: 109.0.5414.74 (e7c5703604da..., userDataDir: /var/folders/d5/lp70b0s53sb...}, goog:chromeOptions: {debuggerAddress: localhost:65359}, javascriptEnabled: true, networkConnectionEnabled: false, pageLoadStrategy: normal, platform: MAC, platformName: MAC, proxy: Proxy(), setWindowRect: true, strictFileInteractability: false, timeouts: {implicit: 0, pageLoad: 300000, script: 30000}, unhandledPromptBehavior: dismiss and notify, webauthn:extension:credBlob: true, webauthn:extension:largeBlob: true, webauthn:virtualAuthenticators: true}
Session ID: 2b03acd11afd0d82b6143a955ec5f01d
	at org.openqa.selenium.remote.http.W3CHttpResponseCodec.createException(W3CHttpResponseCodec.java:187)
	at org.openqa.selenium.remote.http.W3CHttpResponseCodec.decode(W3CHttpResponseCodec.java:122)
	at org.openqa.selenium.remote.http.W3CHttpResponseCodec.decode(W3CHttpResponseCodec.java:49)
	at org.openqa.selenium.remote.HttpCommandExecutor.execute(HttpCommandExecutor.java:158)
	at org.openqa.selenium.remote.service.DriverCommandExecutor.execute(DriverCommandExecutor.java:83)
	at org.openqa.selenium.remote.RemoteWebDriver.execute(RemoteWebDriver.java:552)
	at com.kms.katalon.selenium.driver.CChromeDriver.execute(CChromeDriver.java:19)
	at org.openqa.selenium.remote.RemoteWebElement.execute(RemoteWebElement.java:285)
	at org.openqa.selenium.remote.RemoteWebElement.click(RemoteWebElement.java:84)
	at org.openqa.selenium.support.events.EventFiringWebDriver$EventFiringWebElement.lambda$new$0(EventFiringWebDriver.java:404)
	at com.sun.proxy.$Proxy11.click(Unknown Source)
	at org.openqa.selenium.support.events.EventFiringWebDriver$EventFiringWebElement.click(EventFiringWebDriver.java:417)
	at org.openqa.selenium.WebElement$click.call(Unknown Source)
	at com.kms.katalon.core.webui.keyword.builtin.ClickKeyword.clickUntilSuccessWithTimeout(ClickKeyword.groovy:81)
	at com.kms.katalon.core.webui.keyword.builtin.ClickKeyword.clickUntilSuccessWithTimeout(ClickKeyword.groovy)
	at com.kms.katalon.core.webui.keyword.builtin.ClickKeyword$_click_closure1.doCall(ClickKeyword.groovy:67)
	at com.kms.katalon.core.webui.keyword.builtin.ClickKeyword$_click_closure1.call(ClickKeyword.groovy)
	at com.kms.katalon.core.webui.keyword.internal.WebUIKeywordMain.runKeyword(WebUIKeywordMain.groovy:20)
	... 19 more


2023-02-17 08:57:42 - [TEST_STEP][PASSED] - gis_url.test.URL_Stage.redirectURL(): gis_url.test.URL_Stage.redirectURL is PASSED

2023-02-17 08:57:42 - [MESSAGE][WARNING] - A browser is already opened. Closing browser and opening a new one

2023-02-17 08:57:42 - [MESSAGE][INFO] - Starting 'Chrome' driver

2023-02-17 08:57:42 - [MESSAGE][INFO] - Action delay is set to 0 milliseconds

2023-02-17 08:57:47 - [MESSAGE][PASSED] - Browser is opened with url: 'https://streetlogix-gis-slx4-staging.vercel.app/?config=d1357280059b4237a24c085fa10bd88f&token=eyJhbGciOiJIUzI1NiIsInR5cCI6IkpXVCJ9.eyJpZCI6OTc2LCJuYW1lIjoiU29oYWliIE93bmVyIiwiZXhwIjoxNjc3NzQwMjQ2LCJpYXQiOjE2NzUxNDgyNDZ9.7Jk0OqbeOMcz02Qicc8VqxMPcl4Mc8oJDpBcu1ri16o'

2023-02-17 08:57:47 - [MESSAGE][PASSED] - gis_url.test.URL_Stage.redirectURL is PASSED

2023-02-17 08:57:47 - [TEST_STEP][PASSED] - click(findTestObject("Object Repository/Compare Scenarios/img_Filter_rail-icon")): Object: 'Object Repository/Compare Scenarios/img_Filter_rail-icon' is clicked on

2023-02-17 08:57:58 - [MESSAGE][PASSED] - Object: 'Object Repository/Compare Scenarios/img_Filter_rail-icon' is clicked on

2023-02-17 08:57:58 - [TEST_STEP][FAILED] - click(findTestObject("Object Repository/Compare Scenarios/img_Budget Planner_rail-icon")): Unable to click on object 'Object Repository/Compare Scenarios/img_Budget Planner_rail-icon' (Root cause: com.kms.katalon.core.exception.StepFailedException: Unable to click on object 'Object Repository/Compare Scenarios/img_Budget Planner_rail-icon'
	at com.kms.katalon.core.webui.keyword.internal.WebUIKeywordMain.stepFailed(WebUIKeywordMain.groovy:64)
	at com.kms.katalon.core.webui.keyword.internal.WebUIKeywordMain.runKeyword(WebUIKeywordMain.groovy:26)
	at com.kms.katalon.core.webui.keyword.builtin.ClickKeyword.click(ClickKeyword.groovy:74)
	at com.kms.katalon.core.webui.keyword.builtin.ClickKeyword.execute(ClickKeyword.groovy:40)
	at com.kms.katalon.core.keyword.internal.KeywordExecutor.executeKeywordForPlatform(KeywordExecutor.groovy:74)
	at com.kms.katalon.core.webui.keyword.WebUiBuiltInKeywords.click(WebUiBuiltInKeywords.groovy:620)
	at com.kms.katalon.core.webui.keyword.WebUiBuiltInKeywords$click$1.call(Unknown Source)
	at CS_Three_Budgets_Sidewalk_Stage.run(CS_Three_Budgets_Sidewalk_Stage:24)
	at com.kms.katalon.core.main.ScriptEngine.run(ScriptEngine.java:194)
	at com.kms.katalon.core.main.ScriptEngine.runScriptAsRawText(ScriptEngine.java:119)
	at com.kms.katalon.core.main.TestCaseExecutor.runScript(TestCaseExecutor.java:448)
	at com.kms.katalon.core.main.TestCaseExecutor.doExecute(TestCaseExecutor.java:439)
	at com.kms.katalon.core.main.TestCaseExecutor.processExecutionPhase(TestCaseExecutor.java:418)
	at com.kms.katalon.core.main.TestCaseExecutor.accessMainPhase(TestCaseExecutor.java:410)
	at com.kms.katalon.core.main.TestCaseExecutor.execute(TestCaseExecutor.java:285)
	at com.kms.katalon.core.common.CommonExecutor.accessTestCaseMainPhase(CommonExecutor.java:65)
	at com.kms.katalon.core.main.TestSuiteExecutor.accessTestSuiteMainPhase(TestSuiteExecutor.java:151)
	at com.kms.katalon.core.main.TestSuiteExecutor.execute(TestSuiteExecutor.java:106)
	at com.kms.katalon.core.main.TestCaseMain.startTestSuite(TestCaseMain.java:185)
	at com.kms.katalon.core.main.TestCaseMain$startTestSuite$0.call(Unknown Source)
	at TempTestSuite1676605841938.run(TempTestSuite1676605841938.groovy:36)
Caused by: org.openqa.selenium.ElementNotInteractableException: element not interactable
  (Session info: chrome=110.0.5481.100)
Build info: version: '3.141.59', revision: 'e82be7d358', time: '2018-11-14T08:25:53'
System info: host: 'Kashifs-MacBook-Pro.local', ip: 'fe80:0:0:0:2a:e350:6cb0:c073%en0', os.name: 'Mac OS X', os.arch: 'x86_64', os.version: '10.16', java.version: '1.8.0_275'
Driver info: com.kms.katalon.selenium.driver.CChromeDriver
Capabilities {acceptInsecureCerts: false, browserName: chrome, browserVersion: 110.0.5481.100, chrome: {chromedriverVersion: 109.0.5414.74 (e7c5703604da..., userDataDir: /var/folders/d5/lp70b0s53sb...}, goog:chromeOptions: {debuggerAddress: localhost:65359}, javascriptEnabled: true, networkConnectionEnabled: false, pageLoadStrategy: normal, platform: MAC, platformName: MAC, proxy: Proxy(), setWindowRect: true, strictFileInteractability: false, timeouts: {implicit: 0, pageLoad: 300000, script: 30000}, unhandledPromptBehavior: dismiss and notify, webauthn:extension:credBlob: true, webauthn:extension:largeBlob: true, webauthn:virtualAuthenticators: true}
Session ID: 2b03acd11afd0d82b6143a955ec5f01d
	at org.openqa.selenium.remote.http.W3CHttpResponseCodec.createException(W3CHttpResponseCodec.java:187)
	at org.openqa.selenium.remote.http.W3CHttpResponseCodec.decode(W3CHttpResponseCodec.java:122)
	at org.openqa.selenium.remote.http.W3CHttpResponseCodec.decode(W3CHttpResponseCodec.java:49)
	at org.openqa.selenium.remote.HttpCommandExecutor.execute(HttpCommandExecutor.java:158)
	at org.openqa.selenium.remote.service.DriverCommandExecutor.execute(DriverCommandExecutor.java:83)
	at org.openqa.selenium.remote.RemoteWebDriver.execute(RemoteWebDriver.java:552)
	at com.kms.katalon.selenium.driver.CChromeDriver.execute(CChromeDriver.java:19)
	at org.openqa.selenium.remote.RemoteWebElement.execute(RemoteWebElement.java:285)
	at org.openqa.selenium.remote.RemoteWebElement.click(RemoteWebElement.java:84)
	at org.openqa.selenium.support.events.EventFiringWebDriver$EventFiringWebElement.lambda$new$0(EventFiringWebDriver.java:404)
	at com.sun.proxy.$Proxy11.click(Unknown Source)
	at org.openqa.selenium.support.events.EventFiringWebDriver$EventFiringWebElement.click(EventFiringWebDriver.java:417)
	at org.openqa.selenium.WebElement$click.call(Unknown Source)
	at com.kms.katalon.core.webui.keyword.builtin.ClickKeyword.clickUntilSuccessWithTimeout(ClickKeyword.groovy:81)
	at com.kms.katalon.core.webui.keyword.builtin.ClickKeyword.clickUntilSuccessWithTimeout(ClickKeyword.groovy)
	at com.kms.katalon.core.webui.keyword.builtin.ClickKeyword$_click_closure1.doCall(ClickKeyword.groovy:67)
	at com.kms.katalon.core.webui.keyword.builtin.ClickKeyword$_click_closure1.call(ClickKeyword.groovy)
	at com.kms.katalon.core.webui.keyword.internal.WebUIKeywordMain.runKeyword(WebUIKeywordMain.groovy:20)
	at com.kms.katalon.core.webui.keyword.builtin.ClickKeyword.click(ClickKeyword.groovy:74)
	at com.kms.katalon.core.webui.keyword.builtin.ClickKeyword.execute(ClickKeyword.groovy:40)
	at com.kms.katalon.core.keyword.internal.KeywordExecutor.executeKeywordForPlatform(KeywordExecutor.groovy:74)
	at com.kms.katalon.core.webui.keyword.WebUiBuiltInKeywords.click(WebUiBuiltInKeywords.groovy:620)
	at com.kms.katalon.core.webui.keyword.WebUiBuiltInKeywords$click$1.call(Unknown Source)
	at Script1676605151689.run(Script1676605151689.groovy:24)
	... 13 more
)

2023-02-17 08:58:01 - [MESSAGE][FAILED] - Unable to click on object 'Object Repository/Compare Scenarios/img_Budget Planner_rail-icon' (Root cause: com.kms.katalon.core.exception.StepFailedException: Unable to click on object 'Object Repository/Compare Scenarios/img_Budget Planner_rail-icon'
	at com.kms.katalon.core.webui.keyword.internal.WebUIKeywordMain.stepFailed(WebUIKeywordMain.groovy:64)
	at com.kms.katalon.core.webui.keyword.internal.WebUIKeywordMain.runKeyword(WebUIKeywordMain.groovy:26)
	at com.kms.katalon.core.webui.keyword.builtin.ClickKeyword.click(ClickKeyword.groovy:74)
	at com.kms.katalon.core.webui.keyword.builtin.ClickKeyword.execute(ClickKeyword.groovy:40)
	at com.kms.katalon.core.keyword.internal.KeywordExecutor.executeKeywordForPlatform(KeywordExecutor.groovy:74)
	at com.kms.katalon.core.webui.keyword.WebUiBuiltInKeywords.click(WebUiBuiltInKeywords.groovy:620)
	at com.kms.katalon.core.webui.keyword.WebUiBuiltInKeywords$click$1.call(Unknown Source)
	at CS_Three_Budgets_Sidewalk_Stage.run(CS_Three_Budgets_Sidewalk_Stage:24)
	at com.kms.katalon.core.main.ScriptEngine.run(ScriptEngine.java:194)
	at com.kms.katalon.core.main.ScriptEngine.runScriptAsRawText(ScriptEngine.java:119)
	at com.kms.katalon.core.main.TestCaseExecutor.runScript(TestCaseExecutor.java:448)
	at com.kms.katalon.core.main.TestCaseExecutor.doExecute(TestCaseExecutor.java:439)
	at com.kms.katalon.core.main.TestCaseExecutor.processExecutionPhase(TestCaseExecutor.java:418)
	at com.kms.katalon.core.main.TestCaseExecutor.accessMainPhase(TestCaseExecutor.java:410)
	at com.kms.katalon.core.main.TestCaseExecutor.execute(TestCaseExecutor.java:285)
	at com.kms.katalon.core.common.CommonExecutor.accessTestCaseMainPhase(CommonExecutor.java:65)
	at com.kms.katalon.core.main.TestSuiteExecutor.accessTestSuiteMainPhase(TestSuiteExecutor.java:151)
	at com.kms.katalon.core.main.TestSuiteExecutor.execute(TestSuiteExecutor.java:106)
	at com.kms.katalon.core.main.TestCaseMain.startTestSuite(TestCaseMain.java:185)
	at com.kms.katalon.core.main.TestCaseMain$startTestSuite$0.call(Unknown Source)
	at TempTestSuite1676605841938.run(TempTestSuite1676605841938.groovy:36)
Caused by: org.openqa.selenium.ElementNotInteractableException: element not interactable
  (Session info: chrome=110.0.5481.100)
Build info: version: '3.141.59', revision: 'e82be7d358', time: '2018-11-14T08:25:53'
System info: host: 'Kashifs-MacBook-Pro.local', ip: 'fe80:0:0:0:2a:e350:6cb0:c073%en0', os.name: 'Mac OS X', os.arch: 'x86_64', os.version: '10.16', java.version: '1.8.0_275'
Driver info: com.kms.katalon.selenium.driver.CChromeDriver
Capabilities {acceptInsecureCerts: false, browserName: chrome, browserVersion: 110.0.5481.100, chrome: {chromedriverVersion: 109.0.5414.74 (e7c5703604da..., userDataDir: /var/folders/d5/lp70b0s53sb...}, goog:chromeOptions: {debuggerAddress: localhost:65359}, javascriptEnabled: true, networkConnectionEnabled: false, pageLoadStrategy: normal, platform: MAC, platformName: MAC, proxy: Proxy(), setWindowRect: true, strictFileInteractability: false, timeouts: {implicit: 0, pageLoad: 300000, script: 30000}, unhandledPromptBehavior: dismiss and notify, webauthn:extension:credBlob: true, webauthn:extension:largeBlob: true, webauthn:virtualAuthenticators: true}
Session ID: 2b03acd11afd0d82b6143a955ec5f01d
	at org.openqa.selenium.remote.http.W3CHttpResponseCodec.createException(W3CHttpResponseCodec.java:187)
	at org.openqa.selenium.remote.http.W3CHttpResponseCodec.decode(W3CHttpResponseCodec.java:122)
	at org.openqa.selenium.remote.http.W3CHttpResponseCodec.decode(W3CHttpResponseCodec.java:49)
	at org.openqa.selenium.remote.HttpCommandExecutor.execute(HttpCommandExecutor.java:158)
	at org.openqa.selenium.remote.service.DriverCommandExecutor.execute(DriverCommandExecutor.java:83)
	at org.openqa.selenium.remote.RemoteWebDriver.execute(RemoteWebDriver.java:552)
	at com.kms.katalon.selenium.driver.CChromeDriver.execute(CChromeDriver.java:19)
	at org.openqa.selenium.remote.RemoteWebElement.execute(RemoteWebElement.java:285)
	at org.openqa.selenium.remote.RemoteWebElement.click(RemoteWebElement.java:84)
	at org.openqa.selenium.support.events.EventFiringWebDriver$EventFiringWebElement.lambda$new$0(EventFiringWebDriver.java:404)
	at com.sun.proxy.$Proxy11.click(Unknown Source)
	at org.openqa.selenium.support.events.EventFiringWebDriver$EventFiringWebElement.click(EventFiringWebDriver.java:417)
	at org.openqa.selenium.WebElement$click.call(Unknown Source)
	at com.kms.katalon.core.webui.keyword.builtin.ClickKeyword.clickUntilSuccessWithTimeout(ClickKeyword.groovy:81)
	at com.kms.katalon.core.webui.keyword.builtin.ClickKeyword.clickUntilSuccessWithTimeout(ClickKeyword.groovy)
	at com.kms.katalon.core.webui.keyword.builtin.ClickKeyword$_click_closure1.doCall(ClickKeyword.groovy:67)
	at com.kms.katalon.core.webui.keyword.builtin.ClickKeyword$_click_closure1.call(ClickKeyword.groovy)
	at com.kms.katalon.core.webui.keyword.internal.WebUIKeywordMain.runKeyword(WebUIKeywordMain.groovy:20)
	at com.kms.katalon.core.webui.keyword.builtin.ClickKeyword.click(ClickKeyword.groovy:74)
	at com.kms.katalon.core.webui.keyword.builtin.ClickKeyword.execute(ClickKeyword.groovy:40)
	at com.kms.katalon.core.keyword.internal.KeywordExecutor.executeKeywordForPlatform(KeywordExecutor.groovy:74)
	at com.kms.katalon.core.webui.keyword.WebUiBuiltInKeywords.click(WebUiBuiltInKeywords.groovy:620)
	at com.kms.katalon.core.webui.keyword.WebUiBuiltInKeywords$click$1.call(Unknown Source)
	at Script1676605151689.run(Script1676605151689.groovy:24)
	... 13 more
)
[[ATTACHMENT|/Users/kashif/Downloads/Kashif/Katalon Studio/4.0_fresh/4.0 Fresh/Reports/20230217_085040/Compare Scenario_Tests/20230217_085041/1676606280821.png]]]]></system-out>
         <system-err><![CDATA[2023-02-17 08:57:42 - [TEST_CASE][FAILED] - Test Cases/GiS/Compare Scenarios/CS_Three_Budgets_Sidewalk_Stage: Test Cases/GiS/Compare Scenarios/CS_Three_Budgets_Sidewalk_Stage FAILED.
Reason:
com.kms.katalon.core.exception.StepFailedException: Unable to click on object 'Object Repository/Compare Scenarios/img_Budget Planner_rail-icon'
	at com.kms.katalon.core.webui.keyword.internal.WebUIKeywordMain.stepFailed(WebUIKeywordMain.groovy:64)
	at com.kms.katalon.core.webui.keyword.internal.WebUIKeywordMain.runKeyword(WebUIKeywordMain.groovy:26)
	at com.kms.katalon.core.webui.keyword.builtin.ClickKeyword.click(ClickKeyword.groovy:74)
	at com.kms.katalon.core.webui.keyword.builtin.ClickKeyword.execute(ClickKeyword.groovy:40)
	at com.kms.katalon.core.keyword.internal.KeywordExecutor.executeKeywordForPlatform(KeywordExecutor.groovy:74)
	at com.kms.katalon.core.webui.keyword.WebUiBuiltInKeywords.click(WebUiBuiltInKeywords.groovy:620)
	at com.kms.katalon.core.webui.keyword.WebUiBuiltInKeywords$click$1.call(Unknown Source)
	at CS_Three_Budgets_Sidewalk_Stage.run(CS_Three_Budgets_Sidewalk_Stage:24)
	at com.kms.katalon.core.main.ScriptEngine.run(ScriptEngine.java:194)
	at com.kms.katalon.core.main.ScriptEngine.runScriptAsRawText(ScriptEngine.java:119)
	at com.kms.katalon.core.main.TestCaseExecutor.runScript(TestCaseExecutor.java:448)
	at com.kms.katalon.core.main.TestCaseExecutor.doExecute(TestCaseExecutor.java:439)
	at com.kms.katalon.core.main.TestCaseExecutor.processExecutionPhase(TestCaseExecutor.java:418)
	at com.kms.katalon.core.main.TestCaseExecutor.accessMainPhase(TestCaseExecutor.java:410)
	at com.kms.katalon.core.main.TestCaseExecutor.execute(TestCaseExecutor.java:285)
	at com.kms.katalon.core.common.CommonExecutor.accessTestCaseMainPhase(CommonExecutor.java:65)
	at com.kms.katalon.core.main.TestSuiteExecutor.accessTestSuiteMainPhase(TestSuiteExecutor.java:151)
	at com.kms.katalon.core.main.TestSuiteExecutor.execute(TestSuiteExecutor.java:106)
	at com.kms.katalon.core.main.TestCaseMain.startTestSuite(TestCaseMain.java:185)
	at com.kms.katalon.core.main.TestCaseMain$startTestSuite$0.call(Unknown Source)
	at TempTestSuite1676605841938.run(TempTestSuite1676605841938.groovy:36)
Caused by: org.openqa.selenium.ElementNotInteractableException: element not interactable
  (Session info: chrome=110.0.5481.100)
Build info: version: '3.141.59', revision: 'e82be7d358', time: '2018-11-14T08:25:53'
System info: host: 'Kashifs-MacBook-Pro.local', ip: 'fe80:0:0:0:2a:e350:6cb0:c073%en0', os.name: 'Mac OS X', os.arch: 'x86_64', os.version: '10.16', java.version: '1.8.0_275'
Driver info: com.kms.katalon.selenium.driver.CChromeDriver
Capabilities {acceptInsecureCerts: false, browserName: chrome, browserVersion: 110.0.5481.100, chrome: {chromedriverVersion: 109.0.5414.74 (e7c5703604da..., userDataDir: /var/folders/d5/lp70b0s53sb...}, goog:chromeOptions: {debuggerAddress: localhost:65359}, javascriptEnabled: true, networkConnectionEnabled: false, pageLoadStrategy: normal, platform: MAC, platformName: MAC, proxy: Proxy(), setWindowRect: true, strictFileInteractability: false, timeouts: {implicit: 0, pageLoad: 300000, script: 30000}, unhandledPromptBehavior: dismiss and notify, webauthn:extension:credBlob: true, webauthn:extension:largeBlob: true, webauthn:virtualAuthenticators: true}
Session ID: 2b03acd11afd0d82b6143a955ec5f01d
	at org.openqa.selenium.remote.http.W3CHttpResponseCodec.createException(W3CHttpResponseCodec.java:187)
	at org.openqa.selenium.remote.http.W3CHttpResponseCodec.decode(W3CHttpResponseCodec.java:122)
	at org.openqa.selenium.remote.http.W3CHttpResponseCodec.decode(W3CHttpResponseCodec.java:49)
	at org.openqa.selenium.remote.HttpCommandExecutor.execute(HttpCommandExecutor.java:158)
	at org.openqa.selenium.remote.service.DriverCommandExecutor.execute(DriverCommandExecutor.java:83)
	at org.openqa.selenium.remote.RemoteWebDriver.execute(RemoteWebDriver.java:552)
	at com.kms.katalon.selenium.driver.CChromeDriver.execute(CChromeDriver.java:19)
	at org.openqa.selenium.remote.RemoteWebElement.execute(RemoteWebElement.java:285)
	at org.openqa.selenium.remote.RemoteWebElement.click(RemoteWebElement.java:84)
	at org.openqa.selenium.support.events.EventFiringWebDriver$EventFiringWebElement.lambda$new$0(EventFiringWebDriver.java:404)
	at com.sun.proxy.$Proxy11.click(Unknown Source)
	at org.openqa.selenium.support.events.EventFiringWebDriver$EventFiringWebElement.click(EventFiringWebDriver.java:417)
	at org.openqa.selenium.WebElement$click.call(Unknown Source)
	at com.kms.katalon.core.webui.keyword.builtin.ClickKeyword.clickUntilSuccessWithTimeout(ClickKeyword.groovy:81)
	at com.kms.katalon.core.webui.keyword.builtin.ClickKeyword.clickUntilSuccessWithTimeout(ClickKeyword.groovy)
	at com.kms.katalon.core.webui.keyword.builtin.ClickKeyword$_click_closure1.doCall(ClickKeyword.groovy:67)
	at com.kms.katalon.core.webui.keyword.builtin.ClickKeyword$_click_closure1.call(ClickKeyword.groovy)
	at com.kms.katalon.core.webui.keyword.internal.WebUIKeywordMain.runKeyword(WebUIKeywordMain.groovy:20)
	... 19 more]]></system-err>
      </testcase>
      <testcase name="Test Cases/GiS/Compare Scenarios/CS_Three_Budgets" time="123.113" classname="Test Cases/GiS/Compare Scenarios/CS_Three_Budgets" status="FAILED">
         <failure type="FAILED" message="Test Cases/GiS/Compare Scenarios/CS_Three_Budgets FAILED.
Reason:
com.kms.katalon.core.exception.StepFailedException: Unable to click on object 'Object Repository/Compare Scenarios/div_Compare Scenario 1'
	at com.kms.katalon.core.webui.keyword.internal.WebUIKeywordMain.stepFailed(WebUIKeywordMain.groovy:64)
	at com.kms.katalon.core.webui.keyword.internal.WebUIKeywordMain.runKeyword(WebUIKeywordMain.groovy:26)
	at com.kms.katalon.core.webui.keyword.builtin.ClickKeyword.click(ClickKeyword.groovy:74)
	at com.kms.katalon.core.webui.keyword.builtin.ClickKeyword.execute(ClickKeyword.groovy:40)
	at com.kms.katalon.core.keyword.internal.KeywordExecutor.executeKeywordForPlatform(KeywordExecutor.groovy:74)
	at com.kms.katalon.core.webui.keyword.WebUiBuiltInKeywords.click(WebUiBuiltInKeywords.groovy:620)
	at com.kms.katalon.core.webui.keyword.WebUiBuiltInKeywords$click$1.call(Unknown Source)
	at CS_Three_Budgets.run(CS_Three_Budgets:93)
	at com.kms.katalon.core.main.ScriptEngine.run(ScriptEngine.java:194)
	at com.kms.katalon.core.main.ScriptEngine.runScriptAsRawText(ScriptEngine.java:119)
	at com.kms.katalon.core.main.TestCaseExecutor.runScript(TestCaseExecutor.java:448)
	at com.kms.katalon.core.main.TestCaseExecutor.doExecute(TestCaseExecutor.java:439)
	at com.kms.katalon.core.main.TestCaseExecutor.processExecutionPhase(TestCaseExecutor.java:418)
	at com.kms.katalon.core.main.TestCaseExecutor.accessMainPhase(TestCaseExecutor.java:410)
	at com.kms.katalon.core.main.TestCaseExecutor.execute(TestCaseExecutor.java:285)
	at com.kms.katalon.core.common.CommonExecutor.accessTestCaseMainPhase(CommonExecutor.java:65)
	at com.kms.katalon.core.main.TestSuiteExecutor.accessTestSuiteMainPhase(TestSuiteExecutor.java:151)
	at com.kms.katalon.core.main.TestSuiteExecutor.execute(TestSuiteExecutor.java:106)
	at com.kms.katalon.core.main.TestCaseMain.startTestSuite(TestCaseMain.java:185)
	at com.kms.katalon.core.main.TestCaseMain$startTestSuite$0.call(Unknown Source)
	at TempTestSuite1676605841938.run(TempTestSuite1676605841938.groovy:36)
Caused by: org.openqa.selenium.ElementNotInteractableException: element not interactable
  (Session info: chrome=110.0.5481.100)
Build info: version: '3.141.59', revision: 'e82be7d358', time: '2018-11-14T08:25:53'
System info: host: 'Kashifs-MacBook-Pro.local', ip: 'fe80:0:0:0:2a:e350:6cb0:c073%en0', os.name: 'Mac OS X', os.arch: 'x86_64', os.version: '10.16', java.version: '1.8.0_275'
Driver info: com.kms.katalon.selenium.driver.CChromeDriver
Capabilities {acceptInsecureCerts: false, browserName: chrome, browserVersion: 110.0.5481.100, chrome: {chromedriverVersion: 109.0.5414.74 (e7c5703604da..., userDataDir: /var/folders/d5/lp70b0s53sb...}, goog:chromeOptions: {debuggerAddress: localhost:49310}, javascriptEnabled: true, networkConnectionEnabled: false, pageLoadStrategy: normal, platform: MAC, platformName: MAC, proxy: Proxy(), setWindowRect: true, strictFileInteractability: false, timeouts: {implicit: 0, pageLoad: 300000, script: 30000}, unhandledPromptBehavior: dismiss and notify, webauthn:extension:credBlob: true, webauthn:extension:largeBlob: true, webauthn:virtualAuthenticators: true}
Session ID: 20f660ebf7a0383eb5543df22bc08044
	at org.openqa.selenium.remote.http.W3CHttpResponseCodec.createException(W3CHttpResponseCodec.java:187)
	at org.openqa.selenium.remote.http.W3CHttpResponseCodec.decode(W3CHttpResponseCodec.java:122)
	at org.openqa.selenium.remote.http.W3CHttpResponseCodec.decode(W3CHttpResponseCodec.java:49)
	at org.openqa.selenium.remote.HttpCommandExecutor.execute(HttpCommandExecutor.java:158)
	at org.openqa.selenium.remote.service.DriverCommandExecutor.execute(DriverCommandExecutor.java:83)
	at org.openqa.selenium.remote.RemoteWebDriver.execute(RemoteWebDriver.java:552)
	at com.kms.katalon.selenium.driver.CChromeDriver.execute(CChromeDriver.java:19)
	at org.openqa.selenium.remote.RemoteWebElement.execute(RemoteWebElement.java:285)
	at org.openqa.selenium.remote.RemoteWebElement.click(RemoteWebElement.java:84)
	at org.openqa.selenium.support.events.EventFiringWebDriver$EventFiringWebElement.lambda$new$0(EventFiringWebDriver.java:404)
	at com.sun.proxy.$Proxy11.click(Unknown Source)
	at org.openqa.selenium.support.events.EventFiringWebDriver$EventFiringWebElement.click(EventFiringWebDriver.java:417)
	at org.openqa.selenium.WebElement$click.call(Unknown Source)
	at com.kms.katalon.core.webui.keyword.builtin.ClickKeyword.clickUntilSuccessWithTimeout(ClickKeyword.groovy:81)
	at com.kms.katalon.core.webui.keyword.builtin.ClickKeyword.clickUntilSuccessWithTimeout(ClickKeyword.groovy)
	at com.kms.katalon.core.webui.keyword.builtin.ClickKeyword$_click_closure1.doCall(ClickKeyword.groovy:67)
	at com.kms.katalon.core.webui.keyword.builtin.ClickKeyword$_click_closure1.call(ClickKeyword.groovy)
	at com.kms.katalon.core.webui.keyword.internal.WebUIKeywordMain.runKeyword(WebUIKeywordMain.groovy:20)
	... 19 more
"/>
         <system-out><![CDATA[2023-02-17 08:58:01 - [TEST_CASE][FAILED] - Test Cases/GiS/Compare Scenarios/CS_Three_Budgets: Test Cases/GiS/Compare Scenarios/CS_Three_Budgets FAILED.
Reason:
com.kms.katalon.core.exception.StepFailedException: Unable to click on object 'Object Repository/Compare Scenarios/div_Compare Scenario 1'
	at com.kms.katalon.core.webui.keyword.internal.WebUIKeywordMain.stepFailed(WebUIKeywordMain.groovy:64)
	at com.kms.katalon.core.webui.keyword.internal.WebUIKeywordMain.runKeyword(WebUIKeywordMain.groovy:26)
	at com.kms.katalon.core.webui.keyword.builtin.ClickKeyword.click(ClickKeyword.groovy:74)
	at com.kms.katalon.core.webui.keyword.builtin.ClickKeyword.execute(ClickKeyword.groovy:40)
	at com.kms.katalon.core.keyword.internal.KeywordExecutor.executeKeywordForPlatform(KeywordExecutor.groovy:74)
	at com.kms.katalon.core.webui.keyword.WebUiBuiltInKeywords.click(WebUiBuiltInKeywords.groovy:620)
	at com.kms.katalon.core.webui.keyword.WebUiBuiltInKeywords$click$1.call(Unknown Source)
	at CS_Three_Budgets.run(CS_Three_Budgets:93)
	at com.kms.katalon.core.main.ScriptEngine.run(ScriptEngine.java:194)
	at com.kms.katalon.core.main.ScriptEngine.runScriptAsRawText(ScriptEngine.java:119)
	at com.kms.katalon.core.main.TestCaseExecutor.runScript(TestCaseExecutor.java:448)
	at com.kms.katalon.core.main.TestCaseExecutor.doExecute(TestCaseExecutor.java:439)
	at com.kms.katalon.core.main.TestCaseExecutor.processExecutionPhase(TestCaseExecutor.java:418)
	at com.kms.katalon.core.main.TestCaseExecutor.accessMainPhase(TestCaseExecutor.java:410)
	at com.kms.katalon.core.main.TestCaseExecutor.execute(TestCaseExecutor.java:285)
	at com.kms.katalon.core.common.CommonExecutor.accessTestCaseMainPhase(CommonExecutor.java:65)
	at com.kms.katalon.core.main.TestSuiteExecutor.accessTestSuiteMainPhase(TestSuiteExecutor.java:151)
	at com.kms.katalon.core.main.TestSuiteExecutor.execute(TestSuiteExecutor.java:106)
	at com.kms.katalon.core.main.TestCaseMain.startTestSuite(TestCaseMain.java:185)
	at com.kms.katalon.core.main.TestCaseMain$startTestSuite$0.call(Unknown Source)
	at TempTestSuite1676605841938.run(TempTestSuite1676605841938.groovy:36)
Caused by: org.openqa.selenium.ElementNotInteractableException: element not interactable
  (Session info: chrome=110.0.5481.100)
Build info: version: '3.141.59', revision: 'e82be7d358', time: '2018-11-14T08:25:53'
System info: host: 'Kashifs-MacBook-Pro.local', ip: 'fe80:0:0:0:2a:e350:6cb0:c073%en0', os.name: 'Mac OS X', os.arch: 'x86_64', os.version: '10.16', java.version: '1.8.0_275'
Driver info: com.kms.katalon.selenium.driver.CChromeDriver
Capabilities {acceptInsecureCerts: false, browserName: chrome, browserVersion: 110.0.5481.100, chrome: {chromedriverVersion: 109.0.5414.74 (e7c5703604da..., userDataDir: /var/folders/d5/lp70b0s53sb...}, goog:chromeOptions: {debuggerAddress: localhost:49310}, javascriptEnabled: true, networkConnectionEnabled: false, pageLoadStrategy: normal, platform: MAC, platformName: MAC, proxy: Proxy(), setWindowRect: true, strictFileInteractability: false, timeouts: {implicit: 0, pageLoad: 300000, script: 30000}, unhandledPromptBehavior: dismiss and notify, webauthn:extension:credBlob: true, webauthn:extension:largeBlob: true, webauthn:virtualAuthenticators: true}
Session ID: 20f660ebf7a0383eb5543df22bc08044
	at org.openqa.selenium.remote.http.W3CHttpResponseCodec.createException(W3CHttpResponseCodec.java:187)
	at org.openqa.selenium.remote.http.W3CHttpResponseCodec.decode(W3CHttpResponseCodec.java:122)
	at org.openqa.selenium.remote.http.W3CHttpResponseCodec.decode(W3CHttpResponseCodec.java:49)
	at org.openqa.selenium.remote.HttpCommandExecutor.execute(HttpCommandExecutor.java:158)
	at org.openqa.selenium.remote.service.DriverCommandExecutor.execute(DriverCommandExecutor.java:83)
	at org.openqa.selenium.remote.RemoteWebDriver.execute(RemoteWebDriver.java:552)
	at com.kms.katalon.selenium.driver.CChromeDriver.execute(CChromeDriver.java:19)
	at org.openqa.selenium.remote.RemoteWebElement.execute(RemoteWebElement.java:285)
	at org.openqa.selenium.remote.RemoteWebElement.click(RemoteWebElement.java:84)
	at org.openqa.selenium.support.events.EventFiringWebDriver$EventFiringWebElement.lambda$new$0(EventFiringWebDriver.java:404)
	at com.sun.proxy.$Proxy11.click(Unknown Source)
	at org.openqa.selenium.support.events.EventFiringWebDriver$EventFiringWebElement.click(EventFiringWebDriver.java:417)
	at org.openqa.selenium.WebElement$click.call(Unknown Source)
	at com.kms.katalon.core.webui.keyword.builtin.ClickKeyword.clickUntilSuccessWithTimeout(ClickKeyword.groovy:81)
	at com.kms.katalon.core.webui.keyword.builtin.ClickKeyword.clickUntilSuccessWithTimeout(ClickKeyword.groovy)
	at com.kms.katalon.core.webui.keyword.builtin.ClickKeyword$_click_closure1.doCall(ClickKeyword.groovy:67)
	at com.kms.katalon.core.webui.keyword.builtin.ClickKeyword$_click_closure1.call(ClickKeyword.groovy)
	at com.kms.katalon.core.webui.keyword.internal.WebUIKeywordMain.runKeyword(WebUIKeywordMain.groovy:20)
	... 19 more


2023-02-17 08:58:01 - [TEST_STEP][PASSED] - openBrowser(""): Browser is opened with url: ''

2023-02-17 08:58:01 - [MESSAGE][WARNING] - A browser is already opened. Closing browser and opening a new one

2023-02-17 08:58:02 - [MESSAGE][INFO] - Starting 'Chrome' driver

2023-02-17 08:58:02 - [MESSAGE][INFO] - Action delay is set to 0 milliseconds

2023-02-17 08:58:03 - [MESSAGE][PASSED] - Browser is opened with url: ''

2023-02-17 08:58:03 - [TEST_STEP][PASSED] - navigateToUrl("https://streetlogix-gis-slx4-develop.vercel.app/?config=64077fc938af4bcc9a46a81d8f4e5576&token=eyJhbGciOiJIUzI1NiIsInR5cCI6IkpXVCJ9.eyJpZCI6OTc2LCJuYW1lIjoiU29oYWliIE5laGFsIiwiZXhwIjoxNjc4NzI5ODk0LCJpYXQiOjE2NzYxMzc4OTR9.UHfOiNtJ_le0VZsenXiPbH0qUWaL-Iey0ptbA6Kalco&url=https://slx4-dev-server.herokuapp.com&config=configadmin.json"): Navigate to 'https://streetlogix-gis-slx4-develop.vercel.app/?config=64077fc938af4bcc9a46a81d8f4e5576&token=eyJhbGciOiJIUzI1NiIsInR5cCI6IkpXVCJ9.eyJpZCI6OTc2LCJuYW1lIjoiU29oYWliIE5laGFsIiwiZXhwIjoxNjc4NzI5ODk0LCJpYXQiOjE2NzYxMzc4OTR9.UHfOiNtJ_le0VZsenXiPbH0qUWaL-Iey0ptbA6Kalco&url=https://slx4-dev-server.herokuapp.com&config=configadmin.json' successfully

2023-02-17 08:58:05 - [MESSAGE][PASSED] - Navigate to 'https://streetlogix-gis-slx4-develop.vercel.app/?config=64077fc938af4bcc9a46a81d8f4e5576&token=eyJhbGciOiJIUzI1NiIsInR5cCI6IkpXVCJ9.eyJpZCI6OTc2LCJuYW1lIjoiU29oYWliIE5laGFsIiwiZXhwIjoxNjc4NzI5ODk0LCJpYXQiOjE2NzYxMzc4OTR9.UHfOiNtJ_le0VZsenXiPbH0qUWaL-Iey0ptbA6Kalco&url=https://slx4-dev-server.herokuapp.com&config=configadmin.json' successfully

2023-02-17 08:58:05 - [TEST_STEP][PASSED] - click(findTestObject("Object Repository/Compare Scenarios/img_Filter_rail-icon")): Object: 'Object Repository/Compare Scenarios/img_Filter_rail-icon' is clicked on

2023-02-17 08:58:10 - [MESSAGE][PASSED] - Object: 'Object Repository/Compare Scenarios/img_Filter_rail-icon' is clicked on

2023-02-17 08:58:10 - [TEST_STEP][PASSED] - click(findTestObject("Object Repository/Compare Scenarios/img_Budget Planner_rail-icon")): Object: 'Object Repository/Compare Scenarios/img_Budget Planner_rail-icon' is clicked on

2023-02-17 08:58:11 - [MESSAGE][PASSED] - Object: 'Object Repository/Compare Scenarios/img_Budget Planner_rail-icon' is clicked on

2023-02-17 08:58:11 - [TEST_STEP][PASSED] - sendKeys(findTestObject("Compare Scenarios/input_Program duration_duration"), Keys.chord(COMMAND, "a")): Keys 'COMMAND + a' sent to object: 'Object Repository/Compare Scenarios/input_Program duration_duration'

2023-02-17 08:58:13 - [MESSAGE][PASSED] - Keys 'COMMAND + a' sent to object: 'Object Repository/Compare Scenarios/input_Program duration_duration'

2023-02-17 08:58:13 - [TEST_STEP][PASSED] - sendKeys(findTestObject("Compare Scenarios/input_Program duration_duration"), Keys.chord(DELETE)): Keys 'DELETE + ' sent to object: 'Object Repository/Compare Scenarios/input_Program duration_duration'

2023-02-17 08:58:16 - [MESSAGE][PASSED] - Keys 'DELETE + ' sent to object: 'Object Repository/Compare Scenarios/input_Program duration_duration'

2023-02-17 08:58:16 - [TEST_STEP][PASSED] - setText(findTestObject("Compare Scenarios/input_Program duration_duration"), "3"): Text '3' is set on object 'Object Repository/Compare Scenarios/input_Program duration_duration'

2023-02-17 08:58:20 - [MESSAGE][PASSED] - Text '3' is set on object 'Object Repository/Compare Scenarios/input_Program duration_duration'

2023-02-17 08:58:20 - [TEST_STEP][PASSED] - sendKeys(findTestObject("Object Repository/Compare Scenarios/input_Scenario Name_scenario_name"), Keys.chord(COMMAND, "a")): Keys 'COMMAND + a' sent to object: 'Object Repository/Compare Scenarios/input_Scenario Name_scenario_name'

2023-02-17 08:58:22 - [MESSAGE][PASSED] - Keys 'COMMAND + a' sent to object: 'Object Repository/Compare Scenarios/input_Scenario Name_scenario_name'

2023-02-17 08:58:22 - [TEST_STEP][PASSED] - sendKeys(findTestObject("Object Repository/Compare Scenarios/input_Scenario Name_scenario_name"), Keys.chord(DELETE)): Keys 'DELETE + ' sent to object: 'Object Repository/Compare Scenarios/input_Scenario Name_scenario_name'

2023-02-17 08:58:24 - [MESSAGE][PASSED] - Keys 'DELETE + ' sent to object: 'Object Repository/Compare Scenarios/input_Scenario Name_scenario_name'

2023-02-17 08:58:24 - [TEST_STEP][PASSED] - setText(findTestObject("Object Repository/Compare Scenarios/input_Scenario Name_scenario_name"), "Compare Scenario 1"): Text 'Compare Scenario 1' is set on object 'Object Repository/Compare Scenarios/input_Scenario Name_scenario_name'

2023-02-17 08:58:28 - [MESSAGE][PASSED] - Text 'Compare Scenario 1' is set on object 'Object Repository/Compare Scenarios/input_Scenario Name_scenario_name'

2023-02-17 08:58:28 - [TEST_STEP][PASSED] - click(findTestObject("Object Repository/Compare Scenarios/span_Add Scenario")): Object: 'Object Repository/Compare Scenarios/span_Add Scenario' is clicked on

2023-02-17 08:58:30 - [MESSAGE][PASSED] - Object: 'Object Repository/Compare Scenarios/span_Add Scenario' is clicked on

2023-02-17 08:58:30 - [TEST_STEP][PASSED] - click(findTestObject("Object Repository/Compare Scenarios/span_Add Scenario")): Object: 'Object Repository/Compare Scenarios/span_Add Scenario' is clicked on

2023-02-17 08:58:32 - [MESSAGE][PASSED] - Object: 'Object Repository/Compare Scenarios/span_Add Scenario' is clicked on

2023-02-17 08:58:32 - [TEST_STEP][PASSED] - sendKeys(findTestObject("Object Repository/Compare Scenarios/input_Scenario Name_scenario_name_2"), Keys.chord(COMMAND, "a")): Keys 'COMMAND + a' sent to object: 'Object Repository/Compare Scenarios/input_Scenario Name_scenario_name_2'

2023-02-17 08:58:34 - [MESSAGE][PASSED] - Keys 'COMMAND + a' sent to object: 'Object Repository/Compare Scenarios/input_Scenario Name_scenario_name_2'

2023-02-17 08:58:34 - [TEST_STEP][PASSED] - sendKeys(findTestObject("Object Repository/Compare Scenarios/input_Scenario Name_scenario_name_2"), Keys.chord(DELETE)): Keys 'DELETE + ' sent to object: 'Object Repository/Compare Scenarios/input_Scenario Name_scenario_name_2'

2023-02-17 08:58:36 - [MESSAGE][PASSED] - Keys 'DELETE + ' sent to object: 'Object Repository/Compare Scenarios/input_Scenario Name_scenario_name_2'

2023-02-17 08:58:36 - [TEST_STEP][PASSED] - setText(findTestObject("Object Repository/Compare Scenarios/input_Scenario Name_scenario_name_2"), "Compare Scenario 2"): Text 'Compare Scenario 2' is set on object 'Object Repository/Compare Scenarios/input_Scenario Name_scenario_name_2'

2023-02-17 08:58:40 - [MESSAGE][PASSED] - Text 'Compare Scenario 2' is set on object 'Object Repository/Compare Scenarios/input_Scenario Name_scenario_name_2'

2023-02-17 08:58:40 - [TEST_STEP][PASSED] - sendKeys(findTestObject("Object Repository/Compare Scenarios/input_Scenario Name_scenario_name_3"), Keys.chord(COMMAND, "a")): Keys 'COMMAND + a' sent to object: 'Object Repository/Compare Scenarios/input_Scenario Name_scenario_name_3'

2023-02-17 08:58:42 - [MESSAGE][PASSED] - Keys 'COMMAND + a' sent to object: 'Object Repository/Compare Scenarios/input_Scenario Name_scenario_name_3'

2023-02-17 08:58:42 - [TEST_STEP][PASSED] - sendKeys(findTestObject("Object Repository/Compare Scenarios/input_Scenario Name_scenario_name_3"), Keys.chord(DELETE)): Keys 'DELETE + ' sent to object: 'Object Repository/Compare Scenarios/input_Scenario Name_scenario_name_3'

2023-02-17 08:58:44 - [MESSAGE][PASSED] - Keys 'DELETE + ' sent to object: 'Object Repository/Compare Scenarios/input_Scenario Name_scenario_name_3'

2023-02-17 08:58:44 - [TEST_STEP][PASSED] - setText(findTestObject("Object Repository/Compare Scenarios/input_Scenario Name_scenario_name_3"), "Compare Scenario 3"): Text 'Compare Scenario 3' is set on object 'Object Repository/Compare Scenarios/input_Scenario Name_scenario_name_3'

2023-02-17 08:58:49 - [MESSAGE][PASSED] - Text 'Compare Scenario 3' is set on object 'Object Repository/Compare Scenarios/input_Scenario Name_scenario_name_3'

2023-02-17 08:58:49 - [TEST_STEP][PASSED] - setText(findTestObject("Object Repository/Compare Scenarios/input_Annual Budget_budget"), "30,000"): Text '30,000' is set on object 'Object Repository/Compare Scenarios/input_Annual Budget_budget'

2023-02-17 08:58:52 - [MESSAGE][PASSED] - Text '30,000' is set on object 'Object Repository/Compare Scenarios/input_Annual Budget_budget'

2023-02-17 08:58:52 - [TEST_STEP][PASSED] - setText(findTestObject("Compare Scenarios/input_Annual Budget_budget_2"), "20000"): Text '20000' is set on object 'Object Repository/Compare Scenarios/input_Annual Budget_budget_2'

2023-02-17 08:58:56 - [MESSAGE][PASSED] - Text '20000' is set on object 'Object Repository/Compare Scenarios/input_Annual Budget_budget_2'

2023-02-17 08:58:56 - [TEST_STEP][PASSED] - setText(findTestObject("Compare Scenarios/input_Annual Budget_budget_3"), "10000"): Text '10000' is set on object 'Object Repository/Compare Scenarios/input_Annual Budget_budget_3'

2023-02-17 08:59:00 - [MESSAGE][PASSED] - Text '10000' is set on object 'Object Repository/Compare Scenarios/input_Annual Budget_budget_3'

2023-02-17 08:59:00 - [TEST_STEP][PASSED] - sendKeys(findTestObject("Object Repository/Compare Scenarios/Input_Inflation"), Keys.chord(COMMAND, "a")): Keys 'COMMAND + a' sent to object: 'Object Repository/Compare Scenarios/Input_Inflation'

2023-02-17 08:59:02 - [MESSAGE][PASSED] - Keys 'COMMAND + a' sent to object: 'Object Repository/Compare Scenarios/Input_Inflation'

2023-02-17 08:59:02 - [TEST_STEP][PASSED] - sendKeys(findTestObject("Object Repository/Compare Scenarios/Input_Inflation"), Keys.chord(DELETE)): Keys 'DELETE + ' sent to object: 'Object Repository/Compare Scenarios/Input_Inflation'

2023-02-17 08:59:04 - [MESSAGE][PASSED] - Keys 'DELETE + ' sent to object: 'Object Repository/Compare Scenarios/Input_Inflation'

2023-02-17 08:59:04 - [TEST_STEP][PASSED] - setText(findTestObject("Object Repository/Compare Scenarios/Input_Inflation"), "5"): Text '5' is set on object 'Object Repository/Compare Scenarios/Input_Inflation'

2023-02-17 08:59:08 - [MESSAGE][PASSED] - Text '5' is set on object 'Object Repository/Compare Scenarios/Input_Inflation'

2023-02-17 08:59:08 - [TEST_STEP][PASSED] - sendKeys(findTestObject("Object Repository/Compare Scenarios/Input_Inflation_2"), Keys.chord(COMMAND, "a")): Keys 'COMMAND + a' sent to object: 'Object Repository/Compare Scenarios/Input_Inflation_2'

2023-02-17 08:59:10 - [MESSAGE][PASSED] - Keys 'COMMAND + a' sent to object: 'Object Repository/Compare Scenarios/Input_Inflation_2'

2023-02-17 08:59:10 - [TEST_STEP][PASSED] - sendKeys(findTestObject("Object Repository/Compare Scenarios/Input_Inflation_2"), Keys.chord(DELETE)): Keys 'DELETE + ' sent to object: 'Object Repository/Compare Scenarios/Input_Inflation_2'

2023-02-17 08:59:12 - [MESSAGE][PASSED] - Keys 'DELETE + ' sent to object: 'Object Repository/Compare Scenarios/Input_Inflation_2'

2023-02-17 08:59:12 - [TEST_STEP][PASSED] - setText(findTestObject("Object Repository/Compare Scenarios/Input_Inflation_2"), "7"): Text '7' is set on object 'Object Repository/Compare Scenarios/Input_Inflation_2'

2023-02-17 08:59:16 - [MESSAGE][PASSED] - Text '7' is set on object 'Object Repository/Compare Scenarios/Input_Inflation_2'

2023-02-17 08:59:16 - [TEST_STEP][PASSED] - sendKeys(findTestObject("Object Repository/Compare Scenarios/Input_Inflation_3"), Keys.chord(COMMAND, "a")): Keys 'COMMAND + a' sent to object: 'Object Repository/Compare Scenarios/Input_Inflation_3'

2023-02-17 08:59:18 - [MESSAGE][PASSED] - Keys 'COMMAND + a' sent to object: 'Object Repository/Compare Scenarios/Input_Inflation_3'

2023-02-17 08:59:18 - [TEST_STEP][PASSED] - sendKeys(findTestObject("Object Repository/Compare Scenarios/Input_Inflation_3"), Keys.chord(DELETE)): Keys 'DELETE + ' sent to object: 'Object Repository/Compare Scenarios/Input_Inflation_3'

2023-02-17 08:59:20 - [MESSAGE][PASSED] - Keys 'DELETE + ' sent to object: 'Object Repository/Compare Scenarios/Input_Inflation_3'

2023-02-17 08:59:20 - [TEST_STEP][PASSED] - setText(findTestObject("Object Repository/Compare Scenarios/Input_Inflation_3"), "0"): Text '0' is set on object 'Object Repository/Compare Scenarios/Input_Inflation_3'

2023-02-17 08:59:24 - [MESSAGE][PASSED] - Text '0' is set on object 'Object Repository/Compare Scenarios/Input_Inflation_3'

2023-02-17 08:59:24 - [TEST_STEP][PASSED] - click(findTestObject("Object Repository/Compare Scenarios/div_Select layerPavement MaintenanceFilter _a98a8c")): Object: 'Object Repository/Compare Scenarios/div_Select layerPavement MaintenanceFilter _a98a8c' is clicked on

2023-02-17 08:59:26 - [MESSAGE][PASSED] - Object: 'Object Repository/Compare Scenarios/div_Select layerPavement MaintenanceFilter _a98a8c' is clicked on

2023-02-17 08:59:26 - [TEST_STEP][PASSED] - click(findTestObject("Object Repository/Compare Scenarios/span_Apply")): Object: 'Object Repository/Compare Scenarios/span_Apply' is clicked on

2023-02-17 08:59:28 - [MESSAGE][PASSED] - Object: 'Object Repository/Compare Scenarios/span_Apply' is clicked on

2023-02-17 08:59:28 - [TEST_STEP][PASSED] - delay(30): Delayed 30 second(s)

2023-02-17 08:59:58 - [MESSAGE][PASSED] - Delayed 30 second(s)

2023-02-17 08:59:59 - [TEST_STEP][PASSED] - click(findTestObject("Object Repository/Compare Scenarios/span_Compare")): Object: 'Object Repository/Compare Scenarios/span_Compare' is clicked on

2023-02-17 09:00:00 - [MESSAGE][PASSED] - Object: 'Object Repository/Compare Scenarios/span_Compare' is clicked on

2023-02-17 09:00:00 - [TEST_STEP][FAILED] - click(findTestObject("Compare Scenarios/div_Compare Scenario 1")): Unable to click on object 'Object Repository/Compare Scenarios/div_Compare Scenario 1' (Root cause: com.kms.katalon.core.exception.StepFailedException: Unable to click on object 'Object Repository/Compare Scenarios/div_Compare Scenario 1'
	at com.kms.katalon.core.webui.keyword.internal.WebUIKeywordMain.stepFailed(WebUIKeywordMain.groovy:64)
	at com.kms.katalon.core.webui.keyword.internal.WebUIKeywordMain.runKeyword(WebUIKeywordMain.groovy:26)
	at com.kms.katalon.core.webui.keyword.builtin.ClickKeyword.click(ClickKeyword.groovy:74)
	at com.kms.katalon.core.webui.keyword.builtin.ClickKeyword.execute(ClickKeyword.groovy:40)
	at com.kms.katalon.core.keyword.internal.KeywordExecutor.executeKeywordForPlatform(KeywordExecutor.groovy:74)
	at com.kms.katalon.core.webui.keyword.WebUiBuiltInKeywords.click(WebUiBuiltInKeywords.groovy:620)
	at com.kms.katalon.core.webui.keyword.WebUiBuiltInKeywords$click$1.call(Unknown Source)
	at CS_Three_Budgets.run(CS_Three_Budgets:93)
	at com.kms.katalon.core.main.ScriptEngine.run(ScriptEngine.java:194)
	at com.kms.katalon.core.main.ScriptEngine.runScriptAsRawText(ScriptEngine.java:119)
	at com.kms.katalon.core.main.TestCaseExecutor.runScript(TestCaseExecutor.java:448)
	at com.kms.katalon.core.main.TestCaseExecutor.doExecute(TestCaseExecutor.java:439)
	at com.kms.katalon.core.main.TestCaseExecutor.processExecutionPhase(TestCaseExecutor.java:418)
	at com.kms.katalon.core.main.TestCaseExecutor.accessMainPhase(TestCaseExecutor.java:410)
	at com.kms.katalon.core.main.TestCaseExecutor.execute(TestCaseExecutor.java:285)
	at com.kms.katalon.core.common.CommonExecutor.accessTestCaseMainPhase(CommonExecutor.java:65)
	at com.kms.katalon.core.main.TestSuiteExecutor.accessTestSuiteMainPhase(TestSuiteExecutor.java:151)
	at com.kms.katalon.core.main.TestSuiteExecutor.execute(TestSuiteExecutor.java:106)
	at com.kms.katalon.core.main.TestCaseMain.startTestSuite(TestCaseMain.java:185)
	at com.kms.katalon.core.main.TestCaseMain$startTestSuite$0.call(Unknown Source)
	at TempTestSuite1676605841938.run(TempTestSuite1676605841938.groovy:36)
Caused by: org.openqa.selenium.ElementNotInteractableException: element not interactable
  (Session info: chrome=110.0.5481.100)
Build info: version: '3.141.59', revision: 'e82be7d358', time: '2018-11-14T08:25:53'
System info: host: 'Kashifs-MacBook-Pro.local', ip: 'fe80:0:0:0:2a:e350:6cb0:c073%en0', os.name: 'Mac OS X', os.arch: 'x86_64', os.version: '10.16', java.version: '1.8.0_275'
Driver info: com.kms.katalon.selenium.driver.CChromeDriver
Capabilities {acceptInsecureCerts: false, browserName: chrome, browserVersion: 110.0.5481.100, chrome: {chromedriverVersion: 109.0.5414.74 (e7c5703604da..., userDataDir: /var/folders/d5/lp70b0s53sb...}, goog:chromeOptions: {debuggerAddress: localhost:49310}, javascriptEnabled: true, networkConnectionEnabled: false, pageLoadStrategy: normal, platform: MAC, platformName: MAC, proxy: Proxy(), setWindowRect: true, strictFileInteractability: false, timeouts: {implicit: 0, pageLoad: 300000, script: 30000}, unhandledPromptBehavior: dismiss and notify, webauthn:extension:credBlob: true, webauthn:extension:largeBlob: true, webauthn:virtualAuthenticators: true}
Session ID: 20f660ebf7a0383eb5543df22bc08044
	at org.openqa.selenium.remote.http.W3CHttpResponseCodec.createException(W3CHttpResponseCodec.java:187)
	at org.openqa.selenium.remote.http.W3CHttpResponseCodec.decode(W3CHttpResponseCodec.java:122)
	at org.openqa.selenium.remote.http.W3CHttpResponseCodec.decode(W3CHttpResponseCodec.java:49)
	at org.openqa.selenium.remote.HttpCommandExecutor.execute(HttpCommandExecutor.java:158)
	at org.openqa.selenium.remote.service.DriverCommandExecutor.execute(DriverCommandExecutor.java:83)
	at org.openqa.selenium.remote.RemoteWebDriver.execute(RemoteWebDriver.java:552)
	at com.kms.katalon.selenium.driver.CChromeDriver.execute(CChromeDriver.java:19)
	at org.openqa.selenium.remote.RemoteWebElement.execute(RemoteWebElement.java:285)
	at org.openqa.selenium.remote.RemoteWebElement.click(RemoteWebElement.java:84)
	at org.openqa.selenium.support.events.EventFiringWebDriver$EventFiringWebElement.lambda$new$0(EventFiringWebDriver.java:404)
	at com.sun.proxy.$Proxy11.click(Unknown Source)
	at org.openqa.selenium.support.events.EventFiringWebDriver$EventFiringWebElement.click(EventFiringWebDriver.java:417)
	at org.openqa.selenium.WebElement$click.call(Unknown Source)
	at com.kms.katalon.core.webui.keyword.builtin.ClickKeyword.clickUntilSuccessWithTimeout(ClickKeyword.groovy:81)
	at com.kms.katalon.core.webui.keyword.builtin.ClickKeyword.clickUntilSuccessWithTimeout(ClickKeyword.groovy)
	at com.kms.katalon.core.webui.keyword.builtin.ClickKeyword$_click_closure1.doCall(ClickKeyword.groovy:67)
	at com.kms.katalon.core.webui.keyword.builtin.ClickKeyword$_click_closure1.call(ClickKeyword.groovy)
	at com.kms.katalon.core.webui.keyword.internal.WebUIKeywordMain.runKeyword(WebUIKeywordMain.groovy:20)
	at com.kms.katalon.core.webui.keyword.builtin.ClickKeyword.click(ClickKeyword.groovy:74)
	at com.kms.katalon.core.webui.keyword.builtin.ClickKeyword.execute(ClickKeyword.groovy:40)
	at com.kms.katalon.core.keyword.internal.KeywordExecutor.executeKeywordForPlatform(KeywordExecutor.groovy:74)
	at com.kms.katalon.core.webui.keyword.WebUiBuiltInKeywords.click(WebUiBuiltInKeywords.groovy:620)
	at com.kms.katalon.core.webui.keyword.WebUiBuiltInKeywords$click$1.call(Unknown Source)
	at Script1676540725424.run(Script1676540725424.groovy:93)
	... 13 more
)

2023-02-17 09:00:04 - [MESSAGE][FAILED] - Unable to click on object 'Object Repository/Compare Scenarios/div_Compare Scenario 1' (Root cause: com.kms.katalon.core.exception.StepFailedException: Unable to click on object 'Object Repository/Compare Scenarios/div_Compare Scenario 1'
	at com.kms.katalon.core.webui.keyword.internal.WebUIKeywordMain.stepFailed(WebUIKeywordMain.groovy:64)
	at com.kms.katalon.core.webui.keyword.internal.WebUIKeywordMain.runKeyword(WebUIKeywordMain.groovy:26)
	at com.kms.katalon.core.webui.keyword.builtin.ClickKeyword.click(ClickKeyword.groovy:74)
	at com.kms.katalon.core.webui.keyword.builtin.ClickKeyword.execute(ClickKeyword.groovy:40)
	at com.kms.katalon.core.keyword.internal.KeywordExecutor.executeKeywordForPlatform(KeywordExecutor.groovy:74)
	at com.kms.katalon.core.webui.keyword.WebUiBuiltInKeywords.click(WebUiBuiltInKeywords.groovy:620)
	at com.kms.katalon.core.webui.keyword.WebUiBuiltInKeywords$click$1.call(Unknown Source)
	at CS_Three_Budgets.run(CS_Three_Budgets:93)
	at com.kms.katalon.core.main.ScriptEngine.run(ScriptEngine.java:194)
	at com.kms.katalon.core.main.ScriptEngine.runScriptAsRawText(ScriptEngine.java:119)
	at com.kms.katalon.core.main.TestCaseExecutor.runScript(TestCaseExecutor.java:448)
	at com.kms.katalon.core.main.TestCaseExecutor.doExecute(TestCaseExecutor.java:439)
	at com.kms.katalon.core.main.TestCaseExecutor.processExecutionPhase(TestCaseExecutor.java:418)
	at com.kms.katalon.core.main.TestCaseExecutor.accessMainPhase(TestCaseExecutor.java:410)
	at com.kms.katalon.core.main.TestCaseExecutor.execute(TestCaseExecutor.java:285)
	at com.kms.katalon.core.common.CommonExecutor.accessTestCaseMainPhase(CommonExecutor.java:65)
	at com.kms.katalon.core.main.TestSuiteExecutor.accessTestSuiteMainPhase(TestSuiteExecutor.java:151)
	at com.kms.katalon.core.main.TestSuiteExecutor.execute(TestSuiteExecutor.java:106)
	at com.kms.katalon.core.main.TestCaseMain.startTestSuite(TestCaseMain.java:185)
	at com.kms.katalon.core.main.TestCaseMain$startTestSuite$0.call(Unknown Source)
	at TempTestSuite1676605841938.run(TempTestSuite1676605841938.groovy:36)
Caused by: org.openqa.selenium.ElementNotInteractableException: element not interactable
  (Session info: chrome=110.0.5481.100)
Build info: version: '3.141.59', revision: 'e82be7d358', time: '2018-11-14T08:25:53'
System info: host: 'Kashifs-MacBook-Pro.local', ip: 'fe80:0:0:0:2a:e350:6cb0:c073%en0', os.name: 'Mac OS X', os.arch: 'x86_64', os.version: '10.16', java.version: '1.8.0_275'
Driver info: com.kms.katalon.selenium.driver.CChromeDriver
Capabilities {acceptInsecureCerts: false, browserName: chrome, browserVersion: 110.0.5481.100, chrome: {chromedriverVersion: 109.0.5414.74 (e7c5703604da..., userDataDir: /var/folders/d5/lp70b0s53sb...}, goog:chromeOptions: {debuggerAddress: localhost:49310}, javascriptEnabled: true, networkConnectionEnabled: false, pageLoadStrategy: normal, platform: MAC, platformName: MAC, proxy: Proxy(), setWindowRect: true, strictFileInteractability: false, timeouts: {implicit: 0, pageLoad: 300000, script: 30000}, unhandledPromptBehavior: dismiss and notify, webauthn:extension:credBlob: true, webauthn:extension:largeBlob: true, webauthn:virtualAuthenticators: true}
Session ID: 20f660ebf7a0383eb5543df22bc08044
	at org.openqa.selenium.remote.http.W3CHttpResponseCodec.createException(W3CHttpResponseCodec.java:187)
	at org.openqa.selenium.remote.http.W3CHttpResponseCodec.decode(W3CHttpResponseCodec.java:122)
	at org.openqa.selenium.remote.http.W3CHttpResponseCodec.decode(W3CHttpResponseCodec.java:49)
	at org.openqa.selenium.remote.HttpCommandExecutor.execute(HttpCommandExecutor.java:158)
	at org.openqa.selenium.remote.service.DriverCommandExecutor.execute(DriverCommandExecutor.java:83)
	at org.openqa.selenium.remote.RemoteWebDriver.execute(RemoteWebDriver.java:552)
	at com.kms.katalon.selenium.driver.CChromeDriver.execute(CChromeDriver.java:19)
	at org.openqa.selenium.remote.RemoteWebElement.execute(RemoteWebElement.java:285)
	at org.openqa.selenium.remote.RemoteWebElement.click(RemoteWebElement.java:84)
	at org.openqa.selenium.support.events.EventFiringWebDriver$EventFiringWebElement.lambda$new$0(EventFiringWebDriver.java:404)
	at com.sun.proxy.$Proxy11.click(Unknown Source)
	at org.openqa.selenium.support.events.EventFiringWebDriver$EventFiringWebElement.click(EventFiringWebDriver.java:417)
	at org.openqa.selenium.WebElement$click.call(Unknown Source)
	at com.kms.katalon.core.webui.keyword.builtin.ClickKeyword.clickUntilSuccessWithTimeout(ClickKeyword.groovy:81)
	at com.kms.katalon.core.webui.keyword.builtin.ClickKeyword.clickUntilSuccessWithTimeout(ClickKeyword.groovy)
	at com.kms.katalon.core.webui.keyword.builtin.ClickKeyword$_click_closure1.doCall(ClickKeyword.groovy:67)
	at com.kms.katalon.core.webui.keyword.builtin.ClickKeyword$_click_closure1.call(ClickKeyword.groovy)
	at com.kms.katalon.core.webui.keyword.internal.WebUIKeywordMain.runKeyword(WebUIKeywordMain.groovy:20)
	at com.kms.katalon.core.webui.keyword.builtin.ClickKeyword.click(ClickKeyword.groovy:74)
	at com.kms.katalon.core.webui.keyword.builtin.ClickKeyword.execute(ClickKeyword.groovy:40)
	at com.kms.katalon.core.keyword.internal.KeywordExecutor.executeKeywordForPlatform(KeywordExecutor.groovy:74)
	at com.kms.katalon.core.webui.keyword.WebUiBuiltInKeywords.click(WebUiBuiltInKeywords.groovy:620)
	at com.kms.katalon.core.webui.keyword.WebUiBuiltInKeywords$click$1.call(Unknown Source)
	at Script1676540725424.run(Script1676540725424.groovy:93)
	... 13 more
)
[[ATTACHMENT|/Users/kashif/Downloads/Kashif/Katalon Studio/4.0_fresh/4.0 Fresh/Reports/20230217_085040/Compare Scenario_Tests/20230217_085041/1676606403880.png]]]]></system-out>
         <system-err><![CDATA[2023-02-17 08:58:01 - [TEST_CASE][FAILED] - Test Cases/GiS/Compare Scenarios/CS_Three_Budgets: Test Cases/GiS/Compare Scenarios/CS_Three_Budgets FAILED.
Reason:
com.kms.katalon.core.exception.StepFailedException: Unable to click on object 'Object Repository/Compare Scenarios/div_Compare Scenario 1'
	at com.kms.katalon.core.webui.keyword.internal.WebUIKeywordMain.stepFailed(WebUIKeywordMain.groovy:64)
	at com.kms.katalon.core.webui.keyword.internal.WebUIKeywordMain.runKeyword(WebUIKeywordMain.groovy:26)
	at com.kms.katalon.core.webui.keyword.builtin.ClickKeyword.click(ClickKeyword.groovy:74)
	at com.kms.katalon.core.webui.keyword.builtin.ClickKeyword.execute(ClickKeyword.groovy:40)
	at com.kms.katalon.core.keyword.internal.KeywordExecutor.executeKeywordForPlatform(KeywordExecutor.groovy:74)
	at com.kms.katalon.core.webui.keyword.WebUiBuiltInKeywords.click(WebUiBuiltInKeywords.groovy:620)
	at com.kms.katalon.core.webui.keyword.WebUiBuiltInKeywords$click$1.call(Unknown Source)
	at CS_Three_Budgets.run(CS_Three_Budgets:93)
	at com.kms.katalon.core.main.ScriptEngine.run(ScriptEngine.java:194)
	at com.kms.katalon.core.main.ScriptEngine.runScriptAsRawText(ScriptEngine.java:119)
	at com.kms.katalon.core.main.TestCaseExecutor.runScript(TestCaseExecutor.java:448)
	at com.kms.katalon.core.main.TestCaseExecutor.doExecute(TestCaseExecutor.java:439)
	at com.kms.katalon.core.main.TestCaseExecutor.processExecutionPhase(TestCaseExecutor.java:418)
	at com.kms.katalon.core.main.TestCaseExecutor.accessMainPhase(TestCaseExecutor.java:410)
	at com.kms.katalon.core.main.TestCaseExecutor.execute(TestCaseExecutor.java:285)
	at com.kms.katalon.core.common.CommonExecutor.accessTestCaseMainPhase(CommonExecutor.java:65)
	at com.kms.katalon.core.main.TestSuiteExecutor.accessTestSuiteMainPhase(TestSuiteExecutor.java:151)
	at com.kms.katalon.core.main.TestSuiteExecutor.execute(TestSuiteExecutor.java:106)
	at com.kms.katalon.core.main.TestCaseMain.startTestSuite(TestCaseMain.java:185)
	at com.kms.katalon.core.main.TestCaseMain$startTestSuite$0.call(Unknown Source)
	at TempTestSuite1676605841938.run(TempTestSuite1676605841938.groovy:36)
Caused by: org.openqa.selenium.ElementNotInteractableException: element not interactable
  (Session info: chrome=110.0.5481.100)
Build info: version: '3.141.59', revision: 'e82be7d358', time: '2018-11-14T08:25:53'
System info: host: 'Kashifs-MacBook-Pro.local', ip: 'fe80:0:0:0:2a:e350:6cb0:c073%en0', os.name: 'Mac OS X', os.arch: 'x86_64', os.version: '10.16', java.version: '1.8.0_275'
Driver info: com.kms.katalon.selenium.driver.CChromeDriver
Capabilities {acceptInsecureCerts: false, browserName: chrome, browserVersion: 110.0.5481.100, chrome: {chromedriverVersion: 109.0.5414.74 (e7c5703604da..., userDataDir: /var/folders/d5/lp70b0s53sb...}, goog:chromeOptions: {debuggerAddress: localhost:49310}, javascriptEnabled: true, networkConnectionEnabled: false, pageLoadStrategy: normal, platform: MAC, platformName: MAC, proxy: Proxy(), setWindowRect: true, strictFileInteractability: false, timeouts: {implicit: 0, pageLoad: 300000, script: 30000}, unhandledPromptBehavior: dismiss and notify, webauthn:extension:credBlob: true, webauthn:extension:largeBlob: true, webauthn:virtualAuthenticators: true}
Session ID: 20f660ebf7a0383eb5543df22bc08044
	at org.openqa.selenium.remote.http.W3CHttpResponseCodec.createException(W3CHttpResponseCodec.java:187)
	at org.openqa.selenium.remote.http.W3CHttpResponseCodec.decode(W3CHttpResponseCodec.java:122)
	at org.openqa.selenium.remote.http.W3CHttpResponseCodec.decode(W3CHttpResponseCodec.java:49)
	at org.openqa.selenium.remote.HttpCommandExecutor.execute(HttpCommandExecutor.java:158)
	at org.openqa.selenium.remote.service.DriverCommandExecutor.execute(DriverCommandExecutor.java:83)
	at org.openqa.selenium.remote.RemoteWebDriver.execute(RemoteWebDriver.java:552)
	at com.kms.katalon.selenium.driver.CChromeDriver.execute(CChromeDriver.java:19)
	at org.openqa.selenium.remote.RemoteWebElement.execute(RemoteWebElement.java:285)
	at org.openqa.selenium.remote.RemoteWebElement.click(RemoteWebElement.java:84)
	at org.openqa.selenium.support.events.EventFiringWebDriver$EventFiringWebElement.lambda$new$0(EventFiringWebDriver.java:404)
	at com.sun.proxy.$Proxy11.click(Unknown Source)
	at org.openqa.selenium.support.events.EventFiringWebDriver$EventFiringWebElement.click(EventFiringWebDriver.java:417)
	at org.openqa.selenium.WebElement$click.call(Unknown Source)
	at com.kms.katalon.core.webui.keyword.builtin.ClickKeyword.clickUntilSuccessWithTimeout(ClickKeyword.groovy:81)
	at com.kms.katalon.core.webui.keyword.builtin.ClickKeyword.clickUntilSuccessWithTimeout(ClickKeyword.groovy)
	at com.kms.katalon.core.webui.keyword.builtin.ClickKeyword$_click_closure1.doCall(ClickKeyword.groovy:67)
	at com.kms.katalon.core.webui.keyword.builtin.ClickKeyword$_click_closure1.call(ClickKeyword.groovy)
	at com.kms.katalon.core.webui.keyword.internal.WebUIKeywordMain.runKeyword(WebUIKeywordMain.groovy:20)
	... 19 more]]></system-err>
      </testcase>
      <testcase name="Test Cases/GiS/Compare Scenarios/CS_Three_Budgets - PROD" time="124.84" classname="Test Cases/GiS/Compare Scenarios/CS_Three_Budgets - PROD" status="FAILED">
         <failure type="FAILED" message="Test Cases/GiS/Compare Scenarios/CS_Three_Budgets - PROD FAILED.
Reason:
com.kms.katalon.core.exception.StepFailedException: Unable to click on object 'Object Repository/Compare Scenarios/div_Compare Scenario 1'
	at com.kms.katalon.core.webui.keyword.internal.WebUIKeywordMain.stepFailed(WebUIKeywordMain.groovy:64)
	at com.kms.katalon.core.webui.keyword.internal.WebUIKeywordMain.runKeyword(WebUIKeywordMain.groovy:26)
	at com.kms.katalon.core.webui.keyword.builtin.ClickKeyword.click(ClickKeyword.groovy:74)
	at com.kms.katalon.core.webui.keyword.builtin.ClickKeyword.execute(ClickKeyword.groovy:40)
	at com.kms.katalon.core.keyword.internal.KeywordExecutor.executeKeywordForPlatform(KeywordExecutor.groovy:74)
	at com.kms.katalon.core.webui.keyword.WebUiBuiltInKeywords.click(WebUiBuiltInKeywords.groovy:620)
	at com.kms.katalon.core.webui.keyword.WebUiBuiltInKeywords$click$1.call(Unknown Source)
	at CS_Three_Budgets - PROD.run(CS_Three_Budgets - PROD:91)
	at com.kms.katalon.core.main.ScriptEngine.run(ScriptEngine.java:194)
	at com.kms.katalon.core.main.ScriptEngine.runScriptAsRawText(ScriptEngine.java:119)
	at com.kms.katalon.core.main.TestCaseExecutor.runScript(TestCaseExecutor.java:448)
	at com.kms.katalon.core.main.TestCaseExecutor.doExecute(TestCaseExecutor.java:439)
	at com.kms.katalon.core.main.TestCaseExecutor.processExecutionPhase(TestCaseExecutor.java:418)
	at com.kms.katalon.core.main.TestCaseExecutor.accessMainPhase(TestCaseExecutor.java:410)
	at com.kms.katalon.core.main.TestCaseExecutor.execute(TestCaseExecutor.java:285)
	at com.kms.katalon.core.common.CommonExecutor.accessTestCaseMainPhase(CommonExecutor.java:65)
	at com.kms.katalon.core.main.TestSuiteExecutor.accessTestSuiteMainPhase(TestSuiteExecutor.java:151)
	at com.kms.katalon.core.main.TestSuiteExecutor.execute(TestSuiteExecutor.java:106)
	at com.kms.katalon.core.main.TestCaseMain.startTestSuite(TestCaseMain.java:185)
	at com.kms.katalon.core.main.TestCaseMain$startTestSuite$0.call(Unknown Source)
	at TempTestSuite1676605841938.run(TempTestSuite1676605841938.groovy:36)
Caused by: org.openqa.selenium.ElementNotInteractableException: element not interactable
  (Session info: chrome=110.0.5481.100)
Build info: version: '3.141.59', revision: 'e82be7d358', time: '2018-11-14T08:25:53'
System info: host: 'Kashifs-MacBook-Pro.local', ip: 'fe80:0:0:0:2a:e350:6cb0:c073%en0', os.name: 'Mac OS X', os.arch: 'x86_64', os.version: '10.16', java.version: '1.8.0_275'
Driver info: com.kms.katalon.selenium.driver.CChromeDriver
Capabilities {acceptInsecureCerts: false, browserName: chrome, browserVersion: 110.0.5481.100, chrome: {chromedriverVersion: 109.0.5414.74 (e7c5703604da..., userDataDir: /var/folders/d5/lp70b0s53sb...}, goog:chromeOptions: {debuggerAddress: localhost:49890}, javascriptEnabled: true, networkConnectionEnabled: false, pageLoadStrategy: normal, platform: MAC, platformName: MAC, proxy: Proxy(), setWindowRect: true, strictFileInteractability: false, timeouts: {implicit: 0, pageLoad: 300000, script: 30000}, unhandledPromptBehavior: dismiss and notify, webauthn:extension:credBlob: true, webauthn:extension:largeBlob: true, webauthn:virtualAuthenticators: true}
Session ID: 9a7dd7a35420aa0192a9471c2cd99fa6
	at org.openqa.selenium.remote.http.W3CHttpResponseCodec.createException(W3CHttpResponseCodec.java:187)
	at org.openqa.selenium.remote.http.W3CHttpResponseCodec.decode(W3CHttpResponseCodec.java:122)
	at org.openqa.selenium.remote.http.W3CHttpResponseCodec.decode(W3CHttpResponseCodec.java:49)
	at org.openqa.selenium.remote.HttpCommandExecutor.execute(HttpCommandExecutor.java:158)
	at org.openqa.selenium.remote.service.DriverCommandExecutor.execute(DriverCommandExecutor.java:83)
	at org.openqa.selenium.remote.RemoteWebDriver.execute(RemoteWebDriver.java:552)
	at com.kms.katalon.selenium.driver.CChromeDriver.execute(CChromeDriver.java:19)
	at org.openqa.selenium.remote.RemoteWebElement.execute(RemoteWebElement.java:285)
	at org.openqa.selenium.remote.RemoteWebElement.click(RemoteWebElement.java:84)
	at org.openqa.selenium.support.events.EventFiringWebDriver$EventFiringWebElement.lambda$new$0(EventFiringWebDriver.java:404)
	at com.sun.proxy.$Proxy11.click(Unknown Source)
	at org.openqa.selenium.support.events.EventFiringWebDriver$EventFiringWebElement.click(EventFiringWebDriver.java:417)
	at org.openqa.selenium.WebElement$click.call(Unknown Source)
	at com.kms.katalon.core.webui.keyword.builtin.ClickKeyword.clickUntilSuccessWithTimeout(ClickKeyword.groovy:81)
	at com.kms.katalon.core.webui.keyword.builtin.ClickKeyword.clickUntilSuccessWithTimeout(ClickKeyword.groovy)
	at com.kms.katalon.core.webui.keyword.builtin.ClickKeyword$_click_closure1.doCall(ClickKeyword.groovy:67)
	at com.kms.katalon.core.webui.keyword.builtin.ClickKeyword$_click_closure1.call(ClickKeyword.groovy)
	at com.kms.katalon.core.webui.keyword.internal.WebUIKeywordMain.runKeyword(WebUIKeywordMain.groovy:20)
	... 19 more
"/>
         <system-out><![CDATA[2023-02-17 09:00:04 - [TEST_CASE][FAILED] - Test Cases/GiS/Compare Scenarios/CS_Three_Budgets - PROD: Test Cases/GiS/Compare Scenarios/CS_Three_Budgets - PROD FAILED.
Reason:
com.kms.katalon.core.exception.StepFailedException: Unable to click on object 'Object Repository/Compare Scenarios/div_Compare Scenario 1'
	at com.kms.katalon.core.webui.keyword.internal.WebUIKeywordMain.stepFailed(WebUIKeywordMain.groovy:64)
	at com.kms.katalon.core.webui.keyword.internal.WebUIKeywordMain.runKeyword(WebUIKeywordMain.groovy:26)
	at com.kms.katalon.core.webui.keyword.builtin.ClickKeyword.click(ClickKeyword.groovy:74)
	at com.kms.katalon.core.webui.keyword.builtin.ClickKeyword.execute(ClickKeyword.groovy:40)
	at com.kms.katalon.core.keyword.internal.KeywordExecutor.executeKeywordForPlatform(KeywordExecutor.groovy:74)
	at com.kms.katalon.core.webui.keyword.WebUiBuiltInKeywords.click(WebUiBuiltInKeywords.groovy:620)
	at com.kms.katalon.core.webui.keyword.WebUiBuiltInKeywords$click$1.call(Unknown Source)
	at CS_Three_Budgets - PROD.run(CS_Three_Budgets - PROD:91)
	at com.kms.katalon.core.main.ScriptEngine.run(ScriptEngine.java:194)
	at com.kms.katalon.core.main.ScriptEngine.runScriptAsRawText(ScriptEngine.java:119)
	at com.kms.katalon.core.main.TestCaseExecutor.runScript(TestCaseExecutor.java:448)
	at com.kms.katalon.core.main.TestCaseExecutor.doExecute(TestCaseExecutor.java:439)
	at com.kms.katalon.core.main.TestCaseExecutor.processExecutionPhase(TestCaseExecutor.java:418)
	at com.kms.katalon.core.main.TestCaseExecutor.accessMainPhase(TestCaseExecutor.java:410)
	at com.kms.katalon.core.main.TestCaseExecutor.execute(TestCaseExecutor.java:285)
	at com.kms.katalon.core.common.CommonExecutor.accessTestCaseMainPhase(CommonExecutor.java:65)
	at com.kms.katalon.core.main.TestSuiteExecutor.accessTestSuiteMainPhase(TestSuiteExecutor.java:151)
	at com.kms.katalon.core.main.TestSuiteExecutor.execute(TestSuiteExecutor.java:106)
	at com.kms.katalon.core.main.TestCaseMain.startTestSuite(TestCaseMain.java:185)
	at com.kms.katalon.core.main.TestCaseMain$startTestSuite$0.call(Unknown Source)
	at TempTestSuite1676605841938.run(TempTestSuite1676605841938.groovy:36)
Caused by: org.openqa.selenium.ElementNotInteractableException: element not interactable
  (Session info: chrome=110.0.5481.100)
Build info: version: '3.141.59', revision: 'e82be7d358', time: '2018-11-14T08:25:53'
System info: host: 'Kashifs-MacBook-Pro.local', ip: 'fe80:0:0:0:2a:e350:6cb0:c073%en0', os.name: 'Mac OS X', os.arch: 'x86_64', os.version: '10.16', java.version: '1.8.0_275'
Driver info: com.kms.katalon.selenium.driver.CChromeDriver
Capabilities {acceptInsecureCerts: false, browserName: chrome, browserVersion: 110.0.5481.100, chrome: {chromedriverVersion: 109.0.5414.74 (e7c5703604da..., userDataDir: /var/folders/d5/lp70b0s53sb...}, goog:chromeOptions: {debuggerAddress: localhost:49890}, javascriptEnabled: true, networkConnectionEnabled: false, pageLoadStrategy: normal, platform: MAC, platformName: MAC, proxy: Proxy(), setWindowRect: true, strictFileInteractability: false, timeouts: {implicit: 0, pageLoad: 300000, script: 30000}, unhandledPromptBehavior: dismiss and notify, webauthn:extension:credBlob: true, webauthn:extension:largeBlob: true, webauthn:virtualAuthenticators: true}
Session ID: 9a7dd7a35420aa0192a9471c2cd99fa6
	at org.openqa.selenium.remote.http.W3CHttpResponseCodec.createException(W3CHttpResponseCodec.java:187)
	at org.openqa.selenium.remote.http.W3CHttpResponseCodec.decode(W3CHttpResponseCodec.java:122)
	at org.openqa.selenium.remote.http.W3CHttpResponseCodec.decode(W3CHttpResponseCodec.java:49)
	at org.openqa.selenium.remote.HttpCommandExecutor.execute(HttpCommandExecutor.java:158)
	at org.openqa.selenium.remote.service.DriverCommandExecutor.execute(DriverCommandExecutor.java:83)
	at org.openqa.selenium.remote.RemoteWebDriver.execute(RemoteWebDriver.java:552)
	at com.kms.katalon.selenium.driver.CChromeDriver.execute(CChromeDriver.java:19)
	at org.openqa.selenium.remote.RemoteWebElement.execute(RemoteWebElement.java:285)
	at org.openqa.selenium.remote.RemoteWebElement.click(RemoteWebElement.java:84)
	at org.openqa.selenium.support.events.EventFiringWebDriver$EventFiringWebElement.lambda$new$0(EventFiringWebDriver.java:404)
	at com.sun.proxy.$Proxy11.click(Unknown Source)
	at org.openqa.selenium.support.events.EventFiringWebDriver$EventFiringWebElement.click(EventFiringWebDriver.java:417)
	at org.openqa.selenium.WebElement$click.call(Unknown Source)
	at com.kms.katalon.core.webui.keyword.builtin.ClickKeyword.clickUntilSuccessWithTimeout(ClickKeyword.groovy:81)
	at com.kms.katalon.core.webui.keyword.builtin.ClickKeyword.clickUntilSuccessWithTimeout(ClickKeyword.groovy)
	at com.kms.katalon.core.webui.keyword.builtin.ClickKeyword$_click_closure1.doCall(ClickKeyword.groovy:67)
	at com.kms.katalon.core.webui.keyword.builtin.ClickKeyword$_click_closure1.call(ClickKeyword.groovy)
	at com.kms.katalon.core.webui.keyword.internal.WebUIKeywordMain.runKeyword(WebUIKeywordMain.groovy:20)
	... 19 more


2023-02-17 09:00:04 - [TEST_STEP][PASSED] - gis_url.test.URL_PROD.redirectURL(): gis_url.test.URL_PROD.redirectURL is PASSED

2023-02-17 09:00:04 - [MESSAGE][WARNING] - A browser is already opened. Closing browser and opening a new one

2023-02-17 09:00:05 - [MESSAGE][INFO] - Starting 'Chrome' driver

2023-02-17 09:00:05 - [MESSAGE][INFO] - Action delay is set to 0 milliseconds

2023-02-17 09:00:08 - [MESSAGE][PASSED] - Browser is opened with url: 'https://app.streetlogix.com/?config=64077fc938af4bcc9a46a81d8f4e5576&token=eyJhbGciOiJIUzI1NiIsInR5cCI6IkpXVCJ9.eyJpZCI6MTQyOCwibmFtZSI6IlNvaGFpYiBOZWhhbCIsImV4cCI6MTY3OTE5NjcyNywiaWF0IjoxNjc2NjA0NzI3fQ.Kz-gvOd5J-fT1WMLkVzR-YliVElHaxM9yScW9Ngflfs'

2023-02-17 09:00:08 - [MESSAGE][PASSED] - gis_url.test.URL_PROD.redirectURL is PASSED

2023-02-17 09:00:08 - [TEST_STEP][PASSED] - click(findTestObject("Object Repository/Compare Scenarios/img_Filter_rail-icon")): Object: 'Object Repository/Compare Scenarios/img_Filter_rail-icon' is clicked on

2023-02-17 09:00:14 - [MESSAGE][PASSED] - Object: 'Object Repository/Compare Scenarios/img_Filter_rail-icon' is clicked on

2023-02-17 09:00:14 - [TEST_STEP][PASSED] - click(findTestObject("Object Repository/Compare Scenarios/img_Budget Planner_rail-icon")): Object: 'Object Repository/Compare Scenarios/img_Budget Planner_rail-icon' is clicked on

2023-02-17 09:00:16 - [MESSAGE][PASSED] - Object: 'Object Repository/Compare Scenarios/img_Budget Planner_rail-icon' is clicked on

2023-02-17 09:00:16 - [TEST_STEP][PASSED] - sendKeys(findTestObject("Compare Scenarios/input_Program duration_duration"), Keys.chord(COMMAND, "a")): Keys 'COMMAND + a' sent to object: 'Object Repository/Compare Scenarios/input_Program duration_duration'

2023-02-17 09:00:19 - [MESSAGE][PASSED] - Keys 'COMMAND + a' sent to object: 'Object Repository/Compare Scenarios/input_Program duration_duration'

2023-02-17 09:00:19 - [TEST_STEP][PASSED] - sendKeys(findTestObject("Compare Scenarios/input_Program duration_duration"), Keys.chord(DELETE)): Keys 'DELETE + ' sent to object: 'Object Repository/Compare Scenarios/input_Program duration_duration'

2023-02-17 09:00:20 - [MESSAGE][PASSED] - Keys 'DELETE + ' sent to object: 'Object Repository/Compare Scenarios/input_Program duration_duration'

2023-02-17 09:00:20 - [TEST_STEP][PASSED] - setText(findTestObject("Compare Scenarios/input_Program duration_duration"), "3"): Text '3' is set on object 'Object Repository/Compare Scenarios/input_Program duration_duration'

2023-02-17 09:00:24 - [MESSAGE][PASSED] - Text '3' is set on object 'Object Repository/Compare Scenarios/input_Program duration_duration'

2023-02-17 09:00:24 - [TEST_STEP][PASSED] - sendKeys(findTestObject("Object Repository/Compare Scenarios/input_Scenario Name_scenario_name"), Keys.chord(COMMAND, "a")): Keys 'COMMAND + a' sent to object: 'Object Repository/Compare Scenarios/input_Scenario Name_scenario_name'

2023-02-17 09:00:26 - [MESSAGE][PASSED] - Keys 'COMMAND + a' sent to object: 'Object Repository/Compare Scenarios/input_Scenario Name_scenario_name'

2023-02-17 09:00:26 - [TEST_STEP][PASSED] - sendKeys(findTestObject("Object Repository/Compare Scenarios/input_Scenario Name_scenario_name"), Keys.chord(DELETE)): Keys 'DELETE + ' sent to object: 'Object Repository/Compare Scenarios/input_Scenario Name_scenario_name'

2023-02-17 09:00:28 - [MESSAGE][PASSED] - Keys 'DELETE + ' sent to object: 'Object Repository/Compare Scenarios/input_Scenario Name_scenario_name'

2023-02-17 09:00:28 - [TEST_STEP][PASSED] - setText(findTestObject("Object Repository/Compare Scenarios/input_Scenario Name_scenario_name"), "Compare Scenario 1"): Text 'Compare Scenario 1' is set on object 'Object Repository/Compare Scenarios/input_Scenario Name_scenario_name'

2023-02-17 09:00:32 - [MESSAGE][PASSED] - Text 'Compare Scenario 1' is set on object 'Object Repository/Compare Scenarios/input_Scenario Name_scenario_name'

2023-02-17 09:00:32 - [TEST_STEP][PASSED] - click(findTestObject("Object Repository/Compare Scenarios/span_Add Scenario")): Object: 'Object Repository/Compare Scenarios/span_Add Scenario' is clicked on

2023-02-17 09:00:34 - [MESSAGE][PASSED] - Object: 'Object Repository/Compare Scenarios/span_Add Scenario' is clicked on

2023-02-17 09:00:34 - [TEST_STEP][PASSED] - click(findTestObject("Object Repository/Compare Scenarios/span_Add Scenario")): Object: 'Object Repository/Compare Scenarios/span_Add Scenario' is clicked on

2023-02-17 09:00:36 - [MESSAGE][PASSED] - Object: 'Object Repository/Compare Scenarios/span_Add Scenario' is clicked on

2023-02-17 09:00:36 - [TEST_STEP][PASSED] - sendKeys(findTestObject("Object Repository/Compare Scenarios/input_Scenario Name_scenario_name_2"), Keys.chord(COMMAND, "a")): Keys 'COMMAND + a' sent to object: 'Object Repository/Compare Scenarios/input_Scenario Name_scenario_name_2'

2023-02-17 09:00:38 - [MESSAGE][PASSED] - Keys 'COMMAND + a' sent to object: 'Object Repository/Compare Scenarios/input_Scenario Name_scenario_name_2'

2023-02-17 09:00:38 - [TEST_STEP][PASSED] - sendKeys(findTestObject("Object Repository/Compare Scenarios/input_Scenario Name_scenario_name_2"), Keys.chord(DELETE)): Keys 'DELETE + ' sent to object: 'Object Repository/Compare Scenarios/input_Scenario Name_scenario_name_2'

2023-02-17 09:00:40 - [MESSAGE][PASSED] - Keys 'DELETE + ' sent to object: 'Object Repository/Compare Scenarios/input_Scenario Name_scenario_name_2'

2023-02-17 09:00:40 - [TEST_STEP][PASSED] - setText(findTestObject("Object Repository/Compare Scenarios/input_Scenario Name_scenario_name_2"), "Compare Scenario 2"): Text 'Compare Scenario 2' is set on object 'Object Repository/Compare Scenarios/input_Scenario Name_scenario_name_2'

2023-02-17 09:00:44 - [MESSAGE][PASSED] - Text 'Compare Scenario 2' is set on object 'Object Repository/Compare Scenarios/input_Scenario Name_scenario_name_2'

2023-02-17 09:00:44 - [TEST_STEP][PASSED] - sendKeys(findTestObject("Object Repository/Compare Scenarios/input_Scenario Name_scenario_name_3"), Keys.chord(COMMAND, "a")): Keys 'COMMAND + a' sent to object: 'Object Repository/Compare Scenarios/input_Scenario Name_scenario_name_3'

2023-02-17 09:00:46 - [MESSAGE][PASSED] - Keys 'COMMAND + a' sent to object: 'Object Repository/Compare Scenarios/input_Scenario Name_scenario_name_3'

2023-02-17 09:00:46 - [TEST_STEP][PASSED] - sendKeys(findTestObject("Object Repository/Compare Scenarios/input_Scenario Name_scenario_name_3"), Keys.chord(DELETE)): Keys 'DELETE + ' sent to object: 'Object Repository/Compare Scenarios/input_Scenario Name_scenario_name_3'

2023-02-17 09:00:48 - [MESSAGE][PASSED] - Keys 'DELETE + ' sent to object: 'Object Repository/Compare Scenarios/input_Scenario Name_scenario_name_3'

2023-02-17 09:00:48 - [TEST_STEP][PASSED] - setText(findTestObject("Object Repository/Compare Scenarios/input_Scenario Name_scenario_name_3"), "Compare Scenario 3"): Text 'Compare Scenario 3' is set on object 'Object Repository/Compare Scenarios/input_Scenario Name_scenario_name_3'

2023-02-17 09:00:53 - [MESSAGE][PASSED] - Text 'Compare Scenario 3' is set on object 'Object Repository/Compare Scenarios/input_Scenario Name_scenario_name_3'

2023-02-17 09:00:53 - [TEST_STEP][PASSED] - setText(findTestObject("Object Repository/Compare Scenarios/input_Annual Budget_budget"), "30,000"): Text '30,000' is set on object 'Object Repository/Compare Scenarios/input_Annual Budget_budget'

2023-02-17 09:00:57 - [MESSAGE][PASSED] - Text '30,000' is set on object 'Object Repository/Compare Scenarios/input_Annual Budget_budget'

2023-02-17 09:00:57 - [TEST_STEP][PASSED] - setText(findTestObject("Compare Scenarios/input_Annual Budget_budget_2"), "20000"): Text '20000' is set on object 'Object Repository/Compare Scenarios/input_Annual Budget_budget_2'

2023-02-17 09:01:01 - [MESSAGE][PASSED] - Text '20000' is set on object 'Object Repository/Compare Scenarios/input_Annual Budget_budget_2'

2023-02-17 09:01:01 - [TEST_STEP][PASSED] - setText(findTestObject("Compare Scenarios/input_Annual Budget_budget_3"), "10000"): Text '10000' is set on object 'Object Repository/Compare Scenarios/input_Annual Budget_budget_3'

2023-02-17 09:01:05 - [MESSAGE][PASSED] - Text '10000' is set on object 'Object Repository/Compare Scenarios/input_Annual Budget_budget_3'

2023-02-17 09:01:05 - [TEST_STEP][PASSED] - sendKeys(findTestObject("Object Repository/Compare Scenarios/Input_Inflation"), Keys.chord(COMMAND, "a")): Keys 'COMMAND + a' sent to object: 'Object Repository/Compare Scenarios/Input_Inflation'

2023-02-17 09:01:07 - [MESSAGE][PASSED] - Keys 'COMMAND + a' sent to object: 'Object Repository/Compare Scenarios/Input_Inflation'

2023-02-17 09:01:07 - [TEST_STEP][PASSED] - sendKeys(findTestObject("Object Repository/Compare Scenarios/Input_Inflation"), Keys.chord(DELETE)): Keys 'DELETE + ' sent to object: 'Object Repository/Compare Scenarios/Input_Inflation'

2023-02-17 09:01:09 - [MESSAGE][PASSED] - Keys 'DELETE + ' sent to object: 'Object Repository/Compare Scenarios/Input_Inflation'

2023-02-17 09:01:09 - [TEST_STEP][PASSED] - setText(findTestObject("Object Repository/Compare Scenarios/Input_Inflation"), "5"): Text '5' is set on object 'Object Repository/Compare Scenarios/Input_Inflation'

2023-02-17 09:01:13 - [MESSAGE][PASSED] - Text '5' is set on object 'Object Repository/Compare Scenarios/Input_Inflation'

2023-02-17 09:01:13 - [TEST_STEP][PASSED] - sendKeys(findTestObject("Object Repository/Compare Scenarios/Input_Inflation_2"), Keys.chord(COMMAND, "a")): Keys 'COMMAND + a' sent to object: 'Object Repository/Compare Scenarios/Input_Inflation_2'

2023-02-17 09:01:15 - [MESSAGE][PASSED] - Keys 'COMMAND + a' sent to object: 'Object Repository/Compare Scenarios/Input_Inflation_2'

2023-02-17 09:01:15 - [TEST_STEP][PASSED] - sendKeys(findTestObject("Object Repository/Compare Scenarios/Input_Inflation_2"), Keys.chord(DELETE)): Keys 'DELETE + ' sent to object: 'Object Repository/Compare Scenarios/Input_Inflation_2'

2023-02-17 09:01:17 - [MESSAGE][PASSED] - Keys 'DELETE + ' sent to object: 'Object Repository/Compare Scenarios/Input_Inflation_2'

2023-02-17 09:01:17 - [TEST_STEP][PASSED] - setText(findTestObject("Object Repository/Compare Scenarios/Input_Inflation_2"), "7"): Text '7' is set on object 'Object Repository/Compare Scenarios/Input_Inflation_2'

2023-02-17 09:01:21 - [MESSAGE][PASSED] - Text '7' is set on object 'Object Repository/Compare Scenarios/Input_Inflation_2'

2023-02-17 09:01:21 - [TEST_STEP][PASSED] - sendKeys(findTestObject("Object Repository/Compare Scenarios/Input_Inflation_3"), Keys.chord(COMMAND, "a")): Keys 'COMMAND + a' sent to object: 'Object Repository/Compare Scenarios/Input_Inflation_3'

2023-02-17 09:01:23 - [MESSAGE][PASSED] - Keys 'COMMAND + a' sent to object: 'Object Repository/Compare Scenarios/Input_Inflation_3'

2023-02-17 09:01:23 - [TEST_STEP][PASSED] - sendKeys(findTestObject("Object Repository/Compare Scenarios/Input_Inflation_3"), Keys.chord(DELETE)): Keys 'DELETE + ' sent to object: 'Object Repository/Compare Scenarios/Input_Inflation_3'

2023-02-17 09:01:25 - [MESSAGE][PASSED] - Keys 'DELETE + ' sent to object: 'Object Repository/Compare Scenarios/Input_Inflation_3'

2023-02-17 09:01:25 - [TEST_STEP][PASSED] - setText(findTestObject("Object Repository/Compare Scenarios/Input_Inflation_3"), "0"): Text '0' is set on object 'Object Repository/Compare Scenarios/Input_Inflation_3'

2023-02-17 09:01:29 - [MESSAGE][PASSED] - Text '0' is set on object 'Object Repository/Compare Scenarios/Input_Inflation_3'

2023-02-17 09:01:29 - [TEST_STEP][PASSED] - click(findTestObject("Object Repository/Compare Scenarios/div_Select layerPavement MaintenanceFilter _a98a8c")): Object: 'Object Repository/Compare Scenarios/div_Select layerPavement MaintenanceFilter _a98a8c' is clicked on

2023-02-17 09:01:31 - [MESSAGE][PASSED] - Object: 'Object Repository/Compare Scenarios/div_Select layerPavement MaintenanceFilter _a98a8c' is clicked on

2023-02-17 09:01:31 - [TEST_STEP][PASSED] - click(findTestObject("Object Repository/Compare Scenarios/span_Apply")): Object: 'Object Repository/Compare Scenarios/span_Apply' is clicked on

2023-02-17 09:01:33 - [MESSAGE][PASSED] - Object: 'Object Repository/Compare Scenarios/span_Apply' is clicked on

2023-02-17 09:01:33 - [TEST_STEP][PASSED] - delay(30): Delayed 30 second(s)

2023-02-17 09:02:03 - [MESSAGE][PASSED] - Delayed 30 second(s)

2023-02-17 09:02:03 - [TEST_STEP][PASSED] - click(findTestObject("Object Repository/Compare Scenarios/span_Compare")): Object: 'Object Repository/Compare Scenarios/span_Compare' is clicked on

2023-02-17 09:02:05 - [MESSAGE][PASSED] - Object: 'Object Repository/Compare Scenarios/span_Compare' is clicked on

2023-02-17 09:02:05 - [TEST_STEP][FAILED] - click(findTestObject("Compare Scenarios/div_Compare Scenario 1")): Unable to click on object 'Object Repository/Compare Scenarios/div_Compare Scenario 1' (Root cause: com.kms.katalon.core.exception.StepFailedException: Unable to click on object 'Object Repository/Compare Scenarios/div_Compare Scenario 1'
	at com.kms.katalon.core.webui.keyword.internal.WebUIKeywordMain.stepFailed(WebUIKeywordMain.groovy:64)
	at com.kms.katalon.core.webui.keyword.internal.WebUIKeywordMain.runKeyword(WebUIKeywordMain.groovy:26)
	at com.kms.katalon.core.webui.keyword.builtin.ClickKeyword.click(ClickKeyword.groovy:74)
	at com.kms.katalon.core.webui.keyword.builtin.ClickKeyword.execute(ClickKeyword.groovy:40)
	at com.kms.katalon.core.keyword.internal.KeywordExecutor.executeKeywordForPlatform(KeywordExecutor.groovy:74)
	at com.kms.katalon.core.webui.keyword.WebUiBuiltInKeywords.click(WebUiBuiltInKeywords.groovy:620)
	at com.kms.katalon.core.webui.keyword.WebUiBuiltInKeywords$click$1.call(Unknown Source)
	at CS_Three_Budgets - PROD.run(CS_Three_Budgets - PROD:91)
	at com.kms.katalon.core.main.ScriptEngine.run(ScriptEngine.java:194)
	at com.kms.katalon.core.main.ScriptEngine.runScriptAsRawText(ScriptEngine.java:119)
	at com.kms.katalon.core.main.TestCaseExecutor.runScript(TestCaseExecutor.java:448)
	at com.kms.katalon.core.main.TestCaseExecutor.doExecute(TestCaseExecutor.java:439)
	at com.kms.katalon.core.main.TestCaseExecutor.processExecutionPhase(TestCaseExecutor.java:418)
	at com.kms.katalon.core.main.TestCaseExecutor.accessMainPhase(TestCaseExecutor.java:410)
	at com.kms.katalon.core.main.TestCaseExecutor.execute(TestCaseExecutor.java:285)
	at com.kms.katalon.core.common.CommonExecutor.accessTestCaseMainPhase(CommonExecutor.java:65)
	at com.kms.katalon.core.main.TestSuiteExecutor.accessTestSuiteMainPhase(TestSuiteExecutor.java:151)
	at com.kms.katalon.core.main.TestSuiteExecutor.execute(TestSuiteExecutor.java:106)
	at com.kms.katalon.core.main.TestCaseMain.startTestSuite(TestCaseMain.java:185)
	at com.kms.katalon.core.main.TestCaseMain$startTestSuite$0.call(Unknown Source)
	at TempTestSuite1676605841938.run(TempTestSuite1676605841938.groovy:36)
Caused by: org.openqa.selenium.ElementNotInteractableException: element not interactable
  (Session info: chrome=110.0.5481.100)
Build info: version: '3.141.59', revision: 'e82be7d358', time: '2018-11-14T08:25:53'
System info: host: 'Kashifs-MacBook-Pro.local', ip: 'fe80:0:0:0:2a:e350:6cb0:c073%en0', os.name: 'Mac OS X', os.arch: 'x86_64', os.version: '10.16', java.version: '1.8.0_275'
Driver info: com.kms.katalon.selenium.driver.CChromeDriver
Capabilities {acceptInsecureCerts: false, browserName: chrome, browserVersion: 110.0.5481.100, chrome: {chromedriverVersion: 109.0.5414.74 (e7c5703604da..., userDataDir: /var/folders/d5/lp70b0s53sb...}, goog:chromeOptions: {debuggerAddress: localhost:49890}, javascriptEnabled: true, networkConnectionEnabled: false, pageLoadStrategy: normal, platform: MAC, platformName: MAC, proxy: Proxy(), setWindowRect: true, strictFileInteractability: false, timeouts: {implicit: 0, pageLoad: 300000, script: 30000}, unhandledPromptBehavior: dismiss and notify, webauthn:extension:credBlob: true, webauthn:extension:largeBlob: true, webauthn:virtualAuthenticators: true}
Session ID: 9a7dd7a35420aa0192a9471c2cd99fa6
	at org.openqa.selenium.remote.http.W3CHttpResponseCodec.createException(W3CHttpResponseCodec.java:187)
	at org.openqa.selenium.remote.http.W3CHttpResponseCodec.decode(W3CHttpResponseCodec.java:122)
	at org.openqa.selenium.remote.http.W3CHttpResponseCodec.decode(W3CHttpResponseCodec.java:49)
	at org.openqa.selenium.remote.HttpCommandExecutor.execute(HttpCommandExecutor.java:158)
	at org.openqa.selenium.remote.service.DriverCommandExecutor.execute(DriverCommandExecutor.java:83)
	at org.openqa.selenium.remote.RemoteWebDriver.execute(RemoteWebDriver.java:552)
	at com.kms.katalon.selenium.driver.CChromeDriver.execute(CChromeDriver.java:19)
	at org.openqa.selenium.remote.RemoteWebElement.execute(RemoteWebElement.java:285)
	at org.openqa.selenium.remote.RemoteWebElement.click(RemoteWebElement.java:84)
	at org.openqa.selenium.support.events.EventFiringWebDriver$EventFiringWebElement.lambda$new$0(EventFiringWebDriver.java:404)
	at com.sun.proxy.$Proxy11.click(Unknown Source)
	at org.openqa.selenium.support.events.EventFiringWebDriver$EventFiringWebElement.click(EventFiringWebDriver.java:417)
	at org.openqa.selenium.WebElement$click.call(Unknown Source)
	at com.kms.katalon.core.webui.keyword.builtin.ClickKeyword.clickUntilSuccessWithTimeout(ClickKeyword.groovy:81)
	at com.kms.katalon.core.webui.keyword.builtin.ClickKeyword.clickUntilSuccessWithTimeout(ClickKeyword.groovy)
	at com.kms.katalon.core.webui.keyword.builtin.ClickKeyword$_click_closure1.doCall(ClickKeyword.groovy:67)
	at com.kms.katalon.core.webui.keyword.builtin.ClickKeyword$_click_closure1.call(ClickKeyword.groovy)
	at com.kms.katalon.core.webui.keyword.internal.WebUIKeywordMain.runKeyword(WebUIKeywordMain.groovy:20)
	at com.kms.katalon.core.webui.keyword.builtin.ClickKeyword.click(ClickKeyword.groovy:74)
	at com.kms.katalon.core.webui.keyword.builtin.ClickKeyword.execute(ClickKeyword.groovy:40)
	at com.kms.katalon.core.keyword.internal.KeywordExecutor.executeKeywordForPlatform(KeywordExecutor.groovy:74)
	at com.kms.katalon.core.webui.keyword.WebUiBuiltInKeywords.click(WebUiBuiltInKeywords.groovy:620)
	at com.kms.katalon.core.webui.keyword.WebUiBuiltInKeywords$click$1.call(Unknown Source)
	at Script1676604315612.run(Script1676604315612.groovy:91)
	... 13 more
)

2023-02-17 09:02:09 - [MESSAGE][FAILED] - Unable to click on object 'Object Repository/Compare Scenarios/div_Compare Scenario 1' (Root cause: com.kms.katalon.core.exception.StepFailedException: Unable to click on object 'Object Repository/Compare Scenarios/div_Compare Scenario 1'
	at com.kms.katalon.core.webui.keyword.internal.WebUIKeywordMain.stepFailed(WebUIKeywordMain.groovy:64)
	at com.kms.katalon.core.webui.keyword.internal.WebUIKeywordMain.runKeyword(WebUIKeywordMain.groovy:26)
	at com.kms.katalon.core.webui.keyword.builtin.ClickKeyword.click(ClickKeyword.groovy:74)
	at com.kms.katalon.core.webui.keyword.builtin.ClickKeyword.execute(ClickKeyword.groovy:40)
	at com.kms.katalon.core.keyword.internal.KeywordExecutor.executeKeywordForPlatform(KeywordExecutor.groovy:74)
	at com.kms.katalon.core.webui.keyword.WebUiBuiltInKeywords.click(WebUiBuiltInKeywords.groovy:620)
	at com.kms.katalon.core.webui.keyword.WebUiBuiltInKeywords$click$1.call(Unknown Source)
	at CS_Three_Budgets - PROD.run(CS_Three_Budgets - PROD:91)
	at com.kms.katalon.core.main.ScriptEngine.run(ScriptEngine.java:194)
	at com.kms.katalon.core.main.ScriptEngine.runScriptAsRawText(ScriptEngine.java:119)
	at com.kms.katalon.core.main.TestCaseExecutor.runScript(TestCaseExecutor.java:448)
	at com.kms.katalon.core.main.TestCaseExecutor.doExecute(TestCaseExecutor.java:439)
	at com.kms.katalon.core.main.TestCaseExecutor.processExecutionPhase(TestCaseExecutor.java:418)
	at com.kms.katalon.core.main.TestCaseExecutor.accessMainPhase(TestCaseExecutor.java:410)
	at com.kms.katalon.core.main.TestCaseExecutor.execute(TestCaseExecutor.java:285)
	at com.kms.katalon.core.common.CommonExecutor.accessTestCaseMainPhase(CommonExecutor.java:65)
	at com.kms.katalon.core.main.TestSuiteExecutor.accessTestSuiteMainPhase(TestSuiteExecutor.java:151)
	at com.kms.katalon.core.main.TestSuiteExecutor.execute(TestSuiteExecutor.java:106)
	at com.kms.katalon.core.main.TestCaseMain.startTestSuite(TestCaseMain.java:185)
	at com.kms.katalon.core.main.TestCaseMain$startTestSuite$0.call(Unknown Source)
	at TempTestSuite1676605841938.run(TempTestSuite1676605841938.groovy:36)
Caused by: org.openqa.selenium.ElementNotInteractableException: element not interactable
  (Session info: chrome=110.0.5481.100)
Build info: version: '3.141.59', revision: 'e82be7d358', time: '2018-11-14T08:25:53'
System info: host: 'Kashifs-MacBook-Pro.local', ip: 'fe80:0:0:0:2a:e350:6cb0:c073%en0', os.name: 'Mac OS X', os.arch: 'x86_64', os.version: '10.16', java.version: '1.8.0_275'
Driver info: com.kms.katalon.selenium.driver.CChromeDriver
Capabilities {acceptInsecureCerts: false, browserName: chrome, browserVersion: 110.0.5481.100, chrome: {chromedriverVersion: 109.0.5414.74 (e7c5703604da..., userDataDir: /var/folders/d5/lp70b0s53sb...}, goog:chromeOptions: {debuggerAddress: localhost:49890}, javascriptEnabled: true, networkConnectionEnabled: false, pageLoadStrategy: normal, platform: MAC, platformName: MAC, proxy: Proxy(), setWindowRect: true, strictFileInteractability: false, timeouts: {implicit: 0, pageLoad: 300000, script: 30000}, unhandledPromptBehavior: dismiss and notify, webauthn:extension:credBlob: true, webauthn:extension:largeBlob: true, webauthn:virtualAuthenticators: true}
Session ID: 9a7dd7a35420aa0192a9471c2cd99fa6
	at org.openqa.selenium.remote.http.W3CHttpResponseCodec.createException(W3CHttpResponseCodec.java:187)
	at org.openqa.selenium.remote.http.W3CHttpResponseCodec.decode(W3CHttpResponseCodec.java:122)
	at org.openqa.selenium.remote.http.W3CHttpResponseCodec.decode(W3CHttpResponseCodec.java:49)
	at org.openqa.selenium.remote.HttpCommandExecutor.execute(HttpCommandExecutor.java:158)
	at org.openqa.selenium.remote.service.DriverCommandExecutor.execute(DriverCommandExecutor.java:83)
	at org.openqa.selenium.remote.RemoteWebDriver.execute(RemoteWebDriver.java:552)
	at com.kms.katalon.selenium.driver.CChromeDriver.execute(CChromeDriver.java:19)
	at org.openqa.selenium.remote.RemoteWebElement.execute(RemoteWebElement.java:285)
	at org.openqa.selenium.remote.RemoteWebElement.click(RemoteWebElement.java:84)
	at org.openqa.selenium.support.events.EventFiringWebDriver$EventFiringWebElement.lambda$new$0(EventFiringWebDriver.java:404)
	at com.sun.proxy.$Proxy11.click(Unknown Source)
	at org.openqa.selenium.support.events.EventFiringWebDriver$EventFiringWebElement.click(EventFiringWebDriver.java:417)
	at org.openqa.selenium.WebElement$click.call(Unknown Source)
	at com.kms.katalon.core.webui.keyword.builtin.ClickKeyword.clickUntilSuccessWithTimeout(ClickKeyword.groovy:81)
	at com.kms.katalon.core.webui.keyword.builtin.ClickKeyword.clickUntilSuccessWithTimeout(ClickKeyword.groovy)
	at com.kms.katalon.core.webui.keyword.builtin.ClickKeyword$_click_closure1.doCall(ClickKeyword.groovy:67)
	at com.kms.katalon.core.webui.keyword.builtin.ClickKeyword$_click_closure1.call(ClickKeyword.groovy)
	at com.kms.katalon.core.webui.keyword.internal.WebUIKeywordMain.runKeyword(WebUIKeywordMain.groovy:20)
	at com.kms.katalon.core.webui.keyword.builtin.ClickKeyword.click(ClickKeyword.groovy:74)
	at com.kms.katalon.core.webui.keyword.builtin.ClickKeyword.execute(ClickKeyword.groovy:40)
	at com.kms.katalon.core.keyword.internal.KeywordExecutor.executeKeywordForPlatform(KeywordExecutor.groovy:74)
	at com.kms.katalon.core.webui.keyword.WebUiBuiltInKeywords.click(WebUiBuiltInKeywords.groovy:620)
	at com.kms.katalon.core.webui.keyword.WebUiBuiltInKeywords$click$1.call(Unknown Source)
	at Script1676604315612.run(Script1676604315612.groovy:91)
	... 13 more
)
[[ATTACHMENT|/Users/kashif/Downloads/Kashif/Katalon Studio/4.0_fresh/4.0 Fresh/Reports/20230217_085040/Compare Scenario_Tests/20230217_085041/1676606528781.png]]]]></system-out>
         <system-err><![CDATA[2023-02-17 09:00:04 - [TEST_CASE][FAILED] - Test Cases/GiS/Compare Scenarios/CS_Three_Budgets - PROD: Test Cases/GiS/Compare Scenarios/CS_Three_Budgets - PROD FAILED.
Reason:
com.kms.katalon.core.exception.StepFailedException: Unable to click on object 'Object Repository/Compare Scenarios/div_Compare Scenario 1'
	at com.kms.katalon.core.webui.keyword.internal.WebUIKeywordMain.stepFailed(WebUIKeywordMain.groovy:64)
	at com.kms.katalon.core.webui.keyword.internal.WebUIKeywordMain.runKeyword(WebUIKeywordMain.groovy:26)
	at com.kms.katalon.core.webui.keyword.builtin.ClickKeyword.click(ClickKeyword.groovy:74)
	at com.kms.katalon.core.webui.keyword.builtin.ClickKeyword.execute(ClickKeyword.groovy:40)
	at com.kms.katalon.core.keyword.internal.KeywordExecutor.executeKeywordForPlatform(KeywordExecutor.groovy:74)
	at com.kms.katalon.core.webui.keyword.WebUiBuiltInKeywords.click(WebUiBuiltInKeywords.groovy:620)
	at com.kms.katalon.core.webui.keyword.WebUiBuiltInKeywords$click$1.call(Unknown Source)
	at CS_Three_Budgets - PROD.run(CS_Three_Budgets - PROD:91)
	at com.kms.katalon.core.main.ScriptEngine.run(ScriptEngine.java:194)
	at com.kms.katalon.core.main.ScriptEngine.runScriptAsRawText(ScriptEngine.java:119)
	at com.kms.katalon.core.main.TestCaseExecutor.runScript(TestCaseExecutor.java:448)
	at com.kms.katalon.core.main.TestCaseExecutor.doExecute(TestCaseExecutor.java:439)
	at com.kms.katalon.core.main.TestCaseExecutor.processExecutionPhase(TestCaseExecutor.java:418)
	at com.kms.katalon.core.main.TestCaseExecutor.accessMainPhase(TestCaseExecutor.java:410)
	at com.kms.katalon.core.main.TestCaseExecutor.execute(TestCaseExecutor.java:285)
	at com.kms.katalon.core.common.CommonExecutor.accessTestCaseMainPhase(CommonExecutor.java:65)
	at com.kms.katalon.core.main.TestSuiteExecutor.accessTestSuiteMainPhase(TestSuiteExecutor.java:151)
	at com.kms.katalon.core.main.TestSuiteExecutor.execute(TestSuiteExecutor.java:106)
	at com.kms.katalon.core.main.TestCaseMain.startTestSuite(TestCaseMain.java:185)
	at com.kms.katalon.core.main.TestCaseMain$startTestSuite$0.call(Unknown Source)
	at TempTestSuite1676605841938.run(TempTestSuite1676605841938.groovy:36)
Caused by: org.openqa.selenium.ElementNotInteractableException: element not interactable
  (Session info: chrome=110.0.5481.100)
Build info: version: '3.141.59', revision: 'e82be7d358', time: '2018-11-14T08:25:53'
System info: host: 'Kashifs-MacBook-Pro.local', ip: 'fe80:0:0:0:2a:e350:6cb0:c073%en0', os.name: 'Mac OS X', os.arch: 'x86_64', os.version: '10.16', java.version: '1.8.0_275'
Driver info: com.kms.katalon.selenium.driver.CChromeDriver
Capabilities {acceptInsecureCerts: false, browserName: chrome, browserVersion: 110.0.5481.100, chrome: {chromedriverVersion: 109.0.5414.74 (e7c5703604da..., userDataDir: /var/folders/d5/lp70b0s53sb...}, goog:chromeOptions: {debuggerAddress: localhost:49890}, javascriptEnabled: true, networkConnectionEnabled: false, pageLoadStrategy: normal, platform: MAC, platformName: MAC, proxy: Proxy(), setWindowRect: true, strictFileInteractability: false, timeouts: {implicit: 0, pageLoad: 300000, script: 30000}, unhandledPromptBehavior: dismiss and notify, webauthn:extension:credBlob: true, webauthn:extension:largeBlob: true, webauthn:virtualAuthenticators: true}
Session ID: 9a7dd7a35420aa0192a9471c2cd99fa6
	at org.openqa.selenium.remote.http.W3CHttpResponseCodec.createException(W3CHttpResponseCodec.java:187)
	at org.openqa.selenium.remote.http.W3CHttpResponseCodec.decode(W3CHttpResponseCodec.java:122)
	at org.openqa.selenium.remote.http.W3CHttpResponseCodec.decode(W3CHttpResponseCodec.java:49)
	at org.openqa.selenium.remote.HttpCommandExecutor.execute(HttpCommandExecutor.java:158)
	at org.openqa.selenium.remote.service.DriverCommandExecutor.execute(DriverCommandExecutor.java:83)
	at org.openqa.selenium.remote.RemoteWebDriver.execute(RemoteWebDriver.java:552)
	at com.kms.katalon.selenium.driver.CChromeDriver.execute(CChromeDriver.java:19)
	at org.openqa.selenium.remote.RemoteWebElement.execute(RemoteWebElement.java:285)
	at org.openqa.selenium.remote.RemoteWebElement.click(RemoteWebElement.java:84)
	at org.openqa.selenium.support.events.EventFiringWebDriver$EventFiringWebElement.lambda$new$0(EventFiringWebDriver.java:404)
	at com.sun.proxy.$Proxy11.click(Unknown Source)
	at org.openqa.selenium.support.events.EventFiringWebDriver$EventFiringWebElement.click(EventFiringWebDriver.java:417)
	at org.openqa.selenium.WebElement$click.call(Unknown Source)
	at com.kms.katalon.core.webui.keyword.builtin.ClickKeyword.clickUntilSuccessWithTimeout(ClickKeyword.groovy:81)
	at com.kms.katalon.core.webui.keyword.builtin.ClickKeyword.clickUntilSuccessWithTimeout(ClickKeyword.groovy)
	at com.kms.katalon.core.webui.keyword.builtin.ClickKeyword$_click_closure1.doCall(ClickKeyword.groovy:67)
	at com.kms.katalon.core.webui.keyword.builtin.ClickKeyword$_click_closure1.call(ClickKeyword.groovy)
	at com.kms.katalon.core.webui.keyword.internal.WebUIKeywordMain.runKeyword(WebUIKeywordMain.groovy:20)
	... 19 more]]></system-err>
      </testcase>
      <system-out><![CDATA[2023-02-17 08:50:51 - [TEST_SUITE][FAILED] - Compare Scenario_Tests: Test Cases/GiS/Compare Scenarios/CS_Three_Budgets - Stage FAILED.
Reason:
com.kms.katalon.core.exception.StepFailedException: Unable to click on object 'Object Repository/Compare Scenarios/img_Budget Planner_rail-icon'
	at com.kms.katalon.core.webui.keyword.internal.WebUIKeywordMain.stepFailed(WebUIKeywordMain.groovy:64)
	at com.kms.katalon.core.webui.keyword.internal.WebUIKeywordMain.runKeyword(WebUIKeywordMain.groovy:26)
	at com.kms.katalon.core.webui.keyword.builtin.ClickKeyword.click(ClickKeyword.groovy:74)
	at com.kms.katalon.core.webui.keyword.builtin.ClickKeyword.execute(ClickKeyword.groovy:40)
	at com.kms.katalon.core.keyword.internal.KeywordExecutor.executeKeywordForPlatform(KeywordExecutor.groovy:74)
	at com.kms.katalon.core.webui.keyword.WebUiBuiltInKeywords.click(WebUiBuiltInKeywords.groovy:620)
	at com.kms.katalon.core.webui.keyword.WebUiBuiltInKeywords$click$1.call(Unknown Source)
	at CS_Three_Budgets - Stage.run(CS_Three_Budgets - Stage:26)
	at com.kms.katalon.core.main.ScriptEngine.run(ScriptEngine.java:194)
	at com.kms.katalon.core.main.ScriptEngine.runScriptAsRawText(ScriptEngine.java:119)
	at com.kms.katalon.core.main.TestCaseExecutor.runScript(TestCaseExecutor.java:448)
	at com.kms.katalon.core.main.TestCaseExecutor.doExecute(TestCaseExecutor.java:439)
	at com.kms.katalon.core.main.TestCaseExecutor.processExecutionPhase(TestCaseExecutor.java:418)
	at com.kms.katalon.core.main.TestCaseExecutor.accessMainPhase(TestCaseExecutor.java:410)
	at com.kms.katalon.core.main.TestCaseExecutor.execute(TestCaseExecutor.java:285)
	at com.kms.katalon.core.common.CommonExecutor.accessTestCaseMainPhase(CommonExecutor.java:65)
	at com.kms.katalon.core.main.TestSuiteExecutor.accessTestSuiteMainPhase(TestSuiteExecutor.java:151)
	at com.kms.katalon.core.main.TestSuiteExecutor.execute(TestSuiteExecutor.java:106)
	at com.kms.katalon.core.main.TestCaseMain.startTestSuite(TestCaseMain.java:185)
	at com.kms.katalon.core.main.TestCaseMain$startTestSuite$0.call(Unknown Source)
	at TempTestSuite1676605841938.run(TempTestSuite1676605841938.groovy:36)
Caused by: org.openqa.selenium.ElementNotInteractableException: element not interactable
  (Session info: chrome=110.0.5481.100)
Build info: version: '3.141.59', revision: 'e82be7d358', time: '2018-11-14T08:25:53'
System info: host: 'Kashifs-MacBook-Pro.local', ip: 'fe80:0:0:0:2a:e350:6cb0:c073%en0', os.name: 'Mac OS X', os.arch: 'x86_64', os.version: '10.16', java.version: '1.8.0_275'
Driver info: com.kms.katalon.selenium.driver.CChromeDriver
Capabilities {acceptInsecureCerts: false, browserName: chrome, browserVersion: 110.0.5481.100, chrome: {chromedriverVersion: 109.0.5414.74 (e7c5703604da..., userDataDir: /var/folders/d5/lp70b0s53sb...}, goog:chromeOptions: {debuggerAddress: localhost:62105}, javascriptEnabled: true, networkConnectionEnabled: false, pageLoadStrategy: normal, platform: MAC, platformName: MAC, proxy: Proxy(), setWindowRect: true, strictFileInteractability: false, timeouts: {implicit: 0, pageLoad: 300000, script: 30000}, unhandledPromptBehavior: dismiss and notify, webauthn:extension:credBlob: true, webauthn:extension:largeBlob: true, webauthn:virtualAuthenticators: true}
Session ID: 832b18329b918fb262598505c8a7774b
	at org.openqa.selenium.remote.http.W3CHttpResponseCodec.createException(W3CHttpResponseCodec.java:187)
	at org.openqa.selenium.remote.http.W3CHttpResponseCodec.decode(W3CHttpResponseCodec.java:122)
	at org.openqa.selenium.remote.http.W3CHttpResponseCodec.decode(W3CHttpResponseCodec.java:49)
	at org.openqa.selenium.remote.HttpCommandExecutor.execute(HttpCommandExecutor.java:158)
	at org.openqa.selenium.remote.service.DriverCommandExecutor.execute(DriverCommandExecutor.java:83)
	at org.openqa.selenium.remote.RemoteWebDriver.execute(RemoteWebDriver.java:552)
	at com.kms.katalon.selenium.driver.CChromeDriver.execute(CChromeDriver.java:19)
	at org.openqa.selenium.remote.RemoteWebElement.execute(RemoteWebElement.java:285)
	at org.openqa.selenium.remote.RemoteWebElement.click(RemoteWebElement.java:84)
	at org.openqa.selenium.support.events.EventFiringWebDriver$EventFiringWebElement.lambda$new$0(EventFiringWebDriver.java:404)
	at com.sun.proxy.$Proxy11.click(Unknown Source)
	at org.openqa.selenium.support.events.EventFiringWebDriver$EventFiringWebElement.click(EventFiringWebDriver.java:417)
	at org.openqa.selenium.WebElement$click.call(Unknown Source)
	at com.kms.katalon.core.webui.keyword.builtin.ClickKeyword.clickUntilSuccessWithTimeout(ClickKeyword.groovy:81)
	at com.kms.katalon.core.webui.keyword.builtin.ClickKeyword.clickUntilSuccessWithTimeout(ClickKeyword.groovy)
	at com.kms.katalon.core.webui.keyword.builtin.ClickKeyword$_click_closure1.doCall(ClickKeyword.groovy:67)
	at com.kms.katalon.core.webui.keyword.builtin.ClickKeyword$_click_closure1.call(ClickKeyword.groovy)
	at com.kms.katalon.core.webui.keyword.internal.WebUIKeywordMain.runKeyword(WebUIKeywordMain.groovy:20)
	... 19 more]]></system-out>
      <system-err><![CDATA[2023-02-17 08:50:51 - [TEST_SUITE][FAILED] - Compare Scenario_Tests: Test Cases/GiS/Compare Scenarios/CS_Three_Budgets - Stage FAILED.
Reason:
com.kms.katalon.core.exception.StepFailedException: Unable to click on object 'Object Repository/Compare Scenarios/img_Budget Planner_rail-icon'
	at com.kms.katalon.core.webui.keyword.internal.WebUIKeywordMain.stepFailed(WebUIKeywordMain.groovy:64)
	at com.kms.katalon.core.webui.keyword.internal.WebUIKeywordMain.runKeyword(WebUIKeywordMain.groovy:26)
	at com.kms.katalon.core.webui.keyword.builtin.ClickKeyword.click(ClickKeyword.groovy:74)
	at com.kms.katalon.core.webui.keyword.builtin.ClickKeyword.execute(ClickKeyword.groovy:40)
	at com.kms.katalon.core.keyword.internal.KeywordExecutor.executeKeywordForPlatform(KeywordExecutor.groovy:74)
	at com.kms.katalon.core.webui.keyword.WebUiBuiltInKeywords.click(WebUiBuiltInKeywords.groovy:620)
	at com.kms.katalon.core.webui.keyword.WebUiBuiltInKeywords$click$1.call(Unknown Source)
	at CS_Three_Budgets - Stage.run(CS_Three_Budgets - Stage:26)
	at com.kms.katalon.core.main.ScriptEngine.run(ScriptEngine.java:194)
	at com.kms.katalon.core.main.ScriptEngine.runScriptAsRawText(ScriptEngine.java:119)
	at com.kms.katalon.core.main.TestCaseExecutor.runScript(TestCaseExecutor.java:448)
	at com.kms.katalon.core.main.TestCaseExecutor.doExecute(TestCaseExecutor.java:439)
	at com.kms.katalon.core.main.TestCaseExecutor.processExecutionPhase(TestCaseExecutor.java:418)
	at com.kms.katalon.core.main.TestCaseExecutor.accessMainPhase(TestCaseExecutor.java:410)
	at com.kms.katalon.core.main.TestCaseExecutor.execute(TestCaseExecutor.java:285)
	at com.kms.katalon.core.common.CommonExecutor.accessTestCaseMainPhase(CommonExecutor.java:65)
	at com.kms.katalon.core.main.TestSuiteExecutor.accessTestSuiteMainPhase(TestSuiteExecutor.java:151)
	at com.kms.katalon.core.main.TestSuiteExecutor.execute(TestSuiteExecutor.java:106)
	at com.kms.katalon.core.main.TestCaseMain.startTestSuite(TestCaseMain.java:185)
	at com.kms.katalon.core.main.TestCaseMain$startTestSuite$0.call(Unknown Source)
	at TempTestSuite1676605841938.run(TempTestSuite1676605841938.groovy:36)
Caused by: org.openqa.selenium.ElementNotInteractableException: element not interactable
  (Session info: chrome=110.0.5481.100)
Build info: version: '3.141.59', revision: 'e82be7d358', time: '2018-11-14T08:25:53'
System info: host: 'Kashifs-MacBook-Pro.local', ip: 'fe80:0:0:0:2a:e350:6cb0:c073%en0', os.name: 'Mac OS X', os.arch: 'x86_64', os.version: '10.16', java.version: '1.8.0_275'
Driver info: com.kms.katalon.selenium.driver.CChromeDriver
Capabilities {acceptInsecureCerts: false, browserName: chrome, browserVersion: 110.0.5481.100, chrome: {chromedriverVersion: 109.0.5414.74 (e7c5703604da..., userDataDir: /var/folders/d5/lp70b0s53sb...}, goog:chromeOptions: {debuggerAddress: localhost:62105}, javascriptEnabled: true, networkConnectionEnabled: false, pageLoadStrategy: normal, platform: MAC, platformName: MAC, proxy: Proxy(), setWindowRect: true, strictFileInteractability: false, timeouts: {implicit: 0, pageLoad: 300000, script: 30000}, unhandledPromptBehavior: dismiss and notify, webauthn:extension:credBlob: true, webauthn:extension:largeBlob: true, webauthn:virtualAuthenticators: true}
Session ID: 832b18329b918fb262598505c8a7774b
	at org.openqa.selenium.remote.http.W3CHttpResponseCodec.createException(W3CHttpResponseCodec.java:187)
	at org.openqa.selenium.remote.http.W3CHttpResponseCodec.decode(W3CHttpResponseCodec.java:122)
	at org.openqa.selenium.remote.http.W3CHttpResponseCodec.decode(W3CHttpResponseCodec.java:49)
	at org.openqa.selenium.remote.HttpCommandExecutor.execute(HttpCommandExecutor.java:158)
	at org.openqa.selenium.remote.service.DriverCommandExecutor.execute(DriverCommandExecutor.java:83)
	at org.openqa.selenium.remote.RemoteWebDriver.execute(RemoteWebDriver.java:552)
	at com.kms.katalon.selenium.driver.CChromeDriver.execute(CChromeDriver.java:19)
	at org.openqa.selenium.remote.RemoteWebElement.execute(RemoteWebElement.java:285)
	at org.openqa.selenium.remote.RemoteWebElement.click(RemoteWebElement.java:84)
	at org.openqa.selenium.support.events.EventFiringWebDriver$EventFiringWebElement.lambda$new$0(EventFiringWebDriver.java:404)
	at com.sun.proxy.$Proxy11.click(Unknown Source)
	at org.openqa.selenium.support.events.EventFiringWebDriver$EventFiringWebElement.click(EventFiringWebDriver.java:417)
	at org.openqa.selenium.WebElement$click.call(Unknown Source)
	at com.kms.katalon.core.webui.keyword.builtin.ClickKeyword.clickUntilSuccessWithTimeout(ClickKeyword.groovy:81)
	at com.kms.katalon.core.webui.keyword.builtin.ClickKeyword.clickUntilSuccessWithTimeout(ClickKeyword.groovy)
	at com.kms.katalon.core.webui.keyword.builtin.ClickKeyword$_click_closure1.doCall(ClickKeyword.groovy:67)
	at com.kms.katalon.core.webui.keyword.builtin.ClickKeyword$_click_closure1.call(ClickKeyword.groovy)
	at com.kms.katalon.core.webui.keyword.internal.WebUIKeywordMain.runKeyword(WebUIKeywordMain.groovy:20)
	... 19 more]]></system-err>
   </testsuite>
</testsuites>
