<?xml version="1.0" encoding="UTF-8"?>
<testsuites name="GIS" time="720.711" tests="11" failures="5" errors="0">
   <testsuite name="GIS" tests="11" failures="5" errors="0" time="720.711" skipped="0" timestamp="2023-02-15 16:36:57" hostname="kashif - localhost" id="Test Suites/GIS">
      <properties>
         <property name="deviceName" value=""/>
         <property name="devicePlatform" value=""/>
         <property name="logFolder" value="/Users/kashif/Downloads/Kashif/Katalon Studio/4.0_fresh/4.0 Fresh/Reports/20230215_163642/GIS/20230215_163643"/>
         <property name="logFiles" value="/Users/kashif/Downloads/Kashif/Katalon Studio/4.0_fresh/4.0 Fresh/Reports/20230215_163642/GIS/20230215_163643/execution0.log"/>
         <property name="attachments" value="/Users/kashif/Downloads/Kashif/Katalon Studio/4.0_fresh/4.0 Fresh/Reports/20230215_163642/GIS/20230215_163643/1676461207926.png, /Users/kashif/Downloads/Kashif/Katalon Studio/4.0_fresh/4.0 Fresh/Reports/20230215_163642/GIS/20230215_163643/1676461558463.png, /Users/kashif/Downloads/Kashif/Katalon Studio/4.0_fresh/4.0 Fresh/Reports/20230215_163642/GIS/20230215_163643/1676461737412.png"/>
         <property name="hostName" value="kashif - localhost"/>
         <property name="os" value="Mac OS X 64bit"/>
         <property name="katalonVersion" value="8.5.5.208"/>
         <property name="browser" value="Chrome 110.0.0.0"/>
         <property name="hostAddress" value="127.0.0.1"/>
         <property name="sessionId" value="455f5f10d74a550a0c8a2f1fb4af17aa"/>
         <property name="seleniumVersion" value="3.141.59"/>
         <property name="proxyInformation" value="ProxyInformation { proxyOption=NO_PROXY, proxyServerType=HTTP, username=, password=********, proxyServerAddress=, proxyServerPort=0, executionList=&quot;&quot;, isApplyToDesiredCapabilities=true }"/>
         <property name="platform" value="Mac OS X"/>
      </properties>
      <testcase name="Test Cases/GiS/Work order/Work_order_Yearly" time="68.031" classname="Test Cases/GiS/Work order/Work_order_Yearly" status="PASSED">
         <system-out><![CDATA[2023-02-15 16:36:57 - [TEST_CASE][PASSED] - Test Cases/GiS/Work order/Work_order_Yearly: Test Cases/GiS/Work order/Work_order_Yearly

2023-02-15 16:36:57 - [TEST_STEP][PASSED] - openBrowser(""): Browser is opened with url: ''

2023-02-15 16:36:57 - [MESSAGE][INFO] - Starting 'Chrome' driver

2023-02-15 16:36:57 - [MESSAGE][INFO] - Action delay is set to 0 milliseconds

2023-02-15 16:37:00 - [MESSAGE][PASSED] - Browser is opened with url: ''

2023-02-15 16:37:00 - [TEST_STEP][PASSED] - navigateToUrl("https://streetlogix-gis-slx4-develop.vercel.app/?config=64077fc938af4bcc9a46a81d8f4e5576&token=eyJhbGciOiJIUzI1NiIsInR5cCI6IkpXVCJ9.eyJpZCI6OTc2LCJuYW1lIjoiU29oYWliIE5laGFsIiwiZXhwIjoxNjc4NzI5ODk0LCJpYXQiOjE2NzYxMzc4OTR9.UHfOiNtJ_le0VZsenXiPbH0qUWaL-Iey0ptbA6Kalco"): Navigate to 'https://streetlogix-gis-slx4-develop.vercel.app/?config=64077fc938af4bcc9a46a81d8f4e5576&token=eyJhbGciOiJIUzI1NiIsInR5cCI6IkpXVCJ9.eyJpZCI6OTc2LCJuYW1lIjoiU29oYWliIE5laGFsIiwiZXhwIjoxNjc4NzI5ODk0LCJpYXQiOjE2NzYxMzc4OTR9.UHfOiNtJ_le0VZsenXiPbH0qUWaL-Iey0ptbA6Kalco' successfully

2023-02-15 16:37:05 - [MESSAGE][PASSED] - Navigate to 'https://streetlogix-gis-slx4-develop.vercel.app/?config=64077fc938af4bcc9a46a81d8f4e5576&token=eyJhbGciOiJIUzI1NiIsInR5cCI6IkpXVCJ9.eyJpZCI6OTc2LCJuYW1lIjoiU29oYWliIE5laGFsIiwiZXhwIjoxNjc4NzI5ODk0LCJpYXQiOjE2NzYxMzc4OTR9.UHfOiNtJ_le0VZsenXiPbH0qUWaL-Iey0ptbA6Kalco' successfully

2023-02-15 16:37:05 - [TEST_STEP][PASSED] - countBefore = database_keywords.test.Database_Keywords.getWorkOrdersCount(): database_keywords.test.Database_Keywords.getWorkOrdersCount is PASSED

2023-02-15 16:37:12 - [MESSAGE][PASSED] - database_keywords.test.Database_Keywords.getWorkOrdersCount is PASSED

2023-02-15 16:37:12 - [TEST_STEP][PASSED] - println(countBefore): null

2023-02-15 16:37:12 - [TEST_STEP][PASSED] - click(findTestObject("Work order 4.0/Page_Streetlogix/Workorder page objects/Page_Streetlogix/WO icon")): Object: 'Object Repository/Work order 4.0/Page_Streetlogix/Workorder page objects/Page_Streetlogix/WO icon' is clicked on

2023-02-15 16:37:15 - [MESSAGE][PASSED] - Object: 'Object Repository/Work order 4.0/Page_Streetlogix/Workorder page objects/Page_Streetlogix/WO icon' is clicked on

2023-02-15 16:37:15 - [TEST_STEP][PASSED] - click(findTestObject("Work order 4.0/Page_Streetlogix/Workorder page objects/Page_Streetlogix/Group Dropdown")): Object: 'Object Repository/Work order 4.0/Page_Streetlogix/Workorder page objects/Page_Streetlogix/Group Dropdown' is clicked on

2023-02-15 16:37:18 - [MESSAGE][PASSED] - Object: 'Object Repository/Work order 4.0/Page_Streetlogix/Workorder page objects/Page_Streetlogix/Group Dropdown' is clicked on

2023-02-15 16:37:18 - [TEST_STEP][PASSED] - click(findTestObject("Work order 4.0/Page_Streetlogix/Workorder page objects/Page_Streetlogix/li_Bridge Inspection")): Object: 'Object Repository/Work order 4.0/Page_Streetlogix/Workorder page objects/Page_Streetlogix/li_Bridge Inspection' is clicked on

2023-02-15 16:37:26 - [MESSAGE][PASSED] - Object: 'Object Repository/Work order 4.0/Page_Streetlogix/Workorder page objects/Page_Streetlogix/li_Bridge Inspection' is clicked on

2023-02-15 16:37:26 - [TEST_STEP][PASSED] - setText(findTestObject("Work order 4.0/Page_Streetlogix/Workorder page objects/Page_Streetlogix/input_Filter by form name_standard-full-width"), "Bridge maintenance"): Text 'Bridge maintenance' is set on object 'Object Repository/Work order 4.0/Page_Streetlogix/Workorder page objects/Page_Streetlogix/input_Filter by form name_standard-full-width'

2023-02-15 16:37:30 - [MESSAGE][PASSED] - Text 'Bridge maintenance' is set on object 'Object Repository/Work order 4.0/Page_Streetlogix/Workorder page objects/Page_Streetlogix/input_Filter by form name_standard-full-width'

2023-02-15 16:37:30 - [TEST_STEP][PASSED] - click(findTestObject("Work order 4.0/Page_Streetlogix/Workorder page objects/Page_Streetlogix/span_Bridge Maintenance")): Object: 'Object Repository/Work order 4.0/Page_Streetlogix/Workorder page objects/Page_Streetlogix/span_Bridge Maintenance' is clicked on

2023-02-15 16:37:30 - [MESSAGE][PASSED] - Object: 'Object Repository/Work order 4.0/Page_Streetlogix/Workorder page objects/Page_Streetlogix/span_Bridge Maintenance' is clicked on

2023-02-15 16:37:30 - [TEST_STEP][PASSED] - click(findTestObject("Work order 4.0/Page_Streetlogix/Workorder page objects/Page_Streetlogix/input_Select Assignee_assignee-autocomplete")): Object: 'Object Repository/Work order 4.0/Page_Streetlogix/Workorder page objects/Page_Streetlogix/input_Select Assignee_assignee-autocomplete' is clicked on

2023-02-15 16:37:32 - [MESSAGE][PASSED] - Object: 'Object Repository/Work order 4.0/Page_Streetlogix/Workorder page objects/Page_Streetlogix/input_Select Assignee_assignee-autocomplete' is clicked on

2023-02-15 16:37:32 - [TEST_STEP][PASSED] - click(findTestObject("Work order 4.0/Page_Streetlogix/Workorder page objects/Page_Streetlogix/span_ami  admin")): Object: 'Object Repository/Work order 4.0/Page_Streetlogix/Workorder page objects/Page_Streetlogix/span_ami  admin' is clicked on

2023-02-15 16:37:33 - [MESSAGE][PASSED] - Object: 'Object Repository/Work order 4.0/Page_Streetlogix/Workorder page objects/Page_Streetlogix/span_ami  admin' is clicked on

2023-02-15 16:37:33 - [TEST_STEP][PASSED] - click(findTestObject("Work order 4.0/Page_Streetlogix/Workorder page objects/Page_Streetlogix/input_Collaborators_collaborators-autocomplete")): Object: 'Object Repository/Work order 4.0/Page_Streetlogix/Workorder page objects/Page_Streetlogix/input_Collaborators_collaborators-autocomplete' is clicked on

2023-02-15 16:37:34 - [MESSAGE][PASSED] - Object: 'Object Repository/Work order 4.0/Page_Streetlogix/Workorder page objects/Page_Streetlogix/input_Collaborators_collaborators-autocomplete' is clicked on

2023-02-15 16:37:34 - [TEST_STEP][PASSED] - click(findTestObject("Work order 4.0/Page_Streetlogix/Workorder page objects/Page_Streetlogix/span_ami  admin")): Object: 'Object Repository/Work order 4.0/Page_Streetlogix/Workorder page objects/Page_Streetlogix/span_ami  admin' is clicked on

2023-02-15 16:37:34 - [MESSAGE][PASSED] - Object: 'Object Repository/Work order 4.0/Page_Streetlogix/Workorder page objects/Page_Streetlogix/span_ami  admin' is clicked on

2023-02-15 16:37:34 - [TEST_STEP][PASSED] - click(findTestObject("Work order 4.0/Page_Streetlogix/Workorder page objects/Page_Streetlogix/h6_Bridge Maintenance")): Object: 'Object Repository/Work order 4.0/Page_Streetlogix/Workorder page objects/Page_Streetlogix/h6_Bridge Maintenance' is clicked on

2023-02-15 16:37:35 - [MESSAGE][PASSED] - Object: 'Object Repository/Work order 4.0/Page_Streetlogix/Workorder page objects/Page_Streetlogix/h6_Bridge Maintenance' is clicked on

2023-02-15 16:37:35 - [TEST_STEP][PASSED] - setText(findTestObject("Work order 4.0/Page_Streetlogix/Workorder page objects/Page_Streetlogix/Page_Streetlogix/Page_Streetlogix/input_Address_asset-id-address"), "12"): Text '12' is set on object 'Object Repository/Work order 4.0/Page_Streetlogix/Workorder page objects/Page_Streetlogix/Page_Streetlogix/Page_Streetlogix/input_Address_asset-id-address'

2023-02-15 16:37:36 - [MESSAGE][PASSED] - Text '12' is set on object 'Object Repository/Work order 4.0/Page_Streetlogix/Workorder page objects/Page_Streetlogix/Page_Streetlogix/Page_Streetlogix/input_Address_asset-id-address'

2023-02-15 16:37:36 - [TEST_STEP][PASSED] - click(findTestObject("Work order 4.0/Page_Streetlogix/Workorder page objects/Page_Streetlogix/li_12TH STREET CONNECTOR From CHESTNUT ST To MAGAZINE ST - 20476")): Object: 'Object Repository/Work order 4.0/Page_Streetlogix/Workorder page objects/Page_Streetlogix/li_12TH STREET CONNECTOR From CHESTNUT ST To MAGAZINE ST - 20476' is clicked on

2023-02-15 16:37:36 - [MESSAGE][PASSED] - Object: 'Object Repository/Work order 4.0/Page_Streetlogix/Workorder page objects/Page_Streetlogix/li_12TH STREET CONNECTOR From CHESTNUT ST To MAGAZINE ST - 20476' is clicked on

2023-02-15 16:37:36 - [TEST_STEP][PASSED] - setText(findTestObject("Work order 4.0/Page_Streetlogix/Workorder page objects/Page_Streetlogix/textarea_Test"), "Test"): Text 'Test' is set on object 'Object Repository/Work order 4.0/Page_Streetlogix/Workorder page objects/Page_Streetlogix/textarea_Test'

2023-02-15 16:37:38 - [MESSAGE][PASSED] - Text 'Test' is set on object 'Object Repository/Work order 4.0/Page_Streetlogix/Workorder page objects/Page_Streetlogix/textarea_Test'

2023-02-15 16:37:38 - [TEST_STEP][PASSED] - click(findTestObject("Work order 4.0/Page_Streetlogix/Workorder page objects/Page_Streetlogix/Page_Streetlogix/Page_Streetlogix/div_Urgent")): Object: 'Object Repository/Work order 4.0/Page_Streetlogix/Workorder page objects/Page_Streetlogix/Page_Streetlogix/Page_Streetlogix/div_Urgent' is clicked on

2023-02-15 16:37:38 - [MESSAGE][PASSED] - Object: 'Object Repository/Work order 4.0/Page_Streetlogix/Workorder page objects/Page_Streetlogix/Page_Streetlogix/Page_Streetlogix/div_Urgent' is clicked on

2023-02-15 16:37:38 - [TEST_STEP][PASSED] - click(findTestObject("Work order 4.0/Page_Streetlogix/Workorder page objects/Page_Streetlogix/li_High")): Object: 'Object Repository/Work order 4.0/Page_Streetlogix/Workorder page objects/Page_Streetlogix/li_High' is clicked on

2023-02-15 16:37:39 - [MESSAGE][PASSED] - Object: 'Object Repository/Work order 4.0/Page_Streetlogix/Workorder page objects/Page_Streetlogix/li_High' is clicked on

2023-02-15 16:37:39 - [TEST_STEP][PASSED] - click(findTestObject("Work order 4.0/Page_Streetlogix/Workorder page objects/Page_Streetlogix/input_Upload_repeatingWorkOrder")): Object: 'Object Repository/Work order 4.0/Page_Streetlogix/Workorder page objects/Page_Streetlogix/input_Upload_repeatingWorkOrder' is clicked on

2023-02-15 16:37:40 - [MESSAGE][PASSED] - Object: 'Object Repository/Work order 4.0/Page_Streetlogix/Workorder page objects/Page_Streetlogix/input_Upload_repeatingWorkOrder' is clicked on

2023-02-15 16:37:40 - [TEST_STEP][PASSED] - click(findTestObject("Work order 4.0/Page_Streetlogix/Workorder page objects/Page_Streetlogix/div_Daily")): Object: 'Object Repository/Work order 4.0/Page_Streetlogix/Workorder page objects/Page_Streetlogix/div_Daily' is clicked on

2023-02-15 16:37:40 - [MESSAGE][PASSED] - Object: 'Object Repository/Work order 4.0/Page_Streetlogix/Workorder page objects/Page_Streetlogix/div_Daily' is clicked on

2023-02-15 16:37:40 - [TEST_STEP][PASSED] - click(findTestObject("Work order 4.0/Page_Streetlogix/Workorder page objects/Page_Streetlogix/li_Weekly")): Object: 'Object Repository/Work order 4.0/Page_Streetlogix/Workorder page objects/Page_Streetlogix/li_Weekly' is clicked on

2023-02-15 16:37:41 - [MESSAGE][PASSED] - Object: 'Object Repository/Work order 4.0/Page_Streetlogix/Workorder page objects/Page_Streetlogix/li_Weekly' is clicked on

2023-02-15 16:37:41 - [TEST_STEP][PASSED] - click(findTestObject("Work order 4.0/Page_Streetlogix/Workorder page objects/Page_Streetlogix/input_Statement Field Test_equipment")): Object: 'Object Repository/Work order 4.0/Page_Streetlogix/Workorder page objects/Page_Streetlogix/input_Statement Field Test_equipment' is clicked on

2023-02-15 16:37:42 - [MESSAGE][PASSED] - Object: 'Object Repository/Work order 4.0/Page_Streetlogix/Workorder page objects/Page_Streetlogix/input_Statement Field Test_equipment' is clicked on

2023-02-15 16:37:42 - [TEST_STEP][PASSED] - delay(3): Delayed 3 second(s)

2023-02-15 16:37:45 - [MESSAGE][PASSED] - Delayed 3 second(s)

2023-02-15 16:37:45 - [TEST_STEP][PASSED] - click(findTestObject("Work order 4.0/Page_Streetlogix/Workorder page objects/Page_Streetlogix/Page_Streetlogix/Page_Streetlogix/Page_Streetlogix/div_equip")): Object: 'Object Repository/Work order 4.0/Page_Streetlogix/Workorder page objects/Page_Streetlogix/Page_Streetlogix/Page_Streetlogix/Page_Streetlogix/div_equip' is clicked on

2023-02-15 16:37:45 - [MESSAGE][PASSED] - Object: 'Object Repository/Work order 4.0/Page_Streetlogix/Workorder page objects/Page_Streetlogix/Page_Streetlogix/Page_Streetlogix/Page_Streetlogix/div_equip' is clicked on

2023-02-15 16:37:45 - [TEST_STEP][PASSED] - click(findTestObject("Work order 4.0/Page_Streetlogix/Workorder page objects/Page_Streetlogix/li_Snow Plow - 15")): Object: 'Object Repository/Work order 4.0/Page_Streetlogix/Workorder page objects/Page_Streetlogix/li_Snow Plow - 15' is clicked on

2023-02-15 16:37:46 - [MESSAGE][PASSED] - Object: 'Object Repository/Work order 4.0/Page_Streetlogix/Workorder page objects/Page_Streetlogix/li_Snow Plow - 15' is clicked on

2023-02-15 16:37:46 - [TEST_STEP][PASSED] - click(findTestObject("Work order 4.0/Page_Streetlogix/Workorder page objects/Page_Streetlogix/input_Add Item_material")): Object: 'Object Repository/Work order 4.0/Page_Streetlogix/Workorder page objects/Page_Streetlogix/input_Add Item_material' is clicked on

2023-02-15 16:37:46 - [MESSAGE][PASSED] - Object: 'Object Repository/Work order 4.0/Page_Streetlogix/Workorder page objects/Page_Streetlogix/input_Add Item_material' is clicked on

2023-02-15 16:37:46 - [TEST_STEP][PASSED] - delay(3): Delayed 3 second(s)

2023-02-15 16:37:49 - [MESSAGE][PASSED] - Delayed 3 second(s)

2023-02-15 16:37:49 - [TEST_STEP][PASSED] - click(findTestObject("Work order 4.0/Page_Streetlogix/Workorder page objects/Page_Streetlogix/Page_Streetlogix/Page_Streetlogix/Page_Streetlogix/div_material")): Object: 'Object Repository/Work order 4.0/Page_Streetlogix/Workorder page objects/Page_Streetlogix/Page_Streetlogix/Page_Streetlogix/Page_Streetlogix/div_material' is clicked on

2023-02-15 16:37:50 - [MESSAGE][PASSED] - Object: 'Object Repository/Work order 4.0/Page_Streetlogix/Workorder page objects/Page_Streetlogix/Page_Streetlogix/Page_Streetlogix/Page_Streetlogix/div_material' is clicked on

2023-02-15 16:37:50 - [TEST_STEP][PASSED] - click(findTestObject("Work order 4.0/Page_Streetlogix/Workorder page objects/Page_Streetlogix/li_Asphalt - 22")): Object: 'Object Repository/Work order 4.0/Page_Streetlogix/Workorder page objects/Page_Streetlogix/li_Asphalt - 22' is clicked on

2023-02-15 16:37:50 - [MESSAGE][PASSED] - Object: 'Object Repository/Work order 4.0/Page_Streetlogix/Workorder page objects/Page_Streetlogix/li_Asphalt - 22' is clicked on

2023-02-15 16:37:50 - [TEST_STEP][PASSED] - click(findTestObject("Work order 4.0/Page_Streetlogix/Workorder page objects/Page_Streetlogix/input_Add Item_labor")): Object: 'Object Repository/Work order 4.0/Page_Streetlogix/Workorder page objects/Page_Streetlogix/input_Add Item_labor' is clicked on

2023-02-15 16:37:51 - [MESSAGE][PASSED] - Object: 'Object Repository/Work order 4.0/Page_Streetlogix/Workorder page objects/Page_Streetlogix/input_Add Item_labor' is clicked on

2023-02-15 16:37:51 - [TEST_STEP][PASSED] - delay(3): Delayed 3 second(s)

2023-02-15 16:37:54 - [MESSAGE][PASSED] - Delayed 3 second(s)

2023-02-15 16:37:54 - [TEST_STEP][PASSED] - click(findTestObject("Work order 4.0/Page_Streetlogix/Workorder page objects/Page_Streetlogix/Page_Streetlogix/Page_Streetlogix/Page_Streetlogix/div_labor")): Object: 'Object Repository/Work order 4.0/Page_Streetlogix/Workorder page objects/Page_Streetlogix/Page_Streetlogix/Page_Streetlogix/Page_Streetlogix/div_labor' is clicked on

2023-02-15 16:37:55 - [MESSAGE][PASSED] - Object: 'Object Repository/Work order 4.0/Page_Streetlogix/Workorder page objects/Page_Streetlogix/Page_Streetlogix/Page_Streetlogix/Page_Streetlogix/div_labor' is clicked on

2023-02-15 16:37:55 - [TEST_STEP][PASSED] - click(findTestObject("Work order 4.0/Page_Streetlogix/Workorder page objects/Page_Streetlogix/li_Supervisor - 30")): Object: 'Object Repository/Work order 4.0/Page_Streetlogix/Workorder page objects/Page_Streetlogix/li_Supervisor - 30' is clicked on

2023-02-15 16:37:55 - [MESSAGE][PASSED] - Object: 'Object Repository/Work order 4.0/Page_Streetlogix/Workorder page objects/Page_Streetlogix/li_Supervisor - 30' is clicked on

2023-02-15 16:37:55 - [TEST_STEP][PASSED] - click(findTestObject("Work order 4.0/Page_Streetlogix/Workorder page objects/Page_Streetlogix/span_Add Item")): Object: 'Object Repository/Work order 4.0/Page_Streetlogix/Workorder page objects/Page_Streetlogix/span_Add Item' is clicked on

2023-02-15 16:37:56 - [MESSAGE][PASSED] - Object: 'Object Repository/Work order 4.0/Page_Streetlogix/Workorder page objects/Page_Streetlogix/span_Add Item' is clicked on

2023-02-15 16:37:56 - [TEST_STEP][PASSED] - click(findTestObject("Work order 4.0/Page_Streetlogix/Workorder page objects/Page_Streetlogix/span_Save")): Object: 'Object Repository/Work order 4.0/Page_Streetlogix/Workorder page objects/Page_Streetlogix/span_Save' is clicked on

2023-02-15 16:37:56 - [MESSAGE][PASSED] - Object: 'Object Repository/Work order 4.0/Page_Streetlogix/Workorder page objects/Page_Streetlogix/span_Save' is clicked on

2023-02-15 16:37:56 - [TEST_STEP][PASSED] - countAfter = database_keywords.test.Database_Keywords.getWorkOrdersCount(): database_keywords.test.Database_Keywords.getWorkOrdersCount is PASSED

2023-02-15 16:38:05 - [MESSAGE][PASSED] - database_keywords.test.Database_Keywords.getWorkOrdersCount is PASSED

2023-02-15 16:38:05 - [TEST_STEP][PASSED] - println(countAfter): null

2023-02-15 16:38:05 - [TEST_STEP][PASSED] - if (countAfter == countBefore + 1): null

2023-02-15 16:38:05 - [TEST_STEP][PASSED] - println("Work Order Created"): null

2023-02-15 16:38:05 - [TEST_STEP][PASSED] - closeBrowser(): Browser is closed

2023-02-15 16:38:05 - [MESSAGE][PASSED] - Browser is closed]]></system-out>
         <system-err><![CDATA[]]></system-err>
      </testcase>
      <testcase name="Test Cases/GiS/Work order/Work_order_monthly" time="57.048" classname="Test Cases/GiS/Work order/Work_order_monthly" status="PASSED">
         <system-out><![CDATA[2023-02-15 16:38:05 - [TEST_CASE][PASSED] - Test Cases/GiS/Work order/Work_order_monthly: Test Cases/GiS/Work order/Work_order_monthly

2023-02-15 16:38:05 - [TEST_STEP][PASSED] - openBrowser(""): Browser is opened with url: ''

2023-02-15 16:38:05 - [MESSAGE][INFO] - Starting 'Chrome' driver

2023-02-15 16:38:05 - [MESSAGE][INFO] - Action delay is set to 0 milliseconds

2023-02-15 16:38:06 - [MESSAGE][PASSED] - Browser is opened with url: ''

2023-02-15 16:38:06 - [TEST_STEP][PASSED] - navigateToUrl("https://streetlogix-gis-slx4-develop.vercel.app/?config=64077fc938af4bcc9a46a81d8f4e5576&token=eyJhbGciOiJIUzI1NiIsInR5cCI6IkpXVCJ9.eyJpZCI6OTc2LCJuYW1lIjoiU29oYWliIE5laGFsIiwiZXhwIjoxNjc4NzI5ODk0LCJpYXQiOjE2NzYxMzc4OTR9.UHfOiNtJ_le0VZsenXiPbH0qUWaL-Iey0ptbA6Kalco"): Navigate to 'https://streetlogix-gis-slx4-develop.vercel.app/?config=64077fc938af4bcc9a46a81d8f4e5576&token=eyJhbGciOiJIUzI1NiIsInR5cCI6IkpXVCJ9.eyJpZCI6OTc2LCJuYW1lIjoiU29oYWliIE5laGFsIiwiZXhwIjoxNjc4NzI5ODk0LCJpYXQiOjE2NzYxMzc4OTR9.UHfOiNtJ_le0VZsenXiPbH0qUWaL-Iey0ptbA6Kalco' successfully

2023-02-15 16:38:09 - [MESSAGE][PASSED] - Navigate to 'https://streetlogix-gis-slx4-develop.vercel.app/?config=64077fc938af4bcc9a46a81d8f4e5576&token=eyJhbGciOiJIUzI1NiIsInR5cCI6IkpXVCJ9.eyJpZCI6OTc2LCJuYW1lIjoiU29oYWliIE5laGFsIiwiZXhwIjoxNjc4NzI5ODk0LCJpYXQiOjE2NzYxMzc4OTR9.UHfOiNtJ_le0VZsenXiPbH0qUWaL-Iey0ptbA6Kalco' successfully

2023-02-15 16:38:09 - [TEST_STEP][PASSED] - countBefore = database_keywords.test.Database_Keywords.getWorkOrdersCount(): database_keywords.test.Database_Keywords.getWorkOrdersCount is PASSED

2023-02-15 16:38:15 - [MESSAGE][PASSED] - database_keywords.test.Database_Keywords.getWorkOrdersCount is PASSED

2023-02-15 16:38:15 - [TEST_STEP][PASSED] - println(countBefore): null

2023-02-15 16:38:15 - [TEST_STEP][PASSED] - click(findTestObject("Work order 4.0/Page_Streetlogix/Workorder page objects/Page_Streetlogix/WO icon")): Object: 'Object Repository/Work order 4.0/Page_Streetlogix/Workorder page objects/Page_Streetlogix/WO icon' is clicked on

2023-02-15 16:38:18 - [MESSAGE][PASSED] - Object: 'Object Repository/Work order 4.0/Page_Streetlogix/Workorder page objects/Page_Streetlogix/WO icon' is clicked on

2023-02-15 16:38:18 - [TEST_STEP][PASSED] - click(findTestObject("Work order 4.0/Page_Streetlogix/Workorder page objects/Page_Streetlogix/Group Dropdown")): Object: 'Object Repository/Work order 4.0/Page_Streetlogix/Workorder page objects/Page_Streetlogix/Group Dropdown' is clicked on

2023-02-15 16:38:19 - [MESSAGE][PASSED] - Object: 'Object Repository/Work order 4.0/Page_Streetlogix/Workorder page objects/Page_Streetlogix/Group Dropdown' is clicked on

2023-02-15 16:38:19 - [TEST_STEP][PASSED] - click(findTestObject("Work order 4.0/Page_Streetlogix/Workorder page objects/Page_Streetlogix/li_Bridge Inspection")): Object: 'Object Repository/Work order 4.0/Page_Streetlogix/Workorder page objects/Page_Streetlogix/li_Bridge Inspection' is clicked on

2023-02-15 16:38:20 - [MESSAGE][PASSED] - Object: 'Object Repository/Work order 4.0/Page_Streetlogix/Workorder page objects/Page_Streetlogix/li_Bridge Inspection' is clicked on

2023-02-15 16:38:20 - [TEST_STEP][PASSED] - setText(findTestObject("Work order 4.0/Page_Streetlogix/Workorder page objects/Page_Streetlogix/input_Filter by form name_standard-full-width"), "Bridge maintenance"): Text 'Bridge maintenance' is set on object 'Object Repository/Work order 4.0/Page_Streetlogix/Workorder page objects/Page_Streetlogix/input_Filter by form name_standard-full-width'

2023-02-15 16:38:23 - [MESSAGE][PASSED] - Text 'Bridge maintenance' is set on object 'Object Repository/Work order 4.0/Page_Streetlogix/Workorder page objects/Page_Streetlogix/input_Filter by form name_standard-full-width'

2023-02-15 16:38:23 - [TEST_STEP][PASSED] - click(findTestObject("Work order 4.0/Page_Streetlogix/Workorder page objects/Page_Streetlogix/span_Bridge Maintenance")): Object: 'Object Repository/Work order 4.0/Page_Streetlogix/Workorder page objects/Page_Streetlogix/span_Bridge Maintenance' is clicked on

2023-02-15 16:38:24 - [MESSAGE][PASSED] - Object: 'Object Repository/Work order 4.0/Page_Streetlogix/Workorder page objects/Page_Streetlogix/span_Bridge Maintenance' is clicked on

2023-02-15 16:38:24 - [TEST_STEP][PASSED] - click(findTestObject("Work order 4.0/Page_Streetlogix/Workorder page objects/Page_Streetlogix/input_Select Assignee_assignee-autocomplete")): Object: 'Object Repository/Work order 4.0/Page_Streetlogix/Workorder page objects/Page_Streetlogix/input_Select Assignee_assignee-autocomplete' is clicked on

2023-02-15 16:38:32 - [MESSAGE][PASSED] - Object: 'Object Repository/Work order 4.0/Page_Streetlogix/Workorder page objects/Page_Streetlogix/input_Select Assignee_assignee-autocomplete' is clicked on

2023-02-15 16:38:32 - [TEST_STEP][PASSED] - click(findTestObject("Work order 4.0/Page_Streetlogix/Workorder page objects/Page_Streetlogix/span_ami  admin")): Object: 'Object Repository/Work order 4.0/Page_Streetlogix/Workorder page objects/Page_Streetlogix/span_ami  admin' is clicked on

2023-02-15 16:38:32 - [MESSAGE][PASSED] - Object: 'Object Repository/Work order 4.0/Page_Streetlogix/Workorder page objects/Page_Streetlogix/span_ami  admin' is clicked on

2023-02-15 16:38:32 - [TEST_STEP][PASSED] - click(findTestObject("Work order 4.0/Page_Streetlogix/Workorder page objects/Page_Streetlogix/input_Collaborators_collaborators-autocomplete")): Object: 'Object Repository/Work order 4.0/Page_Streetlogix/Workorder page objects/Page_Streetlogix/input_Collaborators_collaborators-autocomplete' is clicked on

2023-02-15 16:38:33 - [MESSAGE][PASSED] - Object: 'Object Repository/Work order 4.0/Page_Streetlogix/Workorder page objects/Page_Streetlogix/input_Collaborators_collaborators-autocomplete' is clicked on

2023-02-15 16:38:33 - [TEST_STEP][PASSED] - click(findTestObject("Work order 4.0/Page_Streetlogix/Workorder page objects/Page_Streetlogix/span_ami  admin")): Object: 'Object Repository/Work order 4.0/Page_Streetlogix/Workorder page objects/Page_Streetlogix/span_ami  admin' is clicked on

2023-02-15 16:38:34 - [MESSAGE][PASSED] - Object: 'Object Repository/Work order 4.0/Page_Streetlogix/Workorder page objects/Page_Streetlogix/span_ami  admin' is clicked on

2023-02-15 16:38:34 - [TEST_STEP][PASSED] - click(findTestObject("Work order 4.0/Page_Streetlogix/Workorder page objects/Page_Streetlogix/h6_Bridge Maintenance")): Object: 'Object Repository/Work order 4.0/Page_Streetlogix/Workorder page objects/Page_Streetlogix/h6_Bridge Maintenance' is clicked on

2023-02-15 16:38:34 - [MESSAGE][PASSED] - Object: 'Object Repository/Work order 4.0/Page_Streetlogix/Workorder page objects/Page_Streetlogix/h6_Bridge Maintenance' is clicked on

2023-02-15 16:38:34 - [TEST_STEP][PASSED] - setText(findTestObject("Work order 4.0/Page_Streetlogix/Workorder page objects/Page_Streetlogix/Page_Streetlogix/Page_Streetlogix/input_Address_asset-id-address"), "12"): Text '12' is set on object 'Object Repository/Work order 4.0/Page_Streetlogix/Workorder page objects/Page_Streetlogix/Page_Streetlogix/Page_Streetlogix/input_Address_asset-id-address'

2023-02-15 16:38:35 - [MESSAGE][PASSED] - Text '12' is set on object 'Object Repository/Work order 4.0/Page_Streetlogix/Workorder page objects/Page_Streetlogix/Page_Streetlogix/Page_Streetlogix/input_Address_asset-id-address'

2023-02-15 16:38:35 - [TEST_STEP][PASSED] - click(findTestObject("Work order 4.0/Page_Streetlogix/Workorder page objects/Page_Streetlogix/li_12TH STREET CONNECTOR From CHESTNUT ST To MAGAZINE ST - 20476")): Object: 'Object Repository/Work order 4.0/Page_Streetlogix/Workorder page objects/Page_Streetlogix/li_12TH STREET CONNECTOR From CHESTNUT ST To MAGAZINE ST - 20476' is clicked on

2023-02-15 16:38:36 - [MESSAGE][PASSED] - Object: 'Object Repository/Work order 4.0/Page_Streetlogix/Workorder page objects/Page_Streetlogix/li_12TH STREET CONNECTOR From CHESTNUT ST To MAGAZINE ST - 20476' is clicked on

2023-02-15 16:38:36 - [TEST_STEP][PASSED] - setText(findTestObject("Work order 4.0/Page_Streetlogix/Workorder page objects/Page_Streetlogix/textarea_Test"), "Test"): Text 'Test' is set on object 'Object Repository/Work order 4.0/Page_Streetlogix/Workorder page objects/Page_Streetlogix/textarea_Test'

2023-02-15 16:38:37 - [MESSAGE][PASSED] - Text 'Test' is set on object 'Object Repository/Work order 4.0/Page_Streetlogix/Workorder page objects/Page_Streetlogix/textarea_Test'

2023-02-15 16:38:37 - [TEST_STEP][PASSED] - click(findTestObject("Work order 4.0/Page_Streetlogix/Workorder page objects/Page_Streetlogix/Page_Streetlogix/Page_Streetlogix/div_Urgent")): Object: 'Object Repository/Work order 4.0/Page_Streetlogix/Workorder page objects/Page_Streetlogix/Page_Streetlogix/Page_Streetlogix/div_Urgent' is clicked on

2023-02-15 16:38:38 - [MESSAGE][PASSED] - Object: 'Object Repository/Work order 4.0/Page_Streetlogix/Workorder page objects/Page_Streetlogix/Page_Streetlogix/Page_Streetlogix/div_Urgent' is clicked on

2023-02-15 16:38:38 - [TEST_STEP][PASSED] - click(findTestObject("Work order 4.0/Page_Streetlogix/Workorder page objects/Page_Streetlogix/li_High")): Object: 'Object Repository/Work order 4.0/Page_Streetlogix/Workorder page objects/Page_Streetlogix/li_High' is clicked on

2023-02-15 16:38:39 - [MESSAGE][PASSED] - Object: 'Object Repository/Work order 4.0/Page_Streetlogix/Workorder page objects/Page_Streetlogix/li_High' is clicked on

2023-02-15 16:38:39 - [TEST_STEP][PASSED] - click(findTestObject("Work order 4.0/Page_Streetlogix/Workorder page objects/Page_Streetlogix/input_Upload_repeatingWorkOrder")): Object: 'Object Repository/Work order 4.0/Page_Streetlogix/Workorder page objects/Page_Streetlogix/input_Upload_repeatingWorkOrder' is clicked on

2023-02-15 16:38:39 - [MESSAGE][PASSED] - Object: 'Object Repository/Work order 4.0/Page_Streetlogix/Workorder page objects/Page_Streetlogix/input_Upload_repeatingWorkOrder' is clicked on

2023-02-15 16:38:39 - [TEST_STEP][PASSED] - click(findTestObject("Work order 4.0/Page_Streetlogix/Workorder page objects/Page_Streetlogix/div_Daily")): Object: 'Object Repository/Work order 4.0/Page_Streetlogix/Workorder page objects/Page_Streetlogix/div_Daily' is clicked on

2023-02-15 16:38:40 - [MESSAGE][PASSED] - Object: 'Object Repository/Work order 4.0/Page_Streetlogix/Workorder page objects/Page_Streetlogix/div_Daily' is clicked on

2023-02-15 16:38:40 - [TEST_STEP][PASSED] - click(findTestObject("Work order 4.0/Page_Streetlogix/Workorder page objects/Page_Streetlogix/li_Monthly")): Object: 'Object Repository/Work order 4.0/Page_Streetlogix/Workorder page objects/Page_Streetlogix/li_Monthly' is clicked on

2023-02-15 16:38:41 - [MESSAGE][PASSED] - Object: 'Object Repository/Work order 4.0/Page_Streetlogix/Workorder page objects/Page_Streetlogix/li_Monthly' is clicked on

2023-02-15 16:38:41 - [TEST_STEP][PASSED] - click(findTestObject("Work order 4.0/Page_Streetlogix/Workorder page objects/Page_Streetlogix/input_Statement Field Test_equipment")): Object: 'Object Repository/Work order 4.0/Page_Streetlogix/Workorder page objects/Page_Streetlogix/input_Statement Field Test_equipment' is clicked on

2023-02-15 16:38:41 - [MESSAGE][PASSED] - Object: 'Object Repository/Work order 4.0/Page_Streetlogix/Workorder page objects/Page_Streetlogix/input_Statement Field Test_equipment' is clicked on

2023-02-15 16:38:41 - [TEST_STEP][PASSED] - delay(3): Delayed 3 second(s)

2023-02-15 16:38:44 - [MESSAGE][PASSED] - Delayed 3 second(s)

2023-02-15 16:38:44 - [TEST_STEP][PASSED] - click(findTestObject("Work order 4.0/Page_Streetlogix/Workorder page objects/Page_Streetlogix/Page_Streetlogix/Page_Streetlogix/Page_Streetlogix/div_equip")): Object: 'Object Repository/Work order 4.0/Page_Streetlogix/Workorder page objects/Page_Streetlogix/Page_Streetlogix/Page_Streetlogix/Page_Streetlogix/div_equip' is clicked on

2023-02-15 16:38:45 - [MESSAGE][PASSED] - Object: 'Object Repository/Work order 4.0/Page_Streetlogix/Workorder page objects/Page_Streetlogix/Page_Streetlogix/Page_Streetlogix/Page_Streetlogix/div_equip' is clicked on

2023-02-15 16:38:45 - [TEST_STEP][PASSED] - click(findTestObject("Work order 4.0/Page_Streetlogix/Workorder page objects/Page_Streetlogix/li_Snow Plow - 15")): Object: 'Object Repository/Work order 4.0/Page_Streetlogix/Workorder page objects/Page_Streetlogix/li_Snow Plow - 15' is clicked on

2023-02-15 16:38:45 - [MESSAGE][PASSED] - Object: 'Object Repository/Work order 4.0/Page_Streetlogix/Workorder page objects/Page_Streetlogix/li_Snow Plow - 15' is clicked on

2023-02-15 16:38:45 - [TEST_STEP][PASSED] - click(findTestObject("Work order 4.0/Page_Streetlogix/Workorder page objects/Page_Streetlogix/input_Add Item_material")): Object: 'Object Repository/Work order 4.0/Page_Streetlogix/Workorder page objects/Page_Streetlogix/input_Add Item_material' is clicked on

2023-02-15 16:38:46 - [MESSAGE][PASSED] - Object: 'Object Repository/Work order 4.0/Page_Streetlogix/Workorder page objects/Page_Streetlogix/input_Add Item_material' is clicked on

2023-02-15 16:38:46 - [TEST_STEP][PASSED] - delay(3): Delayed 3 second(s)

2023-02-15 16:38:49 - [MESSAGE][PASSED] - Delayed 3 second(s)

2023-02-15 16:38:49 - [TEST_STEP][PASSED] - click(findTestObject("Work order 4.0/Page_Streetlogix/Workorder page objects/Page_Streetlogix/Page_Streetlogix/Page_Streetlogix/Page_Streetlogix/div_material")): Object: 'Object Repository/Work order 4.0/Page_Streetlogix/Workorder page objects/Page_Streetlogix/Page_Streetlogix/Page_Streetlogix/Page_Streetlogix/div_material' is clicked on

2023-02-15 16:38:50 - [MESSAGE][PASSED] - Object: 'Object Repository/Work order 4.0/Page_Streetlogix/Workorder page objects/Page_Streetlogix/Page_Streetlogix/Page_Streetlogix/Page_Streetlogix/div_material' is clicked on

2023-02-15 16:38:50 - [TEST_STEP][PASSED] - click(findTestObject("Work order 4.0/Page_Streetlogix/Workorder page objects/Page_Streetlogix/li_Asphalt - 22")): Object: 'Object Repository/Work order 4.0/Page_Streetlogix/Workorder page objects/Page_Streetlogix/li_Asphalt - 22' is clicked on

2023-02-15 16:38:50 - [MESSAGE][PASSED] - Object: 'Object Repository/Work order 4.0/Page_Streetlogix/Workorder page objects/Page_Streetlogix/li_Asphalt - 22' is clicked on

2023-02-15 16:38:50 - [TEST_STEP][PASSED] - click(findTestObject("Work order 4.0/Page_Streetlogix/Workorder page objects/Page_Streetlogix/input_Add Item_labor")): Object: 'Object Repository/Work order 4.0/Page_Streetlogix/Workorder page objects/Page_Streetlogix/input_Add Item_labor' is clicked on

2023-02-15 16:38:51 - [MESSAGE][PASSED] - Object: 'Object Repository/Work order 4.0/Page_Streetlogix/Workorder page objects/Page_Streetlogix/input_Add Item_labor' is clicked on

2023-02-15 16:38:51 - [TEST_STEP][PASSED] - delay(3): Delayed 3 second(s)

2023-02-15 16:38:54 - [MESSAGE][PASSED] - Delayed 3 second(s)

2023-02-15 16:38:54 - [TEST_STEP][PASSED] - click(findTestObject("Work order 4.0/Page_Streetlogix/Workorder page objects/Page_Streetlogix/Page_Streetlogix/Page_Streetlogix/Page_Streetlogix/div_labor")): Object: 'Object Repository/Work order 4.0/Page_Streetlogix/Workorder page objects/Page_Streetlogix/Page_Streetlogix/Page_Streetlogix/Page_Streetlogix/div_labor' is clicked on

2023-02-15 16:38:54 - [MESSAGE][PASSED] - Object: 'Object Repository/Work order 4.0/Page_Streetlogix/Workorder page objects/Page_Streetlogix/Page_Streetlogix/Page_Streetlogix/Page_Streetlogix/div_labor' is clicked on

2023-02-15 16:38:54 - [TEST_STEP][PASSED] - click(findTestObject("Work order 4.0/Page_Streetlogix/Workorder page objects/Page_Streetlogix/li_Supervisor - 30")): Object: 'Object Repository/Work order 4.0/Page_Streetlogix/Workorder page objects/Page_Streetlogix/li_Supervisor - 30' is clicked on

2023-02-15 16:38:55 - [MESSAGE][PASSED] - Object: 'Object Repository/Work order 4.0/Page_Streetlogix/Workorder page objects/Page_Streetlogix/li_Supervisor - 30' is clicked on

2023-02-15 16:38:55 - [TEST_STEP][PASSED] - click(findTestObject("Work order 4.0/Page_Streetlogix/Workorder page objects/Page_Streetlogix/span_Save")): Object: 'Object Repository/Work order 4.0/Page_Streetlogix/Workorder page objects/Page_Streetlogix/span_Save' is clicked on

2023-02-15 16:38:56 - [MESSAGE][PASSED] - Object: 'Object Repository/Work order 4.0/Page_Streetlogix/Workorder page objects/Page_Streetlogix/span_Save' is clicked on

2023-02-15 16:38:56 - [TEST_STEP][PASSED] - countAfter = database_keywords.test.Database_Keywords.getWorkOrdersCount(): database_keywords.test.Database_Keywords.getWorkOrdersCount is PASSED

2023-02-15 16:39:02 - [MESSAGE][PASSED] - database_keywords.test.Database_Keywords.getWorkOrdersCount is PASSED

2023-02-15 16:39:02 - [TEST_STEP][PASSED] - println(countAfter): null

2023-02-15 16:39:02 - [TEST_STEP][PASSED] - if (countAfter == countBefore + 1): null

2023-02-15 16:39:02 - [TEST_STEP][PASSED] - println("Work Order Created"): null

2023-02-15 16:39:02 - [TEST_STEP][PASSED] - closeBrowser(): Browser is closed

2023-02-15 16:39:02 - [MESSAGE][PASSED] - Browser is closed]]></system-out>
         <system-err><![CDATA[]]></system-err>
      </testcase>
      <testcase name="Test Cases/GiS/Work order/Work_order_daily" time="65.984" classname="Test Cases/GiS/Work order/Work_order_daily" status="FAILED">
         <failure type="FAILED" message="Test Cases/GiS/Work order/Work_order_daily FAILED.
Reason:
com.kms.katalon.core.exception.StepFailedException: Unable to click on object 'Object Repository/Work order 4.0/Page_Streetlogix/Workorder page objects/Page_Streetlogix/Equipment dropdown'
	at com.kms.katalon.core.webui.keyword.internal.WebUIKeywordMain.stepFailed(WebUIKeywordMain.groovy:64)
	at com.kms.katalon.core.webui.keyword.internal.WebUIKeywordMain.runKeyword(WebUIKeywordMain.groovy:26)
	at com.kms.katalon.core.webui.keyword.builtin.ClickKeyword.click(ClickKeyword.groovy:74)
	at com.kms.katalon.core.webui.keyword.builtin.ClickKeyword.execute(ClickKeyword.groovy:40)
	at com.kms.katalon.core.keyword.internal.KeywordExecutor.executeKeywordForPlatform(KeywordExecutor.groovy:74)
	at com.kms.katalon.core.webui.keyword.WebUiBuiltInKeywords.click(WebUiBuiltInKeywords.groovy:620)
	at com.kms.katalon.core.webui.keyword.WebUiBuiltInKeywords$click$1.call(Unknown Source)
	at Work_order_daily.run(Work_order_daily:77)
	at com.kms.katalon.core.main.ScriptEngine.run(ScriptEngine.java:194)
	at com.kms.katalon.core.main.ScriptEngine.runScriptAsRawText(ScriptEngine.java:119)
	at com.kms.katalon.core.main.TestCaseExecutor.runScript(TestCaseExecutor.java:448)
	at com.kms.katalon.core.main.TestCaseExecutor.doExecute(TestCaseExecutor.java:439)
	at com.kms.katalon.core.main.TestCaseExecutor.processExecutionPhase(TestCaseExecutor.java:418)
	at com.kms.katalon.core.main.TestCaseExecutor.accessMainPhase(TestCaseExecutor.java:410)
	at com.kms.katalon.core.main.TestCaseExecutor.execute(TestCaseExecutor.java:285)
	at com.kms.katalon.core.common.CommonExecutor.accessTestCaseMainPhase(CommonExecutor.java:65)
	at com.kms.katalon.core.main.TestSuiteExecutor.accessTestSuiteMainPhase(TestSuiteExecutor.java:151)
	at com.kms.katalon.core.main.TestSuiteExecutor.execute(TestSuiteExecutor.java:106)
	at com.kms.katalon.core.main.TestCaseMain.startTestSuite(TestCaseMain.java:185)
	at com.kms.katalon.core.main.TestCaseMain$startTestSuite$0.call(Unknown Source)
	at TempTestSuite1676461003915.run(TempTestSuite1676461003915.groovy:36)
Caused by: com.kms.katalon.core.webui.exception.WebElementNotFoundException: Web element with id: 'Object Repository/Work order 4.0/Page_Streetlogix/Workorder page objects/Page_Streetlogix/Equipment dropdown' located by '/html/body/div[1]/div[1]/div[1]/div[1]/div[2]/div/div[1]/div[18]/div/div[1]/div[1]/div/div' not found
	at com.kms.katalon.core.webui.common.WebUiCommonHelper.findWebElement(WebUiCommonHelper.java:1370)
	at com.kms.katalon.core.webui.keyword.internal.WebUIAbstractKeyword.findWebElement(WebUIAbstractKeyword.groovy:27)
	at com.kms.katalon.core.webui.keyword.builtin.ClickKeyword$_click_closure1.doCall(ClickKeyword.groovy:65)
	at com.kms.katalon.core.webui.keyword.builtin.ClickKeyword$_click_closure1.call(ClickKeyword.groovy)
	at com.kms.katalon.core.webui.keyword.internal.WebUIKeywordMain.runKeyword(WebUIKeywordMain.groovy:20)
	... 19 more
"/>
         <system-out><![CDATA[2023-02-15 16:39:02 - [TEST_CASE][FAILED] - Test Cases/GiS/Work order/Work_order_daily: Test Cases/GiS/Work order/Work_order_daily FAILED.
Reason:
com.kms.katalon.core.exception.StepFailedException: Unable to click on object 'Object Repository/Work order 4.0/Page_Streetlogix/Workorder page objects/Page_Streetlogix/Equipment dropdown'
	at com.kms.katalon.core.webui.keyword.internal.WebUIKeywordMain.stepFailed(WebUIKeywordMain.groovy:64)
	at com.kms.katalon.core.webui.keyword.internal.WebUIKeywordMain.runKeyword(WebUIKeywordMain.groovy:26)
	at com.kms.katalon.core.webui.keyword.builtin.ClickKeyword.click(ClickKeyword.groovy:74)
	at com.kms.katalon.core.webui.keyword.builtin.ClickKeyword.execute(ClickKeyword.groovy:40)
	at com.kms.katalon.core.keyword.internal.KeywordExecutor.executeKeywordForPlatform(KeywordExecutor.groovy:74)
	at com.kms.katalon.core.webui.keyword.WebUiBuiltInKeywords.click(WebUiBuiltInKeywords.groovy:620)
	at com.kms.katalon.core.webui.keyword.WebUiBuiltInKeywords$click$1.call(Unknown Source)
	at Work_order_daily.run(Work_order_daily:77)
	at com.kms.katalon.core.main.ScriptEngine.run(ScriptEngine.java:194)
	at com.kms.katalon.core.main.ScriptEngine.runScriptAsRawText(ScriptEngine.java:119)
	at com.kms.katalon.core.main.TestCaseExecutor.runScript(TestCaseExecutor.java:448)
	at com.kms.katalon.core.main.TestCaseExecutor.doExecute(TestCaseExecutor.java:439)
	at com.kms.katalon.core.main.TestCaseExecutor.processExecutionPhase(TestCaseExecutor.java:418)
	at com.kms.katalon.core.main.TestCaseExecutor.accessMainPhase(TestCaseExecutor.java:410)
	at com.kms.katalon.core.main.TestCaseExecutor.execute(TestCaseExecutor.java:285)
	at com.kms.katalon.core.common.CommonExecutor.accessTestCaseMainPhase(CommonExecutor.java:65)
	at com.kms.katalon.core.main.TestSuiteExecutor.accessTestSuiteMainPhase(TestSuiteExecutor.java:151)
	at com.kms.katalon.core.main.TestSuiteExecutor.execute(TestSuiteExecutor.java:106)
	at com.kms.katalon.core.main.TestCaseMain.startTestSuite(TestCaseMain.java:185)
	at com.kms.katalon.core.main.TestCaseMain$startTestSuite$0.call(Unknown Source)
	at TempTestSuite1676461003915.run(TempTestSuite1676461003915.groovy:36)
Caused by: com.kms.katalon.core.webui.exception.WebElementNotFoundException: Web element with id: 'Object Repository/Work order 4.0/Page_Streetlogix/Workorder page objects/Page_Streetlogix/Equipment dropdown' located by '/html/body/div[1]/div[1]/div[1]/div[1]/div[2]/div/div[1]/div[18]/div/div[1]/div[1]/div/div' not found
	at com.kms.katalon.core.webui.common.WebUiCommonHelper.findWebElement(WebUiCommonHelper.java:1370)
	at com.kms.katalon.core.webui.keyword.internal.WebUIAbstractKeyword.findWebElement(WebUIAbstractKeyword.groovy:27)
	at com.kms.katalon.core.webui.keyword.builtin.ClickKeyword$_click_closure1.doCall(ClickKeyword.groovy:65)
	at com.kms.katalon.core.webui.keyword.builtin.ClickKeyword$_click_closure1.call(ClickKeyword.groovy)
	at com.kms.katalon.core.webui.keyword.internal.WebUIKeywordMain.runKeyword(WebUIKeywordMain.groovy:20)
	... 19 more


2023-02-15 16:39:02 - [TEST_STEP][PASSED] - openBrowser(""): Browser is opened with url: ''

2023-02-15 16:39:02 - [MESSAGE][INFO] - Starting 'Chrome' driver

2023-02-15 16:39:02 - [MESSAGE][INFO] - Action delay is set to 0 milliseconds

2023-02-15 16:39:03 - [MESSAGE][PASSED] - Browser is opened with url: ''

2023-02-15 16:39:03 - [TEST_STEP][PASSED] - navigateToUrl("https://streetlogix-gis-slx4-develop.vercel.app/?config=64077fc938af4bcc9a46a81d8f4e5576&token=eyJhbGciOiJIUzI1NiIsInR5cCI6IkpXVCJ9.eyJpZCI6OTc2LCJuYW1lIjoiU29oYWliIE5laGFsIiwiZXhwIjoxNjc4NzI5ODk0LCJpYXQiOjE2NzYxMzc4OTR9.UHfOiNtJ_le0VZsenXiPbH0qUWaL-Iey0ptbA6Kalco"): Navigate to 'https://streetlogix-gis-slx4-develop.vercel.app/?config=64077fc938af4bcc9a46a81d8f4e5576&token=eyJhbGciOiJIUzI1NiIsInR5cCI6IkpXVCJ9.eyJpZCI6OTc2LCJuYW1lIjoiU29oYWliIE5laGFsIiwiZXhwIjoxNjc4NzI5ODk0LCJpYXQiOjE2NzYxMzc4OTR9.UHfOiNtJ_le0VZsenXiPbH0qUWaL-Iey0ptbA6Kalco' successfully

2023-02-15 16:39:05 - [MESSAGE][PASSED] - Navigate to 'https://streetlogix-gis-slx4-develop.vercel.app/?config=64077fc938af4bcc9a46a81d8f4e5576&token=eyJhbGciOiJIUzI1NiIsInR5cCI6IkpXVCJ9.eyJpZCI6OTc2LCJuYW1lIjoiU29oYWliIE5laGFsIiwiZXhwIjoxNjc4NzI5ODk0LCJpYXQiOjE2NzYxMzc4OTR9.UHfOiNtJ_le0VZsenXiPbH0qUWaL-Iey0ptbA6Kalco' successfully

2023-02-15 16:39:05 - [TEST_STEP][PASSED] - countBefore = database_keywords.test.Database_Keywords.getWorkOrdersCount(): database_keywords.test.Database_Keywords.getWorkOrdersCount is PASSED

2023-02-15 16:39:11 - [MESSAGE][PASSED] - database_keywords.test.Database_Keywords.getWorkOrdersCount is PASSED

2023-02-15 16:39:11 - [TEST_STEP][PASSED] - println(countBefore): null

2023-02-15 16:39:11 - [TEST_STEP][PASSED] - click(findTestObject("Work order 4.0/Page_Streetlogix/Workorder page objects/Page_Streetlogix/WO icon")): Object: 'Object Repository/Work order 4.0/Page_Streetlogix/Workorder page objects/Page_Streetlogix/WO icon' is clicked on

2023-02-15 16:39:14 - [MESSAGE][PASSED] - Object: 'Object Repository/Work order 4.0/Page_Streetlogix/Workorder page objects/Page_Streetlogix/WO icon' is clicked on

2023-02-15 16:39:14 - [TEST_STEP][PASSED] - click(findTestObject("Work order 4.0/Page_Streetlogix/Workorder page objects/Page_Streetlogix/Group Dropdown")): Object: 'Object Repository/Work order 4.0/Page_Streetlogix/Workorder page objects/Page_Streetlogix/Group Dropdown' is clicked on

2023-02-15 16:39:16 - [MESSAGE][PASSED] - Object: 'Object Repository/Work order 4.0/Page_Streetlogix/Workorder page objects/Page_Streetlogix/Group Dropdown' is clicked on

2023-02-15 16:39:16 - [TEST_STEP][PASSED] - click(findTestObject("Work order 4.0/Page_Streetlogix/Workorder page objects/Page_Streetlogix/li_Bridge Inspection")): Object: 'Object Repository/Work order 4.0/Page_Streetlogix/Workorder page objects/Page_Streetlogix/li_Bridge Inspection' is clicked on

2023-02-15 16:39:17 - [MESSAGE][PASSED] - Object: 'Object Repository/Work order 4.0/Page_Streetlogix/Workorder page objects/Page_Streetlogix/li_Bridge Inspection' is clicked on

2023-02-15 16:39:17 - [TEST_STEP][PASSED] - setText(findTestObject("Work order 4.0/Page_Streetlogix/Workorder page objects/Page_Streetlogix/input_Filter by form name_standard-full-width"), "Bridge maintenance"): Text 'Bridge maintenance' is set on object 'Object Repository/Work order 4.0/Page_Streetlogix/Workorder page objects/Page_Streetlogix/input_Filter by form name_standard-full-width'

2023-02-15 16:39:20 - [MESSAGE][PASSED] - Text 'Bridge maintenance' is set on object 'Object Repository/Work order 4.0/Page_Streetlogix/Workorder page objects/Page_Streetlogix/input_Filter by form name_standard-full-width'

2023-02-15 16:39:20 - [TEST_STEP][PASSED] - click(findTestObject("Work order 4.0/Page_Streetlogix/Workorder page objects/Page_Streetlogix/span_Bridge Maintenance")): Object: 'Object Repository/Work order 4.0/Page_Streetlogix/Workorder page objects/Page_Streetlogix/span_Bridge Maintenance' is clicked on

2023-02-15 16:39:20 - [MESSAGE][PASSED] - Object: 'Object Repository/Work order 4.0/Page_Streetlogix/Workorder page objects/Page_Streetlogix/span_Bridge Maintenance' is clicked on

2023-02-15 16:39:20 - [TEST_STEP][PASSED] - click(findTestObject("Work order 4.0/Page_Streetlogix/Workorder page objects/Page_Streetlogix/input_Select Assignee_assignee-autocomplete")): Object: 'Object Repository/Work order 4.0/Page_Streetlogix/Workorder page objects/Page_Streetlogix/input_Select Assignee_assignee-autocomplete' is clicked on

2023-02-15 16:39:22 - [MESSAGE][PASSED] - Object: 'Object Repository/Work order 4.0/Page_Streetlogix/Workorder page objects/Page_Streetlogix/input_Select Assignee_assignee-autocomplete' is clicked on

2023-02-15 16:39:22 - [TEST_STEP][PASSED] - click(findTestObject("Work order 4.0/Page_Streetlogix/Workorder page objects/Page_Streetlogix/span_ami  admin")): Object: 'Object Repository/Work order 4.0/Page_Streetlogix/Workorder page objects/Page_Streetlogix/span_ami  admin' is clicked on

2023-02-15 16:39:23 - [MESSAGE][PASSED] - Object: 'Object Repository/Work order 4.0/Page_Streetlogix/Workorder page objects/Page_Streetlogix/span_ami  admin' is clicked on

2023-02-15 16:39:23 - [TEST_STEP][PASSED] - click(findTestObject("Work order 4.0/Page_Streetlogix/Workorder page objects/Page_Streetlogix/input_Collaborators_collaborators-autocomplete")): Object: 'Object Repository/Work order 4.0/Page_Streetlogix/Workorder page objects/Page_Streetlogix/input_Collaborators_collaborators-autocomplete' is clicked on

2023-02-15 16:39:23 - [MESSAGE][PASSED] - Object: 'Object Repository/Work order 4.0/Page_Streetlogix/Workorder page objects/Page_Streetlogix/input_Collaborators_collaborators-autocomplete' is clicked on

2023-02-15 16:39:23 - [TEST_STEP][PASSED] - click(findTestObject("Work order 4.0/Page_Streetlogix/Workorder page objects/Page_Streetlogix/span_ami  admin")): Object: 'Object Repository/Work order 4.0/Page_Streetlogix/Workorder page objects/Page_Streetlogix/span_ami  admin' is clicked on

2023-02-15 16:39:24 - [MESSAGE][PASSED] - Object: 'Object Repository/Work order 4.0/Page_Streetlogix/Workorder page objects/Page_Streetlogix/span_ami  admin' is clicked on

2023-02-15 16:39:24 - [TEST_STEP][PASSED] - click(findTestObject("Work order 4.0/Page_Streetlogix/Workorder page objects/Page_Streetlogix/h6_Bridge Maintenance")): Object: 'Object Repository/Work order 4.0/Page_Streetlogix/Workorder page objects/Page_Streetlogix/h6_Bridge Maintenance' is clicked on

2023-02-15 16:39:24 - [MESSAGE][PASSED] - Object: 'Object Repository/Work order 4.0/Page_Streetlogix/Workorder page objects/Page_Streetlogix/h6_Bridge Maintenance' is clicked on

2023-02-15 16:39:24 - [TEST_STEP][PASSED] - setText(findTestObject("Work order 4.0/Page_Streetlogix/Workorder page objects/Page_Streetlogix/Page_Streetlogix/Page_Streetlogix/input_Address_asset-id-address"), "12"): Text '12' is set on object 'Object Repository/Work order 4.0/Page_Streetlogix/Workorder page objects/Page_Streetlogix/Page_Streetlogix/Page_Streetlogix/input_Address_asset-id-address'

2023-02-15 16:39:25 - [MESSAGE][PASSED] - Text '12' is set on object 'Object Repository/Work order 4.0/Page_Streetlogix/Workorder page objects/Page_Streetlogix/Page_Streetlogix/Page_Streetlogix/input_Address_asset-id-address'

2023-02-15 16:39:25 - [TEST_STEP][PASSED] - click(findTestObject("Work order 4.0/Page_Streetlogix/Workorder page objects/Page_Streetlogix/li_12TH STREET CONNECTOR From CHESTNUT ST To MAGAZINE ST - 20476")): Object: 'Object Repository/Work order 4.0/Page_Streetlogix/Workorder page objects/Page_Streetlogix/li_12TH STREET CONNECTOR From CHESTNUT ST To MAGAZINE ST - 20476' is clicked on

2023-02-15 16:39:26 - [MESSAGE][PASSED] - Object: 'Object Repository/Work order 4.0/Page_Streetlogix/Workorder page objects/Page_Streetlogix/li_12TH STREET CONNECTOR From CHESTNUT ST To MAGAZINE ST - 20476' is clicked on

2023-02-15 16:39:26 - [TEST_STEP][PASSED] - setText(findTestObject("Work order 4.0/Page_Streetlogix/Workorder page objects/Page_Streetlogix/textarea_Test"), "Test"): Text 'Test' is set on object 'Object Repository/Work order 4.0/Page_Streetlogix/Workorder page objects/Page_Streetlogix/textarea_Test'

2023-02-15 16:39:27 - [MESSAGE][PASSED] - Text 'Test' is set on object 'Object Repository/Work order 4.0/Page_Streetlogix/Workorder page objects/Page_Streetlogix/textarea_Test'

2023-02-15 16:39:27 - [TEST_STEP][PASSED] - click(findTestObject("Work order 4.0/Page_Streetlogix/Workorder page objects/Page_Streetlogix/Page_Streetlogix/Page_Streetlogix/div_Urgent")): Object: 'Object Repository/Work order 4.0/Page_Streetlogix/Workorder page objects/Page_Streetlogix/Page_Streetlogix/Page_Streetlogix/div_Urgent' is clicked on

2023-02-15 16:39:28 - [MESSAGE][PASSED] - Object: 'Object Repository/Work order 4.0/Page_Streetlogix/Workorder page objects/Page_Streetlogix/Page_Streetlogix/Page_Streetlogix/div_Urgent' is clicked on

2023-02-15 16:39:28 - [TEST_STEP][PASSED] - click(findTestObject("Work order 4.0/Page_Streetlogix/Workorder page objects/Page_Streetlogix/li_High")): Object: 'Object Repository/Work order 4.0/Page_Streetlogix/Workorder page objects/Page_Streetlogix/li_High' is clicked on

2023-02-15 16:39:29 - [MESSAGE][PASSED] - Object: 'Object Repository/Work order 4.0/Page_Streetlogix/Workorder page objects/Page_Streetlogix/li_High' is clicked on

2023-02-15 16:39:29 - [TEST_STEP][PASSED] - click(findTestObject("Work order 4.0/Page_Streetlogix/Workorder page objects/Page_Streetlogix/input_Upload_repeatingWorkOrder")): Object: 'Object Repository/Work order 4.0/Page_Streetlogix/Workorder page objects/Page_Streetlogix/input_Upload_repeatingWorkOrder' is clicked on

2023-02-15 16:39:30 - [MESSAGE][PASSED] - Object: 'Object Repository/Work order 4.0/Page_Streetlogix/Workorder page objects/Page_Streetlogix/input_Upload_repeatingWorkOrder' is clicked on

2023-02-15 16:39:30 - [TEST_STEP][PASSED] - click(findTestObject("Work order 4.0/Page_Streetlogix/Workorder page objects/Page_Streetlogix/div_Daily")): Object: 'Object Repository/Work order 4.0/Page_Streetlogix/Workorder page objects/Page_Streetlogix/div_Daily' is clicked on

2023-02-15 16:39:30 - [MESSAGE][PASSED] - Object: 'Object Repository/Work order 4.0/Page_Streetlogix/Workorder page objects/Page_Streetlogix/div_Daily' is clicked on

2023-02-15 16:39:30 - [TEST_STEP][PASSED] - click(findTestObject("Work order 4.0/Page_Streetlogix/Workorder page objects/Page_Streetlogix/li_Custom")): Object: 'Object Repository/Work order 4.0/Page_Streetlogix/Workorder page objects/Page_Streetlogix/li_Custom' is clicked on

2023-02-15 16:39:31 - [MESSAGE][PASSED] - Object: 'Object Repository/Work order 4.0/Page_Streetlogix/Workorder page objects/Page_Streetlogix/li_Custom' is clicked on

2023-02-15 16:39:31 - [TEST_STEP][PASSED] - click(findTestObject("Work order 4.0/Page_Streetlogix/Workorder page objects/Page_Streetlogix/div_1")): Object: 'Object Repository/Work order 4.0/Page_Streetlogix/Workorder page objects/Page_Streetlogix/div_1' is clicked on

2023-02-15 16:39:32 - [MESSAGE][PASSED] - Object: 'Object Repository/Work order 4.0/Page_Streetlogix/Workorder page objects/Page_Streetlogix/div_1' is clicked on

2023-02-15 16:39:32 - [TEST_STEP][PASSED] - click(findTestObject("Work order 4.0/Page_Streetlogix/Workorder page objects/Page_Streetlogix/li_2")): Object: 'Object Repository/Work order 4.0/Page_Streetlogix/Workorder page objects/Page_Streetlogix/li_2' is clicked on

2023-02-15 16:39:32 - [MESSAGE][PASSED] - Object: 'Object Repository/Work order 4.0/Page_Streetlogix/Workorder page objects/Page_Streetlogix/li_2' is clicked on

2023-02-15 16:39:32 - [TEST_STEP][PASSED] - click(findTestObject("Work order 4.0/Page_Streetlogix/Workorder page objects/Page_Streetlogix/input_Statement Field Test_equipment")): Object: 'Object Repository/Work order 4.0/Page_Streetlogix/Workorder page objects/Page_Streetlogix/input_Statement Field Test_equipment' is clicked on

2023-02-15 16:39:33 - [MESSAGE][PASSED] - Object: 'Object Repository/Work order 4.0/Page_Streetlogix/Workorder page objects/Page_Streetlogix/input_Statement Field Test_equipment' is clicked on

2023-02-15 16:39:33 - [TEST_STEP][PASSED] - delay(3): Delayed 3 second(s)

2023-02-15 16:39:36 - [MESSAGE][PASSED] - Delayed 3 second(s)

2023-02-15 16:39:36 - [TEST_STEP][FAILED] - click(findTestObject("Work order 4.0/Page_Streetlogix/Workorder page objects/Page_Streetlogix/Equipment dropdown")): Unable to click on object 'Object Repository/Work order 4.0/Page_Streetlogix/Workorder page objects/Page_Streetlogix/Equipment dropdown' (Root cause: com.kms.katalon.core.exception.StepFailedException: Unable to click on object 'Object Repository/Work order 4.0/Page_Streetlogix/Workorder page objects/Page_Streetlogix/Equipment dropdown'
	at com.kms.katalon.core.webui.keyword.internal.WebUIKeywordMain.stepFailed(WebUIKeywordMain.groovy:64)
	at com.kms.katalon.core.webui.keyword.internal.WebUIKeywordMain.runKeyword(WebUIKeywordMain.groovy:26)
	at com.kms.katalon.core.webui.keyword.builtin.ClickKeyword.click(ClickKeyword.groovy:74)
	at com.kms.katalon.core.webui.keyword.builtin.ClickKeyword.execute(ClickKeyword.groovy:40)
	at com.kms.katalon.core.keyword.internal.KeywordExecutor.executeKeywordForPlatform(KeywordExecutor.groovy:74)
	at com.kms.katalon.core.webui.keyword.WebUiBuiltInKeywords.click(WebUiBuiltInKeywords.groovy:620)
	at com.kms.katalon.core.webui.keyword.WebUiBuiltInKeywords$click$1.call(Unknown Source)
	at Work_order_daily.run(Work_order_daily:77)
	at com.kms.katalon.core.main.ScriptEngine.run(ScriptEngine.java:194)
	at com.kms.katalon.core.main.ScriptEngine.runScriptAsRawText(ScriptEngine.java:119)
	at com.kms.katalon.core.main.TestCaseExecutor.runScript(TestCaseExecutor.java:448)
	at com.kms.katalon.core.main.TestCaseExecutor.doExecute(TestCaseExecutor.java:439)
	at com.kms.katalon.core.main.TestCaseExecutor.processExecutionPhase(TestCaseExecutor.java:418)
	at com.kms.katalon.core.main.TestCaseExecutor.accessMainPhase(TestCaseExecutor.java:410)
	at com.kms.katalon.core.main.TestCaseExecutor.execute(TestCaseExecutor.java:285)
	at com.kms.katalon.core.common.CommonExecutor.accessTestCaseMainPhase(CommonExecutor.java:65)
	at com.kms.katalon.core.main.TestSuiteExecutor.accessTestSuiteMainPhase(TestSuiteExecutor.java:151)
	at com.kms.katalon.core.main.TestSuiteExecutor.execute(TestSuiteExecutor.java:106)
	at com.kms.katalon.core.main.TestCaseMain.startTestSuite(TestCaseMain.java:185)
	at com.kms.katalon.core.main.TestCaseMain$startTestSuite$0.call(Unknown Source)
	at TempTestSuite1676461003915.run(TempTestSuite1676461003915.groovy:36)
Caused by: com.kms.katalon.core.webui.exception.WebElementNotFoundException: Web element with id: 'Object Repository/Work order 4.0/Page_Streetlogix/Workorder page objects/Page_Streetlogix/Equipment dropdown' located by '/html/body/div[1]/div[1]/div[1]/div[1]/div[2]/div/div[1]/div[18]/div/div[1]/div[1]/div/div' not found
	at com.kms.katalon.core.webui.common.WebUiCommonHelper.findWebElement(WebUiCommonHelper.java:1370)
	at com.kms.katalon.core.webui.keyword.internal.WebUIAbstractKeyword.findWebElement(WebUIAbstractKeyword.groovy:27)
	at com.kms.katalon.core.webui.keyword.builtin.ClickKeyword$_click_closure1.doCall(ClickKeyword.groovy:65)
	at com.kms.katalon.core.webui.keyword.builtin.ClickKeyword$_click_closure1.call(ClickKeyword.groovy)
	at com.kms.katalon.core.webui.keyword.internal.WebUIKeywordMain.runKeyword(WebUIKeywordMain.groovy:20)
	at com.kms.katalon.core.webui.keyword.builtin.ClickKeyword.click(ClickKeyword.groovy:74)
	at com.kms.katalon.core.webui.keyword.builtin.ClickKeyword.execute(ClickKeyword.groovy:40)
	at com.kms.katalon.core.keyword.internal.KeywordExecutor.executeKeywordForPlatform(KeywordExecutor.groovy:74)
	at com.kms.katalon.core.webui.keyword.WebUiBuiltInKeywords.click(WebUiBuiltInKeywords.groovy:620)
	at com.kms.katalon.core.webui.keyword.WebUiBuiltInKeywords$click$1.call(Unknown Source)
	at Script1667495373564.run(Script1667495373564.groovy:77)
	... 13 more
)

2023-02-15 16:40:07 - [MESSAGE][INFO] - Unable to find the element located by 'By.xpath: /html/body/div[1]/div[1]/div[1]/div[1]/div[2]/div/div[1]/div[18]/div/div[1]/div[1]/div/div'. Please recheck the objects properties to make sure the desired element is located. 

2023-02-15 16:40:08 - [MESSAGE][FAILED] - Unable to click on object 'Object Repository/Work order 4.0/Page_Streetlogix/Workorder page objects/Page_Streetlogix/Equipment dropdown' (Root cause: com.kms.katalon.core.exception.StepFailedException: Unable to click on object 'Object Repository/Work order 4.0/Page_Streetlogix/Workorder page objects/Page_Streetlogix/Equipment dropdown'
	at com.kms.katalon.core.webui.keyword.internal.WebUIKeywordMain.stepFailed(WebUIKeywordMain.groovy:64)
	at com.kms.katalon.core.webui.keyword.internal.WebUIKeywordMain.runKeyword(WebUIKeywordMain.groovy:26)
	at com.kms.katalon.core.webui.keyword.builtin.ClickKeyword.click(ClickKeyword.groovy:74)
	at com.kms.katalon.core.webui.keyword.builtin.ClickKeyword.execute(ClickKeyword.groovy:40)
	at com.kms.katalon.core.keyword.internal.KeywordExecutor.executeKeywordForPlatform(KeywordExecutor.groovy:74)
	at com.kms.katalon.core.webui.keyword.WebUiBuiltInKeywords.click(WebUiBuiltInKeywords.groovy:620)
	at com.kms.katalon.core.webui.keyword.WebUiBuiltInKeywords$click$1.call(Unknown Source)
	at Work_order_daily.run(Work_order_daily:77)
	at com.kms.katalon.core.main.ScriptEngine.run(ScriptEngine.java:194)
	at com.kms.katalon.core.main.ScriptEngine.runScriptAsRawText(ScriptEngine.java:119)
	at com.kms.katalon.core.main.TestCaseExecutor.runScript(TestCaseExecutor.java:448)
	at com.kms.katalon.core.main.TestCaseExecutor.doExecute(TestCaseExecutor.java:439)
	at com.kms.katalon.core.main.TestCaseExecutor.processExecutionPhase(TestCaseExecutor.java:418)
	at com.kms.katalon.core.main.TestCaseExecutor.accessMainPhase(TestCaseExecutor.java:410)
	at com.kms.katalon.core.main.TestCaseExecutor.execute(TestCaseExecutor.java:285)
	at com.kms.katalon.core.common.CommonExecutor.accessTestCaseMainPhase(CommonExecutor.java:65)
	at com.kms.katalon.core.main.TestSuiteExecutor.accessTestSuiteMainPhase(TestSuiteExecutor.java:151)
	at com.kms.katalon.core.main.TestSuiteExecutor.execute(TestSuiteExecutor.java:106)
	at com.kms.katalon.core.main.TestCaseMain.startTestSuite(TestCaseMain.java:185)
	at com.kms.katalon.core.main.TestCaseMain$startTestSuite$0.call(Unknown Source)
	at TempTestSuite1676461003915.run(TempTestSuite1676461003915.groovy:36)
Caused by: com.kms.katalon.core.webui.exception.WebElementNotFoundException: Web element with id: 'Object Repository/Work order 4.0/Page_Streetlogix/Workorder page objects/Page_Streetlogix/Equipment dropdown' located by '/html/body/div[1]/div[1]/div[1]/div[1]/div[2]/div/div[1]/div[18]/div/div[1]/div[1]/div/div' not found
	at com.kms.katalon.core.webui.common.WebUiCommonHelper.findWebElement(WebUiCommonHelper.java:1370)
	at com.kms.katalon.core.webui.keyword.internal.WebUIAbstractKeyword.findWebElement(WebUIAbstractKeyword.groovy:27)
	at com.kms.katalon.core.webui.keyword.builtin.ClickKeyword$_click_closure1.doCall(ClickKeyword.groovy:65)
	at com.kms.katalon.core.webui.keyword.builtin.ClickKeyword$_click_closure1.call(ClickKeyword.groovy)
	at com.kms.katalon.core.webui.keyword.internal.WebUIKeywordMain.runKeyword(WebUIKeywordMain.groovy:20)
	at com.kms.katalon.core.webui.keyword.builtin.ClickKeyword.click(ClickKeyword.groovy:74)
	at com.kms.katalon.core.webui.keyword.builtin.ClickKeyword.execute(ClickKeyword.groovy:40)
	at com.kms.katalon.core.keyword.internal.KeywordExecutor.executeKeywordForPlatform(KeywordExecutor.groovy:74)
	at com.kms.katalon.core.webui.keyword.WebUiBuiltInKeywords.click(WebUiBuiltInKeywords.groovy:620)
	at com.kms.katalon.core.webui.keyword.WebUiBuiltInKeywords$click$1.call(Unknown Source)
	at Script1667495373564.run(Script1667495373564.groovy:77)
	... 13 more
)
[[ATTACHMENT|/Users/kashif/Downloads/Kashif/Katalon Studio/4.0_fresh/4.0 Fresh/Reports/20230215_163642/GIS/20230215_163643/1676461207926.png]]]]></system-out>
         <system-err><![CDATA[2023-02-15 16:39:02 - [TEST_CASE][FAILED] - Test Cases/GiS/Work order/Work_order_daily: Test Cases/GiS/Work order/Work_order_daily FAILED.
Reason:
com.kms.katalon.core.exception.StepFailedException: Unable to click on object 'Object Repository/Work order 4.0/Page_Streetlogix/Workorder page objects/Page_Streetlogix/Equipment dropdown'
	at com.kms.katalon.core.webui.keyword.internal.WebUIKeywordMain.stepFailed(WebUIKeywordMain.groovy:64)
	at com.kms.katalon.core.webui.keyword.internal.WebUIKeywordMain.runKeyword(WebUIKeywordMain.groovy:26)
	at com.kms.katalon.core.webui.keyword.builtin.ClickKeyword.click(ClickKeyword.groovy:74)
	at com.kms.katalon.core.webui.keyword.builtin.ClickKeyword.execute(ClickKeyword.groovy:40)
	at com.kms.katalon.core.keyword.internal.KeywordExecutor.executeKeywordForPlatform(KeywordExecutor.groovy:74)
	at com.kms.katalon.core.webui.keyword.WebUiBuiltInKeywords.click(WebUiBuiltInKeywords.groovy:620)
	at com.kms.katalon.core.webui.keyword.WebUiBuiltInKeywords$click$1.call(Unknown Source)
	at Work_order_daily.run(Work_order_daily:77)
	at com.kms.katalon.core.main.ScriptEngine.run(ScriptEngine.java:194)
	at com.kms.katalon.core.main.ScriptEngine.runScriptAsRawText(ScriptEngine.java:119)
	at com.kms.katalon.core.main.TestCaseExecutor.runScript(TestCaseExecutor.java:448)
	at com.kms.katalon.core.main.TestCaseExecutor.doExecute(TestCaseExecutor.java:439)
	at com.kms.katalon.core.main.TestCaseExecutor.processExecutionPhase(TestCaseExecutor.java:418)
	at com.kms.katalon.core.main.TestCaseExecutor.accessMainPhase(TestCaseExecutor.java:410)
	at com.kms.katalon.core.main.TestCaseExecutor.execute(TestCaseExecutor.java:285)
	at com.kms.katalon.core.common.CommonExecutor.accessTestCaseMainPhase(CommonExecutor.java:65)
	at com.kms.katalon.core.main.TestSuiteExecutor.accessTestSuiteMainPhase(TestSuiteExecutor.java:151)
	at com.kms.katalon.core.main.TestSuiteExecutor.execute(TestSuiteExecutor.java:106)
	at com.kms.katalon.core.main.TestCaseMain.startTestSuite(TestCaseMain.java:185)
	at com.kms.katalon.core.main.TestCaseMain$startTestSuite$0.call(Unknown Source)
	at TempTestSuite1676461003915.run(TempTestSuite1676461003915.groovy:36)
Caused by: com.kms.katalon.core.webui.exception.WebElementNotFoundException: Web element with id: 'Object Repository/Work order 4.0/Page_Streetlogix/Workorder page objects/Page_Streetlogix/Equipment dropdown' located by '/html/body/div[1]/div[1]/div[1]/div[1]/div[2]/div/div[1]/div[18]/div/div[1]/div[1]/div/div' not found
	at com.kms.katalon.core.webui.common.WebUiCommonHelper.findWebElement(WebUiCommonHelper.java:1370)
	at com.kms.katalon.core.webui.keyword.internal.WebUIAbstractKeyword.findWebElement(WebUIAbstractKeyword.groovy:27)
	at com.kms.katalon.core.webui.keyword.builtin.ClickKeyword$_click_closure1.doCall(ClickKeyword.groovy:65)
	at com.kms.katalon.core.webui.keyword.builtin.ClickKeyword$_click_closure1.call(ClickKeyword.groovy)
	at com.kms.katalon.core.webui.keyword.internal.WebUIKeywordMain.runKeyword(WebUIKeywordMain.groovy:20)
	... 19 more]]></system-err>
      </testcase>
      <testcase name="Test Cases/GiS/Work order/Work_order_Weekly" time="51.64" classname="Test Cases/GiS/Work order/Work_order_Weekly" status="PASSED">
         <system-out><![CDATA[2023-02-15 16:40:08 - [TEST_CASE][PASSED] - Test Cases/GiS/Work order/Work_order_Weekly: Test Cases/GiS/Work order/Work_order_Weekly

2023-02-15 16:40:08 - [TEST_STEP][PASSED] - openBrowser(""): Browser is opened with url: ''

2023-02-15 16:40:08 - [MESSAGE][WARNING] - A browser is already opened. Closing browser and opening a new one

2023-02-15 16:40:08 - [MESSAGE][INFO] - Starting 'Chrome' driver

2023-02-15 16:40:08 - [MESSAGE][INFO] - Action delay is set to 0 milliseconds

2023-02-15 16:40:10 - [MESSAGE][PASSED] - Browser is opened with url: ''

2023-02-15 16:40:10 - [TEST_STEP][PASSED] - navigateToUrl("https://streetlogix-gis-slx4-develop.vercel.app/?config=64077fc938af4bcc9a46a81d8f4e5576&token=eyJhbGciOiJIUzI1NiIsInR5cCI6IkpXVCJ9.eyJpZCI6OTc2LCJuYW1lIjoiU29oYWliIE5laGFsIiwiZXhwIjoxNjc4NzI5ODk0LCJpYXQiOjE2NzYxMzc4OTR9.UHfOiNtJ_le0VZsenXiPbH0qUWaL-Iey0ptbA6Kalco"): Navigate to 'https://streetlogix-gis-slx4-develop.vercel.app/?config=64077fc938af4bcc9a46a81d8f4e5576&token=eyJhbGciOiJIUzI1NiIsInR5cCI6IkpXVCJ9.eyJpZCI6OTc2LCJuYW1lIjoiU29oYWliIE5laGFsIiwiZXhwIjoxNjc4NzI5ODk0LCJpYXQiOjE2NzYxMzc4OTR9.UHfOiNtJ_le0VZsenXiPbH0qUWaL-Iey0ptbA6Kalco' successfully

2023-02-15 16:40:12 - [MESSAGE][PASSED] - Navigate to 'https://streetlogix-gis-slx4-develop.vercel.app/?config=64077fc938af4bcc9a46a81d8f4e5576&token=eyJhbGciOiJIUzI1NiIsInR5cCI6IkpXVCJ9.eyJpZCI6OTc2LCJuYW1lIjoiU29oYWliIE5laGFsIiwiZXhwIjoxNjc4NzI5ODk0LCJpYXQiOjE2NzYxMzc4OTR9.UHfOiNtJ_le0VZsenXiPbH0qUWaL-Iey0ptbA6Kalco' successfully

2023-02-15 16:40:12 - [TEST_STEP][PASSED] - countBefore = database_keywords.test.Database_Keywords.getWorkOrdersCount(): database_keywords.test.Database_Keywords.getWorkOrdersCount is PASSED

2023-02-15 16:40:18 - [MESSAGE][PASSED] - database_keywords.test.Database_Keywords.getWorkOrdersCount is PASSED

2023-02-15 16:40:18 - [TEST_STEP][PASSED] - println(countBefore): null

2023-02-15 16:40:18 - [TEST_STEP][PASSED] - click(findTestObject("Work order 4.0/Page_Streetlogix/Workorder page objects/Page_Streetlogix/WO icon")): Object: 'Object Repository/Work order 4.0/Page_Streetlogix/Workorder page objects/Page_Streetlogix/WO icon' is clicked on

2023-02-15 16:40:21 - [MESSAGE][PASSED] - Object: 'Object Repository/Work order 4.0/Page_Streetlogix/Workorder page objects/Page_Streetlogix/WO icon' is clicked on

2023-02-15 16:40:21 - [TEST_STEP][PASSED] - click(findTestObject("Work order 4.0/Page_Streetlogix/Workorder page objects/Page_Streetlogix/Group Dropdown")): Object: 'Object Repository/Work order 4.0/Page_Streetlogix/Workorder page objects/Page_Streetlogix/Group Dropdown' is clicked on

2023-02-15 16:40:22 - [MESSAGE][PASSED] - Object: 'Object Repository/Work order 4.0/Page_Streetlogix/Workorder page objects/Page_Streetlogix/Group Dropdown' is clicked on

2023-02-15 16:40:22 - [TEST_STEP][PASSED] - click(findTestObject("Work order 4.0/Page_Streetlogix/Workorder page objects/Page_Streetlogix/li_Bridge Inspection")): Object: 'Object Repository/Work order 4.0/Page_Streetlogix/Workorder page objects/Page_Streetlogix/li_Bridge Inspection' is clicked on

2023-02-15 16:40:23 - [MESSAGE][PASSED] - Object: 'Object Repository/Work order 4.0/Page_Streetlogix/Workorder page objects/Page_Streetlogix/li_Bridge Inspection' is clicked on

2023-02-15 16:40:23 - [TEST_STEP][PASSED] - setText(findTestObject("Work order 4.0/Page_Streetlogix/Workorder page objects/Page_Streetlogix/input_Filter by form name_standard-full-width"), "Bridge maintenance"): Text 'Bridge maintenance' is set on object 'Object Repository/Work order 4.0/Page_Streetlogix/Workorder page objects/Page_Streetlogix/input_Filter by form name_standard-full-width'

2023-02-15 16:40:26 - [MESSAGE][PASSED] - Text 'Bridge maintenance' is set on object 'Object Repository/Work order 4.0/Page_Streetlogix/Workorder page objects/Page_Streetlogix/input_Filter by form name_standard-full-width'

2023-02-15 16:40:26 - [TEST_STEP][PASSED] - click(findTestObject("Work order 4.0/Page_Streetlogix/Workorder page objects/Page_Streetlogix/span_Bridge Maintenance")): Object: 'Object Repository/Work order 4.0/Page_Streetlogix/Workorder page objects/Page_Streetlogix/span_Bridge Maintenance' is clicked on

2023-02-15 16:40:27 - [MESSAGE][PASSED] - Object: 'Object Repository/Work order 4.0/Page_Streetlogix/Workorder page objects/Page_Streetlogix/span_Bridge Maintenance' is clicked on

2023-02-15 16:40:27 - [TEST_STEP][PASSED] - click(findTestObject("Work order 4.0/Page_Streetlogix/Workorder page objects/Page_Streetlogix/input_Select Assignee_assignee-autocomplete")): Object: 'Object Repository/Work order 4.0/Page_Streetlogix/Workorder page objects/Page_Streetlogix/input_Select Assignee_assignee-autocomplete' is clicked on

2023-02-15 16:40:28 - [MESSAGE][PASSED] - Object: 'Object Repository/Work order 4.0/Page_Streetlogix/Workorder page objects/Page_Streetlogix/input_Select Assignee_assignee-autocomplete' is clicked on

2023-02-15 16:40:28 - [TEST_STEP][PASSED] - click(findTestObject("Work order 4.0/Page_Streetlogix/Workorder page objects/Page_Streetlogix/span_ami  admin")): Object: 'Object Repository/Work order 4.0/Page_Streetlogix/Workorder page objects/Page_Streetlogix/span_ami  admin' is clicked on

2023-02-15 16:40:29 - [MESSAGE][PASSED] - Object: 'Object Repository/Work order 4.0/Page_Streetlogix/Workorder page objects/Page_Streetlogix/span_ami  admin' is clicked on

2023-02-15 16:40:29 - [TEST_STEP][PASSED] - click(findTestObject("Work order 4.0/Page_Streetlogix/Workorder page objects/Page_Streetlogix/input_Collaborators_collaborators-autocomplete")): Object: 'Object Repository/Work order 4.0/Page_Streetlogix/Workorder page objects/Page_Streetlogix/input_Collaborators_collaborators-autocomplete' is clicked on

2023-02-15 16:40:30 - [MESSAGE][PASSED] - Object: 'Object Repository/Work order 4.0/Page_Streetlogix/Workorder page objects/Page_Streetlogix/input_Collaborators_collaborators-autocomplete' is clicked on

2023-02-15 16:40:30 - [TEST_STEP][PASSED] - click(findTestObject("Work order 4.0/Page_Streetlogix/Workorder page objects/Page_Streetlogix/span_ami  admin")): Object: 'Object Repository/Work order 4.0/Page_Streetlogix/Workorder page objects/Page_Streetlogix/span_ami  admin' is clicked on

2023-02-15 16:40:30 - [MESSAGE][PASSED] - Object: 'Object Repository/Work order 4.0/Page_Streetlogix/Workorder page objects/Page_Streetlogix/span_ami  admin' is clicked on

2023-02-15 16:40:30 - [TEST_STEP][PASSED] - click(findTestObject("Work order 4.0/Page_Streetlogix/Workorder page objects/Page_Streetlogix/h6_Bridge Maintenance")): Object: 'Object Repository/Work order 4.0/Page_Streetlogix/Workorder page objects/Page_Streetlogix/h6_Bridge Maintenance' is clicked on

2023-02-15 16:40:31 - [MESSAGE][PASSED] - Object: 'Object Repository/Work order 4.0/Page_Streetlogix/Workorder page objects/Page_Streetlogix/h6_Bridge Maintenance' is clicked on

2023-02-15 16:40:31 - [TEST_STEP][PASSED] - setText(findTestObject("Work order 4.0/Page_Streetlogix/Workorder page objects/Page_Streetlogix/Page_Streetlogix/Page_Streetlogix/input_Address_asset-id-address"), "12"): Text '12' is set on object 'Object Repository/Work order 4.0/Page_Streetlogix/Workorder page objects/Page_Streetlogix/Page_Streetlogix/Page_Streetlogix/input_Address_asset-id-address'

2023-02-15 16:40:32 - [MESSAGE][PASSED] - Text '12' is set on object 'Object Repository/Work order 4.0/Page_Streetlogix/Workorder page objects/Page_Streetlogix/Page_Streetlogix/Page_Streetlogix/input_Address_asset-id-address'

2023-02-15 16:40:32 - [TEST_STEP][PASSED] - click(findTestObject("Work order 4.0/Page_Streetlogix/Workorder page objects/Page_Streetlogix/li_12TH STREET CONNECTOR From CHESTNUT ST To MAGAZINE ST - 20476")): Object: 'Object Repository/Work order 4.0/Page_Streetlogix/Workorder page objects/Page_Streetlogix/li_12TH STREET CONNECTOR From CHESTNUT ST To MAGAZINE ST - 20476' is clicked on

2023-02-15 16:40:33 - [MESSAGE][PASSED] - Object: 'Object Repository/Work order 4.0/Page_Streetlogix/Workorder page objects/Page_Streetlogix/li_12TH STREET CONNECTOR From CHESTNUT ST To MAGAZINE ST - 20476' is clicked on

2023-02-15 16:40:33 - [TEST_STEP][PASSED] - setText(findTestObject("Work order 4.0/Page_Streetlogix/Workorder page objects/Page_Streetlogix/textarea_Test"), "Test"): Text 'Test' is set on object 'Object Repository/Work order 4.0/Page_Streetlogix/Workorder page objects/Page_Streetlogix/textarea_Test'

2023-02-15 16:40:34 - [MESSAGE][PASSED] - Text 'Test' is set on object 'Object Repository/Work order 4.0/Page_Streetlogix/Workorder page objects/Page_Streetlogix/textarea_Test'

2023-02-15 16:40:34 - [TEST_STEP][PASSED] - click(findTestObject("Work order 4.0/Page_Streetlogix/Workorder page objects/Page_Streetlogix/Page_Streetlogix/Page_Streetlogix/div_Urgent")): Object: 'Object Repository/Work order 4.0/Page_Streetlogix/Workorder page objects/Page_Streetlogix/Page_Streetlogix/Page_Streetlogix/div_Urgent' is clicked on

2023-02-15 16:40:35 - [MESSAGE][PASSED] - Object: 'Object Repository/Work order 4.0/Page_Streetlogix/Workorder page objects/Page_Streetlogix/Page_Streetlogix/Page_Streetlogix/div_Urgent' is clicked on

2023-02-15 16:40:35 - [TEST_STEP][PASSED] - click(findTestObject("Work order 4.0/Page_Streetlogix/Workorder page objects/Page_Streetlogix/li_High")): Object: 'Object Repository/Work order 4.0/Page_Streetlogix/Workorder page objects/Page_Streetlogix/li_High' is clicked on

2023-02-15 16:40:35 - [MESSAGE][PASSED] - Object: 'Object Repository/Work order 4.0/Page_Streetlogix/Workorder page objects/Page_Streetlogix/li_High' is clicked on

2023-02-15 16:40:35 - [TEST_STEP][PASSED] - click(findTestObject("Work order 4.0/Page_Streetlogix/Workorder page objects/Page_Streetlogix/input_Upload_repeatingWorkOrder")): Object: 'Object Repository/Work order 4.0/Page_Streetlogix/Workorder page objects/Page_Streetlogix/input_Upload_repeatingWorkOrder' is clicked on

2023-02-15 16:40:36 - [MESSAGE][PASSED] - Object: 'Object Repository/Work order 4.0/Page_Streetlogix/Workorder page objects/Page_Streetlogix/input_Upload_repeatingWorkOrder' is clicked on

2023-02-15 16:40:36 - [TEST_STEP][PASSED] - click(findTestObject("Work order 4.0/Page_Streetlogix/Workorder page objects/Page_Streetlogix/div_Daily")): Object: 'Object Repository/Work order 4.0/Page_Streetlogix/Workorder page objects/Page_Streetlogix/div_Daily' is clicked on

2023-02-15 16:40:37 - [MESSAGE][PASSED] - Object: 'Object Repository/Work order 4.0/Page_Streetlogix/Workorder page objects/Page_Streetlogix/div_Daily' is clicked on

2023-02-15 16:40:37 - [TEST_STEP][PASSED] - click(findTestObject("Work order 4.0/Page_Streetlogix/Workorder page objects/Page_Streetlogix/li_Weekly")): Object: 'Object Repository/Work order 4.0/Page_Streetlogix/Workorder page objects/Page_Streetlogix/li_Weekly' is clicked on

2023-02-15 16:40:37 - [MESSAGE][PASSED] - Object: 'Object Repository/Work order 4.0/Page_Streetlogix/Workorder page objects/Page_Streetlogix/li_Weekly' is clicked on

2023-02-15 16:40:37 - [TEST_STEP][PASSED] - click(findTestObject("Work order 4.0/Page_Streetlogix/Workorder page objects/Page_Streetlogix/input_Statement Field Test_equipment")): Object: 'Object Repository/Work order 4.0/Page_Streetlogix/Workorder page objects/Page_Streetlogix/input_Statement Field Test_equipment' is clicked on

2023-02-15 16:40:38 - [MESSAGE][PASSED] - Object: 'Object Repository/Work order 4.0/Page_Streetlogix/Workorder page objects/Page_Streetlogix/input_Statement Field Test_equipment' is clicked on

2023-02-15 16:40:38 - [TEST_STEP][PASSED] - delay(3): Delayed 3 second(s)

2023-02-15 16:40:41 - [MESSAGE][PASSED] - Delayed 3 second(s)

2023-02-15 16:40:41 - [TEST_STEP][PASSED] - click(findTestObject("Work order 4.0/Page_Streetlogix/Workorder page objects/Page_Streetlogix/Page_Streetlogix/Page_Streetlogix/Page_Streetlogix/div_equip")): Object: 'Object Repository/Work order 4.0/Page_Streetlogix/Workorder page objects/Page_Streetlogix/Page_Streetlogix/Page_Streetlogix/Page_Streetlogix/div_equip' is clicked on

2023-02-15 16:40:42 - [MESSAGE][PASSED] - Object: 'Object Repository/Work order 4.0/Page_Streetlogix/Workorder page objects/Page_Streetlogix/Page_Streetlogix/Page_Streetlogix/Page_Streetlogix/div_equip' is clicked on

2023-02-15 16:40:42 - [TEST_STEP][PASSED] - click(findTestObject("Work order 4.0/Page_Streetlogix/Workorder page objects/Page_Streetlogix/li_Snow Plow - 15")): Object: 'Object Repository/Work order 4.0/Page_Streetlogix/Workorder page objects/Page_Streetlogix/li_Snow Plow - 15' is clicked on

2023-02-15 16:40:42 - [MESSAGE][PASSED] - Object: 'Object Repository/Work order 4.0/Page_Streetlogix/Workorder page objects/Page_Streetlogix/li_Snow Plow - 15' is clicked on

2023-02-15 16:40:42 - [TEST_STEP][PASSED] - click(findTestObject("Work order 4.0/Page_Streetlogix/Workorder page objects/Page_Streetlogix/input_Add Item_material")): Object: 'Object Repository/Work order 4.0/Page_Streetlogix/Workorder page objects/Page_Streetlogix/input_Add Item_material' is clicked on

2023-02-15 16:40:43 - [MESSAGE][PASSED] - Object: 'Object Repository/Work order 4.0/Page_Streetlogix/Workorder page objects/Page_Streetlogix/input_Add Item_material' is clicked on

2023-02-15 16:40:43 - [TEST_STEP][PASSED] - delay(3): Delayed 3 second(s)

2023-02-15 16:40:46 - [MESSAGE][PASSED] - Delayed 3 second(s)

2023-02-15 16:40:46 - [TEST_STEP][PASSED] - click(findTestObject("Work order 4.0/Page_Streetlogix/Workorder page objects/Page_Streetlogix/Page_Streetlogix/Page_Streetlogix/Page_Streetlogix/div_material")): Object: 'Object Repository/Work order 4.0/Page_Streetlogix/Workorder page objects/Page_Streetlogix/Page_Streetlogix/Page_Streetlogix/Page_Streetlogix/div_material' is clicked on

2023-02-15 16:40:46 - [MESSAGE][PASSED] - Object: 'Object Repository/Work order 4.0/Page_Streetlogix/Workorder page objects/Page_Streetlogix/Page_Streetlogix/Page_Streetlogix/Page_Streetlogix/div_material' is clicked on

2023-02-15 16:40:46 - [TEST_STEP][PASSED] - click(findTestObject("Work order 4.0/Page_Streetlogix/Workorder page objects/Page_Streetlogix/li_Asphalt - 22")): Object: 'Object Repository/Work order 4.0/Page_Streetlogix/Workorder page objects/Page_Streetlogix/li_Asphalt - 22' is clicked on

2023-02-15 16:40:47 - [MESSAGE][PASSED] - Object: 'Object Repository/Work order 4.0/Page_Streetlogix/Workorder page objects/Page_Streetlogix/li_Asphalt - 22' is clicked on

2023-02-15 16:40:47 - [TEST_STEP][PASSED] - click(findTestObject("Work order 4.0/Page_Streetlogix/Workorder page objects/Page_Streetlogix/input_Add Item_labor")): Object: 'Object Repository/Work order 4.0/Page_Streetlogix/Workorder page objects/Page_Streetlogix/input_Add Item_labor' is clicked on

2023-02-15 16:40:48 - [MESSAGE][PASSED] - Object: 'Object Repository/Work order 4.0/Page_Streetlogix/Workorder page objects/Page_Streetlogix/input_Add Item_labor' is clicked on

2023-02-15 16:40:48 - [TEST_STEP][PASSED] - delay(3): Delayed 3 second(s)

2023-02-15 16:40:51 - [MESSAGE][PASSED] - Delayed 3 second(s)

2023-02-15 16:40:51 - [TEST_STEP][PASSED] - click(findTestObject("Work order 4.0/Page_Streetlogix/Workorder page objects/Page_Streetlogix/Page_Streetlogix/Page_Streetlogix/Page_Streetlogix/div_labor")): Object: 'Object Repository/Work order 4.0/Page_Streetlogix/Workorder page objects/Page_Streetlogix/Page_Streetlogix/Page_Streetlogix/Page_Streetlogix/div_labor' is clicked on

2023-02-15 16:40:51 - [MESSAGE][PASSED] - Object: 'Object Repository/Work order 4.0/Page_Streetlogix/Workorder page objects/Page_Streetlogix/Page_Streetlogix/Page_Streetlogix/Page_Streetlogix/div_labor' is clicked on

2023-02-15 16:40:51 - [TEST_STEP][PASSED] - click(findTestObject("Work order 4.0/Page_Streetlogix/Workorder page objects/Page_Streetlogix/li_Supervisor - 30")): Object: 'Object Repository/Work order 4.0/Page_Streetlogix/Workorder page objects/Page_Streetlogix/li_Supervisor - 30' is clicked on

2023-02-15 16:40:52 - [MESSAGE][PASSED] - Object: 'Object Repository/Work order 4.0/Page_Streetlogix/Workorder page objects/Page_Streetlogix/li_Supervisor - 30' is clicked on

2023-02-15 16:40:52 - [TEST_STEP][PASSED] - click(findTestObject("Work order 4.0/Page_Streetlogix/Workorder page objects/Page_Streetlogix/span_Add Item")): Object: 'Object Repository/Work order 4.0/Page_Streetlogix/Workorder page objects/Page_Streetlogix/span_Add Item' is clicked on

2023-02-15 16:40:53 - [MESSAGE][PASSED] - Object: 'Object Repository/Work order 4.0/Page_Streetlogix/Workorder page objects/Page_Streetlogix/span_Add Item' is clicked on

2023-02-15 16:40:53 - [TEST_STEP][PASSED] - click(findTestObject("Work order 4.0/Page_Streetlogix/Workorder page objects/Page_Streetlogix/span_Save")): Object: 'Object Repository/Work order 4.0/Page_Streetlogix/Workorder page objects/Page_Streetlogix/span_Save' is clicked on

2023-02-15 16:40:53 - [MESSAGE][PASSED] - Object: 'Object Repository/Work order 4.0/Page_Streetlogix/Workorder page objects/Page_Streetlogix/span_Save' is clicked on

2023-02-15 16:40:53 - [TEST_STEP][PASSED] - countAfter = database_keywords.test.Database_Keywords.getWorkOrdersCount(): database_keywords.test.Database_Keywords.getWorkOrdersCount is PASSED

2023-02-15 16:40:59 - [MESSAGE][PASSED] - database_keywords.test.Database_Keywords.getWorkOrdersCount is PASSED

2023-02-15 16:40:59 - [TEST_STEP][PASSED] - println(countAfter): null

2023-02-15 16:40:59 - [TEST_STEP][PASSED] - if (countAfter == countBefore + 1): null

2023-02-15 16:40:59 - [TEST_STEP][PASSED] - println("Work Order Created"): null

2023-02-15 16:40:59 - [TEST_STEP][PASSED] - closeBrowser(): Browser is closed

2023-02-15 16:41:00 - [MESSAGE][PASSED] - Browser is closed]]></system-out>
         <system-err><![CDATA[]]></system-err>
      </testcase>
      <testcase name="Test Cases/GiS/Work order/Work_order_Biweekly" time="47.948" classname="Test Cases/GiS/Work order/Work_order_Biweekly" status="PASSED">
         <system-out><![CDATA[2023-02-15 16:41:00 - [TEST_CASE][PASSED] - Test Cases/GiS/Work order/Work_order_Biweekly: Test Cases/GiS/Work order/Work_order_Biweekly

2023-02-15 16:41:00 - [TEST_STEP][PASSED] - openBrowser(""): Browser is opened with url: ''

2023-02-15 16:41:00 - [MESSAGE][INFO] - Starting 'Chrome' driver

2023-02-15 16:41:00 - [MESSAGE][INFO] - Action delay is set to 0 milliseconds

2023-02-15 16:41:01 - [MESSAGE][PASSED] - Browser is opened with url: ''

2023-02-15 16:41:01 - [TEST_STEP][PASSED] - navigateToUrl("https://streetlogix-gis-slx4-develop.vercel.app/?config=64077fc938af4bcc9a46a81d8f4e5576&token=eyJhbGciOiJIUzI1NiIsInR5cCI6IkpXVCJ9.eyJpZCI6OTc2LCJuYW1lIjoiU29oYWliIE5laGFsIiwiZXhwIjoxNjc4NzI5ODk0LCJpYXQiOjE2NzYxMzc4OTR9.UHfOiNtJ_le0VZsenXiPbH0qUWaL-Iey0ptbA6Kalco"): Navigate to 'https://streetlogix-gis-slx4-develop.vercel.app/?config=64077fc938af4bcc9a46a81d8f4e5576&token=eyJhbGciOiJIUzI1NiIsInR5cCI6IkpXVCJ9.eyJpZCI6OTc2LCJuYW1lIjoiU29oYWliIE5laGFsIiwiZXhwIjoxNjc4NzI5ODk0LCJpYXQiOjE2NzYxMzc4OTR9.UHfOiNtJ_le0VZsenXiPbH0qUWaL-Iey0ptbA6Kalco' successfully

2023-02-15 16:41:03 - [MESSAGE][PASSED] - Navigate to 'https://streetlogix-gis-slx4-develop.vercel.app/?config=64077fc938af4bcc9a46a81d8f4e5576&token=eyJhbGciOiJIUzI1NiIsInR5cCI6IkpXVCJ9.eyJpZCI6OTc2LCJuYW1lIjoiU29oYWliIE5laGFsIiwiZXhwIjoxNjc4NzI5ODk0LCJpYXQiOjE2NzYxMzc4OTR9.UHfOiNtJ_le0VZsenXiPbH0qUWaL-Iey0ptbA6Kalco' successfully

2023-02-15 16:41:03 - [TEST_STEP][PASSED] - countBefore = database_keywords.test.Database_Keywords.getWorkOrdersCount(): database_keywords.test.Database_Keywords.getWorkOrdersCount is PASSED

2023-02-15 16:41:09 - [MESSAGE][PASSED] - database_keywords.test.Database_Keywords.getWorkOrdersCount is PASSED

2023-02-15 16:41:09 - [TEST_STEP][PASSED] - println(countBefore): null

2023-02-15 16:41:09 - [TEST_STEP][PASSED] - click(findTestObject("Work order 4.0/Page_Streetlogix/Workorder page objects/Page_Streetlogix/WO icon")): Object: 'Object Repository/Work order 4.0/Page_Streetlogix/Workorder page objects/Page_Streetlogix/WO icon' is clicked on

2023-02-15 16:41:10 - [MESSAGE][PASSED] - Object: 'Object Repository/Work order 4.0/Page_Streetlogix/Workorder page objects/Page_Streetlogix/WO icon' is clicked on

2023-02-15 16:41:10 - [TEST_STEP][PASSED] - click(findTestObject("Work order 4.0/Page_Streetlogix/Workorder page objects/Page_Streetlogix/Group Dropdown")): Object: 'Object Repository/Work order 4.0/Page_Streetlogix/Workorder page objects/Page_Streetlogix/Group Dropdown' is clicked on

2023-02-15 16:41:12 - [MESSAGE][PASSED] - Object: 'Object Repository/Work order 4.0/Page_Streetlogix/Workorder page objects/Page_Streetlogix/Group Dropdown' is clicked on

2023-02-15 16:41:12 - [TEST_STEP][PASSED] - click(findTestObject("Work order 4.0/Page_Streetlogix/Workorder page objects/Page_Streetlogix/li_Bridge Inspection")): Object: 'Object Repository/Work order 4.0/Page_Streetlogix/Workorder page objects/Page_Streetlogix/li_Bridge Inspection' is clicked on

2023-02-15 16:41:13 - [MESSAGE][PASSED] - Object: 'Object Repository/Work order 4.0/Page_Streetlogix/Workorder page objects/Page_Streetlogix/li_Bridge Inspection' is clicked on

2023-02-15 16:41:13 - [TEST_STEP][PASSED] - setText(findTestObject("Work order 4.0/Page_Streetlogix/Workorder page objects/Page_Streetlogix/input_Filter by form name_standard-full-width"), "Bridge maintenance"): Text 'Bridge maintenance' is set on object 'Object Repository/Work order 4.0/Page_Streetlogix/Workorder page objects/Page_Streetlogix/input_Filter by form name_standard-full-width'

2023-02-15 16:41:14 - [MESSAGE][PASSED] - Text 'Bridge maintenance' is set on object 'Object Repository/Work order 4.0/Page_Streetlogix/Workorder page objects/Page_Streetlogix/input_Filter by form name_standard-full-width'

2023-02-15 16:41:14 - [TEST_STEP][PASSED] - click(findTestObject("Work order 4.0/Page_Streetlogix/Workorder page objects/Page_Streetlogix/span_Bridge Maintenance")): Object: 'Object Repository/Work order 4.0/Page_Streetlogix/Workorder page objects/Page_Streetlogix/span_Bridge Maintenance' is clicked on

2023-02-15 16:41:15 - [MESSAGE][PASSED] - Object: 'Object Repository/Work order 4.0/Page_Streetlogix/Workorder page objects/Page_Streetlogix/span_Bridge Maintenance' is clicked on

2023-02-15 16:41:15 - [TEST_STEP][PASSED] - click(findTestObject("Work order 4.0/Page_Streetlogix/Workorder page objects/Page_Streetlogix/input_Select Assignee_assignee-autocomplete")): Object: 'Object Repository/Work order 4.0/Page_Streetlogix/Workorder page objects/Page_Streetlogix/input_Select Assignee_assignee-autocomplete' is clicked on

2023-02-15 16:41:17 - [MESSAGE][PASSED] - Object: 'Object Repository/Work order 4.0/Page_Streetlogix/Workorder page objects/Page_Streetlogix/input_Select Assignee_assignee-autocomplete' is clicked on

2023-02-15 16:41:17 - [TEST_STEP][PASSED] - click(findTestObject("Work order 4.0/Page_Streetlogix/Workorder page objects/Page_Streetlogix/span_ami  admin")): Object: 'Object Repository/Work order 4.0/Page_Streetlogix/Workorder page objects/Page_Streetlogix/span_ami  admin' is clicked on

2023-02-15 16:41:18 - [MESSAGE][PASSED] - Object: 'Object Repository/Work order 4.0/Page_Streetlogix/Workorder page objects/Page_Streetlogix/span_ami  admin' is clicked on

2023-02-15 16:41:18 - [TEST_STEP][PASSED] - click(findTestObject("Work order 4.0/Page_Streetlogix/Workorder page objects/Page_Streetlogix/input_Collaborators_collaborators-autocomplete")): Object: 'Object Repository/Work order 4.0/Page_Streetlogix/Workorder page objects/Page_Streetlogix/input_Collaborators_collaborators-autocomplete' is clicked on

2023-02-15 16:41:18 - [MESSAGE][PASSED] - Object: 'Object Repository/Work order 4.0/Page_Streetlogix/Workorder page objects/Page_Streetlogix/input_Collaborators_collaborators-autocomplete' is clicked on

2023-02-15 16:41:18 - [TEST_STEP][PASSED] - click(findTestObject("Work order 4.0/Page_Streetlogix/Workorder page objects/Page_Streetlogix/span_ami  admin")): Object: 'Object Repository/Work order 4.0/Page_Streetlogix/Workorder page objects/Page_Streetlogix/span_ami  admin' is clicked on

2023-02-15 16:41:19 - [MESSAGE][PASSED] - Object: 'Object Repository/Work order 4.0/Page_Streetlogix/Workorder page objects/Page_Streetlogix/span_ami  admin' is clicked on

2023-02-15 16:41:19 - [TEST_STEP][PASSED] - click(findTestObject("Work order 4.0/Page_Streetlogix/Workorder page objects/Page_Streetlogix/h6_Bridge Maintenance")): Object: 'Object Repository/Work order 4.0/Page_Streetlogix/Workorder page objects/Page_Streetlogix/h6_Bridge Maintenance' is clicked on

2023-02-15 16:41:19 - [MESSAGE][PASSED] - Object: 'Object Repository/Work order 4.0/Page_Streetlogix/Workorder page objects/Page_Streetlogix/h6_Bridge Maintenance' is clicked on

2023-02-15 16:41:19 - [TEST_STEP][PASSED] - setText(findTestObject("Work order 4.0/Page_Streetlogix/Workorder page objects/Page_Streetlogix/Page_Streetlogix/Page_Streetlogix/input_Address_asset-id-address"), "12"): Text '12' is set on object 'Object Repository/Work order 4.0/Page_Streetlogix/Workorder page objects/Page_Streetlogix/Page_Streetlogix/Page_Streetlogix/input_Address_asset-id-address'

2023-02-15 16:41:20 - [MESSAGE][PASSED] - Text '12' is set on object 'Object Repository/Work order 4.0/Page_Streetlogix/Workorder page objects/Page_Streetlogix/Page_Streetlogix/Page_Streetlogix/input_Address_asset-id-address'

2023-02-15 16:41:20 - [TEST_STEP][PASSED] - click(findTestObject("Work order 4.0/Page_Streetlogix/Workorder page objects/Page_Streetlogix/li_12TH STREET CONNECTOR From CHESTNUT ST To MAGAZINE ST - 20476")): Object: 'Object Repository/Work order 4.0/Page_Streetlogix/Workorder page objects/Page_Streetlogix/li_12TH STREET CONNECTOR From CHESTNUT ST To MAGAZINE ST - 20476' is clicked on

2023-02-15 16:41:21 - [MESSAGE][PASSED] - Object: 'Object Repository/Work order 4.0/Page_Streetlogix/Workorder page objects/Page_Streetlogix/li_12TH STREET CONNECTOR From CHESTNUT ST To MAGAZINE ST - 20476' is clicked on

2023-02-15 16:41:21 - [TEST_STEP][PASSED] - setText(findTestObject("Work order 4.0/Page_Streetlogix/Workorder page objects/Page_Streetlogix/textarea_Test"), "Test"): Text 'Test' is set on object 'Object Repository/Work order 4.0/Page_Streetlogix/Workorder page objects/Page_Streetlogix/textarea_Test'

2023-02-15 16:41:23 - [MESSAGE][PASSED] - Text 'Test' is set on object 'Object Repository/Work order 4.0/Page_Streetlogix/Workorder page objects/Page_Streetlogix/textarea_Test'

2023-02-15 16:41:23 - [TEST_STEP][PASSED] - click(findTestObject("Work order 4.0/Page_Streetlogix/Workorder page objects/Page_Streetlogix/Page_Streetlogix/Page_Streetlogix/div_Urgent")): Object: 'Object Repository/Work order 4.0/Page_Streetlogix/Workorder page objects/Page_Streetlogix/Page_Streetlogix/Page_Streetlogix/div_Urgent' is clicked on

2023-02-15 16:41:23 - [MESSAGE][PASSED] - Object: 'Object Repository/Work order 4.0/Page_Streetlogix/Workorder page objects/Page_Streetlogix/Page_Streetlogix/Page_Streetlogix/div_Urgent' is clicked on

2023-02-15 16:41:23 - [TEST_STEP][PASSED] - click(findTestObject("Work order 4.0/Page_Streetlogix/Workorder page objects/Page_Streetlogix/li_High")): Object: 'Object Repository/Work order 4.0/Page_Streetlogix/Workorder page objects/Page_Streetlogix/li_High' is clicked on

2023-02-15 16:41:24 - [MESSAGE][PASSED] - Object: 'Object Repository/Work order 4.0/Page_Streetlogix/Workorder page objects/Page_Streetlogix/li_High' is clicked on

2023-02-15 16:41:24 - [TEST_STEP][PASSED] - click(findTestObject("Work order 4.0/Page_Streetlogix/Workorder page objects/Page_Streetlogix/input_Upload_repeatingWorkOrder")): Object: 'Object Repository/Work order 4.0/Page_Streetlogix/Workorder page objects/Page_Streetlogix/input_Upload_repeatingWorkOrder' is clicked on

2023-02-15 16:41:25 - [MESSAGE][PASSED] - Object: 'Object Repository/Work order 4.0/Page_Streetlogix/Workorder page objects/Page_Streetlogix/input_Upload_repeatingWorkOrder' is clicked on

2023-02-15 16:41:25 - [TEST_STEP][PASSED] - click(findTestObject("Work order 4.0/Page_Streetlogix/Workorder page objects/Page_Streetlogix/div_Daily")): Object: 'Object Repository/Work order 4.0/Page_Streetlogix/Workorder page objects/Page_Streetlogix/div_Daily' is clicked on

2023-02-15 16:41:25 - [MESSAGE][PASSED] - Object: 'Object Repository/Work order 4.0/Page_Streetlogix/Workorder page objects/Page_Streetlogix/div_Daily' is clicked on

2023-02-15 16:41:25 - [TEST_STEP][PASSED] - click(findTestObject("Work order 4.0/Page_Streetlogix/Workorder page objects/Page_Streetlogix/li_Biweekly")): Object: 'Object Repository/Work order 4.0/Page_Streetlogix/Workorder page objects/Page_Streetlogix/li_Biweekly' is clicked on

2023-02-15 16:41:26 - [MESSAGE][PASSED] - Object: 'Object Repository/Work order 4.0/Page_Streetlogix/Workorder page objects/Page_Streetlogix/li_Biweekly' is clicked on

2023-02-15 16:41:26 - [TEST_STEP][PASSED] - click(findTestObject("Work order 4.0/Page_Streetlogix/Workorder page objects/Page_Streetlogix/input_Statement Field Test_equipment")): Object: 'Object Repository/Work order 4.0/Page_Streetlogix/Workorder page objects/Page_Streetlogix/input_Statement Field Test_equipment' is clicked on

2023-02-15 16:41:27 - [MESSAGE][PASSED] - Object: 'Object Repository/Work order 4.0/Page_Streetlogix/Workorder page objects/Page_Streetlogix/input_Statement Field Test_equipment' is clicked on

2023-02-15 16:41:27 - [TEST_STEP][PASSED] - delay(3): Delayed 3 second(s)

2023-02-15 16:41:30 - [MESSAGE][PASSED] - Delayed 3 second(s)

2023-02-15 16:41:30 - [TEST_STEP][PASSED] - click(findTestObject("Work order 4.0/Page_Streetlogix/Workorder page objects/Page_Streetlogix/Page_Streetlogix/Page_Streetlogix/Page_Streetlogix/div_equip")): Object: 'Object Repository/Work order 4.0/Page_Streetlogix/Workorder page objects/Page_Streetlogix/Page_Streetlogix/Page_Streetlogix/Page_Streetlogix/div_equip' is clicked on

2023-02-15 16:41:30 - [MESSAGE][PASSED] - Object: 'Object Repository/Work order 4.0/Page_Streetlogix/Workorder page objects/Page_Streetlogix/Page_Streetlogix/Page_Streetlogix/Page_Streetlogix/div_equip' is clicked on

2023-02-15 16:41:30 - [TEST_STEP][PASSED] - click(findTestObject("Work order 4.0/Page_Streetlogix/Workorder page objects/Page_Streetlogix/li_Snow Plow - 15")): Object: 'Object Repository/Work order 4.0/Page_Streetlogix/Workorder page objects/Page_Streetlogix/li_Snow Plow - 15' is clicked on

2023-02-15 16:41:31 - [MESSAGE][PASSED] - Object: 'Object Repository/Work order 4.0/Page_Streetlogix/Workorder page objects/Page_Streetlogix/li_Snow Plow - 15' is clicked on

2023-02-15 16:41:31 - [TEST_STEP][PASSED] - click(findTestObject("Work order 4.0/Page_Streetlogix/Workorder page objects/Page_Streetlogix/input_Add Item_material")): Object: 'Object Repository/Work order 4.0/Page_Streetlogix/Workorder page objects/Page_Streetlogix/input_Add Item_material' is clicked on

2023-02-15 16:41:31 - [MESSAGE][PASSED] - Object: 'Object Repository/Work order 4.0/Page_Streetlogix/Workorder page objects/Page_Streetlogix/input_Add Item_material' is clicked on

2023-02-15 16:41:31 - [TEST_STEP][PASSED] - delay(3): Delayed 3 second(s)

2023-02-15 16:41:34 - [MESSAGE][PASSED] - Delayed 3 second(s)

2023-02-15 16:41:34 - [TEST_STEP][PASSED] - click(findTestObject("Work order 4.0/Page_Streetlogix/Workorder page objects/Page_Streetlogix/Page_Streetlogix/Page_Streetlogix/Page_Streetlogix/div_material")): Object: 'Object Repository/Work order 4.0/Page_Streetlogix/Workorder page objects/Page_Streetlogix/Page_Streetlogix/Page_Streetlogix/Page_Streetlogix/div_material' is clicked on

2023-02-15 16:41:35 - [MESSAGE][PASSED] - Object: 'Object Repository/Work order 4.0/Page_Streetlogix/Workorder page objects/Page_Streetlogix/Page_Streetlogix/Page_Streetlogix/Page_Streetlogix/div_material' is clicked on

2023-02-15 16:41:35 - [TEST_STEP][PASSED] - click(findTestObject("Work order 4.0/Page_Streetlogix/Workorder page objects/Page_Streetlogix/li_Asphalt - 22")): Object: 'Object Repository/Work order 4.0/Page_Streetlogix/Workorder page objects/Page_Streetlogix/li_Asphalt - 22' is clicked on

2023-02-15 16:41:36 - [MESSAGE][PASSED] - Object: 'Object Repository/Work order 4.0/Page_Streetlogix/Workorder page objects/Page_Streetlogix/li_Asphalt - 22' is clicked on

2023-02-15 16:41:36 - [TEST_STEP][PASSED] - click(findTestObject("Work order 4.0/Page_Streetlogix/Workorder page objects/Page_Streetlogix/input_Add Item_labor")): Object: 'Object Repository/Work order 4.0/Page_Streetlogix/Workorder page objects/Page_Streetlogix/input_Add Item_labor' is clicked on

2023-02-15 16:41:36 - [MESSAGE][PASSED] - Object: 'Object Repository/Work order 4.0/Page_Streetlogix/Workorder page objects/Page_Streetlogix/input_Add Item_labor' is clicked on

2023-02-15 16:41:36 - [TEST_STEP][PASSED] - delay(3): Delayed 3 second(s)

2023-02-15 16:41:39 - [MESSAGE][PASSED] - Delayed 3 second(s)

2023-02-15 16:41:39 - [TEST_STEP][PASSED] - click(findTestObject("Work order 4.0/Page_Streetlogix/Workorder page objects/Page_Streetlogix/Page_Streetlogix/Page_Streetlogix/Page_Streetlogix/div_labor")): Object: 'Object Repository/Work order 4.0/Page_Streetlogix/Workorder page objects/Page_Streetlogix/Page_Streetlogix/Page_Streetlogix/Page_Streetlogix/div_labor' is clicked on

2023-02-15 16:41:40 - [MESSAGE][PASSED] - Object: 'Object Repository/Work order 4.0/Page_Streetlogix/Workorder page objects/Page_Streetlogix/Page_Streetlogix/Page_Streetlogix/Page_Streetlogix/div_labor' is clicked on

2023-02-15 16:41:40 - [TEST_STEP][PASSED] - click(findTestObject("Work order 4.0/Page_Streetlogix/Workorder page objects/Page_Streetlogix/li_Supervisor - 30")): Object: 'Object Repository/Work order 4.0/Page_Streetlogix/Workorder page objects/Page_Streetlogix/li_Supervisor - 30' is clicked on

2023-02-15 16:41:40 - [MESSAGE][PASSED] - Object: 'Object Repository/Work order 4.0/Page_Streetlogix/Workorder page objects/Page_Streetlogix/li_Supervisor - 30' is clicked on

2023-02-15 16:41:40 - [TEST_STEP][PASSED] - click(findTestObject("Work order 4.0/Page_Streetlogix/Workorder page objects/Page_Streetlogix/span_Add Item")): Object: 'Object Repository/Work order 4.0/Page_Streetlogix/Workorder page objects/Page_Streetlogix/span_Add Item' is clicked on

2023-02-15 16:41:41 - [MESSAGE][PASSED] - Object: 'Object Repository/Work order 4.0/Page_Streetlogix/Workorder page objects/Page_Streetlogix/span_Add Item' is clicked on

2023-02-15 16:41:41 - [TEST_STEP][PASSED] - click(findTestObject("Work order 4.0/Page_Streetlogix/Workorder page objects/Page_Streetlogix/span_Save")): Object: 'Object Repository/Work order 4.0/Page_Streetlogix/Workorder page objects/Page_Streetlogix/span_Save' is clicked on

2023-02-15 16:41:42 - [MESSAGE][PASSED] - Object: 'Object Repository/Work order 4.0/Page_Streetlogix/Workorder page objects/Page_Streetlogix/span_Save' is clicked on

2023-02-15 16:41:42 - [TEST_STEP][PASSED] - countAfter = database_keywords.test.Database_Keywords.getWorkOrdersCount(): database_keywords.test.Database_Keywords.getWorkOrdersCount is PASSED

2023-02-15 16:41:47 - [MESSAGE][PASSED] - database_keywords.test.Database_Keywords.getWorkOrdersCount is PASSED

2023-02-15 16:41:47 - [TEST_STEP][PASSED] - println(countAfter): null

2023-02-15 16:41:47 - [TEST_STEP][PASSED] - if (countAfter == countBefore + 1): null

2023-02-15 16:41:47 - [TEST_STEP][PASSED] - println("Work Order Created"): null

2023-02-15 16:41:47 - [TEST_STEP][PASSED] - closeBrowser(): Browser is closed

2023-02-15 16:41:48 - [MESSAGE][PASSED] - Browser is closed]]></system-out>
         <system-err><![CDATA[]]></system-err>
      </testcase>
      <testcase name="Test Cases/GiS/Layers/Statistics on GIS layer" time="105.292" classname="Test Cases/GiS/Layers/Statistics on GIS layer" status="PASSED">
         <system-out><![CDATA[2023-02-15 16:41:48 - [TEST_CASE][PASSED] - Test Cases/GiS/Layers/Statistics on GIS layer: Test Cases/GiS/Layers/Statistics on GIS layer

2023-02-15 16:41:48 - [TEST_STEP][PASSED] - gis_url.test.URL.redirectURL(): gis_url.test.URL.redirectURL is PASSED

2023-02-15 16:41:48 - [MESSAGE][INFO] - Starting 'Chrome' driver

2023-02-15 16:41:48 - [MESSAGE][INFO] - Action delay is set to 0 milliseconds

2023-02-15 16:41:51 - [MESSAGE][PASSED] - Browser is opened with url: 'https://streetlogix-gis-slx4-develop.vercel.app/?config=64077fc938af4bcc9a46a81d8f4e5576&token=eyJhbGciOiJIUzI1NiIsInR5cCI6IkpXVCJ9.eyJpZCI6OTc2LCJuYW1lIjoiU29oYWliIE5laGFsIiwiZXhwIjoxNjc4NzI5ODk0LCJpYXQiOjE2NzYxMzc4OTR9.UHfOiNtJ_le0VZsenXiPbH0qUWaL-Iey0ptbA6Kalco'

2023-02-15 16:41:51 - [MESSAGE][PASSED] - gis_url.test.URL.redirectURL is PASSED

2023-02-15 16:41:51 - [TEST_STEP][PASSED] - click(findTestObject("Page_Streetlogix/img_Search_rail-icon")): Object: 'Object Repository/Page_Streetlogix/img_Search_rail-icon' is clicked on

2023-02-15 16:41:56 - [MESSAGE][PASSED] - Object: 'Object Repository/Page_Streetlogix/img_Search_rail-icon' is clicked on

2023-02-15 16:41:56 - [TEST_STEP][PASSED] - delay(5): Delayed 5 second(s)

2023-02-15 16:42:01 - [MESSAGE][PASSED] - Delayed 5 second(s)

2023-02-15 16:42:01 - [TEST_STEP][PASSED] - pci = getText(findTestObject("Object Repository/Page_Streetlogix/h6_Pavement Average Condition 58")): Text of object 'Object Repository/Page_Streetlogix/h6_Pavement Average Condition 58' is: 'Pavement Average Condition PCI: 11'

2023-02-15 16:42:02 - [MESSAGE][PASSED] - Text of object 'Object Repository/Page_Streetlogix/h6_Pavement Average Condition 58' is: 'Pavement Average Condition PCI: 11'

2023-02-15 16:42:02 - [TEST_STEP][PASSED] - pciAvg = pci.replaceAll("[^0-9]", ""): null

2023-02-15 16:42:02 - [TEST_STEP][PASSED] - avgPCI = database_keywords.test.Database_Keywords.getAveragePCI(): database_keywords.test.Database_Keywords.getAveragePCI is PASSED

2023-02-15 16:42:24 - [MESSAGE][PASSED] - database_keywords.test.Database_Keywords.getAveragePCI is PASSED

2023-02-15 16:42:24 - [TEST_STEP][PASSED] - println(avgPCI): null

2023-02-15 16:42:24 - [TEST_STEP][PASSED] - verifyMatch(pciAvg, avgPCI, false): Actual text '11' and expected text '11' are matched 

2023-02-15 16:42:24 - [MESSAGE][PASSED] - Actual text '11' and expected text '11' are matched 

2023-02-15 16:42:24 - [TEST_STEP][PASSED] - milespci = getText(findTestObject("Object Repository/Page_Streetlogix/p_Total Length 2,148 miles")): Text of object 'Object Repository/Page_Streetlogix/p_Total Length 2,148 miles' is: 'Total Length: 2,317 miles'

2023-02-15 16:42:25 - [MESSAGE][PASSED] - Text of object 'Object Repository/Page_Streetlogix/p_Total Length 2,148 miles' is: 'Total Length: 2,317 miles'

2023-02-15 16:42:25 - [TEST_STEP][PASSED] - pciMiles = milespci.replaceAll("[^0-9]", ""): null

2023-02-15 16:42:25 - [TEST_STEP][PASSED] - totalMilesPCI = database_keywords.test.Database_Keywords.getPavementMiles(): database_keywords.test.Database_Keywords.getPavementMiles is PASSED

2023-02-15 16:42:28 - [MESSAGE][PASSED] - database_keywords.test.Database_Keywords.getPavementMiles is PASSED

2023-02-15 16:42:28 - [TEST_STEP][PASSED] - verifyMatch(pciMiles, totalMilesPCI, false): Actual text '2317' and expected text '2317' are matched 

2023-02-15 16:42:28 - [MESSAGE][PASSED] - Actual text '2317' and expected text '2317' are matched 

2023-02-15 16:42:28 - [TEST_STEP][PASSED] - backlogPCI = getText(findTestObject("Object Repository/Page_Streetlogix/p_Total Backlog  1,189,007,890")): Text of object 'Object Repository/Page_Streetlogix/p_Total Backlog  1,189,007,890' is: 'Total Backlog: $647,108,280'

2023-02-15 16:42:29 - [MESSAGE][PASSED] - Text of object 'Object Repository/Page_Streetlogix/p_Total Backlog  1,189,007,890' is: 'Total Backlog: $647,108,280'

2023-02-15 16:42:29 - [TEST_STEP][PASSED] - pciBacklog = backlogPCI.replaceAll("[^0-9]", ""): null

2023-02-15 16:42:29 - [TEST_STEP][PASSED] - totalBacklogPCI = database_keywords.test.Database_Keywords.getPavementBacklog(): database_keywords.test.Database_Keywords.getPavementBacklog is PASSED

2023-02-15 16:42:32 - [MESSAGE][PASSED] - database_keywords.test.Database_Keywords.getPavementBacklog is PASSED

2023-02-15 16:42:32 - [TEST_STEP][PASSED] - verifyMatch(pciBacklog, totalBacklogPCI, false): Actual text '647108280' and expected text '647108280' are matched 

2023-02-15 16:42:32 - [MESSAGE][PASSED] - Actual text '647108280' and expected text '647108280' are matched 

2023-02-15 16:42:32 - [TEST_STEP][PASSED] - click(findTestObject("Object Repository/Page_Streetlogix/circle")): Object: 'Object Repository/Page_Streetlogix/circle' is clicked on

2023-02-15 16:42:32 - [MESSAGE][PASSED] - Object: 'Object Repository/Page_Streetlogix/circle' is clicked on

2023-02-15 16:42:32 - [TEST_STEP][PASSED] - delay(5): Delayed 5 second(s)

2023-02-15 16:42:37 - [MESSAGE][PASSED] - Delayed 5 second(s)

2023-02-15 16:42:37 - [TEST_STEP][PASSED] - sci = getText(findTestObject("Object Repository/Page_Streetlogix/h6_Sidewalk Average Condition 54")): Text of object 'Object Repository/Page_Streetlogix/h6_Sidewalk Average Condition 54' is: 'Sidewalk Average Condition SCI: 54'

2023-02-15 16:42:38 - [MESSAGE][PASSED] - Text of object 'Object Repository/Page_Streetlogix/h6_Sidewalk Average Condition 54' is: 'Sidewalk Average Condition SCI: 54'

2023-02-15 16:42:38 - [TEST_STEP][PASSED] - sciAvg = sci.replaceAll("[^0-9]", ""): null

2023-02-15 16:42:38 - [TEST_STEP][PASSED] - avgSCI = database_keywords.test.Database_Keywords.getAverageSCI(): database_keywords.test.Database_Keywords.getAverageSCI is PASSED

2023-02-15 16:43:25 - [MESSAGE][PASSED] - database_keywords.test.Database_Keywords.getAverageSCI is PASSED

2023-02-15 16:43:25 - [TEST_STEP][PASSED] - verifyMatch(sciAvg, avgSCI, false): Actual text '54' and expected text '54' are matched 

2023-02-15 16:43:25 - [MESSAGE][PASSED] - Actual text '54' and expected text '54' are matched 

2023-02-15 16:43:25 - [TEST_STEP][PASSED] - milesSCI = getText(findTestObject("Object Repository/Page_Streetlogix/p_Total Length 1,868 miles")): Text of object 'Object Repository/Page_Streetlogix/p_Total Length 1,868 miles' is: 'Total Length: 1,868 miles'

2023-02-15 16:43:26 - [MESSAGE][PASSED] - Text of object 'Object Repository/Page_Streetlogix/p_Total Length 1,868 miles' is: 'Total Length: 1,868 miles'

2023-02-15 16:43:26 - [TEST_STEP][PASSED] - sciMiles = milesSCI.replaceAll("[^0-9]", ""): null

2023-02-15 16:43:26 - [TEST_STEP][PASSED] - totalMilesSCI = database_keywords.test.Database_Keywords.getSidewalkMiles(): database_keywords.test.Database_Keywords.getSidewalkMiles is PASSED

2023-02-15 16:43:29 - [MESSAGE][PASSED] - database_keywords.test.Database_Keywords.getSidewalkMiles is PASSED

2023-02-15 16:43:29 - [TEST_STEP][PASSED] - verifyMatch(sciMiles, totalMilesSCI, false): Actual text '1868' and expected text '1868' are matched 

2023-02-15 16:43:29 - [MESSAGE][PASSED] - Actual text '1868' and expected text '1868' are matched 

2023-02-15 16:43:29 - [TEST_STEP][PASSED] - backlogSCI = getText(findTestObject("Object Repository/Page_Streetlogix/p_Total Backlog  222,017,072")): Text of object 'Object Repository/Page_Streetlogix/p_Total Backlog  222,017,072' is: 'Total Backlog: $23,949'

2023-02-15 16:43:29 - [MESSAGE][PASSED] - Text of object 'Object Repository/Page_Streetlogix/p_Total Backlog  222,017,072' is: 'Total Backlog: $23,949'

2023-02-15 16:43:29 - [TEST_STEP][PASSED] - sciBacklog = backlogSCI.replaceAll("[^0-9]", ""): null

2023-02-15 16:43:29 - [TEST_STEP][PASSED] - totalBacklogSCI = database_keywords.test.Database_Keywords.getSidewalkBacklog(): database_keywords.test.Database_Keywords.getSidewalkBacklog is PASSED

2023-02-15 16:43:33 - [MESSAGE][PASSED] - database_keywords.test.Database_Keywords.getSidewalkBacklog is PASSED

2023-02-15 16:43:33 - [TEST_STEP][PASSED] - verifyMatch(sciBacklog, totalBacklogSCI, false): Actual text '23949' and expected text '23949' are matched 

2023-02-15 16:43:33 - [MESSAGE][PASSED] - Actual text '23949' and expected text '23949' are matched 

2023-02-15 16:43:33 - [TEST_STEP][PASSED] - closeBrowser(): Browser is closed

2023-02-15 16:43:33 - [MESSAGE][PASSED] - Browser is closed]]></system-out>
         <system-err><![CDATA[]]></system-err>
      </testcase>
      <testcase name="Test Cases/Dashboard/Work Orders/Create_WO_System_Forms_With_Equipements" time="41.447" classname="Test Cases/Dashboard/Work Orders/Create_WO_System_Forms_With_Equipements" status="PASSED">
         <system-out><![CDATA[2023-02-15 16:43:33 - [TEST_CASE][PASSED] - Test Cases/Dashboard/Work Orders/Create_WO_System_Forms_With_Equipements: Test Cases/Dashboard/Work Orders/Create_WO_System_Forms_With_Equipements

2023-02-15 16:43:33 - [TEST_STEP][PASSED] - openBrowser(""): Browser is opened with url: ''

2023-02-15 16:43:33 - [MESSAGE][INFO] - Starting 'Chrome' driver

2023-02-15 16:43:33 - [MESSAGE][INFO] - Action delay is set to 0 milliseconds

2023-02-15 16:43:34 - [MESSAGE][PASSED] - Browser is opened with url: ''

2023-02-15 16:43:34 - [TEST_STEP][PASSED] - navigateToUrl("https://streetlogix-dashboard-slx4-develop.vercel.app/workorder/?config=64077fc938af4bcc9a46a81d8f4e5576&token=eyJhbGciOiJIUzI1NiIsInR5cCI6IkpXVCJ9.eyJpZCI6OTc2LCJuYW1lIjoiU29oYWliIE5laGFsIiwiZXhwIjoxNjc4NzI5ODk0LCJpYXQiOjE2NzYxMzc4OTR9.UHfOiNtJ_le0VZsenXiPbH0qUWaL-Iey0ptbA6Kalco"): Navigate to 'https://streetlogix-dashboard-slx4-develop.vercel.app/workorder/?config=64077fc938af4bcc9a46a81d8f4e5576&token=eyJhbGciOiJIUzI1NiIsInR5cCI6IkpXVCJ9.eyJpZCI6OTc2LCJuYW1lIjoiU29oYWliIE5laGFsIiwiZXhwIjoxNjc4NzI5ODk0LCJpYXQiOjE2NzYxMzc4OTR9.UHfOiNtJ_le0VZsenXiPbH0qUWaL-Iey0ptbA6Kalco' successfully

2023-02-15 16:43:37 - [MESSAGE][PASSED] - Navigate to 'https://streetlogix-dashboard-slx4-develop.vercel.app/workorder/?config=64077fc938af4bcc9a46a81d8f4e5576&token=eyJhbGciOiJIUzI1NiIsInR5cCI6IkpXVCJ9.eyJpZCI6OTc2LCJuYW1lIjoiU29oYWliIE5laGFsIiwiZXhwIjoxNjc4NzI5ODk0LCJpYXQiOjE2NzYxMzc4OTR9.UHfOiNtJ_le0VZsenXiPbH0qUWaL-Iey0ptbA6Kalco' successfully

2023-02-15 16:43:37 - [TEST_STEP][PASSED] - countBefore = database_keywords.test.Database_Keywords.getWorkOrdersCount(): database_keywords.test.Database_Keywords.getWorkOrdersCount is PASSED

2023-02-15 16:43:45 - [MESSAGE][PASSED] - database_keywords.test.Database_Keywords.getWorkOrdersCount is PASSED

2023-02-15 16:43:45 - [TEST_STEP][PASSED] - println(countBefore): null

2023-02-15 16:43:45 - [TEST_STEP][PASSED] - click(findTestObject("Object Repository/WO_Dashboard/Page_Streetlogix  Dashboard/span_Create")): Object: 'Object Repository/WO_Dashboard/Page_Streetlogix  Dashboard/span_Create' is clicked on

2023-02-15 16:43:46 - [MESSAGE][PASSED] - Object: 'Object Repository/WO_Dashboard/Page_Streetlogix  Dashboard/span_Create' is clicked on

2023-02-15 16:43:46 - [TEST_STEP][PASSED] - click(findTestObject("Object Repository/WO_Dashboard/Page_Streetlogix  Dashboard/input_Select Group_mui-33912")): Object: 'Object Repository/WO_Dashboard/Page_Streetlogix  Dashboard/input_Select Group_mui-33912' is clicked on

2023-02-15 16:43:47 - [MESSAGE][PASSED] - Object: 'Object Repository/WO_Dashboard/Page_Streetlogix  Dashboard/input_Select Group_mui-33912' is clicked on

2023-02-15 16:43:47 - [TEST_STEP][PASSED] - click(findTestObject("Object Repository/WO_Dashboard/Page_Streetlogix  Dashboard/li_Bridge Inspection")): Object: 'Object Repository/WO_Dashboard/Page_Streetlogix  Dashboard/li_Bridge Inspection' is clicked on

2023-02-15 16:43:47 - [MESSAGE][PASSED] - Object: 'Object Repository/WO_Dashboard/Page_Streetlogix  Dashboard/li_Bridge Inspection' is clicked on

2023-02-15 16:43:47 - [TEST_STEP][PASSED] - click(findTestObject("Object Repository/WO_Dashboard/Page_Streetlogix  Dashboard/input_Select Form_mui-83086")): Object: 'Object Repository/WO_Dashboard/Page_Streetlogix  Dashboard/input_Select Form_mui-83086' is clicked on

2023-02-15 16:43:48 - [MESSAGE][PASSED] - Object: 'Object Repository/WO_Dashboard/Page_Streetlogix  Dashboard/input_Select Form_mui-83086' is clicked on

2023-02-15 16:43:48 - [TEST_STEP][PASSED] - click(findTestObject("Object Repository/WO_Dashboard/Page_Streetlogix  Dashboard/span_Bridge Maintenance")): Object: 'Object Repository/WO_Dashboard/Page_Streetlogix  Dashboard/span_Bridge Maintenance' is clicked on

2023-02-15 16:43:48 - [MESSAGE][PASSED] - Object: 'Object Repository/WO_Dashboard/Page_Streetlogix  Dashboard/span_Bridge Maintenance' is clicked on

2023-02-15 16:43:48 - [TEST_STEP][PASSED] - click(findTestObject("Object Repository/WO_Dashboard/Page_Streetlogix  Dashboard/span_Next")): Object: 'Object Repository/WO_Dashboard/Page_Streetlogix  Dashboard/span_Next' is clicked on

2023-02-15 16:43:50 - [MESSAGE][PASSED] - Object: 'Object Repository/WO_Dashboard/Page_Streetlogix  Dashboard/span_Next' is clicked on

2023-02-15 16:43:50 - [TEST_STEP][PASSED] - click(findTestObject("Object Repository/WO_Dashboard/Page_Streetlogix  Dashboard/input_Select Assignee_combo-box-demo")): Object: 'Object Repository/WO_Dashboard/Page_Streetlogix  Dashboard/input_Select Assignee_combo-box-demo' is clicked on

2023-02-15 16:43:52 - [MESSAGE][PASSED] - Object: 'Object Repository/WO_Dashboard/Page_Streetlogix  Dashboard/input_Select Assignee_combo-box-demo' is clicked on

2023-02-15 16:43:52 - [TEST_STEP][PASSED] - click(findTestObject("Object Repository/WO_Dashboard/Page_Streetlogix  Dashboard/span_Dev Admin")): Object: 'Object Repository/WO_Dashboard/Page_Streetlogix  Dashboard/span_Dev Admin' is clicked on

2023-02-15 16:43:53 - [MESSAGE][PASSED] - Object: 'Object Repository/WO_Dashboard/Page_Streetlogix  Dashboard/span_Dev Admin' is clicked on

2023-02-15 16:43:53 - [TEST_STEP][PASSED] - click(findTestObject("Object Repository/WO_Dashboard/Page_Streetlogix  Dashboard/input_Collaborators_checkboxes-tags-demo")): Object: 'Object Repository/WO_Dashboard/Page_Streetlogix  Dashboard/input_Collaborators_checkboxes-tags-demo' is clicked on

2023-02-15 16:43:54 - [MESSAGE][PASSED] - Object: 'Object Repository/WO_Dashboard/Page_Streetlogix  Dashboard/input_Collaborators_checkboxes-tags-demo' is clicked on

2023-02-15 16:43:54 - [TEST_STEP][PASSED] - click(findTestObject("Object Repository/WO_Dashboard/Page_Streetlogix  Dashboard/div_Aami  admin")): Object: 'Object Repository/WO_Dashboard/Page_Streetlogix  Dashboard/div_Aami  admin' is clicked on

2023-02-15 16:43:54 - [MESSAGE][PASSED] - Object: 'Object Repository/WO_Dashboard/Page_Streetlogix  Dashboard/div_Aami  admin' is clicked on

2023-02-15 16:43:54 - [TEST_STEP][PASSED] - setText(findTestObject("Object Repository/WO_Dashboard/Page_Streetlogix  Dashboard/input_Due Date_due_date"), "22/01/2024"): Text '22/01/2024' is set on object 'Object Repository/WO_Dashboard/Page_Streetlogix  Dashboard/input_Due Date_due_date'

2023-02-15 16:43:56 - [MESSAGE][PASSED] - Text '22/01/2024' is set on object 'Object Repository/WO_Dashboard/Page_Streetlogix  Dashboard/input_Due Date_due_date'

2023-02-15 16:43:56 - [TEST_STEP][PASSED] - click(findTestObject("Object Repository/WO_Dashboard/Page_Streetlogix  Dashboard/Priority_field")): Object: 'Object Repository/WO_Dashboard/Page_Streetlogix  Dashboard/Priority_field' is clicked on

2023-02-15 16:43:56 - [MESSAGE][PASSED] - Object: 'Object Repository/WO_Dashboard/Page_Streetlogix  Dashboard/Priority_field' is clicked on

2023-02-15 16:43:56 - [TEST_STEP][PASSED] - click(findTestObject("Object Repository/WO_Dashboard/Page_Streetlogix  Dashboard/span_Medium")): Object: 'Object Repository/WO_Dashboard/Page_Streetlogix  Dashboard/span_Medium' is clicked on

2023-02-15 16:43:57 - [MESSAGE][PASSED] - Object: 'Object Repository/WO_Dashboard/Page_Streetlogix  Dashboard/span_Medium' is clicked on

2023-02-15 16:43:57 - [TEST_STEP][PASSED] - click(findTestObject("WO_Dashboard/Page_Streetlogix  Dashboard/input_Search by Asset ID_mui-40471"), STOP_ON_FAILURE): Object: 'Object Repository/WO_Dashboard/Page_Streetlogix  Dashboard/input_Search by Asset ID_mui-40471' is clicked on

2023-02-15 16:43:58 - [MESSAGE][PASSED] - Object: 'Object Repository/WO_Dashboard/Page_Streetlogix  Dashboard/input_Search by Asset ID_mui-40471' is clicked on

2023-02-15 16:43:58 - [TEST_STEP][PASSED] - setText(findTestObject("WO_Dashboard/Page_Streetlogix  Dashboard/asse_field"), "12"): Text '12' is set on object 'Object Repository/WO_Dashboard/Page_Streetlogix  Dashboard/asse_field'

2023-02-15 16:43:58 - [MESSAGE][PASSED] - Text '12' is set on object 'Object Repository/WO_Dashboard/Page_Streetlogix  Dashboard/asse_field'

2023-02-15 16:43:58 - [TEST_STEP][PASSED] - focus(findTestObject("WO_Dashboard/Page_Streetlogix  Dashboard/asse_field"), STOP_ON_FAILURE): Object: 'Object Repository/WO_Dashboard/Page_Streetlogix  Dashboard/asse_field' is focused

2023-02-15 16:43:59 - [MESSAGE][PASSED] - Object: 'Object Repository/WO_Dashboard/Page_Streetlogix  Dashboard/asse_field' is focused

2023-02-15 16:43:59 - [TEST_STEP][PASSED] - click(findTestObject("WO_Dashboard/Page_Streetlogix  Dashboard/asse_field"), STOP_ON_FAILURE): Object: 'Object Repository/WO_Dashboard/Page_Streetlogix  Dashboard/asse_field' is clicked on

2023-02-15 16:43:59 - [MESSAGE][PASSED] - Object: 'Object Repository/WO_Dashboard/Page_Streetlogix  Dashboard/asse_field' is clicked on

2023-02-15 16:43:59 - [TEST_STEP][PASSED] - click(findTestObject("WO_Dashboard/Page_Streetlogix  Dashboard/asse_field"), STOP_ON_FAILURE): Object: 'Object Repository/WO_Dashboard/Page_Streetlogix  Dashboard/asse_field' is clicked on

2023-02-15 16:44:02 - [MESSAGE][PASSED] - Object: 'Object Repository/WO_Dashboard/Page_Streetlogix  Dashboard/asse_field' is clicked on

2023-02-15 16:44:02 - [TEST_STEP][PASSED] - click(findTestObject("WO_Dashboard/Page_Streetlogix  Dashboard/li_12")): Object: 'Object Repository/WO_Dashboard/Page_Streetlogix  Dashboard/li_12' is clicked on

2023-02-15 16:44:03 - [MESSAGE][PASSED] - Object: 'Object Repository/WO_Dashboard/Page_Streetlogix  Dashboard/li_12' is clicked on

2023-02-15 16:44:03 - [TEST_STEP][PASSED] - address = getAttribute(findTestObject("WO_Dashboard/Page_Streetlogix  Dashboard/address_field2"), "value"): Attribute 'value' of object 'Object Repository/WO_Dashboard/Page_Streetlogix  Dashboard/address_field2' is: 'TYLER AVE From 31ST ST To 32ND ST - 12'

2023-02-15 16:44:03 - [MESSAGE][PASSED] - Attribute 'value' of object 'Object Repository/WO_Dashboard/Page_Streetlogix  Dashboard/address_field2' is: 'TYLER AVE From 31ST ST To 32ND ST - 12'

2023-02-15 16:44:03 - [TEST_STEP][PASSED] - Searchedtext = "TYLER AVE From 31ST ST To 32ND ST - 12": null

2023-02-15 16:44:03 - [TEST_STEP][PASSED] - println(address): null

2023-02-15 16:44:03 - [TEST_STEP][PASSED] - verifyMatch(address, Searchedtext, false): Actual text 'TYLER AVE From 31ST ST To 32ND ST - 12' and expected text 'TYLER AVE From 31ST ST To 32ND ST - 12' are matched 

2023-02-15 16:44:03 - [MESSAGE][PASSED] - Actual text 'TYLER AVE From 31ST ST To 32ND ST - 12' and expected text 'TYLER AVE From 31ST ST To 32ND ST - 12' are matched 

2023-02-15 16:44:03 - [TEST_STEP][PASSED] - setText(findTestObject("Object Repository/WO_Dashboard/Page_Streetlogix  Dashboard/textarea_New"), "New"): Text 'New' is set on object 'Object Repository/WO_Dashboard/Page_Streetlogix  Dashboard/textarea_New'

2023-02-15 16:44:04 - [MESSAGE][PASSED] - Text 'New' is set on object 'Object Repository/WO_Dashboard/Page_Streetlogix  Dashboard/textarea_New'

2023-02-15 16:44:04 - [TEST_STEP][PASSED] - click(findTestObject("WO_Dashboard/Page_Streetlogix  Dashboard/btn_workorder_create")): Object: 'Object Repository/WO_Dashboard/Page_Streetlogix  Dashboard/btn_workorder_create' is clicked on

2023-02-15 16:44:05 - [MESSAGE][PASSED] - Object: 'Object Repository/WO_Dashboard/Page_Streetlogix  Dashboard/btn_workorder_create' is clicked on

2023-02-15 16:44:05 - [TEST_STEP][PASSED] - countAfter = database_keywords.test.Database_Keywords.getWorkOrdersCount(): database_keywords.test.Database_Keywords.getWorkOrdersCount is PASSED

2023-02-15 16:44:14 - [MESSAGE][PASSED] - database_keywords.test.Database_Keywords.getWorkOrdersCount is PASSED

2023-02-15 16:44:14 - [TEST_STEP][PASSED] - println(countAfter): null

2023-02-15 16:44:14 - [TEST_STEP][PASSED] - if (countAfter == countBefore + 1): null

2023-02-15 16:44:14 - [TEST_STEP][PASSED] - println("Work Order Created"): null

2023-02-15 16:44:14 - [TEST_STEP][PASSED] - closeBrowser(): Browser is closed

2023-02-15 16:44:14 - [MESSAGE][PASSED] - Browser is closed]]></system-out>
         <system-err><![CDATA[]]></system-err>
      </testcase>
      <testcase name="Test Cases/GiS/EBP_Inflation/EBP_Inflation" time="104.169" classname="Test Cases/GiS/EBP_Inflation/EBP_Inflation" status="FAILED">
         <failure type="FAILED" message="Test Cases/GiS/EBP_Inflation/EBP_Inflation FAILED.
Reason:
com.kms.katalon.core.exception.StepFailedException: Unable to click on object 'Object Repository/EBP_Object/Page_Streetlogix/span_Cancel'
	at com.kms.katalon.core.webui.keyword.internal.WebUIKeywordMain.stepFailed(WebUIKeywordMain.groovy:64)
	at com.kms.katalon.core.webui.keyword.internal.WebUIKeywordMain.runKeyword(WebUIKeywordMain.groovy:26)
	at com.kms.katalon.core.webui.keyword.builtin.ClickKeyword.click(ClickKeyword.groovy:74)
	at com.kms.katalon.core.webui.keyword.builtin.ClickKeyword.execute(ClickKeyword.groovy:40)
	at com.kms.katalon.core.keyword.internal.KeywordExecutor.executeKeywordForPlatform(KeywordExecutor.groovy:74)
	at com.kms.katalon.core.webui.keyword.WebUiBuiltInKeywords.click(WebUiBuiltInKeywords.groovy:620)
	at com.kms.katalon.core.webui.keyword.WebUiBuiltInKeywords$click$1.call(Unknown Source)
	at EBP_Inflation.run(EBP_Inflation:71)
	at com.kms.katalon.core.main.ScriptEngine.run(ScriptEngine.java:194)
	at com.kms.katalon.core.main.ScriptEngine.runScriptAsRawText(ScriptEngine.java:119)
	at com.kms.katalon.core.main.TestCaseExecutor.runScript(TestCaseExecutor.java:448)
	at com.kms.katalon.core.main.TestCaseExecutor.doExecute(TestCaseExecutor.java:439)
	at com.kms.katalon.core.main.TestCaseExecutor.processExecutionPhase(TestCaseExecutor.java:418)
	at com.kms.katalon.core.main.TestCaseExecutor.accessMainPhase(TestCaseExecutor.java:410)
	at com.kms.katalon.core.main.TestCaseExecutor.execute(TestCaseExecutor.java:285)
	at com.kms.katalon.core.common.CommonExecutor.accessTestCaseMainPhase(CommonExecutor.java:65)
	at com.kms.katalon.core.main.TestSuiteExecutor.accessTestSuiteMainPhase(TestSuiteExecutor.java:151)
	at com.kms.katalon.core.main.TestSuiteExecutor.execute(TestSuiteExecutor.java:106)
	at com.kms.katalon.core.main.TestCaseMain.startTestSuite(TestCaseMain.java:185)
	at com.kms.katalon.core.main.TestCaseMain$startTestSuite$0.call(Unknown Source)
	at TempTestSuite1676461003915.run(TempTestSuite1676461003915.groovy:36)
Caused by: com.kms.katalon.core.webui.exception.WebElementNotFoundException: Web element with id: 'Object Repository/EBP_Object/Page_Streetlogix/span_Cancel' located by '(.//*[normalize-space(text()) and normalize-space(.)='Completed'])[9]/following::span[7]' not found
	at com.kms.katalon.core.webui.common.WebUiCommonHelper.findWebElement(WebUiCommonHelper.java:1370)
	at com.kms.katalon.core.webui.keyword.internal.WebUIAbstractKeyword.findWebElement(WebUIAbstractKeyword.groovy:27)
	at com.kms.katalon.core.webui.keyword.builtin.ClickKeyword$_click_closure1.doCall(ClickKeyword.groovy:65)
	at com.kms.katalon.core.webui.keyword.builtin.ClickKeyword$_click_closure1.call(ClickKeyword.groovy)
	at com.kms.katalon.core.webui.keyword.internal.WebUIKeywordMain.runKeyword(WebUIKeywordMain.groovy:20)
	... 19 more
"/>
         <system-out><![CDATA[2023-02-15 16:44:14 - [TEST_CASE][FAILED] - Test Cases/GiS/EBP_Inflation/EBP_Inflation: Test Cases/GiS/EBP_Inflation/EBP_Inflation FAILED.
Reason:
com.kms.katalon.core.exception.StepFailedException: Unable to click on object 'Object Repository/EBP_Object/Page_Streetlogix/span_Cancel'
	at com.kms.katalon.core.webui.keyword.internal.WebUIKeywordMain.stepFailed(WebUIKeywordMain.groovy:64)
	at com.kms.katalon.core.webui.keyword.internal.WebUIKeywordMain.runKeyword(WebUIKeywordMain.groovy:26)
	at com.kms.katalon.core.webui.keyword.builtin.ClickKeyword.click(ClickKeyword.groovy:74)
	at com.kms.katalon.core.webui.keyword.builtin.ClickKeyword.execute(ClickKeyword.groovy:40)
	at com.kms.katalon.core.keyword.internal.KeywordExecutor.executeKeywordForPlatform(KeywordExecutor.groovy:74)
	at com.kms.katalon.core.webui.keyword.WebUiBuiltInKeywords.click(WebUiBuiltInKeywords.groovy:620)
	at com.kms.katalon.core.webui.keyword.WebUiBuiltInKeywords$click$1.call(Unknown Source)
	at EBP_Inflation.run(EBP_Inflation:71)
	at com.kms.katalon.core.main.ScriptEngine.run(ScriptEngine.java:194)
	at com.kms.katalon.core.main.ScriptEngine.runScriptAsRawText(ScriptEngine.java:119)
	at com.kms.katalon.core.main.TestCaseExecutor.runScript(TestCaseExecutor.java:448)
	at com.kms.katalon.core.main.TestCaseExecutor.doExecute(TestCaseExecutor.java:439)
	at com.kms.katalon.core.main.TestCaseExecutor.processExecutionPhase(TestCaseExecutor.java:418)
	at com.kms.katalon.core.main.TestCaseExecutor.accessMainPhase(TestCaseExecutor.java:410)
	at com.kms.katalon.core.main.TestCaseExecutor.execute(TestCaseExecutor.java:285)
	at com.kms.katalon.core.common.CommonExecutor.accessTestCaseMainPhase(CommonExecutor.java:65)
	at com.kms.katalon.core.main.TestSuiteExecutor.accessTestSuiteMainPhase(TestSuiteExecutor.java:151)
	at com.kms.katalon.core.main.TestSuiteExecutor.execute(TestSuiteExecutor.java:106)
	at com.kms.katalon.core.main.TestCaseMain.startTestSuite(TestCaseMain.java:185)
	at com.kms.katalon.core.main.TestCaseMain$startTestSuite$0.call(Unknown Source)
	at TempTestSuite1676461003915.run(TempTestSuite1676461003915.groovy:36)
Caused by: com.kms.katalon.core.webui.exception.WebElementNotFoundException: Web element with id: 'Object Repository/EBP_Object/Page_Streetlogix/span_Cancel' located by '(.//*[normalize-space(text()) and normalize-space(.)='Completed'])[9]/following::span[7]' not found
	at com.kms.katalon.core.webui.common.WebUiCommonHelper.findWebElement(WebUiCommonHelper.java:1370)
	at com.kms.katalon.core.webui.keyword.internal.WebUIAbstractKeyword.findWebElement(WebUIAbstractKeyword.groovy:27)
	at com.kms.katalon.core.webui.keyword.builtin.ClickKeyword$_click_closure1.doCall(ClickKeyword.groovy:65)
	at com.kms.katalon.core.webui.keyword.builtin.ClickKeyword$_click_closure1.call(ClickKeyword.groovy)
	at com.kms.katalon.core.webui.keyword.internal.WebUIKeywordMain.runKeyword(WebUIKeywordMain.groovy:20)
	... 19 more


2023-02-15 16:44:14 - [TEST_STEP][PASSED] - openBrowser(""): Browser is opened with url: ''

2023-02-15 16:44:14 - [MESSAGE][INFO] - Starting 'Chrome' driver

2023-02-15 16:44:14 - [MESSAGE][INFO] - Action delay is set to 0 milliseconds

2023-02-15 16:44:16 - [MESSAGE][PASSED] - Browser is opened with url: ''

2023-02-15 16:44:16 - [TEST_STEP][PASSED] - navigateToUrl("https://streetlogix-gis-slx4-develop.vercel.app/?config=64077fc938af4bcc9a46a81d8f4e5576&token=eyJhbGciOiJIUzI1NiIsInR5cCI6IkpXVCJ9.eyJpZCI6OTc2LCJuYW1lIjoiU29oYWliIE5laGFsIiwiZXhwIjoxNjc4NzI5ODk0LCJpYXQiOjE2NzYxMzc4OTR9.UHfOiNtJ_le0VZsenXiPbH0qUWaL-Iey0ptbA6Kalco"): Navigate to 'https://streetlogix-gis-slx4-develop.vercel.app/?config=64077fc938af4bcc9a46a81d8f4e5576&token=eyJhbGciOiJIUzI1NiIsInR5cCI6IkpXVCJ9.eyJpZCI6OTc2LCJuYW1lIjoiU29oYWliIE5laGFsIiwiZXhwIjoxNjc4NzI5ODk0LCJpYXQiOjE2NzYxMzc4OTR9.UHfOiNtJ_le0VZsenXiPbH0qUWaL-Iey0ptbA6Kalco' successfully

2023-02-15 16:44:18 - [MESSAGE][PASSED] - Navigate to 'https://streetlogix-gis-slx4-develop.vercel.app/?config=64077fc938af4bcc9a46a81d8f4e5576&token=eyJhbGciOiJIUzI1NiIsInR5cCI6IkpXVCJ9.eyJpZCI6OTc2LCJuYW1lIjoiU29oYWliIE5laGFsIiwiZXhwIjoxNjc4NzI5ODk0LCJpYXQiOjE2NzYxMzc4OTR9.UHfOiNtJ_le0VZsenXiPbH0qUWaL-Iey0ptbA6Kalco' successfully

2023-02-15 16:44:18 - [TEST_STEP][PASSED] - click(findTestObject("Object Repository/EBP_Object/Page_Streetlogix/img_Filter_rail-icon")): Object: 'Object Repository/EBP_Object/Page_Streetlogix/img_Filter_rail-icon' is clicked on

2023-02-15 16:44:22 - [MESSAGE][PASSED] - Object: 'Object Repository/EBP_Object/Page_Streetlogix/img_Filter_rail-icon' is clicked on

2023-02-15 16:44:22 - [TEST_STEP][PASSED] - click(findTestObject("Object Repository/EBP_Object/Page_Streetlogix/img_Budgeting_rail-icon")): Object: 'Object Repository/EBP_Object/Page_Streetlogix/img_Budgeting_rail-icon' is clicked on

2023-02-15 16:44:24 - [MESSAGE][PASSED] - Object: 'Object Repository/EBP_Object/Page_Streetlogix/img_Budgeting_rail-icon' is clicked on

2023-02-15 16:44:24 - [TEST_STEP][PASSED] - click(findTestObject("Object Repository/EBP_Object/Page_Streetlogix/EBP_Pavemnet dropdown")): Object: 'Object Repository/EBP_Object/Page_Streetlogix/EBP_Pavemnet dropdown' is clicked on

2023-02-15 16:44:28 - [MESSAGE][PASSED] - Object: 'Object Repository/EBP_Object/Page_Streetlogix/EBP_Pavemnet dropdown' is clicked on

2023-02-15 16:44:28 - [TEST_STEP][PASSED] - click(findTestObject("Object Repository/EBP_Object/Page_Streetlogix/li_Pavement Maintenance")): Object: 'Object Repository/EBP_Object/Page_Streetlogix/li_Pavement Maintenance' is clicked on

2023-02-15 16:44:28 - [MESSAGE][PASSED] - Object: 'Object Repository/EBP_Object/Page_Streetlogix/li_Pavement Maintenance' is clicked on

2023-02-15 16:44:28 - [TEST_STEP][PASSED] - sendKeys(findTestObject("Object Repository/EBP_Object/Page_Streetlogix/input_Scenario Name_scenarioName"), Keys.chord(COMMAND, "a")): Keys 'COMMAND + a' sent to object: 'Object Repository/EBP_Object/Page_Streetlogix/input_Scenario Name_scenarioName'

2023-02-15 16:44:29 - [MESSAGE][PASSED] - Keys 'COMMAND + a' sent to object: 'Object Repository/EBP_Object/Page_Streetlogix/input_Scenario Name_scenarioName'

2023-02-15 16:44:29 - [TEST_STEP][PASSED] - sendKeys(findTestObject("Object Repository/EBP_Object/Page_Streetlogix/input_Scenario Name_scenarioName"), Keys.chord(DELETE)): Keys 'DELETE + ' sent to object: 'Object Repository/EBP_Object/Page_Streetlogix/input_Scenario Name_scenarioName'

2023-02-15 16:44:30 - [MESSAGE][PASSED] - Keys 'DELETE + ' sent to object: 'Object Repository/EBP_Object/Page_Streetlogix/input_Scenario Name_scenarioName'

2023-02-15 16:44:30 - [TEST_STEP][PASSED] - setText(findTestObject("Object Repository/EBP_Object/Page_Streetlogix/input_Scenario Name_scenarioName"), "EBP_Inflation 7.5"): Text 'EBP_Inflation 7.5' is set on object 'Object Repository/EBP_Object/Page_Streetlogix/input_Scenario Name_scenarioName'

2023-02-15 16:44:30 - [MESSAGE][PASSED] - Text 'EBP_Inflation 7.5' is set on object 'Object Repository/EBP_Object/Page_Streetlogix/input_Scenario Name_scenarioName'

2023-02-15 16:44:30 - [TEST_STEP][PASSED] - sendKeys(findTestObject("Object Repository/EBP_Object/Page_Streetlogix/input_Annual Budget_budgets"), Keys.chord(COMMAND, "a")): Keys 'COMMAND + a' sent to object: 'Object Repository/EBP_Object/Page_Streetlogix/input_Annual Budget_budgets'

2023-02-15 16:44:31 - [MESSAGE][PASSED] - Keys 'COMMAND + a' sent to object: 'Object Repository/EBP_Object/Page_Streetlogix/input_Annual Budget_budgets'

2023-02-15 16:44:31 - [TEST_STEP][PASSED] - sendKeys(findTestObject("Object Repository/EBP_Object/Page_Streetlogix/input_Annual Budget_budgets"), Keys.chord(DELETE)): Keys 'DELETE + ' sent to object: 'Object Repository/EBP_Object/Page_Streetlogix/input_Annual Budget_budgets'

2023-02-15 16:44:31 - [MESSAGE][PASSED] - Keys 'DELETE + ' sent to object: 'Object Repository/EBP_Object/Page_Streetlogix/input_Annual Budget_budgets'

2023-02-15 16:44:31 - [TEST_STEP][PASSED] - setText(findTestObject("Object Repository/EBP_Object/Page_Streetlogix/input_Annual Budget_budgets"), "100,000"): Text '100,000' is set on object 'Object Repository/EBP_Object/Page_Streetlogix/input_Annual Budget_budgets'

2023-02-15 16:44:32 - [MESSAGE][PASSED] - Text '100,000' is set on object 'Object Repository/EBP_Object/Page_Streetlogix/input_Annual Budget_budgets'

2023-02-15 16:44:32 - [TEST_STEP][PASSED] - sendKeys(findTestObject("Object Repository/EBP_Object/Page_Streetlogix/input_Program duration_programDuration"), Keys.chord(COMMAND, "a")): Keys 'COMMAND + a' sent to object: 'Object Repository/EBP_Object/Page_Streetlogix/input_Program duration_programDuration'

2023-02-15 16:44:33 - [MESSAGE][PASSED] - Keys 'COMMAND + a' sent to object: 'Object Repository/EBP_Object/Page_Streetlogix/input_Program duration_programDuration'

2023-02-15 16:44:33 - [TEST_STEP][PASSED] - sendKeys(findTestObject("Object Repository/EBP_Object/Page_Streetlogix/input_Program duration_programDuration"), Keys.chord(DELETE)): Keys 'DELETE + ' sent to object: 'Object Repository/EBP_Object/Page_Streetlogix/input_Program duration_programDuration'

2023-02-15 16:44:33 - [MESSAGE][PASSED] - Keys 'DELETE + ' sent to object: 'Object Repository/EBP_Object/Page_Streetlogix/input_Program duration_programDuration'

2023-02-15 16:44:33 - [TEST_STEP][PASSED] - setText(findTestObject("Object Repository/EBP_Object/Page_Streetlogix/input_Program duration_programDuration"), "5"): Text '5' is set on object 'Object Repository/EBP_Object/Page_Streetlogix/input_Program duration_programDuration'

2023-02-15 16:44:34 - [MESSAGE][PASSED] - Text '5' is set on object 'Object Repository/EBP_Object/Page_Streetlogix/input_Program duration_programDuration'

2023-02-15 16:44:34 - [TEST_STEP][PASSED] - click(findTestObject("Object Repository/EBP_Object/Page_Streetlogix/span_Apply")): Object: 'Object Repository/EBP_Object/Page_Streetlogix/span_Apply' is clicked on

2023-02-15 16:44:34 - [MESSAGE][PASSED] - Object: 'Object Repository/EBP_Object/Page_Streetlogix/span_Apply' is clicked on

2023-02-15 16:44:34 - [TEST_STEP][PASSED] - delay(50): Delayed 50 second(s)

2023-02-15 16:45:24 - [MESSAGE][PASSED] - Delayed 50 second(s)

2023-02-15 16:45:24 - [TEST_STEP][PASSED] - click(findTestObject("Object Repository/EBP_Object/Page_Streetlogix/span_Load")): Object: 'Object Repository/EBP_Object/Page_Streetlogix/span_Load' is clicked on

2023-02-15 16:45:25 - [MESSAGE][PASSED] - Object: 'Object Repository/EBP_Object/Page_Streetlogix/span_Load' is clicked on

2023-02-15 16:45:25 - [TEST_STEP][PASSED] - click(findTestObject("Object Repository/EBP_Object/Page_Streetlogix/div_EBP_Inflation 7.5")): Object: 'Object Repository/EBP_Object/Page_Streetlogix/div_EBP_Inflation 7.5' is clicked on

2023-02-15 16:45:27 - [MESSAGE][PASSED] - Object: 'Object Repository/EBP_Object/Page_Streetlogix/div_EBP_Inflation 7.5' is clicked on

2023-02-15 16:45:27 - [TEST_STEP][FAILED] - click(findTestObject("Object Repository/EBP_Object/Page_Streetlogix/span_Cancel")): Unable to click on object 'Object Repository/EBP_Object/Page_Streetlogix/span_Cancel' (Root cause: com.kms.katalon.core.exception.StepFailedException: Unable to click on object 'Object Repository/EBP_Object/Page_Streetlogix/span_Cancel'
	at com.kms.katalon.core.webui.keyword.internal.WebUIKeywordMain.stepFailed(WebUIKeywordMain.groovy:64)
	at com.kms.katalon.core.webui.keyword.internal.WebUIKeywordMain.runKeyword(WebUIKeywordMain.groovy:26)
	at com.kms.katalon.core.webui.keyword.builtin.ClickKeyword.click(ClickKeyword.groovy:74)
	at com.kms.katalon.core.webui.keyword.builtin.ClickKeyword.execute(ClickKeyword.groovy:40)
	at com.kms.katalon.core.keyword.internal.KeywordExecutor.executeKeywordForPlatform(KeywordExecutor.groovy:74)
	at com.kms.katalon.core.webui.keyword.WebUiBuiltInKeywords.click(WebUiBuiltInKeywords.groovy:620)
	at com.kms.katalon.core.webui.keyword.WebUiBuiltInKeywords$click$1.call(Unknown Source)
	at EBP_Inflation.run(EBP_Inflation:71)
	at com.kms.katalon.core.main.ScriptEngine.run(ScriptEngine.java:194)
	at com.kms.katalon.core.main.ScriptEngine.runScriptAsRawText(ScriptEngine.java:119)
	at com.kms.katalon.core.main.TestCaseExecutor.runScript(TestCaseExecutor.java:448)
	at com.kms.katalon.core.main.TestCaseExecutor.doExecute(TestCaseExecutor.java:439)
	at com.kms.katalon.core.main.TestCaseExecutor.processExecutionPhase(TestCaseExecutor.java:418)
	at com.kms.katalon.core.main.TestCaseExecutor.accessMainPhase(TestCaseExecutor.java:410)
	at com.kms.katalon.core.main.TestCaseExecutor.execute(TestCaseExecutor.java:285)
	at com.kms.katalon.core.common.CommonExecutor.accessTestCaseMainPhase(CommonExecutor.java:65)
	at com.kms.katalon.core.main.TestSuiteExecutor.accessTestSuiteMainPhase(TestSuiteExecutor.java:151)
	at com.kms.katalon.core.main.TestSuiteExecutor.execute(TestSuiteExecutor.java:106)
	at com.kms.katalon.core.main.TestCaseMain.startTestSuite(TestCaseMain.java:185)
	at com.kms.katalon.core.main.TestCaseMain$startTestSuite$0.call(Unknown Source)
	at TempTestSuite1676461003915.run(TempTestSuite1676461003915.groovy:36)
Caused by: com.kms.katalon.core.webui.exception.WebElementNotFoundException: Web element with id: 'Object Repository/EBP_Object/Page_Streetlogix/span_Cancel' located by '(.//*[normalize-space(text()) and normalize-space(.)='Completed'])[9]/following::span[7]' not found
	at com.kms.katalon.core.webui.common.WebUiCommonHelper.findWebElement(WebUiCommonHelper.java:1370)
	at com.kms.katalon.core.webui.keyword.internal.WebUIAbstractKeyword.findWebElement(WebUIAbstractKeyword.groovy:27)
	at com.kms.katalon.core.webui.keyword.builtin.ClickKeyword$_click_closure1.doCall(ClickKeyword.groovy:65)
	at com.kms.katalon.core.webui.keyword.builtin.ClickKeyword$_click_closure1.call(ClickKeyword.groovy)
	at com.kms.katalon.core.webui.keyword.internal.WebUIKeywordMain.runKeyword(WebUIKeywordMain.groovy:20)
	at com.kms.katalon.core.webui.keyword.builtin.ClickKeyword.click(ClickKeyword.groovy:74)
	at com.kms.katalon.core.webui.keyword.builtin.ClickKeyword.execute(ClickKeyword.groovy:40)
	at com.kms.katalon.core.keyword.internal.KeywordExecutor.executeKeywordForPlatform(KeywordExecutor.groovy:74)
	at com.kms.katalon.core.webui.keyword.WebUiBuiltInKeywords.click(WebUiBuiltInKeywords.groovy:620)
	at com.kms.katalon.core.webui.keyword.WebUiBuiltInKeywords$click$1.call(Unknown Source)
	at Script1670908319818.run(Script1670908319818.groovy:71)
	... 13 more
)

2023-02-15 16:45:58 - [MESSAGE][INFO] - Unable to find the element located by 'By.xpath: (.//*[normalize-space(text()) and normalize-space(.)='Completed'])[9]/following::span[7]'. Please recheck the objects properties to make sure the desired element is located. 

2023-02-15 16:45:58 - [MESSAGE][FAILED] - Unable to click on object 'Object Repository/EBP_Object/Page_Streetlogix/span_Cancel' (Root cause: com.kms.katalon.core.exception.StepFailedException: Unable to click on object 'Object Repository/EBP_Object/Page_Streetlogix/span_Cancel'
	at com.kms.katalon.core.webui.keyword.internal.WebUIKeywordMain.stepFailed(WebUIKeywordMain.groovy:64)
	at com.kms.katalon.core.webui.keyword.internal.WebUIKeywordMain.runKeyword(WebUIKeywordMain.groovy:26)
	at com.kms.katalon.core.webui.keyword.builtin.ClickKeyword.click(ClickKeyword.groovy:74)
	at com.kms.katalon.core.webui.keyword.builtin.ClickKeyword.execute(ClickKeyword.groovy:40)
	at com.kms.katalon.core.keyword.internal.KeywordExecutor.executeKeywordForPlatform(KeywordExecutor.groovy:74)
	at com.kms.katalon.core.webui.keyword.WebUiBuiltInKeywords.click(WebUiBuiltInKeywords.groovy:620)
	at com.kms.katalon.core.webui.keyword.WebUiBuiltInKeywords$click$1.call(Unknown Source)
	at EBP_Inflation.run(EBP_Inflation:71)
	at com.kms.katalon.core.main.ScriptEngine.run(ScriptEngine.java:194)
	at com.kms.katalon.core.main.ScriptEngine.runScriptAsRawText(ScriptEngine.java:119)
	at com.kms.katalon.core.main.TestCaseExecutor.runScript(TestCaseExecutor.java:448)
	at com.kms.katalon.core.main.TestCaseExecutor.doExecute(TestCaseExecutor.java:439)
	at com.kms.katalon.core.main.TestCaseExecutor.processExecutionPhase(TestCaseExecutor.java:418)
	at com.kms.katalon.core.main.TestCaseExecutor.accessMainPhase(TestCaseExecutor.java:410)
	at com.kms.katalon.core.main.TestCaseExecutor.execute(TestCaseExecutor.java:285)
	at com.kms.katalon.core.common.CommonExecutor.accessTestCaseMainPhase(CommonExecutor.java:65)
	at com.kms.katalon.core.main.TestSuiteExecutor.accessTestSuiteMainPhase(TestSuiteExecutor.java:151)
	at com.kms.katalon.core.main.TestSuiteExecutor.execute(TestSuiteExecutor.java:106)
	at com.kms.katalon.core.main.TestCaseMain.startTestSuite(TestCaseMain.java:185)
	at com.kms.katalon.core.main.TestCaseMain$startTestSuite$0.call(Unknown Source)
	at TempTestSuite1676461003915.run(TempTestSuite1676461003915.groovy:36)
Caused by: com.kms.katalon.core.webui.exception.WebElementNotFoundException: Web element with id: 'Object Repository/EBP_Object/Page_Streetlogix/span_Cancel' located by '(.//*[normalize-space(text()) and normalize-space(.)='Completed'])[9]/following::span[7]' not found
	at com.kms.katalon.core.webui.common.WebUiCommonHelper.findWebElement(WebUiCommonHelper.java:1370)
	at com.kms.katalon.core.webui.keyword.internal.WebUIAbstractKeyword.findWebElement(WebUIAbstractKeyword.groovy:27)
	at com.kms.katalon.core.webui.keyword.builtin.ClickKeyword$_click_closure1.doCall(ClickKeyword.groovy:65)
	at com.kms.katalon.core.webui.keyword.builtin.ClickKeyword$_click_closure1.call(ClickKeyword.groovy)
	at com.kms.katalon.core.webui.keyword.internal.WebUIKeywordMain.runKeyword(WebUIKeywordMain.groovy:20)
	at com.kms.katalon.core.webui.keyword.builtin.ClickKeyword.click(ClickKeyword.groovy:74)
	at com.kms.katalon.core.webui.keyword.builtin.ClickKeyword.execute(ClickKeyword.groovy:40)
	at com.kms.katalon.core.keyword.internal.KeywordExecutor.executeKeywordForPlatform(KeywordExecutor.groovy:74)
	at com.kms.katalon.core.webui.keyword.WebUiBuiltInKeywords.click(WebUiBuiltInKeywords.groovy:620)
	at com.kms.katalon.core.webui.keyword.WebUiBuiltInKeywords$click$1.call(Unknown Source)
	at Script1670908319818.run(Script1670908319818.groovy:71)
	... 13 more
)
[[ATTACHMENT|/Users/kashif/Downloads/Kashif/Katalon Studio/4.0_fresh/4.0 Fresh/Reports/20230215_163642/GIS/20230215_163643/1676461558463.png]]]]></system-out>
         <system-err><![CDATA[2023-02-15 16:44:14 - [TEST_CASE][FAILED] - Test Cases/GiS/EBP_Inflation/EBP_Inflation: Test Cases/GiS/EBP_Inflation/EBP_Inflation FAILED.
Reason:
com.kms.katalon.core.exception.StepFailedException: Unable to click on object 'Object Repository/EBP_Object/Page_Streetlogix/span_Cancel'
	at com.kms.katalon.core.webui.keyword.internal.WebUIKeywordMain.stepFailed(WebUIKeywordMain.groovy:64)
	at com.kms.katalon.core.webui.keyword.internal.WebUIKeywordMain.runKeyword(WebUIKeywordMain.groovy:26)
	at com.kms.katalon.core.webui.keyword.builtin.ClickKeyword.click(ClickKeyword.groovy:74)
	at com.kms.katalon.core.webui.keyword.builtin.ClickKeyword.execute(ClickKeyword.groovy:40)
	at com.kms.katalon.core.keyword.internal.KeywordExecutor.executeKeywordForPlatform(KeywordExecutor.groovy:74)
	at com.kms.katalon.core.webui.keyword.WebUiBuiltInKeywords.click(WebUiBuiltInKeywords.groovy:620)
	at com.kms.katalon.core.webui.keyword.WebUiBuiltInKeywords$click$1.call(Unknown Source)
	at EBP_Inflation.run(EBP_Inflation:71)
	at com.kms.katalon.core.main.ScriptEngine.run(ScriptEngine.java:194)
	at com.kms.katalon.core.main.ScriptEngine.runScriptAsRawText(ScriptEngine.java:119)
	at com.kms.katalon.core.main.TestCaseExecutor.runScript(TestCaseExecutor.java:448)
	at com.kms.katalon.core.main.TestCaseExecutor.doExecute(TestCaseExecutor.java:439)
	at com.kms.katalon.core.main.TestCaseExecutor.processExecutionPhase(TestCaseExecutor.java:418)
	at com.kms.katalon.core.main.TestCaseExecutor.accessMainPhase(TestCaseExecutor.java:410)
	at com.kms.katalon.core.main.TestCaseExecutor.execute(TestCaseExecutor.java:285)
	at com.kms.katalon.core.common.CommonExecutor.accessTestCaseMainPhase(CommonExecutor.java:65)
	at com.kms.katalon.core.main.TestSuiteExecutor.accessTestSuiteMainPhase(TestSuiteExecutor.java:151)
	at com.kms.katalon.core.main.TestSuiteExecutor.execute(TestSuiteExecutor.java:106)
	at com.kms.katalon.core.main.TestCaseMain.startTestSuite(TestCaseMain.java:185)
	at com.kms.katalon.core.main.TestCaseMain$startTestSuite$0.call(Unknown Source)
	at TempTestSuite1676461003915.run(TempTestSuite1676461003915.groovy:36)
Caused by: com.kms.katalon.core.webui.exception.WebElementNotFoundException: Web element with id: 'Object Repository/EBP_Object/Page_Streetlogix/span_Cancel' located by '(.//*[normalize-space(text()) and normalize-space(.)='Completed'])[9]/following::span[7]' not found
	at com.kms.katalon.core.webui.common.WebUiCommonHelper.findWebElement(WebUiCommonHelper.java:1370)
	at com.kms.katalon.core.webui.keyword.internal.WebUIAbstractKeyword.findWebElement(WebUIAbstractKeyword.groovy:27)
	at com.kms.katalon.core.webui.keyword.builtin.ClickKeyword$_click_closure1.doCall(ClickKeyword.groovy:65)
	at com.kms.katalon.core.webui.keyword.builtin.ClickKeyword$_click_closure1.call(ClickKeyword.groovy)
	at com.kms.katalon.core.webui.keyword.internal.WebUIKeywordMain.runKeyword(WebUIKeywordMain.groovy:20)
	... 19 more]]></system-err>
      </testcase>
      <testcase name="Test Cases/GiS/EBP_Inflation/EBP_Default_Inflation" time="20.403" classname="Test Cases/GiS/EBP_Inflation/EBP_Default_Inflation" status="FAILED">
         <failure type="FAILED" message="Test Cases/GiS/EBP_Inflation/EBP_Default_Inflation FAILED.
Reason:
com.kms.katalon.core.exception.StepFailedException: Unable to click on object 'Object Repository/EBP_Object/Page_Streetlogix/img_Filter_rail-icon'
	at com.kms.katalon.core.webui.keyword.internal.WebUIKeywordMain.stepFailed(WebUIKeywordMain.groovy:64)
	at com.kms.katalon.core.webui.keyword.internal.WebUIKeywordMain.runKeyword(WebUIKeywordMain.groovy:26)
	at com.kms.katalon.core.webui.keyword.builtin.ClickKeyword.click(ClickKeyword.groovy:74)
	at com.kms.katalon.core.webui.keyword.builtin.ClickKeyword.execute(ClickKeyword.groovy:40)
	at com.kms.katalon.core.keyword.internal.KeywordExecutor.executeKeywordForPlatform(KeywordExecutor.groovy:74)
	at com.kms.katalon.core.webui.keyword.WebUiBuiltInKeywords.click(WebUiBuiltInKeywords.groovy:620)
	at com.kms.katalon.core.webui.keyword.WebUiBuiltInKeywords$click$1.call(Unknown Source)
	at EBP_Default_Inflation.run(EBP_Default_Inflation:24)
	at com.kms.katalon.core.main.ScriptEngine.run(ScriptEngine.java:194)
	at com.kms.katalon.core.main.ScriptEngine.runScriptAsRawText(ScriptEngine.java:119)
	at com.kms.katalon.core.main.TestCaseExecutor.runScript(TestCaseExecutor.java:448)
	at com.kms.katalon.core.main.TestCaseExecutor.doExecute(TestCaseExecutor.java:439)
	at com.kms.katalon.core.main.TestCaseExecutor.processExecutionPhase(TestCaseExecutor.java:418)
	at com.kms.katalon.core.main.TestCaseExecutor.accessMainPhase(TestCaseExecutor.java:410)
	at com.kms.katalon.core.main.TestCaseExecutor.execute(TestCaseExecutor.java:285)
	at com.kms.katalon.core.common.CommonExecutor.accessTestCaseMainPhase(CommonExecutor.java:65)
	at com.kms.katalon.core.main.TestSuiteExecutor.accessTestSuiteMainPhase(TestSuiteExecutor.java:151)
	at com.kms.katalon.core.main.TestSuiteExecutor.execute(TestSuiteExecutor.java:106)
	at com.kms.katalon.core.main.TestCaseMain.startTestSuite(TestCaseMain.java:185)
	at com.kms.katalon.core.main.TestCaseMain$startTestSuite$0.call(Unknown Source)
	at TempTestSuite1676461003915.run(TempTestSuite1676461003915.groovy:36)
Caused by: org.openqa.selenium.NoSuchWindowException: no such window: target window already closed
from unknown error: web view not found
  (Session info: chrome=110.0.5481.100)
Build info: version: '3.141.59', revision: 'e82be7d358', time: '2018-11-14T08:25:53'
System info: host: 'Kashifs-MacBook-Pro.local', ip: 'fe80:0:0:0:2a:e350:6cb0:c073%en0', os.name: 'Mac OS X', os.arch: 'x86_64', os.version: '10.16', java.version: '1.8.0_275'
Driver info: com.kms.katalon.selenium.driver.CChromeDriver
Capabilities {acceptInsecureCerts: false, browserName: chrome, browserVersion: 110.0.5481.100, chrome: {chromedriverVersion: 109.0.5414.74 (e7c5703604da..., userDataDir: /var/folders/d5/lp70b0s53sb...}, goog:chromeOptions: {debuggerAddress: localhost:59080}, javascriptEnabled: true, networkConnectionEnabled: false, pageLoadStrategy: normal, platform: MAC, platformName: MAC, proxy: Proxy(), setWindowRect: true, strictFileInteractability: false, timeouts: {implicit: 0, pageLoad: 300000, script: 30000}, unhandledPromptBehavior: dismiss and notify, webauthn:extension:credBlob: true, webauthn:extension:largeBlob: true, webauthn:virtualAuthenticators: true}
Session ID: 0c97b6a0289b6808a9663071473e69cf
*** Element info: {Using=xpath, value=//div[@id='root']/div/div/div[2]/div/div[3]/div[4]/div/div/img}
	at org.openqa.selenium.remote.http.W3CHttpResponseCodec.createException(W3CHttpResponseCodec.java:187)
	at org.openqa.selenium.remote.http.W3CHttpResponseCodec.decode(W3CHttpResponseCodec.java:122)
	at org.openqa.selenium.remote.http.W3CHttpResponseCodec.decode(W3CHttpResponseCodec.java:49)
	at org.openqa.selenium.remote.HttpCommandExecutor.execute(HttpCommandExecutor.java:158)
	at org.openqa.selenium.remote.service.DriverCommandExecutor.execute(DriverCommandExecutor.java:83)
	at org.openqa.selenium.remote.RemoteWebDriver.execute(RemoteWebDriver.java:552)
	at com.kms.katalon.selenium.driver.CChromeDriver.execute(CChromeDriver.java:19)
	at org.openqa.selenium.remote.RemoteWebDriver.findElements(RemoteWebDriver.java:353)
	at org.openqa.selenium.remote.RemoteWebDriver.findElementsByXPath(RemoteWebDriver.java:432)
	at org.openqa.selenium.By$ByXPath.findElements(By.java:348)
	at org.openqa.selenium.remote.RemoteWebDriver.findElements(RemoteWebDriver.java:311)
	at org.openqa.selenium.support.events.EventFiringWebDriver.lambda$new$1(EventFiringWebDriver.java:105)
	at com.sun.proxy.$Proxy10.findElements(Unknown Source)
	at org.openqa.selenium.support.events.EventFiringWebDriver.findElements(EventFiringWebDriver.java:182)
	at com.kms.katalon.core.webui.common.WebUiCommonHelper.findElementByNormalMethods(WebUiCommonHelper.java:1016)
	at com.kms.katalon.core.webui.common.WebUiCommonHelper.findElementsBySelectedMethod(WebUiCommonHelper.java:911)
	at com.kms.katalon.core.webui.common.WebUiCommonHelper.findElementsBySelectedMethod(WebUiCommonHelper.java:894)
	at com.kms.katalon.core.webui.common.WebUiCommonHelper.findElementsBySelectedMethod(WebUiCommonHelper.java:889)
	at com.kms.katalon.core.webui.common.WebUiCommonHelper.findElementsByDefault(WebUiCommonHelper.java:885)
	at com.kms.katalon.core.webui.common.WebUiCommonHelper.findWebElements(WebUiCommonHelper.java:720)
	at com.kms.katalon.core.webui.common.WebUiCommonHelper.findWebElement(WebUiCommonHelper.java:1365)
	at com.kms.katalon.core.webui.keyword.internal.WebUIAbstractKeyword.findWebElement(WebUIAbstractKeyword.groovy:27)
	at com.kms.katalon.core.webui.keyword.builtin.ClickKeyword$_click_closure1.doCall(ClickKeyword.groovy:65)
	at com.kms.katalon.core.webui.keyword.builtin.ClickKeyword$_click_closure1.call(ClickKeyword.groovy)
	at com.kms.katalon.core.webui.keyword.internal.WebUIKeywordMain.runKeyword(WebUIKeywordMain.groovy:20)
	... 19 more
"/>
         <system-out><![CDATA[2023-02-15 16:45:58 - [TEST_CASE][FAILED] - Test Cases/GiS/EBP_Inflation/EBP_Default_Inflation: Test Cases/GiS/EBP_Inflation/EBP_Default_Inflation FAILED.
Reason:
com.kms.katalon.core.exception.StepFailedException: Unable to click on object 'Object Repository/EBP_Object/Page_Streetlogix/img_Filter_rail-icon'
	at com.kms.katalon.core.webui.keyword.internal.WebUIKeywordMain.stepFailed(WebUIKeywordMain.groovy:64)
	at com.kms.katalon.core.webui.keyword.internal.WebUIKeywordMain.runKeyword(WebUIKeywordMain.groovy:26)
	at com.kms.katalon.core.webui.keyword.builtin.ClickKeyword.click(ClickKeyword.groovy:74)
	at com.kms.katalon.core.webui.keyword.builtin.ClickKeyword.execute(ClickKeyword.groovy:40)
	at com.kms.katalon.core.keyword.internal.KeywordExecutor.executeKeywordForPlatform(KeywordExecutor.groovy:74)
	at com.kms.katalon.core.webui.keyword.WebUiBuiltInKeywords.click(WebUiBuiltInKeywords.groovy:620)
	at com.kms.katalon.core.webui.keyword.WebUiBuiltInKeywords$click$1.call(Unknown Source)
	at EBP_Default_Inflation.run(EBP_Default_Inflation:24)
	at com.kms.katalon.core.main.ScriptEngine.run(ScriptEngine.java:194)
	at com.kms.katalon.core.main.ScriptEngine.runScriptAsRawText(ScriptEngine.java:119)
	at com.kms.katalon.core.main.TestCaseExecutor.runScript(TestCaseExecutor.java:448)
	at com.kms.katalon.core.main.TestCaseExecutor.doExecute(TestCaseExecutor.java:439)
	at com.kms.katalon.core.main.TestCaseExecutor.processExecutionPhase(TestCaseExecutor.java:418)
	at com.kms.katalon.core.main.TestCaseExecutor.accessMainPhase(TestCaseExecutor.java:410)
	at com.kms.katalon.core.main.TestCaseExecutor.execute(TestCaseExecutor.java:285)
	at com.kms.katalon.core.common.CommonExecutor.accessTestCaseMainPhase(CommonExecutor.java:65)
	at com.kms.katalon.core.main.TestSuiteExecutor.accessTestSuiteMainPhase(TestSuiteExecutor.java:151)
	at com.kms.katalon.core.main.TestSuiteExecutor.execute(TestSuiteExecutor.java:106)
	at com.kms.katalon.core.main.TestCaseMain.startTestSuite(TestCaseMain.java:185)
	at com.kms.katalon.core.main.TestCaseMain$startTestSuite$0.call(Unknown Source)
	at TempTestSuite1676461003915.run(TempTestSuite1676461003915.groovy:36)
Caused by: org.openqa.selenium.NoSuchWindowException: no such window: target window already closed
from unknown error: web view not found
  (Session info: chrome=110.0.5481.100)
Build info: version: '3.141.59', revision: 'e82be7d358', time: '2018-11-14T08:25:53'
System info: host: 'Kashifs-MacBook-Pro.local', ip: 'fe80:0:0:0:2a:e350:6cb0:c073%en0', os.name: 'Mac OS X', os.arch: 'x86_64', os.version: '10.16', java.version: '1.8.0_275'
Driver info: com.kms.katalon.selenium.driver.CChromeDriver
Capabilities {acceptInsecureCerts: false, browserName: chrome, browserVersion: 110.0.5481.100, chrome: {chromedriverVersion: 109.0.5414.74 (e7c5703604da..., userDataDir: /var/folders/d5/lp70b0s53sb...}, goog:chromeOptions: {debuggerAddress: localhost:59080}, javascriptEnabled: true, networkConnectionEnabled: false, pageLoadStrategy: normal, platform: MAC, platformName: MAC, proxy: Proxy(), setWindowRect: true, strictFileInteractability: false, timeouts: {implicit: 0, pageLoad: 300000, script: 30000}, unhandledPromptBehavior: dismiss and notify, webauthn:extension:credBlob: true, webauthn:extension:largeBlob: true, webauthn:virtualAuthenticators: true}
Session ID: 0c97b6a0289b6808a9663071473e69cf
*** Element info: {Using=xpath, value=//div[@id='root']/div/div/div[2]/div/div[3]/div[4]/div/div/img}
	at org.openqa.selenium.remote.http.W3CHttpResponseCodec.createException(W3CHttpResponseCodec.java:187)
	at org.openqa.selenium.remote.http.W3CHttpResponseCodec.decode(W3CHttpResponseCodec.java:122)
	at org.openqa.selenium.remote.http.W3CHttpResponseCodec.decode(W3CHttpResponseCodec.java:49)
	at org.openqa.selenium.remote.HttpCommandExecutor.execute(HttpCommandExecutor.java:158)
	at org.openqa.selenium.remote.service.DriverCommandExecutor.execute(DriverCommandExecutor.java:83)
	at org.openqa.selenium.remote.RemoteWebDriver.execute(RemoteWebDriver.java:552)
	at com.kms.katalon.selenium.driver.CChromeDriver.execute(CChromeDriver.java:19)
	at org.openqa.selenium.remote.RemoteWebDriver.findElements(RemoteWebDriver.java:353)
	at org.openqa.selenium.remote.RemoteWebDriver.findElementsByXPath(RemoteWebDriver.java:432)
	at org.openqa.selenium.By$ByXPath.findElements(By.java:348)
	at org.openqa.selenium.remote.RemoteWebDriver.findElements(RemoteWebDriver.java:311)
	at org.openqa.selenium.support.events.EventFiringWebDriver.lambda$new$1(EventFiringWebDriver.java:105)
	at com.sun.proxy.$Proxy10.findElements(Unknown Source)
	at org.openqa.selenium.support.events.EventFiringWebDriver.findElements(EventFiringWebDriver.java:182)
	at com.kms.katalon.core.webui.common.WebUiCommonHelper.findElementByNormalMethods(WebUiCommonHelper.java:1016)
	at com.kms.katalon.core.webui.common.WebUiCommonHelper.findElementsBySelectedMethod(WebUiCommonHelper.java:911)
	at com.kms.katalon.core.webui.common.WebUiCommonHelper.findElementsBySelectedMethod(WebUiCommonHelper.java:894)
	at com.kms.katalon.core.webui.common.WebUiCommonHelper.findElementsBySelectedMethod(WebUiCommonHelper.java:889)
	at com.kms.katalon.core.webui.common.WebUiCommonHelper.findElementsByDefault(WebUiCommonHelper.java:885)
	at com.kms.katalon.core.webui.common.WebUiCommonHelper.findWebElements(WebUiCommonHelper.java:720)
	at com.kms.katalon.core.webui.common.WebUiCommonHelper.findWebElement(WebUiCommonHelper.java:1365)
	at com.kms.katalon.core.webui.keyword.internal.WebUIAbstractKeyword.findWebElement(WebUIAbstractKeyword.groovy:27)
	at com.kms.katalon.core.webui.keyword.builtin.ClickKeyword$_click_closure1.doCall(ClickKeyword.groovy:65)
	at com.kms.katalon.core.webui.keyword.builtin.ClickKeyword$_click_closure1.call(ClickKeyword.groovy)
	at com.kms.katalon.core.webui.keyword.internal.WebUIKeywordMain.runKeyword(WebUIKeywordMain.groovy:20)
	... 19 more


2023-02-15 16:45:59 - [TEST_STEP][PASSED] - openBrowser(""): Browser is opened with url: ''

2023-02-15 16:45:59 - [MESSAGE][WARNING] - A browser is already opened. Closing browser and opening a new one

2023-02-15 16:45:59 - [MESSAGE][INFO] - Starting 'Chrome' driver

2023-02-15 16:45:59 - [MESSAGE][INFO] - Action delay is set to 0 milliseconds

2023-02-15 16:46:00 - [MESSAGE][PASSED] - Browser is opened with url: ''

2023-02-15 16:46:00 - [TEST_STEP][PASSED] - navigateToUrl("https://streetlogix-gis-slx4-develop.vercel.app/?config=64077fc938af4bcc9a46a81d8f4e5576&token=eyJhbGciOiJIUzI1NiIsInR5cCI6IkpXVCJ9.eyJpZCI6OTc2LCJuYW1lIjoiU29oYWliIE5laGFsIiwiZXhwIjoxNjc3MzA5NDc2LCJpYXQiOjE2NzQ3MTc0NzZ9.wOF0TliIRRYAPnEQDAYYpXSb7vMkGUmOr9nPqnrnnhs"): Navigate to 'https://streetlogix-gis-slx4-develop.vercel.app/?config=64077fc938af4bcc9a46a81d8f4e5576&token=eyJhbGciOiJIUzI1NiIsInR5cCI6IkpXVCJ9.eyJpZCI6OTc2LCJuYW1lIjoiU29oYWliIE5laGFsIiwiZXhwIjoxNjc3MzA5NDc2LCJpYXQiOjE2NzQ3MTc0NzZ9.wOF0TliIRRYAPnEQDAYYpXSb7vMkGUmOr9nPqnrnnhs' successfully

2023-02-15 16:46:02 - [MESSAGE][PASSED] - Navigate to 'https://streetlogix-gis-slx4-develop.vercel.app/?config=64077fc938af4bcc9a46a81d8f4e5576&token=eyJhbGciOiJIUzI1NiIsInR5cCI6IkpXVCJ9.eyJpZCI6OTc2LCJuYW1lIjoiU29oYWliIE5laGFsIiwiZXhwIjoxNjc3MzA5NDc2LCJpYXQiOjE2NzQ3MTc0NzZ9.wOF0TliIRRYAPnEQDAYYpXSb7vMkGUmOr9nPqnrnnhs' successfully

2023-02-15 16:46:02 - [TEST_STEP][FAILED] - click(findTestObject("Object Repository/EBP_Object/Page_Streetlogix/img_Filter_rail-icon")): Unable to click on object 'Object Repository/EBP_Object/Page_Streetlogix/img_Filter_rail-icon' (Root cause: com.kms.katalon.core.exception.StepFailedException: Unable to click on object 'Object Repository/EBP_Object/Page_Streetlogix/img_Filter_rail-icon'
	at com.kms.katalon.core.webui.keyword.internal.WebUIKeywordMain.stepFailed(WebUIKeywordMain.groovy:64)
	at com.kms.katalon.core.webui.keyword.internal.WebUIKeywordMain.runKeyword(WebUIKeywordMain.groovy:26)
	at com.kms.katalon.core.webui.keyword.builtin.ClickKeyword.click(ClickKeyword.groovy:74)
	at com.kms.katalon.core.webui.keyword.builtin.ClickKeyword.execute(ClickKeyword.groovy:40)
	at com.kms.katalon.core.keyword.internal.KeywordExecutor.executeKeywordForPlatform(KeywordExecutor.groovy:74)
	at com.kms.katalon.core.webui.keyword.WebUiBuiltInKeywords.click(WebUiBuiltInKeywords.groovy:620)
	at com.kms.katalon.core.webui.keyword.WebUiBuiltInKeywords$click$1.call(Unknown Source)
	at EBP_Default_Inflation.run(EBP_Default_Inflation:24)
	at com.kms.katalon.core.main.ScriptEngine.run(ScriptEngine.java:194)
	at com.kms.katalon.core.main.ScriptEngine.runScriptAsRawText(ScriptEngine.java:119)
	at com.kms.katalon.core.main.TestCaseExecutor.runScript(TestCaseExecutor.java:448)
	at com.kms.katalon.core.main.TestCaseExecutor.doExecute(TestCaseExecutor.java:439)
	at com.kms.katalon.core.main.TestCaseExecutor.processExecutionPhase(TestCaseExecutor.java:418)
	at com.kms.katalon.core.main.TestCaseExecutor.accessMainPhase(TestCaseExecutor.java:410)
	at com.kms.katalon.core.main.TestCaseExecutor.execute(TestCaseExecutor.java:285)
	at com.kms.katalon.core.common.CommonExecutor.accessTestCaseMainPhase(CommonExecutor.java:65)
	at com.kms.katalon.core.main.TestSuiteExecutor.accessTestSuiteMainPhase(TestSuiteExecutor.java:151)
	at com.kms.katalon.core.main.TestSuiteExecutor.execute(TestSuiteExecutor.java:106)
	at com.kms.katalon.core.main.TestCaseMain.startTestSuite(TestCaseMain.java:185)
	at com.kms.katalon.core.main.TestCaseMain$startTestSuite$0.call(Unknown Source)
	at TempTestSuite1676461003915.run(TempTestSuite1676461003915.groovy:36)
Caused by: org.openqa.selenium.NoSuchWindowException: no such window: target window already closed
from unknown error: web view not found
  (Session info: chrome=110.0.5481.100)
Build info: version: '3.141.59', revision: 'e82be7d358', time: '2018-11-14T08:25:53'
System info: host: 'Kashifs-MacBook-Pro.local', ip: 'fe80:0:0:0:2a:e350:6cb0:c073%en0', os.name: 'Mac OS X', os.arch: 'x86_64', os.version: '10.16', java.version: '1.8.0_275'
Driver info: com.kms.katalon.selenium.driver.CChromeDriver
Capabilities {acceptInsecureCerts: false, browserName: chrome, browserVersion: 110.0.5481.100, chrome: {chromedriverVersion: 109.0.5414.74 (e7c5703604da..., userDataDir: /var/folders/d5/lp70b0s53sb...}, goog:chromeOptions: {debuggerAddress: localhost:59080}, javascriptEnabled: true, networkConnectionEnabled: false, pageLoadStrategy: normal, platform: MAC, platformName: MAC, proxy: Proxy(), setWindowRect: true, strictFileInteractability: false, timeouts: {implicit: 0, pageLoad: 300000, script: 30000}, unhandledPromptBehavior: dismiss and notify, webauthn:extension:credBlob: true, webauthn:extension:largeBlob: true, webauthn:virtualAuthenticators: true}
Session ID: 0c97b6a0289b6808a9663071473e69cf
*** Element info: {Using=xpath, value=//div[@id='root']/div/div/div[2]/div/div[3]/div[4]/div/div/img}
	at org.openqa.selenium.remote.http.W3CHttpResponseCodec.createException(W3CHttpResponseCodec.java:187)
	at org.openqa.selenium.remote.http.W3CHttpResponseCodec.decode(W3CHttpResponseCodec.java:122)
	at org.openqa.selenium.remote.http.W3CHttpResponseCodec.decode(W3CHttpResponseCodec.java:49)
	at org.openqa.selenium.remote.HttpCommandExecutor.execute(HttpCommandExecutor.java:158)
	at org.openqa.selenium.remote.service.DriverCommandExecutor.execute(DriverCommandExecutor.java:83)
	at org.openqa.selenium.remote.RemoteWebDriver.execute(RemoteWebDriver.java:552)
	at com.kms.katalon.selenium.driver.CChromeDriver.execute(CChromeDriver.java:19)
	at org.openqa.selenium.remote.RemoteWebDriver.findElements(RemoteWebDriver.java:353)
	at org.openqa.selenium.remote.RemoteWebDriver.findElementsByXPath(RemoteWebDriver.java:432)
	at org.openqa.selenium.By$ByXPath.findElements(By.java:348)
	at org.openqa.selenium.remote.RemoteWebDriver.findElements(RemoteWebDriver.java:311)
	at org.openqa.selenium.support.events.EventFiringWebDriver.lambda$new$1(EventFiringWebDriver.java:105)
	at com.sun.proxy.$Proxy10.findElements(Unknown Source)
	at org.openqa.selenium.support.events.EventFiringWebDriver.findElements(EventFiringWebDriver.java:182)
	at com.kms.katalon.core.webui.common.WebUiCommonHelper.findElementByNormalMethods(WebUiCommonHelper.java:1016)
	at com.kms.katalon.core.webui.common.WebUiCommonHelper.findElementsBySelectedMethod(WebUiCommonHelper.java:911)
	at com.kms.katalon.core.webui.common.WebUiCommonHelper.findElementsBySelectedMethod(WebUiCommonHelper.java:894)
	at com.kms.katalon.core.webui.common.WebUiCommonHelper.findElementsBySelectedMethod(WebUiCommonHelper.java:889)
	at com.kms.katalon.core.webui.common.WebUiCommonHelper.findElementsByDefault(WebUiCommonHelper.java:885)
	at com.kms.katalon.core.webui.common.WebUiCommonHelper.findWebElements(WebUiCommonHelper.java:720)
	at com.kms.katalon.core.webui.common.WebUiCommonHelper.findWebElement(WebUiCommonHelper.java:1365)
	at com.kms.katalon.core.webui.keyword.internal.WebUIAbstractKeyword.findWebElement(WebUIAbstractKeyword.groovy:27)
	at com.kms.katalon.core.webui.keyword.builtin.ClickKeyword$_click_closure1.doCall(ClickKeyword.groovy:65)
	at com.kms.katalon.core.webui.keyword.builtin.ClickKeyword$_click_closure1.call(ClickKeyword.groovy)
	at com.kms.katalon.core.webui.keyword.internal.WebUIKeywordMain.runKeyword(WebUIKeywordMain.groovy:20)
	at com.kms.katalon.core.webui.keyword.builtin.ClickKeyword.click(ClickKeyword.groovy:74)
	at com.kms.katalon.core.webui.keyword.builtin.ClickKeyword.execute(ClickKeyword.groovy:40)
	at com.kms.katalon.core.keyword.internal.KeywordExecutor.executeKeywordForPlatform(KeywordExecutor.groovy:74)
	at com.kms.katalon.core.webui.keyword.WebUiBuiltInKeywords.click(WebUiBuiltInKeywords.groovy:620)
	at com.kms.katalon.core.webui.keyword.WebUiBuiltInKeywords$click$1.call(Unknown Source)
	at Script1676352584199.run(Script1676352584199.groovy:24)
	... 13 more
)

2023-02-15 16:46:19 - [MESSAGE][WARNING] - Cannot take screenshot

2023-02-15 16:46:19 - [MESSAGE][FAILED] - Unable to click on object 'Object Repository/EBP_Object/Page_Streetlogix/img_Filter_rail-icon' (Root cause: com.kms.katalon.core.exception.StepFailedException: Unable to click on object 'Object Repository/EBP_Object/Page_Streetlogix/img_Filter_rail-icon'
	at com.kms.katalon.core.webui.keyword.internal.WebUIKeywordMain.stepFailed(WebUIKeywordMain.groovy:64)
	at com.kms.katalon.core.webui.keyword.internal.WebUIKeywordMain.runKeyword(WebUIKeywordMain.groovy:26)
	at com.kms.katalon.core.webui.keyword.builtin.ClickKeyword.click(ClickKeyword.groovy:74)
	at com.kms.katalon.core.webui.keyword.builtin.ClickKeyword.execute(ClickKeyword.groovy:40)
	at com.kms.katalon.core.keyword.internal.KeywordExecutor.executeKeywordForPlatform(KeywordExecutor.groovy:74)
	at com.kms.katalon.core.webui.keyword.WebUiBuiltInKeywords.click(WebUiBuiltInKeywords.groovy:620)
	at com.kms.katalon.core.webui.keyword.WebUiBuiltInKeywords$click$1.call(Unknown Source)
	at EBP_Default_Inflation.run(EBP_Default_Inflation:24)
	at com.kms.katalon.core.main.ScriptEngine.run(ScriptEngine.java:194)
	at com.kms.katalon.core.main.ScriptEngine.runScriptAsRawText(ScriptEngine.java:119)
	at com.kms.katalon.core.main.TestCaseExecutor.runScript(TestCaseExecutor.java:448)
	at com.kms.katalon.core.main.TestCaseExecutor.doExecute(TestCaseExecutor.java:439)
	at com.kms.katalon.core.main.TestCaseExecutor.processExecutionPhase(TestCaseExecutor.java:418)
	at com.kms.katalon.core.main.TestCaseExecutor.accessMainPhase(TestCaseExecutor.java:410)
	at com.kms.katalon.core.main.TestCaseExecutor.execute(TestCaseExecutor.java:285)
	at com.kms.katalon.core.common.CommonExecutor.accessTestCaseMainPhase(CommonExecutor.java:65)
	at com.kms.katalon.core.main.TestSuiteExecutor.accessTestSuiteMainPhase(TestSuiteExecutor.java:151)
	at com.kms.katalon.core.main.TestSuiteExecutor.execute(TestSuiteExecutor.java:106)
	at com.kms.katalon.core.main.TestCaseMain.startTestSuite(TestCaseMain.java:185)
	at com.kms.katalon.core.main.TestCaseMain$startTestSuite$0.call(Unknown Source)
	at TempTestSuite1676461003915.run(TempTestSuite1676461003915.groovy:36)
Caused by: org.openqa.selenium.NoSuchWindowException: no such window: target window already closed
from unknown error: web view not found
  (Session info: chrome=110.0.5481.100)
Build info: version: '3.141.59', revision: 'e82be7d358', time: '2018-11-14T08:25:53'
System info: host: 'Kashifs-MacBook-Pro.local', ip: 'fe80:0:0:0:2a:e350:6cb0:c073%en0', os.name: 'Mac OS X', os.arch: 'x86_64', os.version: '10.16', java.version: '1.8.0_275'
Driver info: com.kms.katalon.selenium.driver.CChromeDriver
Capabilities {acceptInsecureCerts: false, browserName: chrome, browserVersion: 110.0.5481.100, chrome: {chromedriverVersion: 109.0.5414.74 (e7c5703604da..., userDataDir: /var/folders/d5/lp70b0s53sb...}, goog:chromeOptions: {debuggerAddress: localhost:59080}, javascriptEnabled: true, networkConnectionEnabled: false, pageLoadStrategy: normal, platform: MAC, platformName: MAC, proxy: Proxy(), setWindowRect: true, strictFileInteractability: false, timeouts: {implicit: 0, pageLoad: 300000, script: 30000}, unhandledPromptBehavior: dismiss and notify, webauthn:extension:credBlob: true, webauthn:extension:largeBlob: true, webauthn:virtualAuthenticators: true}
Session ID: 0c97b6a0289b6808a9663071473e69cf
*** Element info: {Using=xpath, value=//div[@id='root']/div/div/div[2]/div/div[3]/div[4]/div/div/img}
	at org.openqa.selenium.remote.http.W3CHttpResponseCodec.createException(W3CHttpResponseCodec.java:187)
	at org.openqa.selenium.remote.http.W3CHttpResponseCodec.decode(W3CHttpResponseCodec.java:122)
	at org.openqa.selenium.remote.http.W3CHttpResponseCodec.decode(W3CHttpResponseCodec.java:49)
	at org.openqa.selenium.remote.HttpCommandExecutor.execute(HttpCommandExecutor.java:158)
	at org.openqa.selenium.remote.service.DriverCommandExecutor.execute(DriverCommandExecutor.java:83)
	at org.openqa.selenium.remote.RemoteWebDriver.execute(RemoteWebDriver.java:552)
	at com.kms.katalon.selenium.driver.CChromeDriver.execute(CChromeDriver.java:19)
	at org.openqa.selenium.remote.RemoteWebDriver.findElements(RemoteWebDriver.java:353)
	at org.openqa.selenium.remote.RemoteWebDriver.findElementsByXPath(RemoteWebDriver.java:432)
	at org.openqa.selenium.By$ByXPath.findElements(By.java:348)
	at org.openqa.selenium.remote.RemoteWebDriver.findElements(RemoteWebDriver.java:311)
	at org.openqa.selenium.support.events.EventFiringWebDriver.lambda$new$1(EventFiringWebDriver.java:105)
	at com.sun.proxy.$Proxy10.findElements(Unknown Source)
	at org.openqa.selenium.support.events.EventFiringWebDriver.findElements(EventFiringWebDriver.java:182)
	at com.kms.katalon.core.webui.common.WebUiCommonHelper.findElementByNormalMethods(WebUiCommonHelper.java:1016)
	at com.kms.katalon.core.webui.common.WebUiCommonHelper.findElementsBySelectedMethod(WebUiCommonHelper.java:911)
	at com.kms.katalon.core.webui.common.WebUiCommonHelper.findElementsBySelectedMethod(WebUiCommonHelper.java:894)
	at com.kms.katalon.core.webui.common.WebUiCommonHelper.findElementsBySelectedMethod(WebUiCommonHelper.java:889)
	at com.kms.katalon.core.webui.common.WebUiCommonHelper.findElementsByDefault(WebUiCommonHelper.java:885)
	at com.kms.katalon.core.webui.common.WebUiCommonHelper.findWebElements(WebUiCommonHelper.java:720)
	at com.kms.katalon.core.webui.common.WebUiCommonHelper.findWebElement(WebUiCommonHelper.java:1365)
	at com.kms.katalon.core.webui.keyword.internal.WebUIAbstractKeyword.findWebElement(WebUIAbstractKeyword.groovy:27)
	at com.kms.katalon.core.webui.keyword.builtin.ClickKeyword$_click_closure1.doCall(ClickKeyword.groovy:65)
	at com.kms.katalon.core.webui.keyword.builtin.ClickKeyword$_click_closure1.call(ClickKeyword.groovy)
	at com.kms.katalon.core.webui.keyword.internal.WebUIKeywordMain.runKeyword(WebUIKeywordMain.groovy:20)
	at com.kms.katalon.core.webui.keyword.builtin.ClickKeyword.click(ClickKeyword.groovy:74)
	at com.kms.katalon.core.webui.keyword.builtin.ClickKeyword.execute(ClickKeyword.groovy:40)
	at com.kms.katalon.core.keyword.internal.KeywordExecutor.executeKeywordForPlatform(KeywordExecutor.groovy:74)
	at com.kms.katalon.core.webui.keyword.WebUiBuiltInKeywords.click(WebUiBuiltInKeywords.groovy:620)
	at com.kms.katalon.core.webui.keyword.WebUiBuiltInKeywords$click$1.call(Unknown Source)
	at Script1676352584199.run(Script1676352584199.groovy:24)
	... 13 more
)]]></system-out>
         <system-err><![CDATA[2023-02-15 16:45:58 - [TEST_CASE][FAILED] - Test Cases/GiS/EBP_Inflation/EBP_Default_Inflation: Test Cases/GiS/EBP_Inflation/EBP_Default_Inflation FAILED.
Reason:
com.kms.katalon.core.exception.StepFailedException: Unable to click on object 'Object Repository/EBP_Object/Page_Streetlogix/img_Filter_rail-icon'
	at com.kms.katalon.core.webui.keyword.internal.WebUIKeywordMain.stepFailed(WebUIKeywordMain.groovy:64)
	at com.kms.katalon.core.webui.keyword.internal.WebUIKeywordMain.runKeyword(WebUIKeywordMain.groovy:26)
	at com.kms.katalon.core.webui.keyword.builtin.ClickKeyword.click(ClickKeyword.groovy:74)
	at com.kms.katalon.core.webui.keyword.builtin.ClickKeyword.execute(ClickKeyword.groovy:40)
	at com.kms.katalon.core.keyword.internal.KeywordExecutor.executeKeywordForPlatform(KeywordExecutor.groovy:74)
	at com.kms.katalon.core.webui.keyword.WebUiBuiltInKeywords.click(WebUiBuiltInKeywords.groovy:620)
	at com.kms.katalon.core.webui.keyword.WebUiBuiltInKeywords$click$1.call(Unknown Source)
	at EBP_Default_Inflation.run(EBP_Default_Inflation:24)
	at com.kms.katalon.core.main.ScriptEngine.run(ScriptEngine.java:194)
	at com.kms.katalon.core.main.ScriptEngine.runScriptAsRawText(ScriptEngine.java:119)
	at com.kms.katalon.core.main.TestCaseExecutor.runScript(TestCaseExecutor.java:448)
	at com.kms.katalon.core.main.TestCaseExecutor.doExecute(TestCaseExecutor.java:439)
	at com.kms.katalon.core.main.TestCaseExecutor.processExecutionPhase(TestCaseExecutor.java:418)
	at com.kms.katalon.core.main.TestCaseExecutor.accessMainPhase(TestCaseExecutor.java:410)
	at com.kms.katalon.core.main.TestCaseExecutor.execute(TestCaseExecutor.java:285)
	at com.kms.katalon.core.common.CommonExecutor.accessTestCaseMainPhase(CommonExecutor.java:65)
	at com.kms.katalon.core.main.TestSuiteExecutor.accessTestSuiteMainPhase(TestSuiteExecutor.java:151)
	at com.kms.katalon.core.main.TestSuiteExecutor.execute(TestSuiteExecutor.java:106)
	at com.kms.katalon.core.main.TestCaseMain.startTestSuite(TestCaseMain.java:185)
	at com.kms.katalon.core.main.TestCaseMain$startTestSuite$0.call(Unknown Source)
	at TempTestSuite1676461003915.run(TempTestSuite1676461003915.groovy:36)
Caused by: org.openqa.selenium.NoSuchWindowException: no such window: target window already closed
from unknown error: web view not found
  (Session info: chrome=110.0.5481.100)
Build info: version: '3.141.59', revision: 'e82be7d358', time: '2018-11-14T08:25:53'
System info: host: 'Kashifs-MacBook-Pro.local', ip: 'fe80:0:0:0:2a:e350:6cb0:c073%en0', os.name: 'Mac OS X', os.arch: 'x86_64', os.version: '10.16', java.version: '1.8.0_275'
Driver info: com.kms.katalon.selenium.driver.CChromeDriver
Capabilities {acceptInsecureCerts: false, browserName: chrome, browserVersion: 110.0.5481.100, chrome: {chromedriverVersion: 109.0.5414.74 (e7c5703604da..., userDataDir: /var/folders/d5/lp70b0s53sb...}, goog:chromeOptions: {debuggerAddress: localhost:59080}, javascriptEnabled: true, networkConnectionEnabled: false, pageLoadStrategy: normal, platform: MAC, platformName: MAC, proxy: Proxy(), setWindowRect: true, strictFileInteractability: false, timeouts: {implicit: 0, pageLoad: 300000, script: 30000}, unhandledPromptBehavior: dismiss and notify, webauthn:extension:credBlob: true, webauthn:extension:largeBlob: true, webauthn:virtualAuthenticators: true}
Session ID: 0c97b6a0289b6808a9663071473e69cf
*** Element info: {Using=xpath, value=//div[@id='root']/div/div/div[2]/div/div[3]/div[4]/div/div/img}
	at org.openqa.selenium.remote.http.W3CHttpResponseCodec.createException(W3CHttpResponseCodec.java:187)
	at org.openqa.selenium.remote.http.W3CHttpResponseCodec.decode(W3CHttpResponseCodec.java:122)
	at org.openqa.selenium.remote.http.W3CHttpResponseCodec.decode(W3CHttpResponseCodec.java:49)
	at org.openqa.selenium.remote.HttpCommandExecutor.execute(HttpCommandExecutor.java:158)
	at org.openqa.selenium.remote.service.DriverCommandExecutor.execute(DriverCommandExecutor.java:83)
	at org.openqa.selenium.remote.RemoteWebDriver.execute(RemoteWebDriver.java:552)
	at com.kms.katalon.selenium.driver.CChromeDriver.execute(CChromeDriver.java:19)
	at org.openqa.selenium.remote.RemoteWebDriver.findElements(RemoteWebDriver.java:353)
	at org.openqa.selenium.remote.RemoteWebDriver.findElementsByXPath(RemoteWebDriver.java:432)
	at org.openqa.selenium.By$ByXPath.findElements(By.java:348)
	at org.openqa.selenium.remote.RemoteWebDriver.findElements(RemoteWebDriver.java:311)
	at org.openqa.selenium.support.events.EventFiringWebDriver.lambda$new$1(EventFiringWebDriver.java:105)
	at com.sun.proxy.$Proxy10.findElements(Unknown Source)
	at org.openqa.selenium.support.events.EventFiringWebDriver.findElements(EventFiringWebDriver.java:182)
	at com.kms.katalon.core.webui.common.WebUiCommonHelper.findElementByNormalMethods(WebUiCommonHelper.java:1016)
	at com.kms.katalon.core.webui.common.WebUiCommonHelper.findElementsBySelectedMethod(WebUiCommonHelper.java:911)
	at com.kms.katalon.core.webui.common.WebUiCommonHelper.findElementsBySelectedMethod(WebUiCommonHelper.java:894)
	at com.kms.katalon.core.webui.common.WebUiCommonHelper.findElementsBySelectedMethod(WebUiCommonHelper.java:889)
	at com.kms.katalon.core.webui.common.WebUiCommonHelper.findElementsByDefault(WebUiCommonHelper.java:885)
	at com.kms.katalon.core.webui.common.WebUiCommonHelper.findWebElements(WebUiCommonHelper.java:720)
	at com.kms.katalon.core.webui.common.WebUiCommonHelper.findWebElement(WebUiCommonHelper.java:1365)
	at com.kms.katalon.core.webui.keyword.internal.WebUIAbstractKeyword.findWebElement(WebUIAbstractKeyword.groovy:27)
	at com.kms.katalon.core.webui.keyword.builtin.ClickKeyword$_click_closure1.doCall(ClickKeyword.groovy:65)
	at com.kms.katalon.core.webui.keyword.builtin.ClickKeyword$_click_closure1.call(ClickKeyword.groovy)
	at com.kms.katalon.core.webui.keyword.internal.WebUIKeywordMain.runKeyword(WebUIKeywordMain.groovy:20)
	... 19 more]]></system-err>
      </testcase>
      <testcase name="Test Cases/GiS/Layers/Statistics on GIS layer" time="103.615" classname="Test Cases/GiS/Layers/Statistics on GIS layer" status="FAILED">
         <failure type="FAILED" message="Test Cases/GiS/Layers/Statistics on GIS layer FAILED.
Reason:
com.kms.katalon.core.exception.StepFailedException: Actual text '' and expected text '54' are not matched
	at com.kms.katalon.core.keyword.builtin.VerifyMatchKeyword$_verifyMatch_closure1.doCall(VerifyMatchKeyword.groovy:57)
	at com.kms.katalon.core.keyword.builtin.VerifyMatchKeyword$_verifyMatch_closure1.call(VerifyMatchKeyword.groovy)
	at com.kms.katalon.core.keyword.internal.KeywordMain.runKeyword(KeywordMain.groovy:74)
	at com.kms.katalon.core.keyword.builtin.VerifyMatchKeyword.verifyMatch(VerifyMatchKeyword.groovy:60)
	at com.kms.katalon.core.keyword.builtin.VerifyMatchKeyword.execute(VerifyMatchKeyword.groovy:45)
	at com.kms.katalon.core.keyword.internal.KeywordExecutor.executeKeywordForPlatform(KeywordExecutor.groovy:74)
	at com.kms.katalon.core.keyword.BuiltinKeywords.verifyMatch(BuiltinKeywords.groovy:73)
	at Statistics on GIS layer.run(Statistics on GIS layer:66)
	at com.kms.katalon.core.main.ScriptEngine.run(ScriptEngine.java:194)
	at com.kms.katalon.core.main.ScriptEngine.runScriptAsRawText(ScriptEngine.java:119)
	at com.kms.katalon.core.main.TestCaseExecutor.runScript(TestCaseExecutor.java:448)
	at com.kms.katalon.core.main.TestCaseExecutor.doExecute(TestCaseExecutor.java:439)
	at com.kms.katalon.core.main.TestCaseExecutor.processExecutionPhase(TestCaseExecutor.java:418)
	at com.kms.katalon.core.main.TestCaseExecutor.accessMainPhase(TestCaseExecutor.java:410)
	at com.kms.katalon.core.main.TestCaseExecutor.execute(TestCaseExecutor.java:285)
	at com.kms.katalon.core.common.CommonExecutor.accessTestCaseMainPhase(CommonExecutor.java:65)
	at com.kms.katalon.core.main.TestSuiteExecutor.accessTestSuiteMainPhase(TestSuiteExecutor.java:151)
	at com.kms.katalon.core.main.TestSuiteExecutor.execute(TestSuiteExecutor.java:106)
	at com.kms.katalon.core.main.TestCaseMain.startTestSuite(TestCaseMain.java:185)
	at com.kms.katalon.core.main.TestCaseMain$startTestSuite$0.call(Unknown Source)
	at TempTestSuite1676461003915.run(TempTestSuite1676461003915.groovy:36)
"/>
         <system-out><![CDATA[2023-02-15 16:46:19 - [TEST_CASE][FAILED] - Test Cases/GiS/Layers/Statistics on GIS layer: Test Cases/GiS/Layers/Statistics on GIS layer FAILED.
Reason:
com.kms.katalon.core.exception.StepFailedException: Actual text '' and expected text '54' are not matched
	at com.kms.katalon.core.keyword.builtin.VerifyMatchKeyword$_verifyMatch_closure1.doCall(VerifyMatchKeyword.groovy:57)
	at com.kms.katalon.core.keyword.builtin.VerifyMatchKeyword$_verifyMatch_closure1.call(VerifyMatchKeyword.groovy)
	at com.kms.katalon.core.keyword.internal.KeywordMain.runKeyword(KeywordMain.groovy:74)
	at com.kms.katalon.core.keyword.builtin.VerifyMatchKeyword.verifyMatch(VerifyMatchKeyword.groovy:60)
	at com.kms.katalon.core.keyword.builtin.VerifyMatchKeyword.execute(VerifyMatchKeyword.groovy:45)
	at com.kms.katalon.core.keyword.internal.KeywordExecutor.executeKeywordForPlatform(KeywordExecutor.groovy:74)
	at com.kms.katalon.core.keyword.BuiltinKeywords.verifyMatch(BuiltinKeywords.groovy:73)
	at Statistics on GIS layer.run(Statistics on GIS layer:66)
	at com.kms.katalon.core.main.ScriptEngine.run(ScriptEngine.java:194)
	at com.kms.katalon.core.main.ScriptEngine.runScriptAsRawText(ScriptEngine.java:119)
	at com.kms.katalon.core.main.TestCaseExecutor.runScript(TestCaseExecutor.java:448)
	at com.kms.katalon.core.main.TestCaseExecutor.doExecute(TestCaseExecutor.java:439)
	at com.kms.katalon.core.main.TestCaseExecutor.processExecutionPhase(TestCaseExecutor.java:418)
	at com.kms.katalon.core.main.TestCaseExecutor.accessMainPhase(TestCaseExecutor.java:410)
	at com.kms.katalon.core.main.TestCaseExecutor.execute(TestCaseExecutor.java:285)
	at com.kms.katalon.core.common.CommonExecutor.accessTestCaseMainPhase(CommonExecutor.java:65)
	at com.kms.katalon.core.main.TestSuiteExecutor.accessTestSuiteMainPhase(TestSuiteExecutor.java:151)
	at com.kms.katalon.core.main.TestSuiteExecutor.execute(TestSuiteExecutor.java:106)
	at com.kms.katalon.core.main.TestCaseMain.startTestSuite(TestCaseMain.java:185)
	at com.kms.katalon.core.main.TestCaseMain$startTestSuite$0.call(Unknown Source)
	at TempTestSuite1676461003915.run(TempTestSuite1676461003915.groovy:36)


2023-02-15 16:46:19 - [TEST_STEP][PASSED] - gis_url.test.URL.redirectURL(): gis_url.test.URL.redirectURL is PASSED

2023-02-15 16:46:19 - [MESSAGE][WARNING] - A browser is already opened. Closing browser and opening a new one

2023-02-15 16:46:19 - [MESSAGE][INFO] - Starting 'Chrome' driver

2023-02-15 16:46:19 - [MESSAGE][INFO] - Action delay is set to 0 milliseconds

2023-02-15 16:46:22 - [MESSAGE][PASSED] - Browser is opened with url: 'https://streetlogix-gis-slx4-develop.vercel.app/?config=64077fc938af4bcc9a46a81d8f4e5576&token=eyJhbGciOiJIUzI1NiIsInR5cCI6IkpXVCJ9.eyJpZCI6OTc2LCJuYW1lIjoiU29oYWliIE5laGFsIiwiZXhwIjoxNjc4NzI5ODk0LCJpYXQiOjE2NzYxMzc4OTR9.UHfOiNtJ_le0VZsenXiPbH0qUWaL-Iey0ptbA6Kalco'

2023-02-15 16:46:22 - [MESSAGE][PASSED] - gis_url.test.URL.redirectURL is PASSED

2023-02-15 16:46:22 - [TEST_STEP][PASSED] - click(findTestObject("Page_Streetlogix/img_Search_rail-icon")): Object: 'Object Repository/Page_Streetlogix/img_Search_rail-icon' is clicked on

2023-02-15 16:46:28 - [MESSAGE][PASSED] - Object: 'Object Repository/Page_Streetlogix/img_Search_rail-icon' is clicked on

2023-02-15 16:46:28 - [TEST_STEP][PASSED] - delay(5): Delayed 5 second(s)

2023-02-15 16:46:33 - [MESSAGE][PASSED] - Delayed 5 second(s)

2023-02-15 16:46:33 - [TEST_STEP][PASSED] - pci = getText(findTestObject("Object Repository/Page_Streetlogix/h6_Pavement Average Condition 58")): Text of object 'Object Repository/Page_Streetlogix/h6_Pavement Average Condition 58' is: 'Pavement Average Condition PCI: 11'

2023-02-15 16:46:34 - [MESSAGE][PASSED] - Text of object 'Object Repository/Page_Streetlogix/h6_Pavement Average Condition 58' is: 'Pavement Average Condition PCI: 11'

2023-02-15 16:46:34 - [TEST_STEP][PASSED] - pciAvg = pci.replaceAll("[^0-9]", ""): null

2023-02-15 16:46:34 - [TEST_STEP][PASSED] - avgPCI = database_keywords.test.Database_Keywords.getAveragePCI(): database_keywords.test.Database_Keywords.getAveragePCI is PASSED

2023-02-15 16:46:55 - [MESSAGE][PASSED] - database_keywords.test.Database_Keywords.getAveragePCI is PASSED

2023-02-15 16:46:55 - [TEST_STEP][PASSED] - println(avgPCI): null

2023-02-15 16:46:55 - [TEST_STEP][PASSED] - verifyMatch(pciAvg, avgPCI, false): Actual text '11' and expected text '11' are matched 

2023-02-15 16:46:55 - [MESSAGE][PASSED] - Actual text '11' and expected text '11' are matched 

2023-02-15 16:46:55 - [TEST_STEP][PASSED] - milespci = getText(findTestObject("Object Repository/Page_Streetlogix/p_Total Length 2,148 miles")): Text of object 'Object Repository/Page_Streetlogix/p_Total Length 2,148 miles' is: 'Total Length: 2,317 miles'

2023-02-15 16:46:56 - [MESSAGE][PASSED] - Text of object 'Object Repository/Page_Streetlogix/p_Total Length 2,148 miles' is: 'Total Length: 2,317 miles'

2023-02-15 16:46:56 - [TEST_STEP][PASSED] - pciMiles = milespci.replaceAll("[^0-9]", ""): null

2023-02-15 16:46:56 - [TEST_STEP][PASSED] - totalMilesPCI = database_keywords.test.Database_Keywords.getPavementMiles(): database_keywords.test.Database_Keywords.getPavementMiles is PASSED

2023-02-15 16:47:00 - [MESSAGE][PASSED] - database_keywords.test.Database_Keywords.getPavementMiles is PASSED

2023-02-15 16:47:00 - [TEST_STEP][PASSED] - verifyMatch(pciMiles, totalMilesPCI, false): Actual text '2317' and expected text '2317' are matched 

2023-02-15 16:47:00 - [MESSAGE][PASSED] - Actual text '2317' and expected text '2317' are matched 

2023-02-15 16:47:00 - [TEST_STEP][PASSED] - backlogPCI = getText(findTestObject("Object Repository/Page_Streetlogix/p_Total Backlog  1,189,007,890")): Text of object 'Object Repository/Page_Streetlogix/p_Total Backlog  1,189,007,890' is: 'Total Backlog: $647,108,280'

2023-02-15 16:47:01 - [MESSAGE][PASSED] - Text of object 'Object Repository/Page_Streetlogix/p_Total Backlog  1,189,007,890' is: 'Total Backlog: $647,108,280'

2023-02-15 16:47:01 - [TEST_STEP][PASSED] - pciBacklog = backlogPCI.replaceAll("[^0-9]", ""): null

2023-02-15 16:47:01 - [TEST_STEP][PASSED] - totalBacklogPCI = database_keywords.test.Database_Keywords.getPavementBacklog(): database_keywords.test.Database_Keywords.getPavementBacklog is PASSED

2023-02-15 16:47:05 - [MESSAGE][PASSED] - database_keywords.test.Database_Keywords.getPavementBacklog is PASSED

2023-02-15 16:47:05 - [TEST_STEP][PASSED] - verifyMatch(pciBacklog, totalBacklogPCI, false): Actual text '647108280' and expected text '647108280' are matched 

2023-02-15 16:47:05 - [MESSAGE][PASSED] - Actual text '647108280' and expected text '647108280' are matched 

2023-02-15 16:47:05 - [TEST_STEP][PASSED] - click(findTestObject("Object Repository/Page_Streetlogix/circle")): Object: 'Object Repository/Page_Streetlogix/circle' is clicked on

2023-02-15 16:47:06 - [MESSAGE][PASSED] - Object: 'Object Repository/Page_Streetlogix/circle' is clicked on

2023-02-15 16:47:06 - [TEST_STEP][PASSED] - delay(5): Delayed 5 second(s)

2023-02-15 16:47:11 - [MESSAGE][PASSED] - Delayed 5 second(s)

2023-02-15 16:47:11 - [TEST_STEP][PASSED] - sci = getText(findTestObject("Object Repository/Page_Streetlogix/h6_Sidewalk Average Condition 54")): Text of object 'Object Repository/Page_Streetlogix/h6_Sidewalk Average Condition 54' is: ''

2023-02-15 16:47:13 - [MESSAGE][PASSED] - Text of object 'Object Repository/Page_Streetlogix/h6_Sidewalk Average Condition 54' is: ''

2023-02-15 16:47:13 - [TEST_STEP][PASSED] - sciAvg = sci.replaceAll("[^0-9]", ""): null

2023-02-15 16:47:13 - [TEST_STEP][PASSED] - avgSCI = database_keywords.test.Database_Keywords.getAverageSCI(): database_keywords.test.Database_Keywords.getAverageSCI is PASSED

2023-02-15 16:48:03 - [MESSAGE][PASSED] - database_keywords.test.Database_Keywords.getAverageSCI is PASSED

2023-02-15 16:48:03 - [TEST_STEP][FAILED] - verifyMatch(sciAvg, avgSCI, false): Unable to verify match between actual text '' and expected text '54' (Root cause: com.kms.katalon.core.exception.StepFailedException: Actual text '' and expected text '54' are not matched
	at com.kms.katalon.core.keyword.builtin.VerifyMatchKeyword$_verifyMatch_closure1.doCall(VerifyMatchKeyword.groovy:57)
	at com.kms.katalon.core.keyword.builtin.VerifyMatchKeyword$_verifyMatch_closure1.call(VerifyMatchKeyword.groovy)
	at com.kms.katalon.core.keyword.internal.KeywordMain.runKeyword(KeywordMain.groovy:74)
	at com.kms.katalon.core.keyword.builtin.VerifyMatchKeyword.verifyMatch(VerifyMatchKeyword.groovy:60)
	at com.kms.katalon.core.keyword.builtin.VerifyMatchKeyword.execute(VerifyMatchKeyword.groovy:45)
	at com.kms.katalon.core.keyword.internal.KeywordExecutor.executeKeywordForPlatform(KeywordExecutor.groovy:74)
	at com.kms.katalon.core.keyword.BuiltinKeywords.verifyMatch(BuiltinKeywords.groovy:73)
	at Statistics on GIS layer.run(Statistics on GIS layer:66)
	at com.kms.katalon.core.main.ScriptEngine.run(ScriptEngine.java:194)
	at com.kms.katalon.core.main.ScriptEngine.runScriptAsRawText(ScriptEngine.java:119)
	at com.kms.katalon.core.main.TestCaseExecutor.runScript(TestCaseExecutor.java:448)
	at com.kms.katalon.core.main.TestCaseExecutor.doExecute(TestCaseExecutor.java:439)
	at com.kms.katalon.core.main.TestCaseExecutor.processExecutionPhase(TestCaseExecutor.java:418)
	at com.kms.katalon.core.main.TestCaseExecutor.accessMainPhase(TestCaseExecutor.java:410)
	at com.kms.katalon.core.main.TestCaseExecutor.execute(TestCaseExecutor.java:285)
	at com.kms.katalon.core.common.CommonExecutor.accessTestCaseMainPhase(CommonExecutor.java:65)
	at com.kms.katalon.core.main.TestSuiteExecutor.accessTestSuiteMainPhase(TestSuiteExecutor.java:151)
	at com.kms.katalon.core.main.TestSuiteExecutor.execute(TestSuiteExecutor.java:106)
	at com.kms.katalon.core.main.TestCaseMain.startTestSuite(TestCaseMain.java:185)
	at com.kms.katalon.core.main.TestCaseMain$startTestSuite$0.call(Unknown Source)
	at TempTestSuite1676461003915.run(TempTestSuite1676461003915.groovy:36)
)

2023-02-15 16:48:03 - [MESSAGE][FAILED] - Unable to verify match between actual text '' and expected text '54' (Root cause: com.kms.katalon.core.exception.StepFailedException: Actual text '' and expected text '54' are not matched
	at com.kms.katalon.core.keyword.builtin.VerifyMatchKeyword$_verifyMatch_closure1.doCall(VerifyMatchKeyword.groovy:57)
	at com.kms.katalon.core.keyword.builtin.VerifyMatchKeyword$_verifyMatch_closure1.call(VerifyMatchKeyword.groovy)
	at com.kms.katalon.core.keyword.internal.KeywordMain.runKeyword(KeywordMain.groovy:74)
	at com.kms.katalon.core.keyword.builtin.VerifyMatchKeyword.verifyMatch(VerifyMatchKeyword.groovy:60)
	at com.kms.katalon.core.keyword.builtin.VerifyMatchKeyword.execute(VerifyMatchKeyword.groovy:45)
	at com.kms.katalon.core.keyword.internal.KeywordExecutor.executeKeywordForPlatform(KeywordExecutor.groovy:74)
	at com.kms.katalon.core.keyword.BuiltinKeywords.verifyMatch(BuiltinKeywords.groovy:73)
	at Statistics on GIS layer.run(Statistics on GIS layer:66)
	at com.kms.katalon.core.main.ScriptEngine.run(ScriptEngine.java:194)
	at com.kms.katalon.core.main.ScriptEngine.runScriptAsRawText(ScriptEngine.java:119)
	at com.kms.katalon.core.main.TestCaseExecutor.runScript(TestCaseExecutor.java:448)
	at com.kms.katalon.core.main.TestCaseExecutor.doExecute(TestCaseExecutor.java:439)
	at com.kms.katalon.core.main.TestCaseExecutor.processExecutionPhase(TestCaseExecutor.java:418)
	at com.kms.katalon.core.main.TestCaseExecutor.accessMainPhase(TestCaseExecutor.java:410)
	at com.kms.katalon.core.main.TestCaseExecutor.execute(TestCaseExecutor.java:285)
	at com.kms.katalon.core.common.CommonExecutor.accessTestCaseMainPhase(CommonExecutor.java:65)
	at com.kms.katalon.core.main.TestSuiteExecutor.accessTestSuiteMainPhase(TestSuiteExecutor.java:151)
	at com.kms.katalon.core.main.TestSuiteExecutor.execute(TestSuiteExecutor.java:106)
	at com.kms.katalon.core.main.TestCaseMain.startTestSuite(TestCaseMain.java:185)
	at com.kms.katalon.core.main.TestCaseMain$startTestSuite$0.call(Unknown Source)
	at TempTestSuite1676461003915.run(TempTestSuite1676461003915.groovy:36)
)]]></system-out>
         <system-err><![CDATA[2023-02-15 16:46:19 - [TEST_CASE][FAILED] - Test Cases/GiS/Layers/Statistics on GIS layer: Test Cases/GiS/Layers/Statistics on GIS layer FAILED.
Reason:
com.kms.katalon.core.exception.StepFailedException: Actual text '' and expected text '54' are not matched
	at com.kms.katalon.core.keyword.builtin.VerifyMatchKeyword$_verifyMatch_closure1.doCall(VerifyMatchKeyword.groovy:57)
	at com.kms.katalon.core.keyword.builtin.VerifyMatchKeyword$_verifyMatch_closure1.call(VerifyMatchKeyword.groovy)
	at com.kms.katalon.core.keyword.internal.KeywordMain.runKeyword(KeywordMain.groovy:74)
	at com.kms.katalon.core.keyword.builtin.VerifyMatchKeyword.verifyMatch(VerifyMatchKeyword.groovy:60)
	at com.kms.katalon.core.keyword.builtin.VerifyMatchKeyword.execute(VerifyMatchKeyword.groovy:45)
	at com.kms.katalon.core.keyword.internal.KeywordExecutor.executeKeywordForPlatform(KeywordExecutor.groovy:74)
	at com.kms.katalon.core.keyword.BuiltinKeywords.verifyMatch(BuiltinKeywords.groovy:73)
	at Statistics on GIS layer.run(Statistics on GIS layer:66)
	at com.kms.katalon.core.main.ScriptEngine.run(ScriptEngine.java:194)
	at com.kms.katalon.core.main.ScriptEngine.runScriptAsRawText(ScriptEngine.java:119)
	at com.kms.katalon.core.main.TestCaseExecutor.runScript(TestCaseExecutor.java:448)
	at com.kms.katalon.core.main.TestCaseExecutor.doExecute(TestCaseExecutor.java:439)
	at com.kms.katalon.core.main.TestCaseExecutor.processExecutionPhase(TestCaseExecutor.java:418)
	at com.kms.katalon.core.main.TestCaseExecutor.accessMainPhase(TestCaseExecutor.java:410)
	at com.kms.katalon.core.main.TestCaseExecutor.execute(TestCaseExecutor.java:285)
	at com.kms.katalon.core.common.CommonExecutor.accessTestCaseMainPhase(CommonExecutor.java:65)
	at com.kms.katalon.core.main.TestSuiteExecutor.accessTestSuiteMainPhase(TestSuiteExecutor.java:151)
	at com.kms.katalon.core.main.TestSuiteExecutor.execute(TestSuiteExecutor.java:106)
	at com.kms.katalon.core.main.TestCaseMain.startTestSuite(TestCaseMain.java:185)
	at com.kms.katalon.core.main.TestCaseMain$startTestSuite$0.call(Unknown Source)
	at TempTestSuite1676461003915.run(TempTestSuite1676461003915.groovy:36)]]></system-err>
      </testcase>
      <testcase name="Test Cases/GiS/Layers/PCI_SCI-Average" time="54.896" classname="Test Cases/GiS/Layers/PCI_SCI-Average" status="FAILED">
         <failure type="FAILED" message="Test Cases/GiS/Layers/PCI_SCI-Average FAILED.
Reason:
com.kms.katalon.core.exception.StepFailedException: Unable to click on object 'Object Repository/Layers/PCI_SCI_Obj/svg_Pavement Average Condition 66_MuiSvgIco_68ffe8'
	at com.kms.katalon.core.webui.keyword.internal.WebUIKeywordMain.stepFailed(WebUIKeywordMain.groovy:64)
	at com.kms.katalon.core.webui.keyword.internal.WebUIKeywordMain.runKeyword(WebUIKeywordMain.groovy:26)
	at com.kms.katalon.core.webui.keyword.builtin.ClickKeyword.click(ClickKeyword.groovy:74)
	at com.kms.katalon.core.webui.keyword.builtin.ClickKeyword.execute(ClickKeyword.groovy:40)
	at com.kms.katalon.core.keyword.internal.KeywordExecutor.executeKeywordForPlatform(KeywordExecutor.groovy:74)
	at com.kms.katalon.core.webui.keyword.WebUiBuiltInKeywords.click(WebUiBuiltInKeywords.groovy:620)
	at com.kms.katalon.core.webui.keyword.WebUiBuiltInKeywords$click$1.call(Unknown Source)
	at PCI_SCI-Average.run(PCI_SCI-Average:40)
	at com.kms.katalon.core.main.ScriptEngine.run(ScriptEngine.java:194)
	at com.kms.katalon.core.main.ScriptEngine.runScriptAsRawText(ScriptEngine.java:119)
	at com.kms.katalon.core.main.TestCaseExecutor.runScript(TestCaseExecutor.java:448)
	at com.kms.katalon.core.main.TestCaseExecutor.doExecute(TestCaseExecutor.java:439)
	at com.kms.katalon.core.main.TestCaseExecutor.processExecutionPhase(TestCaseExecutor.java:418)
	at com.kms.katalon.core.main.TestCaseExecutor.accessMainPhase(TestCaseExecutor.java:410)
	at com.kms.katalon.core.main.TestCaseExecutor.execute(TestCaseExecutor.java:285)
	at com.kms.katalon.core.common.CommonExecutor.accessTestCaseMainPhase(CommonExecutor.java:65)
	at com.kms.katalon.core.main.TestSuiteExecutor.accessTestSuiteMainPhase(TestSuiteExecutor.java:151)
	at com.kms.katalon.core.main.TestSuiteExecutor.execute(TestSuiteExecutor.java:106)
	at com.kms.katalon.core.main.TestCaseMain.startTestSuite(TestCaseMain.java:185)
	at com.kms.katalon.core.main.TestCaseMain$startTestSuite$0.call(Unknown Source)
	at TempTestSuite1676461003915.run(TempTestSuite1676461003915.groovy:36)
Caused by: com.kms.katalon.core.webui.exception.WebElementNotFoundException: Web element with id: 'Object Repository/Layers/PCI_SCI_Obj/svg_Pavement Average Condition 66_MuiSvgIco_68ffe8' located by '(.//*[normalize-space(text()) and normalize-space(.)='Pavement Average Condition: 66'])[1]/following::*[name()='svg'][5]' not found
	at com.kms.katalon.core.webui.common.WebUiCommonHelper.findWebElement(WebUiCommonHelper.java:1370)
	at com.kms.katalon.core.webui.keyword.internal.WebUIAbstractKeyword.findWebElement(WebUIAbstractKeyword.groovy:27)
	at com.kms.katalon.core.webui.keyword.builtin.ClickKeyword$_click_closure1.doCall(ClickKeyword.groovy:65)
	at com.kms.katalon.core.webui.keyword.builtin.ClickKeyword$_click_closure1.call(ClickKeyword.groovy)
	at com.kms.katalon.core.webui.keyword.internal.WebUIKeywordMain.runKeyword(WebUIKeywordMain.groovy:20)
	... 19 more
"/>
         <system-out><![CDATA[2023-02-15 16:48:03 - [TEST_CASE][FAILED] - Test Cases/GiS/Layers/PCI_SCI-Average: Test Cases/GiS/Layers/PCI_SCI-Average FAILED.
Reason:
com.kms.katalon.core.exception.StepFailedException: Unable to click on object 'Object Repository/Layers/PCI_SCI_Obj/svg_Pavement Average Condition 66_MuiSvgIco_68ffe8'
	at com.kms.katalon.core.webui.keyword.internal.WebUIKeywordMain.stepFailed(WebUIKeywordMain.groovy:64)
	at com.kms.katalon.core.webui.keyword.internal.WebUIKeywordMain.runKeyword(WebUIKeywordMain.groovy:26)
	at com.kms.katalon.core.webui.keyword.builtin.ClickKeyword.click(ClickKeyword.groovy:74)
	at com.kms.katalon.core.webui.keyword.builtin.ClickKeyword.execute(ClickKeyword.groovy:40)
	at com.kms.katalon.core.keyword.internal.KeywordExecutor.executeKeywordForPlatform(KeywordExecutor.groovy:74)
	at com.kms.katalon.core.webui.keyword.WebUiBuiltInKeywords.click(WebUiBuiltInKeywords.groovy:620)
	at com.kms.katalon.core.webui.keyword.WebUiBuiltInKeywords$click$1.call(Unknown Source)
	at PCI_SCI-Average.run(PCI_SCI-Average:40)
	at com.kms.katalon.core.main.ScriptEngine.run(ScriptEngine.java:194)
	at com.kms.katalon.core.main.ScriptEngine.runScriptAsRawText(ScriptEngine.java:119)
	at com.kms.katalon.core.main.TestCaseExecutor.runScript(TestCaseExecutor.java:448)
	at com.kms.katalon.core.main.TestCaseExecutor.doExecute(TestCaseExecutor.java:439)
	at com.kms.katalon.core.main.TestCaseExecutor.processExecutionPhase(TestCaseExecutor.java:418)
	at com.kms.katalon.core.main.TestCaseExecutor.accessMainPhase(TestCaseExecutor.java:410)
	at com.kms.katalon.core.main.TestCaseExecutor.execute(TestCaseExecutor.java:285)
	at com.kms.katalon.core.common.CommonExecutor.accessTestCaseMainPhase(CommonExecutor.java:65)
	at com.kms.katalon.core.main.TestSuiteExecutor.accessTestSuiteMainPhase(TestSuiteExecutor.java:151)
	at com.kms.katalon.core.main.TestSuiteExecutor.execute(TestSuiteExecutor.java:106)
	at com.kms.katalon.core.main.TestCaseMain.startTestSuite(TestCaseMain.java:185)
	at com.kms.katalon.core.main.TestCaseMain$startTestSuite$0.call(Unknown Source)
	at TempTestSuite1676461003915.run(TempTestSuite1676461003915.groovy:36)
Caused by: com.kms.katalon.core.webui.exception.WebElementNotFoundException: Web element with id: 'Object Repository/Layers/PCI_SCI_Obj/svg_Pavement Average Condition 66_MuiSvgIco_68ffe8' located by '(.//*[normalize-space(text()) and normalize-space(.)='Pavement Average Condition: 66'])[1]/following::*[name()='svg'][5]' not found
	at com.kms.katalon.core.webui.common.WebUiCommonHelper.findWebElement(WebUiCommonHelper.java:1370)
	at com.kms.katalon.core.webui.keyword.internal.WebUIAbstractKeyword.findWebElement(WebUIAbstractKeyword.groovy:27)
	at com.kms.katalon.core.webui.keyword.builtin.ClickKeyword$_click_closure1.doCall(ClickKeyword.groovy:65)
	at com.kms.katalon.core.webui.keyword.builtin.ClickKeyword$_click_closure1.call(ClickKeyword.groovy)
	at com.kms.katalon.core.webui.keyword.internal.WebUIKeywordMain.runKeyword(WebUIKeywordMain.groovy:20)
	... 19 more


2023-02-15 16:48:03 - [TEST_STEP][PASSED] - openBrowser(""): Browser is opened with url: ''

2023-02-15 16:48:03 - [MESSAGE][WARNING] - A browser is already opened. Closing browser and opening a new one

2023-02-15 16:48:03 - [MESSAGE][INFO] - Starting 'Chrome' driver

2023-02-15 16:48:03 - [MESSAGE][INFO] - Action delay is set to 0 milliseconds

2023-02-15 16:48:04 - [MESSAGE][PASSED] - Browser is opened with url: ''

2023-02-15 16:48:04 - [TEST_STEP][PASSED] - navigateToUrl("https://streetlogix-gis-slx4-develop.vercel.app/?config=64077fc938af4bcc9a46a81d8f4e5576&token=eyJhbGciOiJIUzI1NiIsInR5cCI6IkpXVCJ9.eyJpZCI6OTc2LCJuYW1lIjoiU29oYWliIE5laGFsIiwiZXhwIjoxNjc4NzI5ODk0LCJpYXQiOjE2NzYxMzc4OTR9.UHfOiNtJ_le0VZsenXiPbH0qUWaL-Iey0ptbA6Kalco"): Navigate to 'https://streetlogix-gis-slx4-develop.vercel.app/?config=64077fc938af4bcc9a46a81d8f4e5576&token=eyJhbGciOiJIUzI1NiIsInR5cCI6IkpXVCJ9.eyJpZCI6OTc2LCJuYW1lIjoiU29oYWliIE5laGFsIiwiZXhwIjoxNjc4NzI5ODk0LCJpYXQiOjE2NzYxMzc4OTR9.UHfOiNtJ_le0VZsenXiPbH0qUWaL-Iey0ptbA6Kalco' successfully

2023-02-15 16:48:07 - [MESSAGE][PASSED] - Navigate to 'https://streetlogix-gis-slx4-develop.vercel.app/?config=64077fc938af4bcc9a46a81d8f4e5576&token=eyJhbGciOiJIUzI1NiIsInR5cCI6IkpXVCJ9.eyJpZCI6OTc2LCJuYW1lIjoiU29oYWliIE5laGFsIiwiZXhwIjoxNjc4NzI5ODk0LCJpYXQiOjE2NzYxMzc4OTR9.UHfOiNtJ_le0VZsenXiPbH0qUWaL-Iey0ptbA6Kalco' successfully

2023-02-15 16:48:07 - [TEST_STEP][PASSED] - click(findTestObject("Object Repository/Layers/PCI_SCI_Obj/img_Search_rail-icon")): Object: 'Object Repository/Layers/PCI_SCI_Obj/img_Search_rail-icon' is clicked on

2023-02-15 16:48:11 - [MESSAGE][PASSED] - Object: 'Object Repository/Layers/PCI_SCI_Obj/img_Search_rail-icon' is clicked on

2023-02-15 16:48:11 - [TEST_STEP][PASSED] - pci = getText(findTestObject("Object Repository/Layers/PCI_SCI_Obj/h6_Pavement Average Condition 66")): Text of object 'Object Repository/Layers/PCI_SCI_Obj/h6_Pavement Average Condition 66' is: 'Pavement Average Condition PCI: 11'

2023-02-15 16:48:14 - [MESSAGE][PASSED] - Text of object 'Object Repository/Layers/PCI_SCI_Obj/h6_Pavement Average Condition 66' is: 'Pavement Average Condition PCI: 11'

2023-02-15 16:48:14 - [TEST_STEP][PASSED] - pciAvg = pci.replaceAll("[^0-9]", ""): null

2023-02-15 16:48:14 - [TEST_STEP][PASSED] - avgPCI = database_keywords.test.Database_Keywords.getAveragePCI(): database_keywords.test.Database_Keywords.getAveragePCI is PASSED

2023-02-15 16:48:25 - [MESSAGE][PASSED] - database_keywords.test.Database_Keywords.getAveragePCI is PASSED

2023-02-15 16:48:25 - [TEST_STEP][PASSED] - println(avgPCI): null

2023-02-15 16:48:25 - [TEST_STEP][PASSED] - verifyMatch(pciAvg, avgPCI, false): Actual text '11' and expected text '11' are matched 

2023-02-15 16:48:25 - [MESSAGE][PASSED] - Actual text '11' and expected text '11' are matched 

2023-02-15 16:48:25 - [TEST_STEP][PASSED] - click(findTestObject("Object Repository/Layers/PCI_SCI_Obj/p_Total Length 2,148 miles")): Object: 'Object Repository/Layers/PCI_SCI_Obj/p_Total Length 2,148 miles' is clicked on

2023-02-15 16:48:25 - [MESSAGE][PASSED] - Object: 'Object Repository/Layers/PCI_SCI_Obj/p_Total Length 2,148 miles' is clicked on

2023-02-15 16:48:25 - [TEST_STEP][PASSED] - click(findTestObject("Object Repository/Layers/PCI_SCI_Obj/p_Total Backlog  369,246,021")): Object: 'Object Repository/Layers/PCI_SCI_Obj/p_Total Backlog  369,246,021' is clicked on

2023-02-15 16:48:26 - [MESSAGE][PASSED] - Object: 'Object Repository/Layers/PCI_SCI_Obj/p_Total Backlog  369,246,021' is clicked on

2023-02-15 16:48:26 - [TEST_STEP][FAILED] - click(findTestObject("Object Repository/Layers/PCI_SCI_Obj/svg_Pavement Average Condition 66_MuiSvgIco_68ffe8")): Unable to click on object 'Object Repository/Layers/PCI_SCI_Obj/svg_Pavement Average Condition 66_MuiSvgIco_68ffe8' (Root cause: com.kms.katalon.core.exception.StepFailedException: Unable to click on object 'Object Repository/Layers/PCI_SCI_Obj/svg_Pavement Average Condition 66_MuiSvgIco_68ffe8'
	at com.kms.katalon.core.webui.keyword.internal.WebUIKeywordMain.stepFailed(WebUIKeywordMain.groovy:64)
	at com.kms.katalon.core.webui.keyword.internal.WebUIKeywordMain.runKeyword(WebUIKeywordMain.groovy:26)
	at com.kms.katalon.core.webui.keyword.builtin.ClickKeyword.click(ClickKeyword.groovy:74)
	at com.kms.katalon.core.webui.keyword.builtin.ClickKeyword.execute(ClickKeyword.groovy:40)
	at com.kms.katalon.core.keyword.internal.KeywordExecutor.executeKeywordForPlatform(KeywordExecutor.groovy:74)
	at com.kms.katalon.core.webui.keyword.WebUiBuiltInKeywords.click(WebUiBuiltInKeywords.groovy:620)
	at com.kms.katalon.core.webui.keyword.WebUiBuiltInKeywords$click$1.call(Unknown Source)
	at PCI_SCI-Average.run(PCI_SCI-Average:40)
	at com.kms.katalon.core.main.ScriptEngine.run(ScriptEngine.java:194)
	at com.kms.katalon.core.main.ScriptEngine.runScriptAsRawText(ScriptEngine.java:119)
	at com.kms.katalon.core.main.TestCaseExecutor.runScript(TestCaseExecutor.java:448)
	at com.kms.katalon.core.main.TestCaseExecutor.doExecute(TestCaseExecutor.java:439)
	at com.kms.katalon.core.main.TestCaseExecutor.processExecutionPhase(TestCaseExecutor.java:418)
	at com.kms.katalon.core.main.TestCaseExecutor.accessMainPhase(TestCaseExecutor.java:410)
	at com.kms.katalon.core.main.TestCaseExecutor.execute(TestCaseExecutor.java:285)
	at com.kms.katalon.core.common.CommonExecutor.accessTestCaseMainPhase(CommonExecutor.java:65)
	at com.kms.katalon.core.main.TestSuiteExecutor.accessTestSuiteMainPhase(TestSuiteExecutor.java:151)
	at com.kms.katalon.core.main.TestSuiteExecutor.execute(TestSuiteExecutor.java:106)
	at com.kms.katalon.core.main.TestCaseMain.startTestSuite(TestCaseMain.java:185)
	at com.kms.katalon.core.main.TestCaseMain$startTestSuite$0.call(Unknown Source)
	at TempTestSuite1676461003915.run(TempTestSuite1676461003915.groovy:36)
Caused by: com.kms.katalon.core.webui.exception.WebElementNotFoundException: Web element with id: 'Object Repository/Layers/PCI_SCI_Obj/svg_Pavement Average Condition 66_MuiSvgIco_68ffe8' located by '(.//*[normalize-space(text()) and normalize-space(.)='Pavement Average Condition: 66'])[1]/following::*[name()='svg'][5]' not found
	at com.kms.katalon.core.webui.common.WebUiCommonHelper.findWebElement(WebUiCommonHelper.java:1370)
	at com.kms.katalon.core.webui.keyword.internal.WebUIAbstractKeyword.findWebElement(WebUIAbstractKeyword.groovy:27)
	at com.kms.katalon.core.webui.keyword.builtin.ClickKeyword$_click_closure1.doCall(ClickKeyword.groovy:65)
	at com.kms.katalon.core.webui.keyword.builtin.ClickKeyword$_click_closure1.call(ClickKeyword.groovy)
	at com.kms.katalon.core.webui.keyword.internal.WebUIKeywordMain.runKeyword(WebUIKeywordMain.groovy:20)
	at com.kms.katalon.core.webui.keyword.builtin.ClickKeyword.click(ClickKeyword.groovy:74)
	at com.kms.katalon.core.webui.keyword.builtin.ClickKeyword.execute(ClickKeyword.groovy:40)
	at com.kms.katalon.core.keyword.internal.KeywordExecutor.executeKeywordForPlatform(KeywordExecutor.groovy:74)
	at com.kms.katalon.core.webui.keyword.WebUiBuiltInKeywords.click(WebUiBuiltInKeywords.groovy:620)
	at com.kms.katalon.core.webui.keyword.WebUiBuiltInKeywords$click$1.call(Unknown Source)
	at Script1666171351846.run(Script1666171351846.groovy:40)
	... 13 more
)

2023-02-15 16:48:57 - [MESSAGE][INFO] - Unable to find the element located by 'By.xpath: (.//*[normalize-space(text()) and normalize-space(.)='Pavement Average Condition: 66'])[1]/following::*[name()='svg'][5]'. Please recheck the objects properties to make sure the desired element is located. 

2023-02-15 16:48:57 - [MESSAGE][FAILED] - Unable to click on object 'Object Repository/Layers/PCI_SCI_Obj/svg_Pavement Average Condition 66_MuiSvgIco_68ffe8' (Root cause: com.kms.katalon.core.exception.StepFailedException: Unable to click on object 'Object Repository/Layers/PCI_SCI_Obj/svg_Pavement Average Condition 66_MuiSvgIco_68ffe8'
	at com.kms.katalon.core.webui.keyword.internal.WebUIKeywordMain.stepFailed(WebUIKeywordMain.groovy:64)
	at com.kms.katalon.core.webui.keyword.internal.WebUIKeywordMain.runKeyword(WebUIKeywordMain.groovy:26)
	at com.kms.katalon.core.webui.keyword.builtin.ClickKeyword.click(ClickKeyword.groovy:74)
	at com.kms.katalon.core.webui.keyword.builtin.ClickKeyword.execute(ClickKeyword.groovy:40)
	at com.kms.katalon.core.keyword.internal.KeywordExecutor.executeKeywordForPlatform(KeywordExecutor.groovy:74)
	at com.kms.katalon.core.webui.keyword.WebUiBuiltInKeywords.click(WebUiBuiltInKeywords.groovy:620)
	at com.kms.katalon.core.webui.keyword.WebUiBuiltInKeywords$click$1.call(Unknown Source)
	at PCI_SCI-Average.run(PCI_SCI-Average:40)
	at com.kms.katalon.core.main.ScriptEngine.run(ScriptEngine.java:194)
	at com.kms.katalon.core.main.ScriptEngine.runScriptAsRawText(ScriptEngine.java:119)
	at com.kms.katalon.core.main.TestCaseExecutor.runScript(TestCaseExecutor.java:448)
	at com.kms.katalon.core.main.TestCaseExecutor.doExecute(TestCaseExecutor.java:439)
	at com.kms.katalon.core.main.TestCaseExecutor.processExecutionPhase(TestCaseExecutor.java:418)
	at com.kms.katalon.core.main.TestCaseExecutor.accessMainPhase(TestCaseExecutor.java:410)
	at com.kms.katalon.core.main.TestCaseExecutor.execute(TestCaseExecutor.java:285)
	at com.kms.katalon.core.common.CommonExecutor.accessTestCaseMainPhase(CommonExecutor.java:65)
	at com.kms.katalon.core.main.TestSuiteExecutor.accessTestSuiteMainPhase(TestSuiteExecutor.java:151)
	at com.kms.katalon.core.main.TestSuiteExecutor.execute(TestSuiteExecutor.java:106)
	at com.kms.katalon.core.main.TestCaseMain.startTestSuite(TestCaseMain.java:185)
	at com.kms.katalon.core.main.TestCaseMain$startTestSuite$0.call(Unknown Source)
	at TempTestSuite1676461003915.run(TempTestSuite1676461003915.groovy:36)
Caused by: com.kms.katalon.core.webui.exception.WebElementNotFoundException: Web element with id: 'Object Repository/Layers/PCI_SCI_Obj/svg_Pavement Average Condition 66_MuiSvgIco_68ffe8' located by '(.//*[normalize-space(text()) and normalize-space(.)='Pavement Average Condition: 66'])[1]/following::*[name()='svg'][5]' not found
	at com.kms.katalon.core.webui.common.WebUiCommonHelper.findWebElement(WebUiCommonHelper.java:1370)
	at com.kms.katalon.core.webui.keyword.internal.WebUIAbstractKeyword.findWebElement(WebUIAbstractKeyword.groovy:27)
	at com.kms.katalon.core.webui.keyword.builtin.ClickKeyword$_click_closure1.doCall(ClickKeyword.groovy:65)
	at com.kms.katalon.core.webui.keyword.builtin.ClickKeyword$_click_closure1.call(ClickKeyword.groovy)
	at com.kms.katalon.core.webui.keyword.internal.WebUIKeywordMain.runKeyword(WebUIKeywordMain.groovy:20)
	at com.kms.katalon.core.webui.keyword.builtin.ClickKeyword.click(ClickKeyword.groovy:74)
	at com.kms.katalon.core.webui.keyword.builtin.ClickKeyword.execute(ClickKeyword.groovy:40)
	at com.kms.katalon.core.keyword.internal.KeywordExecutor.executeKeywordForPlatform(KeywordExecutor.groovy:74)
	at com.kms.katalon.core.webui.keyword.WebUiBuiltInKeywords.click(WebUiBuiltInKeywords.groovy:620)
	at com.kms.katalon.core.webui.keyword.WebUiBuiltInKeywords$click$1.call(Unknown Source)
	at Script1666171351846.run(Script1666171351846.groovy:40)
	... 13 more
)
[[ATTACHMENT|/Users/kashif/Downloads/Kashif/Katalon Studio/4.0_fresh/4.0 Fresh/Reports/20230215_163642/GIS/20230215_163643/1676461737412.png]]]]></system-out>
         <system-err><![CDATA[2023-02-15 16:48:03 - [TEST_CASE][FAILED] - Test Cases/GiS/Layers/PCI_SCI-Average: Test Cases/GiS/Layers/PCI_SCI-Average FAILED.
Reason:
com.kms.katalon.core.exception.StepFailedException: Unable to click on object 'Object Repository/Layers/PCI_SCI_Obj/svg_Pavement Average Condition 66_MuiSvgIco_68ffe8'
	at com.kms.katalon.core.webui.keyword.internal.WebUIKeywordMain.stepFailed(WebUIKeywordMain.groovy:64)
	at com.kms.katalon.core.webui.keyword.internal.WebUIKeywordMain.runKeyword(WebUIKeywordMain.groovy:26)
	at com.kms.katalon.core.webui.keyword.builtin.ClickKeyword.click(ClickKeyword.groovy:74)
	at com.kms.katalon.core.webui.keyword.builtin.ClickKeyword.execute(ClickKeyword.groovy:40)
	at com.kms.katalon.core.keyword.internal.KeywordExecutor.executeKeywordForPlatform(KeywordExecutor.groovy:74)
	at com.kms.katalon.core.webui.keyword.WebUiBuiltInKeywords.click(WebUiBuiltInKeywords.groovy:620)
	at com.kms.katalon.core.webui.keyword.WebUiBuiltInKeywords$click$1.call(Unknown Source)
	at PCI_SCI-Average.run(PCI_SCI-Average:40)
	at com.kms.katalon.core.main.ScriptEngine.run(ScriptEngine.java:194)
	at com.kms.katalon.core.main.ScriptEngine.runScriptAsRawText(ScriptEngine.java:119)
	at com.kms.katalon.core.main.TestCaseExecutor.runScript(TestCaseExecutor.java:448)
	at com.kms.katalon.core.main.TestCaseExecutor.doExecute(TestCaseExecutor.java:439)
	at com.kms.katalon.core.main.TestCaseExecutor.processExecutionPhase(TestCaseExecutor.java:418)
	at com.kms.katalon.core.main.TestCaseExecutor.accessMainPhase(TestCaseExecutor.java:410)
	at com.kms.katalon.core.main.TestCaseExecutor.execute(TestCaseExecutor.java:285)
	at com.kms.katalon.core.common.CommonExecutor.accessTestCaseMainPhase(CommonExecutor.java:65)
	at com.kms.katalon.core.main.TestSuiteExecutor.accessTestSuiteMainPhase(TestSuiteExecutor.java:151)
	at com.kms.katalon.core.main.TestSuiteExecutor.execute(TestSuiteExecutor.java:106)
	at com.kms.katalon.core.main.TestCaseMain.startTestSuite(TestCaseMain.java:185)
	at com.kms.katalon.core.main.TestCaseMain$startTestSuite$0.call(Unknown Source)
	at TempTestSuite1676461003915.run(TempTestSuite1676461003915.groovy:36)
Caused by: com.kms.katalon.core.webui.exception.WebElementNotFoundException: Web element with id: 'Object Repository/Layers/PCI_SCI_Obj/svg_Pavement Average Condition 66_MuiSvgIco_68ffe8' located by '(.//*[normalize-space(text()) and normalize-space(.)='Pavement Average Condition: 66'])[1]/following::*[name()='svg'][5]' not found
	at com.kms.katalon.core.webui.common.WebUiCommonHelper.findWebElement(WebUiCommonHelper.java:1370)
	at com.kms.katalon.core.webui.keyword.internal.WebUIAbstractKeyword.findWebElement(WebUIAbstractKeyword.groovy:27)
	at com.kms.katalon.core.webui.keyword.builtin.ClickKeyword$_click_closure1.doCall(ClickKeyword.groovy:65)
	at com.kms.katalon.core.webui.keyword.builtin.ClickKeyword$_click_closure1.call(ClickKeyword.groovy)
	at com.kms.katalon.core.webui.keyword.internal.WebUIKeywordMain.runKeyword(WebUIKeywordMain.groovy:20)
	... 19 more]]></system-err>
      </testcase>
      <system-out><![CDATA[2023-02-15 16:36:57 - [TEST_SUITE][FAILED] - GIS: Test Cases/GiS/Work order/Work_order_daily FAILED.
Reason:
com.kms.katalon.core.exception.StepFailedException: Unable to click on object 'Object Repository/Work order 4.0/Page_Streetlogix/Workorder page objects/Page_Streetlogix/Equipment dropdown'
	at com.kms.katalon.core.webui.keyword.internal.WebUIKeywordMain.stepFailed(WebUIKeywordMain.groovy:64)
	at com.kms.katalon.core.webui.keyword.internal.WebUIKeywordMain.runKeyword(WebUIKeywordMain.groovy:26)
	at com.kms.katalon.core.webui.keyword.builtin.ClickKeyword.click(ClickKeyword.groovy:74)
	at com.kms.katalon.core.webui.keyword.builtin.ClickKeyword.execute(ClickKeyword.groovy:40)
	at com.kms.katalon.core.keyword.internal.KeywordExecutor.executeKeywordForPlatform(KeywordExecutor.groovy:74)
	at com.kms.katalon.core.webui.keyword.WebUiBuiltInKeywords.click(WebUiBuiltInKeywords.groovy:620)
	at com.kms.katalon.core.webui.keyword.WebUiBuiltInKeywords$click$1.call(Unknown Source)
	at Work_order_daily.run(Work_order_daily:77)
	at com.kms.katalon.core.main.ScriptEngine.run(ScriptEngine.java:194)
	at com.kms.katalon.core.main.ScriptEngine.runScriptAsRawText(ScriptEngine.java:119)
	at com.kms.katalon.core.main.TestCaseExecutor.runScript(TestCaseExecutor.java:448)
	at com.kms.katalon.core.main.TestCaseExecutor.doExecute(TestCaseExecutor.java:439)
	at com.kms.katalon.core.main.TestCaseExecutor.processExecutionPhase(TestCaseExecutor.java:418)
	at com.kms.katalon.core.main.TestCaseExecutor.accessMainPhase(TestCaseExecutor.java:410)
	at com.kms.katalon.core.main.TestCaseExecutor.execute(TestCaseExecutor.java:285)
	at com.kms.katalon.core.common.CommonExecutor.accessTestCaseMainPhase(CommonExecutor.java:65)
	at com.kms.katalon.core.main.TestSuiteExecutor.accessTestSuiteMainPhase(TestSuiteExecutor.java:151)
	at com.kms.katalon.core.main.TestSuiteExecutor.execute(TestSuiteExecutor.java:106)
	at com.kms.katalon.core.main.TestCaseMain.startTestSuite(TestCaseMain.java:185)
	at com.kms.katalon.core.main.TestCaseMain$startTestSuite$0.call(Unknown Source)
	at TempTestSuite1676461003915.run(TempTestSuite1676461003915.groovy:36)
Caused by: com.kms.katalon.core.webui.exception.WebElementNotFoundException: Web element with id: 'Object Repository/Work order 4.0/Page_Streetlogix/Workorder page objects/Page_Streetlogix/Equipment dropdown' located by '/html/body/div[1]/div[1]/div[1]/div[1]/div[2]/div/div[1]/div[18]/div/div[1]/div[1]/div/div' not found
	at com.kms.katalon.core.webui.common.WebUiCommonHelper.findWebElement(WebUiCommonHelper.java:1370)
	at com.kms.katalon.core.webui.keyword.internal.WebUIAbstractKeyword.findWebElement(WebUIAbstractKeyword.groovy:27)
	at com.kms.katalon.core.webui.keyword.builtin.ClickKeyword$_click_closure1.doCall(ClickKeyword.groovy:65)
	at com.kms.katalon.core.webui.keyword.builtin.ClickKeyword$_click_closure1.call(ClickKeyword.groovy)
	at com.kms.katalon.core.webui.keyword.internal.WebUIKeywordMain.runKeyword(WebUIKeywordMain.groovy:20)
	... 19 more]]></system-out>
      <system-err><![CDATA[2023-02-15 16:36:57 - [TEST_SUITE][FAILED] - GIS: Test Cases/GiS/Work order/Work_order_daily FAILED.
Reason:
com.kms.katalon.core.exception.StepFailedException: Unable to click on object 'Object Repository/Work order 4.0/Page_Streetlogix/Workorder page objects/Page_Streetlogix/Equipment dropdown'
	at com.kms.katalon.core.webui.keyword.internal.WebUIKeywordMain.stepFailed(WebUIKeywordMain.groovy:64)
	at com.kms.katalon.core.webui.keyword.internal.WebUIKeywordMain.runKeyword(WebUIKeywordMain.groovy:26)
	at com.kms.katalon.core.webui.keyword.builtin.ClickKeyword.click(ClickKeyword.groovy:74)
	at com.kms.katalon.core.webui.keyword.builtin.ClickKeyword.execute(ClickKeyword.groovy:40)
	at com.kms.katalon.core.keyword.internal.KeywordExecutor.executeKeywordForPlatform(KeywordExecutor.groovy:74)
	at com.kms.katalon.core.webui.keyword.WebUiBuiltInKeywords.click(WebUiBuiltInKeywords.groovy:620)
	at com.kms.katalon.core.webui.keyword.WebUiBuiltInKeywords$click$1.call(Unknown Source)
	at Work_order_daily.run(Work_order_daily:77)
	at com.kms.katalon.core.main.ScriptEngine.run(ScriptEngine.java:194)
	at com.kms.katalon.core.main.ScriptEngine.runScriptAsRawText(ScriptEngine.java:119)
	at com.kms.katalon.core.main.TestCaseExecutor.runScript(TestCaseExecutor.java:448)
	at com.kms.katalon.core.main.TestCaseExecutor.doExecute(TestCaseExecutor.java:439)
	at com.kms.katalon.core.main.TestCaseExecutor.processExecutionPhase(TestCaseExecutor.java:418)
	at com.kms.katalon.core.main.TestCaseExecutor.accessMainPhase(TestCaseExecutor.java:410)
	at com.kms.katalon.core.main.TestCaseExecutor.execute(TestCaseExecutor.java:285)
	at com.kms.katalon.core.common.CommonExecutor.accessTestCaseMainPhase(CommonExecutor.java:65)
	at com.kms.katalon.core.main.TestSuiteExecutor.accessTestSuiteMainPhase(TestSuiteExecutor.java:151)
	at com.kms.katalon.core.main.TestSuiteExecutor.execute(TestSuiteExecutor.java:106)
	at com.kms.katalon.core.main.TestCaseMain.startTestSuite(TestCaseMain.java:185)
	at com.kms.katalon.core.main.TestCaseMain$startTestSuite$0.call(Unknown Source)
	at TempTestSuite1676461003915.run(TempTestSuite1676461003915.groovy:36)
Caused by: com.kms.katalon.core.webui.exception.WebElementNotFoundException: Web element with id: 'Object Repository/Work order 4.0/Page_Streetlogix/Workorder page objects/Page_Streetlogix/Equipment dropdown' located by '/html/body/div[1]/div[1]/div[1]/div[1]/div[2]/div/div[1]/div[18]/div/div[1]/div[1]/div/div' not found
	at com.kms.katalon.core.webui.common.WebUiCommonHelper.findWebElement(WebUiCommonHelper.java:1370)
	at com.kms.katalon.core.webui.keyword.internal.WebUIAbstractKeyword.findWebElement(WebUIAbstractKeyword.groovy:27)
	at com.kms.katalon.core.webui.keyword.builtin.ClickKeyword$_click_closure1.doCall(ClickKeyword.groovy:65)
	at com.kms.katalon.core.webui.keyword.builtin.ClickKeyword$_click_closure1.call(ClickKeyword.groovy)
	at com.kms.katalon.core.webui.keyword.internal.WebUIKeywordMain.runKeyword(WebUIKeywordMain.groovy:20)
	... 19 more]]></system-err>
   </testsuite>
</testsuites>
